[0.009s] Invoking command in '/home/roburoc/PycharmProjects/P9-RobuROC4/build/roburoc_gamepad': CMAKE_PREFIX_PATH=/opt/ros/humble /usr/bin/cmake /home/roburoc/PycharmProjects/P9-RobuROC4/src/roburoc_gamepad -DCMAKE_INSTALL_PREFIX=/home/roburoc/PycharmProjects/P9-RobuROC4/install/roburoc_gamepad
[0.135s] -- The C compiler identification is GNU 12.3.0
[0.217s] -- The CXX compiler identification is GNU 11.4.0
[0.226s] -- Detecting C compiler ABI info
[0.288s] -- Detecting C compiler ABI info - done
[0.295s] -- Check for working C compiler: /usr/bin/cc - skipped
[0.295s] -- Detecting C compile features
[0.296s] -- Detecting C compile features - done
[0.299s] -- Detecting CXX compiler ABI info
[0.367s] -- Detecting CXX compiler ABI info - done
[0.377s] -- Check for working CXX compiler: /usr/bin/c++ - skipped
[0.378s] -- Detecting CXX compile features
[0.378s] -- Detecting CXX compile features - done
[0.383s] -- Found ament_cmake: 1.3.10 (/opt/ros/humble/share/ament_cmake/cmake)
[0.538s] -- Found Python3: /usr/bin/python3 (found version "3.10.12") found components: Interpreter 
[0.643s] -- Found rclpy: 3.3.14 (/opt/ros/humble/share/rclpy/cmake)
[0.648s] -- Found ament_lint_auto: 0.12.11 (/opt/ros/humble/share/ament_lint_auto/cmake)
[0.774s] -- Added test 'flake8' to check Python code syntax and style conventions
[0.775s] -- Added test 'lint_cmake' to check CMake code style
[0.776s] -- Added test 'pep257' to check Python code against some of the docstring style conventions in PEP 257
[0.778s] -- Added test 'xmllint' to check XML markup files
[0.779s] -- Configuring done
[0.783s] -- Generating done
[0.784s] -- Build files have been written to: /home/roburoc/PycharmProjects/P9-RobuROC4/build/roburoc_gamepad
[0.788s] Invoked command in '/home/roburoc/PycharmProjects/P9-RobuROC4/build/roburoc_gamepad' returned '0': CMAKE_PREFIX_PATH=/opt/ros/humble /usr/bin/cmake /home/roburoc/PycharmProjects/P9-RobuROC4/src/roburoc_gamepad -DCMAKE_INSTALL_PREFIX=/home/roburoc/PycharmProjects/P9-RobuROC4/install/roburoc_gamepad
[0.790s] Invoking command in '/home/roburoc/PycharmProjects/P9-RobuROC4/build/roburoc_gamepad': CMAKE_PREFIX_PATH=/opt/ros/humble /usr/bin/cmake --build /home/roburoc/PycharmProjects/P9-RobuROC4/build/roburoc_gamepad -- -j12 -l12
[0.823s] Invoked command in '/home/roburoc/PycharmProjects/P9-RobuROC4/build/roburoc_gamepad' returned '0': CMAKE_PREFIX_PATH=/opt/ros/humble /usr/bin/cmake --build /home/roburoc/PycharmProjects/P9-RobuROC4/build/roburoc_gamepad -- -j12 -l12
[0.851s] Invoking command in '/home/roburoc/PycharmProjects/P9-RobuROC4/build/roburoc_gamepad': CMAKE_PREFIX_PATH=/opt/ros/humble /usr/bin/cmake --install /home/roburoc/PycharmProjects/P9-RobuROC4/build/roburoc_gamepad
[0.860s] -- Install configuration: ""
[0.860s] -- Installing: /home/roburoc/PycharmProjects/P9-RobuROC4/install/roburoc_gamepad/lib/roburoc_gamepad/gamepad.py
[0.860s] -- Installing: /home/roburoc/PycharmProjects/P9-RobuROC4/install/roburoc_gamepad/share/roburoc_gamepad
[0.861s] -- Installing: /home/roburoc/PycharmProjects/P9-RobuROC4/install/roburoc_gamepad/share/ament_index/resource_index/package_run_dependencies/roburoc_gamepad
[0.861s] -- Installing: /home/roburoc/PycharmProjects/P9-RobuROC4/install/roburoc_gamepad/share/ament_index/resource_index/parent_prefix_path/roburoc_gamepad
[0.861s] -- Installing: /home/roburoc/PycharmProjects/P9-RobuROC4/install/roburoc_gamepad/share/roburoc_gamepad/environment/ament_prefix_path.sh
[0.861s] -- Installing: /home/roburoc/PycharmProjects/P9-RobuROC4/install/roburoc_gamepad/share/roburoc_gamepad/environment/ament_prefix_path.dsv
[0.861s] -- Installing: /home/roburoc/PycharmProjects/P9-RobuROC4/install/roburoc_gamepad/share/roburoc_gamepad/environment/path.sh
[0.862s] -- Installing: /home/roburoc/PycharmProjects/P9-RobuROC4/install/roburoc_gamepad/share/roburoc_gamepad/environment/path.dsv
[0.862s] -- Installing: /home/roburoc/PycharmProjects/P9-RobuROC4/install/roburoc_gamepad/share/roburoc_gamepad/local_setup.bash
[0.862s] -- Installing: /home/roburoc/PycharmProjects/P9-RobuROC4/install/roburoc_gamepad/share/roburoc_gamepad/local_setup.sh
[0.862s] -- Installing: /home/roburoc/PycharmProjects/P9-RobuROC4/install/roburoc_gamepad/share/roburoc_gamepad/local_setup.zsh
[0.862s] -- Installing: /home/roburoc/PycharmProjects/P9-RobuROC4/install/roburoc_gamepad/share/roburoc_gamepad/local_setup.dsv
[0.862s] -- Installing: /home/roburoc/PycharmProjects/P9-RobuROC4/install/roburoc_gamepad/share/roburoc_gamepad/package.dsv
[0.862s] -- Installing: /home/roburoc/PycharmProjects/P9-RobuROC4/install/roburoc_gamepad/share/ament_index/resource_index/packages/roburoc_gamepad
[0.863s] -- Installing: /home/roburoc/PycharmProjects/P9-RobuROC4/install/roburoc_gamepad/share/roburoc_gamepad/cmake/roburoc_gamepadConfig.cmake
[0.863s] -- Installing: /home/roburoc/PycharmProjects/P9-RobuROC4/install/roburoc_gamepad/share/roburoc_gamepad/cmake/roburoc_gamepadConfig-version.cmake
[0.863s] -- Installing: /home/roburoc/PycharmProjects/P9-RobuROC4/install/roburoc_gamepad/share/roburoc_gamepad/package.xml
[0.865s] Invoked command in '/home/roburoc/PycharmProjects/P9-RobuROC4/build/roburoc_gamepad' returned '0': CMAKE_PREFIX_PATH=/opt/ros/humble /usr/bin/cmake --install /home/roburoc/PycharmProjects/P9-RobuROC4/build/roburoc_gamepad
