[0.084s] DEBUG:colcon:Command line arguments: ['/usr/bin/colcon', 'build']
[0.084s] DEBUG:colcon:Parsed command line arguments: Namespace(log_base=None, log_level=None, verb_name='build', build_base='build', install_base='install', merge_install=False, symlink_install=False, test_result_base=None, continue_on_error=False, executor='parallel', parallel_workers=16, event_handlers=None, ignore_user_meta=False, metas=['./colcon.meta'], base_paths=['.'], packages_ignore=None, packages_ignore_regex=None, paths=None, packages_up_to=None, packages_up_to_regex=None, packages_above=None, packages_above_and_dependencies=None, packages_above_depth=None, packages_select_by_dep=None, packages_skip_by_dep=None, packages_skip_up_to=None, packages_select_build_failed=False, packages_skip_build_finished=False, packages_select_test_failures=False, packages_skip_test_passed=False, packages_select=None, packages_skip=None, packages_select_regex=None, packages_skip_regex=None, packages_start=None, packages_end=None, allow_overriding=[], cmake_args=None, cmake_target=None, cmake_target_skip_unavailable=False, cmake_clean_cache=False, cmake_clean_first=False, cmake_force_configure=False, ament_cmake_args=None, catkin_cmake_args=None, catkin_skip_building_tests=False, mixin_files=None, mixin=None, verb_parser=<colcon_mixin.mixin.mixin_argument.MixinArgumentDecorator object at 0x7a55b9e32320>, verb_extension=<colcon_core.verb.build.BuildVerb object at 0x7a55b9f468f0>, main=<bound method BuildVerb.main of <colcon_core.verb.build.BuildVerb object at 0x7a55b9f468f0>>, mixin_verb=('build',))
[0.213s] Level 1:colcon.colcon_core.package_discovery:discover_packages(colcon_meta) check parameters
[0.213s] Level 1:colcon.colcon_core.package_discovery:discover_packages(recursive) check parameters
[0.213s] Level 1:colcon.colcon_core.package_discovery:discover_packages(ignore) check parameters
[0.213s] Level 1:colcon.colcon_core.package_discovery:discover_packages(path) check parameters
[0.214s] Level 1:colcon.colcon_core.package_discovery:discover_packages(colcon_meta) discover
[0.214s] Level 1:colcon.colcon_core.package_discovery:discover_packages(recursive) discover
[0.214s] INFO:colcon.colcon_core.package_discovery:Crawling recursively for packages in '/home/julian/model/P9-RobuROC4'
[0.214s] Level 1:colcon.colcon_core.package_identification:_identify(.) by extensions ['ignore', 'ignore_ament_install']
[0.214s] Level 1:colcon.colcon_core.package_identification:_identify(.) by extension 'ignore'
[0.214s] Level 1:colcon.colcon_core.package_identification:_identify(.) by extension 'ignore_ament_install'
[0.214s] Level 1:colcon.colcon_core.package_identification:_identify(.) by extensions ['colcon_pkg']
[0.214s] Level 1:colcon.colcon_core.package_identification:_identify(.) by extension 'colcon_pkg'
[0.214s] Level 1:colcon.colcon_core.package_identification:_identify(.) by extensions ['colcon_meta']
[0.214s] Level 1:colcon.colcon_core.package_identification:_identify(.) by extension 'colcon_meta'
[0.214s] Level 1:colcon.colcon_core.package_identification:_identify(.) by extensions ['ros']
[0.214s] Level 1:colcon.colcon_core.package_identification:_identify(.) by extension 'ros'
[0.227s] Level 1:colcon.colcon_core.package_identification:_identify(.) by extensions ['cmake', 'python']
[0.227s] Level 1:colcon.colcon_core.package_identification:_identify(.) by extension 'cmake'
[0.227s] Level 1:colcon.colcon_core.package_identification:_identify(.) by extension 'python'
[0.227s] Level 1:colcon.colcon_core.package_identification:_identify(.) by extensions ['python_setup_py']
[0.227s] Level 1:colcon.colcon_core.package_identification:_identify(.) by extension 'python_setup_py'
[0.227s] Level 1:colcon.colcon_core.package_identification:_identify(build) by extensions ['ignore', 'ignore_ament_install']
[0.227s] Level 1:colcon.colcon_core.package_identification:_identify(build) by extension 'ignore'
[0.227s] Level 1:colcon.colcon_core.package_identification:_identify(build) ignored
[0.228s] Level 1:colcon.colcon_core.package_identification:_identify(install) by extensions ['ignore', 'ignore_ament_install']
[0.228s] Level 1:colcon.colcon_core.package_identification:_identify(install) by extension 'ignore'
[0.228s] Level 1:colcon.colcon_core.package_identification:_identify(install) ignored
[0.228s] Level 1:colcon.colcon_core.package_identification:_identify(log) by extensions ['ignore', 'ignore_ament_install']
[0.228s] Level 1:colcon.colcon_core.package_identification:_identify(log) by extension 'ignore'
[0.228s] Level 1:colcon.colcon_core.package_identification:_identify(log) ignored
[0.228s] Level 1:colcon.colcon_core.package_identification:_identify(src) by extensions ['ignore', 'ignore_ament_install']
[0.228s] Level 1:colcon.colcon_core.package_identification:_identify(src) by extension 'ignore'
[0.228s] Level 1:colcon.colcon_core.package_identification:_identify(src) by extension 'ignore_ament_install'
[0.228s] Level 1:colcon.colcon_core.package_identification:_identify(src) by extensions ['colcon_pkg']
[0.228s] Level 1:colcon.colcon_core.package_identification:_identify(src) by extension 'colcon_pkg'
[0.228s] Level 1:colcon.colcon_core.package_identification:_identify(src) by extensions ['colcon_meta']
[0.228s] Level 1:colcon.colcon_core.package_identification:_identify(src) by extension 'colcon_meta'
[0.228s] Level 1:colcon.colcon_core.package_identification:_identify(src) by extensions ['ros']
[0.228s] Level 1:colcon.colcon_core.package_identification:_identify(src) by extension 'ros'
[0.228s] Level 1:colcon.colcon_core.package_identification:_identify(src) by extensions ['cmake', 'python']
[0.228s] Level 1:colcon.colcon_core.package_identification:_identify(src) by extension 'cmake'
[0.228s] Level 1:colcon.colcon_core.package_identification:_identify(src) by extension 'python'
[0.228s] Level 1:colcon.colcon_core.package_identification:_identify(src) by extensions ['python_setup_py']
[0.228s] Level 1:colcon.colcon_core.package_identification:_identify(src) by extension 'python_setup_py'
[0.228s] Level 1:colcon.colcon_core.package_identification:_identify(src/RobuROC_sim) by extensions ['ignore', 'ignore_ament_install']
[0.228s] Level 1:colcon.colcon_core.package_identification:_identify(src/RobuROC_sim) by extension 'ignore'
[0.228s] Level 1:colcon.colcon_core.package_identification:_identify(src/RobuROC_sim) by extension 'ignore_ament_install'
[0.229s] Level 1:colcon.colcon_core.package_identification:_identify(src/RobuROC_sim) by extensions ['colcon_pkg']
[0.229s] Level 1:colcon.colcon_core.package_identification:_identify(src/RobuROC_sim) by extension 'colcon_pkg'
[0.229s] Level 1:colcon.colcon_core.package_identification:_identify(src/RobuROC_sim) by extensions ['colcon_meta']
[0.229s] Level 1:colcon.colcon_core.package_identification:_identify(src/RobuROC_sim) by extension 'colcon_meta'
[0.229s] Level 1:colcon.colcon_core.package_identification:_identify(src/RobuROC_sim) by extensions ['ros']
[0.229s] Level 1:colcon.colcon_core.package_identification:_identify(src/RobuROC_sim) by extension 'ros'
[0.229s] Level 1:colcon.colcon_core.package_identification:_identify(src/RobuROC_sim) by extensions ['cmake', 'python']
[0.229s] Level 1:colcon.colcon_core.package_identification:_identify(src/RobuROC_sim) by extension 'cmake'
[0.229s] Level 1:colcon.colcon_core.package_identification:_identify(src/RobuROC_sim) by extension 'python'
[0.229s] Level 1:colcon.colcon_core.package_identification:_identify(src/RobuROC_sim) by extensions ['python_setup_py']
[0.229s] Level 1:colcon.colcon_core.package_identification:_identify(src/RobuROC_sim) by extension 'python_setup_py'
[0.229s] Level 1:colcon.colcon_core.package_identification:_identify(src/RobuROC_sim/include) by extensions ['ignore', 'ignore_ament_install']
[0.229s] Level 1:colcon.colcon_core.package_identification:_identify(src/RobuROC_sim/include) by extension 'ignore'
[0.229s] Level 1:colcon.colcon_core.package_identification:_identify(src/RobuROC_sim/include) by extension 'ignore_ament_install'
[0.229s] Level 1:colcon.colcon_core.package_identification:_identify(src/RobuROC_sim/include) by extensions ['colcon_pkg']
[0.229s] Level 1:colcon.colcon_core.package_identification:_identify(src/RobuROC_sim/include) by extension 'colcon_pkg'
[0.229s] Level 1:colcon.colcon_core.package_identification:_identify(src/RobuROC_sim/include) by extensions ['colcon_meta']
[0.229s] Level 1:colcon.colcon_core.package_identification:_identify(src/RobuROC_sim/include) by extension 'colcon_meta'
[0.229s] Level 1:colcon.colcon_core.package_identification:_identify(src/RobuROC_sim/include) by extensions ['ros']
[0.229s] Level 1:colcon.colcon_core.package_identification:_identify(src/RobuROC_sim/include) by extension 'ros'
[0.229s] Level 1:colcon.colcon_core.package_identification:_identify(src/RobuROC_sim/include) by extensions ['cmake', 'python']
[0.229s] Level 1:colcon.colcon_core.package_identification:_identify(src/RobuROC_sim/include) by extension 'cmake'
[0.229s] Level 1:colcon.colcon_core.package_identification:_identify(src/RobuROC_sim/include) by extension 'python'
[0.229s] Level 1:colcon.colcon_core.package_identification:_identify(src/RobuROC_sim/include) by extensions ['python_setup_py']
[0.229s] Level 1:colcon.colcon_core.package_identification:_identify(src/RobuROC_sim/include) by extension 'python_setup_py'
[0.229s] Level 1:colcon.colcon_core.package_identification:_identify(src/RobuROC_sim/include/RobuROC_sim) by extensions ['ignore', 'ignore_ament_install']
[0.230s] Level 1:colcon.colcon_core.package_identification:_identify(src/RobuROC_sim/include/RobuROC_sim) by extension 'ignore'
[0.230s] Level 1:colcon.colcon_core.package_identification:_identify(src/RobuROC_sim/include/RobuROC_sim) by extension 'ignore_ament_install'
[0.230s] Level 1:colcon.colcon_core.package_identification:_identify(src/RobuROC_sim/include/RobuROC_sim) by extensions ['colcon_pkg']
[0.230s] Level 1:colcon.colcon_core.package_identification:_identify(src/RobuROC_sim/include/RobuROC_sim) by extension 'colcon_pkg'
[0.230s] Level 1:colcon.colcon_core.package_identification:_identify(src/RobuROC_sim/include/RobuROC_sim) by extensions ['colcon_meta']
[0.230s] Level 1:colcon.colcon_core.package_identification:_identify(src/RobuROC_sim/include/RobuROC_sim) by extension 'colcon_meta'
[0.230s] Level 1:colcon.colcon_core.package_identification:_identify(src/RobuROC_sim/include/RobuROC_sim) by extensions ['ros']
[0.230s] Level 1:colcon.colcon_core.package_identification:_identify(src/RobuROC_sim/include/RobuROC_sim) by extension 'ros'
[0.230s] Level 1:colcon.colcon_core.package_identification:_identify(src/RobuROC_sim/include/RobuROC_sim) by extensions ['cmake', 'python']
[0.230s] Level 1:colcon.colcon_core.package_identification:_identify(src/RobuROC_sim/include/RobuROC_sim) by extension 'cmake'
[0.230s] Level 1:colcon.colcon_core.package_identification:_identify(src/RobuROC_sim/include/RobuROC_sim) by extension 'python'
[0.230s] Level 1:colcon.colcon_core.package_identification:_identify(src/RobuROC_sim/include/RobuROC_sim) by extensions ['python_setup_py']
[0.230s] Level 1:colcon.colcon_core.package_identification:_identify(src/RobuROC_sim/include/RobuROC_sim) by extension 'python_setup_py'
[0.230s] Level 1:colcon.colcon_core.package_identification:_identify(src/RobuROC_sim/src) by extensions ['ignore', 'ignore_ament_install']
[0.230s] Level 1:colcon.colcon_core.package_identification:_identify(src/RobuROC_sim/src) by extension 'ignore'
[0.230s] Level 1:colcon.colcon_core.package_identification:_identify(src/RobuROC_sim/src) by extension 'ignore_ament_install'
[0.230s] Level 1:colcon.colcon_core.package_identification:_identify(src/RobuROC_sim/src) by extensions ['colcon_pkg']
[0.230s] Level 1:colcon.colcon_core.package_identification:_identify(src/RobuROC_sim/src) by extension 'colcon_pkg'
[0.230s] Level 1:colcon.colcon_core.package_identification:_identify(src/RobuROC_sim/src) by extensions ['colcon_meta']
[0.230s] Level 1:colcon.colcon_core.package_identification:_identify(src/RobuROC_sim/src) by extension 'colcon_meta'
[0.230s] Level 1:colcon.colcon_core.package_identification:_identify(src/RobuROC_sim/src) by extensions ['ros']
[0.230s] Level 1:colcon.colcon_core.package_identification:_identify(src/RobuROC_sim/src) by extension 'ros'
[0.233s] DEBUG:colcon.colcon_core.package_identification:Package 'src/RobuROC_sim/src' with type 'ros.ament_cmake' and name 'RobuROC_sim'
[0.233s] Level 1:colcon.colcon_core.package_identification:_identify(src/articubot_one-humble) by extensions ['ignore', 'ignore_ament_install']
[0.233s] Level 1:colcon.colcon_core.package_identification:_identify(src/articubot_one-humble) by extension 'ignore'
[0.233s] Level 1:colcon.colcon_core.package_identification:_identify(src/articubot_one-humble) by extension 'ignore_ament_install'
[0.233s] Level 1:colcon.colcon_core.package_identification:_identify(src/articubot_one-humble) by extensions ['colcon_pkg']
[0.233s] Level 1:colcon.colcon_core.package_identification:_identify(src/articubot_one-humble) by extension 'colcon_pkg'
[0.234s] Level 1:colcon.colcon_core.package_identification:_identify(src/articubot_one-humble) by extensions ['colcon_meta']
[0.234s] Level 1:colcon.colcon_core.package_identification:_identify(src/articubot_one-humble) by extension 'colcon_meta'
[0.234s] Level 1:colcon.colcon_core.package_identification:_identify(src/articubot_one-humble) by extensions ['ros']
[0.234s] Level 1:colcon.colcon_core.package_identification:_identify(src/articubot_one-humble) by extension 'ros'
[0.234s] Level 1:colcon.colcon_core.package_identification:_identify(src/articubot_one-humble) by extensions ['cmake', 'python']
[0.234s] Level 1:colcon.colcon_core.package_identification:_identify(src/articubot_one-humble) by extension 'cmake'
[0.234s] Level 1:colcon.colcon_core.package_identification:_identify(src/articubot_one-humble) by extension 'python'
[0.234s] Level 1:colcon.colcon_core.package_identification:_identify(src/articubot_one-humble) by extensions ['python_setup_py']
[0.234s] Level 1:colcon.colcon_core.package_identification:_identify(src/articubot_one-humble) by extension 'python_setup_py'
[0.234s] Level 1:colcon.colcon_core.package_identification:_identify(src/articubot_one-humble/config) by extensions ['ignore', 'ignore_ament_install']
[0.234s] Level 1:colcon.colcon_core.package_identification:_identify(src/articubot_one-humble/config) by extension 'ignore'
[0.234s] Level 1:colcon.colcon_core.package_identification:_identify(src/articubot_one-humble/config) by extension 'ignore_ament_install'
[0.234s] Level 1:colcon.colcon_core.package_identification:_identify(src/articubot_one-humble/config) by extensions ['colcon_pkg']
[0.234s] Level 1:colcon.colcon_core.package_identification:_identify(src/articubot_one-humble/config) by extension 'colcon_pkg'
[0.234s] Level 1:colcon.colcon_core.package_identification:_identify(src/articubot_one-humble/config) by extensions ['colcon_meta']
[0.234s] Level 1:colcon.colcon_core.package_identification:_identify(src/articubot_one-humble/config) by extension 'colcon_meta'
[0.234s] Level 1:colcon.colcon_core.package_identification:_identify(src/articubot_one-humble/config) by extensions ['ros']
[0.234s] Level 1:colcon.colcon_core.package_identification:_identify(src/articubot_one-humble/config) by extension 'ros'
[0.234s] Level 1:colcon.colcon_core.package_identification:_identify(src/articubot_one-humble/config) by extensions ['cmake', 'python']
[0.234s] Level 1:colcon.colcon_core.package_identification:_identify(src/articubot_one-humble/config) by extension 'cmake'
[0.234s] Level 1:colcon.colcon_core.package_identification:_identify(src/articubot_one-humble/config) by extension 'python'
[0.234s] Level 1:colcon.colcon_core.package_identification:_identify(src/articubot_one-humble/config) by extensions ['python_setup_py']
[0.234s] Level 1:colcon.colcon_core.package_identification:_identify(src/articubot_one-humble/config) by extension 'python_setup_py'
[0.234s] Level 1:colcon.colcon_core.package_identification:_identify(src/articubot_one-humble/description) by extensions ['ignore', 'ignore_ament_install']
[0.234s] Level 1:colcon.colcon_core.package_identification:_identify(src/articubot_one-humble/description) by extension 'ignore'
[0.235s] Level 1:colcon.colcon_core.package_identification:_identify(src/articubot_one-humble/description) by extension 'ignore_ament_install'
[0.235s] Level 1:colcon.colcon_core.package_identification:_identify(src/articubot_one-humble/description) by extensions ['colcon_pkg']
[0.235s] Level 1:colcon.colcon_core.package_identification:_identify(src/articubot_one-humble/description) by extension 'colcon_pkg'
[0.235s] Level 1:colcon.colcon_core.package_identification:_identify(src/articubot_one-humble/description) by extensions ['colcon_meta']
[0.235s] Level 1:colcon.colcon_core.package_identification:_identify(src/articubot_one-humble/description) by extension 'colcon_meta'
[0.235s] Level 1:colcon.colcon_core.package_identification:_identify(src/articubot_one-humble/description) by extensions ['ros']
[0.235s] Level 1:colcon.colcon_core.package_identification:_identify(src/articubot_one-humble/description) by extension 'ros'
[0.235s] Level 1:colcon.colcon_core.package_identification:_identify(src/articubot_one-humble/description) by extensions ['cmake', 'python']
[0.235s] Level 1:colcon.colcon_core.package_identification:_identify(src/articubot_one-humble/description) by extension 'cmake'
[0.235s] Level 1:colcon.colcon_core.package_identification:_identify(src/articubot_one-humble/description) by extension 'python'
[0.235s] Level 1:colcon.colcon_core.package_identification:_identify(src/articubot_one-humble/description) by extensions ['python_setup_py']
[0.235s] Level 1:colcon.colcon_core.package_identification:_identify(src/articubot_one-humble/description) by extension 'python_setup_py'
[0.235s] Level 1:colcon.colcon_core.package_identification:_identify(src/articubot_one-humble/launch) by extensions ['ignore', 'ignore_ament_install']
[0.235s] Level 1:colcon.colcon_core.package_identification:_identify(src/articubot_one-humble/launch) by extension 'ignore'
[0.235s] Level 1:colcon.colcon_core.package_identification:_identify(src/articubot_one-humble/launch) by extension 'ignore_ament_install'
[0.235s] Level 1:colcon.colcon_core.package_identification:_identify(src/articubot_one-humble/launch) by extensions ['colcon_pkg']
[0.235s] Level 1:colcon.colcon_core.package_identification:_identify(src/articubot_one-humble/launch) by extension 'colcon_pkg'
[0.235s] Level 1:colcon.colcon_core.package_identification:_identify(src/articubot_one-humble/launch) by extensions ['colcon_meta']
[0.235s] Level 1:colcon.colcon_core.package_identification:_identify(src/articubot_one-humble/launch) by extension 'colcon_meta'
[0.235s] Level 1:colcon.colcon_core.package_identification:_identify(src/articubot_one-humble/launch) by extensions ['ros']
[0.235s] Level 1:colcon.colcon_core.package_identification:_identify(src/articubot_one-humble/launch) by extension 'ros'
[0.235s] Level 1:colcon.colcon_core.package_identification:_identify(src/articubot_one-humble/launch) by extensions ['cmake', 'python']
[0.235s] Level 1:colcon.colcon_core.package_identification:_identify(src/articubot_one-humble/launch) by extension 'cmake'
[0.235s] Level 1:colcon.colcon_core.package_identification:_identify(src/articubot_one-humble/launch) by extension 'python'
[0.235s] Level 1:colcon.colcon_core.package_identification:_identify(src/articubot_one-humble/launch) by extensions ['python_setup_py']
[0.235s] Level 1:colcon.colcon_core.package_identification:_identify(src/articubot_one-humble/launch) by extension 'python_setup_py'
[0.235s] Level 1:colcon.colcon_core.package_identification:_identify(src/articubot_one-humble/worlds) by extensions ['ignore', 'ignore_ament_install']
[0.236s] Level 1:colcon.colcon_core.package_identification:_identify(src/articubot_one-humble/worlds) by extension 'ignore'
[0.236s] Level 1:colcon.colcon_core.package_identification:_identify(src/articubot_one-humble/worlds) by extension 'ignore_ament_install'
[0.236s] Level 1:colcon.colcon_core.package_identification:_identify(src/articubot_one-humble/worlds) by extensions ['colcon_pkg']
[0.236s] Level 1:colcon.colcon_core.package_identification:_identify(src/articubot_one-humble/worlds) by extension 'colcon_pkg'
[0.236s] Level 1:colcon.colcon_core.package_identification:_identify(src/articubot_one-humble/worlds) by extensions ['colcon_meta']
[0.236s] Level 1:colcon.colcon_core.package_identification:_identify(src/articubot_one-humble/worlds) by extension 'colcon_meta'
[0.236s] Level 1:colcon.colcon_core.package_identification:_identify(src/articubot_one-humble/worlds) by extensions ['ros']
[0.236s] Level 1:colcon.colcon_core.package_identification:_identify(src/articubot_one-humble/worlds) by extension 'ros'
[0.236s] Level 1:colcon.colcon_core.package_identification:_identify(src/articubot_one-humble/worlds) by extensions ['cmake', 'python']
[0.236s] Level 1:colcon.colcon_core.package_identification:_identify(src/articubot_one-humble/worlds) by extension 'cmake'
[0.236s] Level 1:colcon.colcon_core.package_identification:_identify(src/articubot_one-humble/worlds) by extension 'python'
[0.236s] Level 1:colcon.colcon_core.package_identification:_identify(src/articubot_one-humble/worlds) by extensions ['python_setup_py']
[0.236s] Level 1:colcon.colcon_core.package_identification:_identify(src/articubot_one-humble/worlds) by extension 'python_setup_py'
[0.236s] Level 1:colcon.colcon_core.package_identification:_identify(src/thirdparty) by extensions ['ignore', 'ignore_ament_install']
[0.236s] Level 1:colcon.colcon_core.package_identification:_identify(src/thirdparty) by extension 'ignore'
[0.236s] Level 1:colcon.colcon_core.package_identification:_identify(src/thirdparty) by extension 'ignore_ament_install'
[0.236s] Level 1:colcon.colcon_core.package_identification:_identify(src/thirdparty) by extensions ['colcon_pkg']
[0.236s] Level 1:colcon.colcon_core.package_identification:_identify(src/thirdparty) by extension 'colcon_pkg'
[0.236s] Level 1:colcon.colcon_core.package_identification:_identify(src/thirdparty) by extensions ['colcon_meta']
[0.236s] Level 1:colcon.colcon_core.package_identification:_identify(src/thirdparty) by extension 'colcon_meta'
[0.236s] Level 1:colcon.colcon_core.package_identification:_identify(src/thirdparty) by extensions ['ros']
[0.236s] Level 1:colcon.colcon_core.package_identification:_identify(src/thirdparty) by extension 'ros'
[0.236s] Level 1:colcon.colcon_core.package_identification:_identify(src/thirdparty) by extensions ['cmake', 'python']
[0.236s] Level 1:colcon.colcon_core.package_identification:_identify(src/thirdparty) by extension 'cmake'
[0.236s] Level 1:colcon.colcon_core.package_identification:_identify(src/thirdparty) by extension 'python'
[0.236s] Level 1:colcon.colcon_core.package_identification:_identify(src/thirdparty) by extensions ['python_setup_py']
[0.236s] Level 1:colcon.colcon_core.package_identification:_identify(src/thirdparty) by extension 'python_setup_py'
[0.237s] Level 1:colcon.colcon_core.package_identification:_identify(src/thirdparty/velodyne_simulator-dashing-devel) by extensions ['ignore', 'ignore_ament_install']
[0.237s] Level 1:colcon.colcon_core.package_identification:_identify(src/thirdparty/velodyne_simulator-dashing-devel) by extension 'ignore'
[0.237s] Level 1:colcon.colcon_core.package_identification:_identify(src/thirdparty/velodyne_simulator-dashing-devel) by extension 'ignore_ament_install'
[0.237s] Level 1:colcon.colcon_core.package_identification:_identify(src/thirdparty/velodyne_simulator-dashing-devel) by extensions ['colcon_pkg']
[0.237s] Level 1:colcon.colcon_core.package_identification:_identify(src/thirdparty/velodyne_simulator-dashing-devel) by extension 'colcon_pkg'
[0.237s] Level 1:colcon.colcon_core.package_identification:_identify(src/thirdparty/velodyne_simulator-dashing-devel) by extensions ['colcon_meta']
[0.237s] Level 1:colcon.colcon_core.package_identification:_identify(src/thirdparty/velodyne_simulator-dashing-devel) by extension 'colcon_meta'
[0.237s] Level 1:colcon.colcon_core.package_identification:_identify(src/thirdparty/velodyne_simulator-dashing-devel) by extensions ['ros']
[0.237s] Level 1:colcon.colcon_core.package_identification:_identify(src/thirdparty/velodyne_simulator-dashing-devel) by extension 'ros'
[0.237s] Level 1:colcon.colcon_core.package_identification:_identify(src/thirdparty/velodyne_simulator-dashing-devel) by extensions ['cmake', 'python']
[0.237s] Level 1:colcon.colcon_core.package_identification:_identify(src/thirdparty/velodyne_simulator-dashing-devel) by extension 'cmake'
[0.237s] Level 1:colcon.colcon_core.package_identification:_identify(src/thirdparty/velodyne_simulator-dashing-devel) by extension 'python'
[0.237s] Level 1:colcon.colcon_core.package_identification:_identify(src/thirdparty/velodyne_simulator-dashing-devel) by extensions ['python_setup_py']
[0.237s] Level 1:colcon.colcon_core.package_identification:_identify(src/thirdparty/velodyne_simulator-dashing-devel) by extension 'python_setup_py'
[0.237s] Level 1:colcon.colcon_core.package_identification:_identify(src/thirdparty/velodyne_simulator-dashing-devel/velodyne_gazebo_plugins) by extensions ['ignore', 'ignore_ament_install']
[0.237s] Level 1:colcon.colcon_core.package_identification:_identify(src/thirdparty/velodyne_simulator-dashing-devel/velodyne_gazebo_plugins) by extension 'ignore'
[0.237s] Level 1:colcon.colcon_core.package_identification:_identify(src/thirdparty/velodyne_simulator-dashing-devel/velodyne_gazebo_plugins) by extension 'ignore_ament_install'
[0.237s] Level 1:colcon.colcon_core.package_identification:_identify(src/thirdparty/velodyne_simulator-dashing-devel/velodyne_gazebo_plugins) by extensions ['colcon_pkg']
[0.237s] Level 1:colcon.colcon_core.package_identification:_identify(src/thirdparty/velodyne_simulator-dashing-devel/velodyne_gazebo_plugins) by extension 'colcon_pkg'
[0.237s] Level 1:colcon.colcon_core.package_identification:_identify(src/thirdparty/velodyne_simulator-dashing-devel/velodyne_gazebo_plugins) by extensions ['colcon_meta']
[0.237s] Level 1:colcon.colcon_core.package_identification:_identify(src/thirdparty/velodyne_simulator-dashing-devel/velodyne_gazebo_plugins) by extension 'colcon_meta'
[0.237s] Level 1:colcon.colcon_core.package_identification:_identify(src/thirdparty/velodyne_simulator-dashing-devel/velodyne_gazebo_plugins) by extensions ['ros']
[0.237s] Level 1:colcon.colcon_core.package_identification:_identify(src/thirdparty/velodyne_simulator-dashing-devel/velodyne_gazebo_plugins) by extension 'ros'
[0.238s] DEBUG:colcon.colcon_core.package_identification:Package 'src/thirdparty/velodyne_simulator-dashing-devel/velodyne_gazebo_plugins' with type 'ros.ament_cmake' and name 'velodyne_gazebo_plugins'
[0.238s] Level 1:colcon.colcon_core.package_discovery:discover_packages(recursive) using defaults
[0.238s] Level 1:colcon.colcon_core.package_discovery:discover_packages(ignore) discover
[0.238s] Level 1:colcon.colcon_core.package_discovery:discover_packages(ignore) using defaults
[0.238s] Level 1:colcon.colcon_core.package_discovery:discover_packages(path) discover
[0.238s] Level 1:colcon.colcon_core.package_discovery:discover_packages(path) using defaults
[0.266s] Level 1:colcon.colcon_core.package_discovery:discover_packages(prefix_path) check parameters
[0.266s] Level 1:colcon.colcon_core.package_discovery:discover_packages(prefix_path) discover
[0.267s] DEBUG:colcon.colcon_installed_package_information.package_discovery:Found 2 installed packages in /home/julian/model/P9-RobuROC4/install
[0.268s] DEBUG:colcon.colcon_installed_package_information.package_discovery:Found 299 installed packages in /opt/ros/humble
[0.269s] Level 1:colcon.colcon_core.package_discovery:discover_packages(prefix_path) using defaults
[0.300s] Level 5:colcon.colcon_core.verb:set package 'velodyne_gazebo_plugins' build argument 'cmake_args' from command line to 'None'
[0.300s] Level 5:colcon.colcon_core.verb:set package 'velodyne_gazebo_plugins' build argument 'cmake_target' from command line to 'None'
[0.300s] Level 5:colcon.colcon_core.verb:set package 'velodyne_gazebo_plugins' build argument 'cmake_target_skip_unavailable' from command line to 'False'
[0.300s] Level 5:colcon.colcon_core.verb:set package 'velodyne_gazebo_plugins' build argument 'cmake_clean_cache' from command line to 'False'
[0.300s] Level 5:colcon.colcon_core.verb:set package 'velodyne_gazebo_plugins' build argument 'cmake_clean_first' from command line to 'False'
[0.300s] Level 5:colcon.colcon_core.verb:set package 'velodyne_gazebo_plugins' build argument 'cmake_force_configure' from command line to 'False'
[0.300s] Level 5:colcon.colcon_core.verb:set package 'velodyne_gazebo_plugins' build argument 'ament_cmake_args' from command line to 'None'
[0.300s] Level 5:colcon.colcon_core.verb:set package 'velodyne_gazebo_plugins' build argument 'catkin_cmake_args' from command line to 'None'
[0.300s] Level 5:colcon.colcon_core.verb:set package 'velodyne_gazebo_plugins' build argument 'catkin_skip_building_tests' from command line to 'False'
[0.300s] DEBUG:colcon.colcon_core.verb:Building package 'velodyne_gazebo_plugins' with the following arguments: {'ament_cmake_args': None, 'build_base': '/home/julian/model/P9-RobuROC4/build/velodyne_gazebo_plugins', 'catkin_cmake_args': None, 'catkin_skip_building_tests': False, 'cmake_args': None, 'cmake_clean_cache': False, 'cmake_clean_first': False, 'cmake_force_configure': False, 'cmake_target': None, 'cmake_target_skip_unavailable': False, 'install_base': '/home/julian/model/P9-RobuROC4/install/velodyne_gazebo_plugins', 'merge_install': False, 'path': '/home/julian/model/P9-RobuROC4/src/thirdparty/velodyne_simulator-dashing-devel/velodyne_gazebo_plugins', 'symlink_install': False, 'test_result_base': None}
[0.300s] Level 5:colcon.colcon_core.verb:set package 'RobuROC_sim' build argument 'cmake_args' from command line to 'None'
[0.300s] Level 5:colcon.colcon_core.verb:set package 'RobuROC_sim' build argument 'cmake_target' from command line to 'None'
[0.300s] Level 5:colcon.colcon_core.verb:set package 'RobuROC_sim' build argument 'cmake_target_skip_unavailable' from command line to 'False'
[0.300s] Level 5:colcon.colcon_core.verb:set package 'RobuROC_sim' build argument 'cmake_clean_cache' from command line to 'False'
[0.300s] Level 5:colcon.colcon_core.verb:set package 'RobuROC_sim' build argument 'cmake_clean_first' from command line to 'False'
[0.300s] Level 5:colcon.colcon_core.verb:set package 'RobuROC_sim' build argument 'cmake_force_configure' from command line to 'False'
[0.300s] Level 5:colcon.colcon_core.verb:set package 'RobuROC_sim' build argument 'ament_cmake_args' from command line to 'None'
[0.300s] Level 5:colcon.colcon_core.verb:set package 'RobuROC_sim' build argument 'catkin_cmake_args' from command line to 'None'
[0.300s] Level 5:colcon.colcon_core.verb:set package 'RobuROC_sim' build argument 'catkin_skip_building_tests' from command line to 'False'
[0.300s] DEBUG:colcon.colcon_core.verb:Building package 'RobuROC_sim' with the following arguments: {'ament_cmake_args': None, 'build_base': '/home/julian/model/P9-RobuROC4/build/RobuROC_sim', 'catkin_cmake_args': None, 'catkin_skip_building_tests': False, 'cmake_args': None, 'cmake_clean_cache': False, 'cmake_clean_first': False, 'cmake_force_configure': False, 'cmake_target': None, 'cmake_target_skip_unavailable': False, 'install_base': '/home/julian/model/P9-RobuROC4/install/RobuROC_sim', 'merge_install': False, 'path': '/home/julian/model/P9-RobuROC4/src/RobuROC_sim/src', 'symlink_install': False, 'test_result_base': None}
[0.300s] INFO:colcon.colcon_core.executor:Executing jobs using 'parallel' executor
[0.301s] DEBUG:colcon.colcon_parallel_executor.executor.parallel:run_until_complete
[0.302s] INFO:colcon.colcon_ros.task.ament_cmake.build:Building ROS package in '/home/julian/model/P9-RobuROC4/src/thirdparty/velodyne_simulator-dashing-devel/velodyne_gazebo_plugins' with build type 'ament_cmake'
[0.302s] INFO:colcon.colcon_cmake.task.cmake.build:Building CMake package in '/home/julian/model/P9-RobuROC4/src/thirdparty/velodyne_simulator-dashing-devel/velodyne_gazebo_plugins'
[0.303s] INFO:colcon.colcon_core.plugin_system:Skipping extension 'colcon_core.shell.bat': Not used on non-Windows systems
[0.304s] INFO:colcon.colcon_core.shell:Skip shell extension 'powershell' for command environment: Not usable outside of PowerShell
[0.304s] DEBUG:colcon.colcon_core.shell:Skip shell extension 'dsv' for command environment
[0.316s] DEBUG:colcon.colcon_core.event_handler.log_command:Invoking command in '/home/julian/model/P9-RobuROC4/build/velodyne_gazebo_plugins': CMAKE_PREFIX_PATH=${CMAKE_PREFIX_PATH}:/opt/ros/humble /usr/bin/cmake --build /home/julian/model/P9-RobuROC4/build/velodyne_gazebo_plugins -- -j16 -l16
[0.421s] DEBUG:colcon.colcon_core.event_handler.log_command:Invoked command in '/home/julian/model/P9-RobuROC4/build/velodyne_gazebo_plugins' returned '0': CMAKE_PREFIX_PATH=${CMAKE_PREFIX_PATH}:/opt/ros/humble /usr/bin/cmake --build /home/julian/model/P9-RobuROC4/build/velodyne_gazebo_plugins -- -j16 -l16
[0.492s] DEBUG:colcon.colcon_core.event_handler.log_command:Invoking command in '/home/julian/model/P9-RobuROC4/build/velodyne_gazebo_plugins': CMAKE_PREFIX_PATH=${CMAKE_PREFIX_PATH}:/opt/ros/humble /usr/bin/cmake --install /home/julian/model/P9-RobuROC4/build/velodyne_gazebo_plugins
[0.503s] Level 1:colcon.colcon_core.environment:create_environment_scripts_only(velodyne_gazebo_plugins)
[0.504s] DEBUG:colcon.colcon_core.event_handler.log_command:Invoked command in '/home/julian/model/P9-RobuROC4/build/velodyne_gazebo_plugins' returned '0': CMAKE_PREFIX_PATH=${CMAKE_PREFIX_PATH}:/opt/ros/humble /usr/bin/cmake --install /home/julian/model/P9-RobuROC4/build/velodyne_gazebo_plugins
[0.507s] Level 1:colcon.colcon_core.environment:checking '/home/julian/model/P9-RobuROC4/install/velodyne_gazebo_plugins' for CMake module files
[0.508s] Level 1:colcon.colcon_core.environment:checking '/home/julian/model/P9-RobuROC4/install/velodyne_gazebo_plugins' for CMake config files
[0.509s] Level 1:colcon.colcon_core.shell:create_environment_hook('velodyne_gazebo_plugins', 'cmake_prefix_path')
[0.509s] INFO:colcon.colcon_core.shell:Creating environment hook '/home/julian/model/P9-RobuROC4/install/velodyne_gazebo_plugins/share/velodyne_gazebo_plugins/hook/cmake_prefix_path.ps1'
[0.510s] INFO:colcon.colcon_core.shell:Creating environment descriptor '/home/julian/model/P9-RobuROC4/install/velodyne_gazebo_plugins/share/velodyne_gazebo_plugins/hook/cmake_prefix_path.dsv'
[0.511s] INFO:colcon.colcon_core.shell:Creating environment hook '/home/julian/model/P9-RobuROC4/install/velodyne_gazebo_plugins/share/velodyne_gazebo_plugins/hook/cmake_prefix_path.sh'
[0.513s] Level 1:colcon.colcon_core.environment:checking '/home/julian/model/P9-RobuROC4/install/velodyne_gazebo_plugins/lib'
[0.514s] Level 1:colcon.colcon_core.shell:create_environment_hook('velodyne_gazebo_plugins', 'ld_library_path_lib')
[0.514s] INFO:colcon.colcon_core.shell:Creating environment hook '/home/julian/model/P9-RobuROC4/install/velodyne_gazebo_plugins/share/velodyne_gazebo_plugins/hook/ld_library_path_lib.ps1'
[0.515s] INFO:colcon.colcon_core.shell:Creating environment descriptor '/home/julian/model/P9-RobuROC4/install/velodyne_gazebo_plugins/share/velodyne_gazebo_plugins/hook/ld_library_path_lib.dsv'
[0.516s] INFO:colcon.colcon_core.shell:Creating environment hook '/home/julian/model/P9-RobuROC4/install/velodyne_gazebo_plugins/share/velodyne_gazebo_plugins/hook/ld_library_path_lib.sh'
[0.516s] Level 1:colcon.colcon_core.environment:checking '/home/julian/model/P9-RobuROC4/install/velodyne_gazebo_plugins/bin'
[0.517s] Level 1:colcon.colcon_core.environment:checking '/home/julian/model/P9-RobuROC4/install/velodyne_gazebo_plugins/lib/pkgconfig/velodyne_gazebo_plugins.pc'
[0.517s] Level 1:colcon.colcon_core.environment:checking '/home/julian/model/P9-RobuROC4/install/velodyne_gazebo_plugins/lib/python3.10/site-packages'
[0.517s] Level 1:colcon.colcon_core.environment:checking '/home/julian/model/P9-RobuROC4/install/velodyne_gazebo_plugins/bin'
[0.518s] INFO:colcon.colcon_core.shell:Creating package script '/home/julian/model/P9-RobuROC4/install/velodyne_gazebo_plugins/share/velodyne_gazebo_plugins/package.ps1'
[0.520s] INFO:colcon.colcon_core.shell:Creating package descriptor '/home/julian/model/P9-RobuROC4/install/velodyne_gazebo_plugins/share/velodyne_gazebo_plugins/package.dsv'
[0.521s] INFO:colcon.colcon_core.shell:Creating package script '/home/julian/model/P9-RobuROC4/install/velodyne_gazebo_plugins/share/velodyne_gazebo_plugins/package.sh'
[0.522s] INFO:colcon.colcon_core.shell:Creating package script '/home/julian/model/P9-RobuROC4/install/velodyne_gazebo_plugins/share/velodyne_gazebo_plugins/package.bash'
[0.524s] INFO:colcon.colcon_core.shell:Creating package script '/home/julian/model/P9-RobuROC4/install/velodyne_gazebo_plugins/share/velodyne_gazebo_plugins/package.zsh'
[0.526s] Level 1:colcon.colcon_core.environment:create_file_with_runtime_dependencies(/home/julian/model/P9-RobuROC4/install/velodyne_gazebo_plugins/share/colcon-core/packages/velodyne_gazebo_plugins)
[0.576s] Level 1:colcon.colcon_core.environment:create_environment_scripts_only(velodyne_gazebo_plugins)
[0.576s] Level 1:colcon.colcon_core.environment:checking '/home/julian/model/P9-RobuROC4/install/velodyne_gazebo_plugins' for CMake module files
[0.577s] Level 1:colcon.colcon_core.environment:checking '/home/julian/model/P9-RobuROC4/install/velodyne_gazebo_plugins' for CMake config files
[0.577s] Level 1:colcon.colcon_core.shell:create_environment_hook('velodyne_gazebo_plugins', 'cmake_prefix_path')
[0.577s] INFO:colcon.colcon_core.shell:Creating environment hook '/home/julian/model/P9-RobuROC4/install/velodyne_gazebo_plugins/share/velodyne_gazebo_plugins/hook/cmake_prefix_path.ps1'
[0.578s] INFO:colcon.colcon_core.shell:Creating environment descriptor '/home/julian/model/P9-RobuROC4/install/velodyne_gazebo_plugins/share/velodyne_gazebo_plugins/hook/cmake_prefix_path.dsv'
[0.578s] INFO:colcon.colcon_core.shell:Creating environment hook '/home/julian/model/P9-RobuROC4/install/velodyne_gazebo_plugins/share/velodyne_gazebo_plugins/hook/cmake_prefix_path.sh'
[0.578s] Level 1:colcon.colcon_core.environment:checking '/home/julian/model/P9-RobuROC4/install/velodyne_gazebo_plugins/lib'
[0.579s] Level 1:colcon.colcon_core.shell:create_environment_hook('velodyne_gazebo_plugins', 'ld_library_path_lib')
[0.579s] INFO:colcon.colcon_core.shell:Creating environment hook '/home/julian/model/P9-RobuROC4/install/velodyne_gazebo_plugins/share/velodyne_gazebo_plugins/hook/ld_library_path_lib.ps1'
[0.579s] INFO:colcon.colcon_core.shell:Creating environment descriptor '/home/julian/model/P9-RobuROC4/install/velodyne_gazebo_plugins/share/velodyne_gazebo_plugins/hook/ld_library_path_lib.dsv'
[0.579s] INFO:colcon.colcon_core.shell:Creating environment hook '/home/julian/model/P9-RobuROC4/install/velodyne_gazebo_plugins/share/velodyne_gazebo_plugins/hook/ld_library_path_lib.sh'
[0.580s] Level 1:colcon.colcon_core.environment:checking '/home/julian/model/P9-RobuROC4/install/velodyne_gazebo_plugins/bin'
[0.580s] Level 1:colcon.colcon_core.environment:checking '/home/julian/model/P9-RobuROC4/install/velodyne_gazebo_plugins/lib/pkgconfig/velodyne_gazebo_plugins.pc'
[0.580s] Level 1:colcon.colcon_core.environment:checking '/home/julian/model/P9-RobuROC4/install/velodyne_gazebo_plugins/lib/python3.10/site-packages'
[0.580s] Level 1:colcon.colcon_core.environment:checking '/home/julian/model/P9-RobuROC4/install/velodyne_gazebo_plugins/bin'
[0.580s] INFO:colcon.colcon_core.shell:Creating package script '/home/julian/model/P9-RobuROC4/install/velodyne_gazebo_plugins/share/velodyne_gazebo_plugins/package.ps1'
[0.581s] INFO:colcon.colcon_core.shell:Creating package descriptor '/home/julian/model/P9-RobuROC4/install/velodyne_gazebo_plugins/share/velodyne_gazebo_plugins/package.dsv'
[0.581s] INFO:colcon.colcon_core.shell:Creating package script '/home/julian/model/P9-RobuROC4/install/velodyne_gazebo_plugins/share/velodyne_gazebo_plugins/package.sh'
[0.581s] INFO:colcon.colcon_core.shell:Creating package script '/home/julian/model/P9-RobuROC4/install/velodyne_gazebo_plugins/share/velodyne_gazebo_plugins/package.bash'
[0.582s] INFO:colcon.colcon_core.shell:Creating package script '/home/julian/model/P9-RobuROC4/install/velodyne_gazebo_plugins/share/velodyne_gazebo_plugins/package.zsh'
[0.582s] Level 1:colcon.colcon_core.environment:create_file_with_runtime_dependencies(/home/julian/model/P9-RobuROC4/install/velodyne_gazebo_plugins/share/colcon-core/packages/velodyne_gazebo_plugins)
[0.582s] INFO:colcon.colcon_ros.task.ament_cmake.build:Building ROS package in '/home/julian/model/P9-RobuROC4/src/RobuROC_sim/src' with build type 'ament_cmake'
[0.582s] INFO:colcon.colcon_cmake.task.cmake.build:Building CMake package in '/home/julian/model/P9-RobuROC4/src/RobuROC_sim/src'
[0.582s] INFO:colcon.colcon_core.shell:Skip shell extension 'powershell' for command environment: Not usable outside of PowerShell
[0.582s] DEBUG:colcon.colcon_core.shell:Skip shell extension 'dsv' for command environment
[0.594s] DEBUG:colcon.colcon_core.event_handler.log_command:Invoking command in '/home/julian/model/P9-RobuROC4/build/RobuROC_sim': CMAKE_PREFIX_PATH=/home/julian/model/P9-RobuROC4/install/velodyne_gazebo_plugins:/home/julian/model/P9-RobuROC4/install/RobuROC_sim:/opt/ros/humble /usr/bin/cmake --build /home/julian/model/P9-RobuROC4/build/RobuROC_sim -- -j16 -l16
[0.939s] DEBUG:colcon.colcon_core.event_handler.log_command:Invoked command in '/home/julian/model/P9-RobuROC4/build/RobuROC_sim' returned '0': CMAKE_PREFIX_PATH=/home/julian/model/P9-RobuROC4/install/velodyne_gazebo_plugins:/home/julian/model/P9-RobuROC4/install/RobuROC_sim:/opt/ros/humble /usr/bin/cmake --build /home/julian/model/P9-RobuROC4/build/RobuROC_sim -- -j16 -l16
[0.966s] DEBUG:colcon.colcon_core.event_handler.log_command:Invoking command in '/home/julian/model/P9-RobuROC4/build/RobuROC_sim': CMAKE_PREFIX_PATH=/home/julian/model/P9-RobuROC4/install/velodyne_gazebo_plugins:/home/julian/model/P9-RobuROC4/install/RobuROC_sim:/opt/ros/humble /usr/bin/cmake --install /home/julian/model/P9-RobuROC4/build/RobuROC_sim
[1.012s] Level 1:colcon.colcon_core.environment:create_environment_scripts_only(RobuROC_sim)
[1.013s] DEBUG:colcon.colcon_core.event_handler.log_command:Invoked command in '/home/julian/model/P9-RobuROC4/build/RobuROC_sim' returned '0': CMAKE_PREFIX_PATH=/home/julian/model/P9-RobuROC4/install/velodyne_gazebo_plugins:/home/julian/model/P9-RobuROC4/install/RobuROC_sim:/opt/ros/humble /usr/bin/cmake --install /home/julian/model/P9-RobuROC4/build/RobuROC_sim
[1.013s] Level 1:colcon.colcon_core.environment:checking '/home/julian/model/P9-RobuROC4/install/RobuROC_sim' for CMake module files
[1.015s] Level 1:colcon.colcon_core.environment:checking '/home/julian/model/P9-RobuROC4/install/RobuROC_sim' for CMake config files
[1.015s] Level 1:colcon.colcon_core.shell:create_environment_hook('RobuROC_sim', 'cmake_prefix_path')
[1.016s] INFO:colcon.colcon_core.shell:Creating environment hook '/home/julian/model/P9-RobuROC4/install/RobuROC_sim/share/RobuROC_sim/hook/cmake_prefix_path.ps1'
[1.017s] INFO:colcon.colcon_core.shell:Creating environment descriptor '/home/julian/model/P9-RobuROC4/install/RobuROC_sim/share/RobuROC_sim/hook/cmake_prefix_path.dsv'
[1.018s] INFO:colcon.colcon_core.shell:Creating environment hook '/home/julian/model/P9-RobuROC4/install/RobuROC_sim/share/RobuROC_sim/hook/cmake_prefix_path.sh'
[1.019s] Level 1:colcon.colcon_core.environment:checking '/home/julian/model/P9-RobuROC4/install/RobuROC_sim/lib'
[1.020s] Level 1:colcon.colcon_core.environment:checking '/home/julian/model/P9-RobuROC4/install/RobuROC_sim/bin'
[1.020s] Level 1:colcon.colcon_core.environment:checking '/home/julian/model/P9-RobuROC4/install/RobuROC_sim/lib/pkgconfig/RobuROC_sim.pc'
[1.020s] Level 1:colcon.colcon_core.environment:checking '/home/julian/model/P9-RobuROC4/install/RobuROC_sim/lib/python3.10/site-packages'
[1.021s] Level 1:colcon.colcon_core.environment:checking '/home/julian/model/P9-RobuROC4/install/RobuROC_sim/bin'
[1.022s] INFO:colcon.colcon_core.shell:Creating package script '/home/julian/model/P9-RobuROC4/install/RobuROC_sim/share/RobuROC_sim/package.ps1'
[1.023s] INFO:colcon.colcon_core.shell:Creating package descriptor '/home/julian/model/P9-RobuROC4/install/RobuROC_sim/share/RobuROC_sim/package.dsv'
[1.024s] INFO:colcon.colcon_core.shell:Creating package script '/home/julian/model/P9-RobuROC4/install/RobuROC_sim/share/RobuROC_sim/package.sh'
[1.025s] INFO:colcon.colcon_core.shell:Creating package script '/home/julian/model/P9-RobuROC4/install/RobuROC_sim/share/RobuROC_sim/package.bash'
[1.026s] INFO:colcon.colcon_core.shell:Creating package script '/home/julian/model/P9-RobuROC4/install/RobuROC_sim/share/RobuROC_sim/package.zsh'
[1.027s] Level 1:colcon.colcon_core.environment:create_file_with_runtime_dependencies(/home/julian/model/P9-RobuROC4/install/RobuROC_sim/share/colcon-core/packages/RobuROC_sim)
[1.064s] Level 1:colcon.colcon_core.environment:create_environment_scripts_only(RobuROC_sim)
[1.065s] Level 1:colcon.colcon_core.environment:checking '/home/julian/model/P9-RobuROC4/install/RobuROC_sim' for CMake module files
[1.065s] Level 1:colcon.colcon_core.environment:checking '/home/julian/model/P9-RobuROC4/install/RobuROC_sim' for CMake config files
[1.065s] Level 1:colcon.colcon_core.shell:create_environment_hook('RobuROC_sim', 'cmake_prefix_path')
[1.066s] INFO:colcon.colcon_core.shell:Creating environment hook '/home/julian/model/P9-RobuROC4/install/RobuROC_sim/share/RobuROC_sim/hook/cmake_prefix_path.ps1'
[1.066s] INFO:colcon.colcon_core.shell:Creating environment descriptor '/home/julian/model/P9-RobuROC4/install/RobuROC_sim/share/RobuROC_sim/hook/cmake_prefix_path.dsv'
[1.066s] INFO:colcon.colcon_core.shell:Creating environment hook '/home/julian/model/P9-RobuROC4/install/RobuROC_sim/share/RobuROC_sim/hook/cmake_prefix_path.sh'
[1.067s] Level 1:colcon.colcon_core.environment:checking '/home/julian/model/P9-RobuROC4/install/RobuROC_sim/lib'
[1.067s] Level 1:colcon.colcon_core.environment:checking '/home/julian/model/P9-RobuROC4/install/RobuROC_sim/bin'
[1.067s] Level 1:colcon.colcon_core.environment:checking '/home/julian/model/P9-RobuROC4/install/RobuROC_sim/lib/pkgconfig/RobuROC_sim.pc'
[1.067s] Level 1:colcon.colcon_core.environment:checking '/home/julian/model/P9-RobuROC4/install/RobuROC_sim/lib/python3.10/site-packages'
[1.067s] Level 1:colcon.colcon_core.environment:checking '/home/julian/model/P9-RobuROC4/install/RobuROC_sim/bin'
[1.068s] INFO:colcon.colcon_core.shell:Creating package script '/home/julian/model/P9-RobuROC4/install/RobuROC_sim/share/RobuROC_sim/package.ps1'
[1.068s] INFO:colcon.colcon_core.shell:Creating package descriptor '/home/julian/model/P9-RobuROC4/install/RobuROC_sim/share/RobuROC_sim/package.dsv'
[1.069s] INFO:colcon.colcon_core.shell:Creating package script '/home/julian/model/P9-RobuROC4/install/RobuROC_sim/share/RobuROC_sim/package.sh'
[1.069s] INFO:colcon.colcon_core.shell:Creating package script '/home/julian/model/P9-RobuROC4/install/RobuROC_sim/share/RobuROC_sim/package.bash'
[1.069s] INFO:colcon.colcon_core.shell:Creating package script '/home/julian/model/P9-RobuROC4/install/RobuROC_sim/share/RobuROC_sim/package.zsh'
[1.070s] Level 1:colcon.colcon_core.environment:create_file_with_runtime_dependencies(/home/julian/model/P9-RobuROC4/install/RobuROC_sim/share/colcon-core/packages/RobuROC_sim)
[1.070s] DEBUG:colcon.colcon_parallel_executor.executor.parallel:closing loop
[1.070s] DEBUG:colcon.colcon_parallel_executor.executor.parallel:loop closed
[1.070s] DEBUG:colcon.colcon_parallel_executor.executor.parallel:run_until_complete finished with '0'
[1.070s] DEBUG:colcon.colcon_core.event_reactor:joining thread
[1.079s] INFO:colcon.colcon_core.plugin_system:Skipping extension 'colcon_notification.desktop_notification.terminal_notifier': Not used on non-Darwin systems
[1.080s] INFO:colcon.colcon_core.plugin_system:Skipping extension 'colcon_notification.desktop_notification.win32': Not used on non-Windows systems
[1.080s] INFO:colcon.colcon_notification.desktop_notification:Sending desktop notification using 'notify2'
[1.089s] DEBUG:colcon.colcon_core.event_reactor:joined thread
[1.090s] INFO:colcon.colcon_core.shell:Creating prefix script '/home/julian/model/P9-RobuROC4/install/local_setup.ps1'
[1.091s] INFO:colcon.colcon_core.shell:Creating prefix util module '/home/julian/model/P9-RobuROC4/install/_local_setup_util_ps1.py'
[1.094s] INFO:colcon.colcon_core.shell:Creating prefix chain script '/home/julian/model/P9-RobuROC4/install/setup.ps1'
[1.096s] INFO:colcon.colcon_core.shell:Creating prefix script '/home/julian/model/P9-RobuROC4/install/local_setup.sh'
[1.097s] INFO:colcon.colcon_core.shell:Creating prefix util module '/home/julian/model/P9-RobuROC4/install/_local_setup_util_sh.py'
[1.099s] INFO:colcon.colcon_core.shell:Creating prefix chain script '/home/julian/model/P9-RobuROC4/install/setup.sh'
[1.101s] INFO:colcon.colcon_core.shell:Creating prefix script '/home/julian/model/P9-RobuROC4/install/local_setup.bash'
[1.103s] INFO:colcon.colcon_core.shell:Creating prefix chain script '/home/julian/model/P9-RobuROC4/install/setup.bash'
[1.105s] INFO:colcon.colcon_core.shell:Creating prefix script '/home/julian/model/P9-RobuROC4/install/local_setup.zsh'
[1.106s] INFO:colcon.colcon_core.shell:Creating prefix chain script '/home/julian/model/P9-RobuROC4/install/setup.zsh'
