[0.007s] Invoking command in '/home/roburoc/PycharmProjects/P9-RobuROC4/build/roburoc_canopen': AMENT_PREFIX_PATH=/home/roburoc/PycharmProjects/P9-RobuROC4/install/canopen_interfaces:${AMENT_PREFIX_PATH} CMAKE_PREFIX_PATH=/home/roburoc/PycharmProjects/P9-RobuROC4/install/canopen_interfaces:/opt/ros/humble LD_LIBRARY_PATH=/home/roburoc/PycharmProjects/P9-RobuROC4/install/canopen_interfaces/lib:${LD_LIBRARY_PATH} PYTHONPATH=/home/roburoc/PycharmProjects/P9-RobuROC4/install/canopen_interfaces/local/lib/python3.10/dist-packages:${PYTHONPATH} /usr/bin/cmake --build /home/roburoc/PycharmProjects/P9-RobuROC4/build/roburoc_canopen -- -j12 -l12
[0.050s] Built target ament_cmake_python_copy_utils
[0.267s] running egg_info
[0.268s] writing utils.egg-info/PKG-INFO
[0.268s] writing dependency_links to utils.egg-info/dependency_links.txt
[0.268s] writing top-level names to utils.egg-info/top_level.txt
[0.270s] reading manifest file 'utils.egg-info/SOURCES.txt'
[0.270s] writing manifest file 'utils.egg-info/SOURCES.txt'
[0.288s] Built target ament_cmake_python_build_utils_egg
[0.295s] Invoked command in '/home/roburoc/PycharmProjects/P9-RobuROC4/build/roburoc_canopen' returned '0': AMENT_PREFIX_PATH=/home/roburoc/PycharmProjects/P9-RobuROC4/install/canopen_interfaces:${AMENT_PREFIX_PATH} CMAKE_PREFIX_PATH=/home/roburoc/PycharmProjects/P9-RobuROC4/install/canopen_interfaces:/opt/ros/humble LD_LIBRARY_PATH=/home/roburoc/PycharmProjects/P9-RobuROC4/install/canopen_interfaces/lib:${LD_LIBRARY_PATH} PYTHONPATH=/home/roburoc/PycharmProjects/P9-RobuROC4/install/canopen_interfaces/local/lib/python3.10/dist-packages:${PYTHONPATH} /usr/bin/cmake --build /home/roburoc/PycharmProjects/P9-RobuROC4/build/roburoc_canopen -- -j12 -l12
[0.311s] Invoking command in '/home/roburoc/PycharmProjects/P9-RobuROC4/build/roburoc_canopen': AMENT_PREFIX_PATH=/home/roburoc/PycharmProjects/P9-RobuROC4/install/canopen_interfaces:${AMENT_PREFIX_PATH} CMAKE_PREFIX_PATH=/home/roburoc/PycharmProjects/P9-RobuROC4/install/canopen_interfaces:/opt/ros/humble LD_LIBRARY_PATH=/home/roburoc/PycharmProjects/P9-RobuROC4/install/canopen_interfaces/lib:${LD_LIBRARY_PATH} PYTHONPATH=/home/roburoc/PycharmProjects/P9-RobuROC4/install/canopen_interfaces/local/lib/python3.10/dist-packages:${PYTHONPATH} /usr/bin/cmake --install /home/roburoc/PycharmProjects/P9-RobuROC4/build/roburoc_canopen
[0.317s] -- Install configuration: ""
[0.317s] -- Up-to-date: /home/roburoc/PycharmProjects/P9-RobuROC4/install/roburoc_canopen/lib/roburoc_canopen/robuROC_CANOpen.py
[0.317s] -- Up-to-date: /home/roburoc/PycharmProjects/P9-RobuROC4/install/roburoc_canopen/lib/roburoc_canopen
[0.317s] -- Up-to-date: /home/roburoc/PycharmProjects/P9-RobuROC4/install/roburoc_canopen/lib/roburoc_canopen/gamepad_buttons.py
[0.317s] -- Up-to-date: /home/roburoc/PycharmProjects/P9-RobuROC4/install/roburoc_canopen/lib/roburoc_canopen/COBID.py
[0.317s] -- Up-to-date: /home/roburoc/PycharmProjects/P9-RobuROC4/install/roburoc_canopen/lib/roburoc_canopen/CTW.py
[0.317s] -- Up-to-date: /home/roburoc/PycharmProjects/P9-RobuROC4/install/roburoc_canopen/lib/roburoc_canopen/__pycache__
[0.317s] -- Up-to-date: /home/roburoc/PycharmProjects/P9-RobuROC4/install/roburoc_canopen/lib/roburoc_canopen/__pycache__/gamepad_buttons.cpython-310.pyc
[0.318s] -- Up-to-date: /home/roburoc/PycharmProjects/P9-RobuROC4/install/roburoc_canopen/lib/roburoc_canopen/__pycache__/__init__.cpython-310.pyc
[0.318s] -- Up-to-date: /home/roburoc/PycharmProjects/P9-RobuROC4/install/roburoc_canopen/lib/roburoc_canopen/__init__.py
[0.318s] -- Up-to-date: /home/roburoc/PycharmProjects/P9-RobuROC4/install/roburoc_canopen/lib/roburoc_canopen/AMC_Digiflex_1.0.14.eds
[0.318s] -- Up-to-date: /home/roburoc/PycharmProjects/P9-RobuROC4/install/roburoc_canopen/share/roburoc_canopen
[0.318s] -- Up-to-date: /home/roburoc/PycharmProjects/P9-RobuROC4/install/roburoc_canopen/share/roburoc_canopen/ROC_canopen_launch.py
[0.318s] -- Up-to-date: /home/roburoc/PycharmProjects/P9-RobuROC4/install/roburoc_canopen/share/roburoc_canopen/__init__.py
[0.318s] -- Up-to-date: /home/roburoc/PycharmProjects/P9-RobuROC4/install/roburoc_canopen/share/roburoc_canopen/launch
[0.318s] -- Up-to-date: /home/roburoc/PycharmProjects/P9-RobuROC4/install/roburoc_canopen/share/roburoc_canopen/environment/pythonpath.sh
[0.318s] -- Up-to-date: /home/roburoc/PycharmProjects/P9-RobuROC4/install/roburoc_canopen/share/roburoc_canopen/environment/pythonpath.dsv
[0.318s] -- Up-to-date: /home/roburoc/PycharmProjects/P9-RobuROC4/install/roburoc_canopen/local/lib/python3.10/dist-packages/utils-0.0.0-py3.10.egg-info
[0.318s] -- Installing: /home/roburoc/PycharmProjects/P9-RobuROC4/install/roburoc_canopen/local/lib/python3.10/dist-packages/utils-0.0.0-py3.10.egg-info/SOURCES.txt
[0.318s] -- Installing: /home/roburoc/PycharmProjects/P9-RobuROC4/install/roburoc_canopen/local/lib/python3.10/dist-packages/utils-0.0.0-py3.10.egg-info/dependency_links.txt
[0.318s] -- Installing: /home/roburoc/PycharmProjects/P9-RobuROC4/install/roburoc_canopen/local/lib/python3.10/dist-packages/utils-0.0.0-py3.10.egg-info/top_level.txt
[0.318s] -- Installing: /home/roburoc/PycharmProjects/P9-RobuROC4/install/roburoc_canopen/local/lib/python3.10/dist-packages/utils-0.0.0-py3.10.egg-info/PKG-INFO
[0.318s] -- Up-to-date: /home/roburoc/PycharmProjects/P9-RobuROC4/install/roburoc_canopen/local/lib/python3.10/dist-packages/utils
[0.318s] -- Up-to-date: /home/roburoc/PycharmProjects/P9-RobuROC4/install/roburoc_canopen/local/lib/python3.10/dist-packages/utils/gamepad_buttons.py
[0.319s] -- Up-to-date: /home/roburoc/PycharmProjects/P9-RobuROC4/install/roburoc_canopen/local/lib/python3.10/dist-packages/utils/COBID.py
[0.319s] -- Up-to-date: /home/roburoc/PycharmProjects/P9-RobuROC4/install/roburoc_canopen/local/lib/python3.10/dist-packages/utils/CTW.py
[0.319s] -- Up-to-date: /home/roburoc/PycharmProjects/P9-RobuROC4/install/roburoc_canopen/local/lib/python3.10/dist-packages/utils/__init__.py
[0.319s] -- Up-to-date: /home/roburoc/PycharmProjects/P9-RobuROC4/install/roburoc_canopen/local/lib/python3.10/dist-packages/utils/AMC_Digiflex_1.0.14.eds
[0.341s] Listing '/home/roburoc/PycharmProjects/P9-RobuROC4/install/roburoc_canopen/local/lib/python3.10/dist-packages/utils'...
[0.344s] -- Up-to-date: /home/roburoc/PycharmProjects/P9-RobuROC4/install/roburoc_canopen/share/ament_index/resource_index/package_run_dependencies/roburoc_canopen
[0.344s] -- Up-to-date: /home/roburoc/PycharmProjects/P9-RobuROC4/install/roburoc_canopen/share/ament_index/resource_index/parent_prefix_path/roburoc_canopen
[0.344s] -- Up-to-date: /home/roburoc/PycharmProjects/P9-RobuROC4/install/roburoc_canopen/share/roburoc_canopen/environment/ament_prefix_path.sh
[0.345s] -- Up-to-date: /home/roburoc/PycharmProjects/P9-RobuROC4/install/roburoc_canopen/share/roburoc_canopen/environment/ament_prefix_path.dsv
[0.345s] -- Up-to-date: /home/roburoc/PycharmProjects/P9-RobuROC4/install/roburoc_canopen/share/roburoc_canopen/environment/path.sh
[0.345s] -- Up-to-date: /home/roburoc/PycharmProjects/P9-RobuROC4/install/roburoc_canopen/share/roburoc_canopen/environment/path.dsv
[0.345s] -- Up-to-date: /home/roburoc/PycharmProjects/P9-RobuROC4/install/roburoc_canopen/share/roburoc_canopen/local_setup.bash
[0.345s] -- Up-to-date: /home/roburoc/PycharmProjects/P9-RobuROC4/install/roburoc_canopen/share/roburoc_canopen/local_setup.sh
[0.345s] -- Up-to-date: /home/roburoc/PycharmProjects/P9-RobuROC4/install/roburoc_canopen/share/roburoc_canopen/local_setup.zsh
[0.345s] -- Up-to-date: /home/roburoc/PycharmProjects/P9-RobuROC4/install/roburoc_canopen/share/roburoc_canopen/local_setup.dsv
[0.345s] -- Installing: /home/roburoc/PycharmProjects/P9-RobuROC4/install/roburoc_canopen/share/roburoc_canopen/package.dsv
[0.345s] -- Up-to-date: /home/roburoc/PycharmProjects/P9-RobuROC4/install/roburoc_canopen/share/ament_index/resource_index/packages/roburoc_canopen
[0.345s] -- Up-to-date: /home/roburoc/PycharmProjects/P9-RobuROC4/install/roburoc_canopen/share/roburoc_canopen/cmake/roburoc_canopenConfig.cmake
[0.345s] -- Up-to-date: /home/roburoc/PycharmProjects/P9-RobuROC4/install/roburoc_canopen/share/roburoc_canopen/cmake/roburoc_canopenConfig-version.cmake
[0.345s] -- Up-to-date: /home/roburoc/PycharmProjects/P9-RobuROC4/install/roburoc_canopen/share/roburoc_canopen/package.xml
[0.346s] Invoked command in '/home/roburoc/PycharmProjects/P9-RobuROC4/build/roburoc_canopen' returned '0': AMENT_PREFIX_PATH=/home/roburoc/PycharmProjects/P9-RobuROC4/install/canopen_interfaces:${AMENT_PREFIX_PATH} CMAKE_PREFIX_PATH=/home/roburoc/PycharmProjects/P9-RobuROC4/install/canopen_interfaces:/opt/ros/humble LD_LIBRARY_PATH=/home/roburoc/PycharmProjects/P9-RobuROC4/install/canopen_interfaces/lib:${LD_LIBRARY_PATH} PYTHONPATH=/home/roburoc/PycharmProjects/P9-RobuROC4/install/canopen_interfaces/local/lib/python3.10/dist-packages:${PYTHONPATH} /usr/bin/cmake --install /home/roburoc/PycharmProjects/P9-RobuROC4/build/roburoc_canopen
