[0.006s] Invoking command in '/home/roburoc/PycharmProjects/P9-RobuROC4/build/roburoc_canopen': AMENT_PREFIX_PATH=/home/roburoc/PycharmProjects/P9-RobuROC4/install/canopen_interfaces:${AMENT_PREFIX_PATH} CMAKE_PREFIX_PATH=/home/roburoc/PycharmProjects/P9-RobuROC4/install/canopen_interfaces:/opt/ros/humble LD_LIBRARY_PATH=/home/roburoc/PycharmProjects/P9-RobuROC4/install/canopen_interfaces/lib:${LD_LIBRARY_PATH} PYTHONPATH=/home/roburoc/PycharmProjects/P9-RobuROC4/install/canopen_interfaces/local/lib/python3.10/dist-packages:${PYTHONPATH} /usr/bin/cmake /home/roburoc/PycharmProjects/P9-RobuROC4/src/roburoc_canopen -DCMAKE_INSTALL_PREFIX=/home/roburoc/PycharmProjects/P9-RobuROC4/install/roburoc_canopen
[0.049s] -- The C compiler identification is GNU 12.3.0
[0.092s] -- The CXX compiler identification is GNU 11.4.0
[0.098s] -- Detecting C compiler ABI info
[0.150s] -- Detecting C compiler ABI info - done
[0.157s] -- Check for working C compiler: /usr/bin/cc - skipped
[0.157s] -- Detecting C compile features
[0.157s] -- Detecting C compile features - done
[0.160s] -- Detecting CXX compiler ABI info
[0.219s] -- Detecting CXX compiler ABI info - done
[0.225s] -- Check for working CXX compiler: /usr/bin/c++ - skipped
[0.226s] -- Detecting CXX compile features
[0.226s] -- Detecting CXX compile features - done
[0.228s] -- Found ament_cmake: 1.3.10 (/opt/ros/humble/share/ament_cmake/cmake)
[0.348s] -- Found Python3: /usr/bin/python3 (found version "3.10.12") found components: Interpreter 
[0.424s] -- Found rclpy: 3.3.14 (/opt/ros/humble/share/rclpy/cmake)
[0.425s] -- Found canopen_interfaces: 0.0.0 (/home/roburoc/PycharmProjects/P9-RobuROC4/install/canopen_interfaces/share/canopen_interfaces/cmake)
[0.459s] -- Found rosidl_generator_c: 3.1.5 (/opt/ros/humble/share/rosidl_generator_c/cmake)
[0.464s] -- Found rosidl_adapter: 3.1.5 (/opt/ros/humble/share/rosidl_adapter/cmake)
[0.471s] -- Found rosidl_generator_cpp: 3.1.5 (/opt/ros/humble/share/rosidl_generator_cpp/cmake)
[0.482s] -- Using all available rosidl_typesupport_c: rosidl_typesupport_fastrtps_c;rosidl_typesupport_introspection_c
[0.496s] -- Using all available rosidl_typesupport_cpp: rosidl_typesupport_fastrtps_cpp;rosidl_typesupport_introspection_cpp
[0.600s] -- Found ament_lint_auto: 0.12.11 (/opt/ros/humble/share/ament_lint_auto/cmake)
[0.666s] -- Added test 'flake8' to check Python code syntax and style conventions
[0.666s] -- Added test 'lint_cmake' to check CMake code style
[0.667s] -- Added test 'pep257' to check Python code against some of the docstring style conventions in PEP 257
[0.668s] -- Added test 'xmllint' to check XML markup files
[0.669s] -- Configuring done
[0.672s] -- Generating done
[0.673s] -- Build files have been written to: /home/roburoc/PycharmProjects/P9-RobuROC4/build/roburoc_canopen
[0.678s] Invoked command in '/home/roburoc/PycharmProjects/P9-RobuROC4/build/roburoc_canopen' returned '0': AMENT_PREFIX_PATH=/home/roburoc/PycharmProjects/P9-RobuROC4/install/canopen_interfaces:${AMENT_PREFIX_PATH} CMAKE_PREFIX_PATH=/home/roburoc/PycharmProjects/P9-RobuROC4/install/canopen_interfaces:/opt/ros/humble LD_LIBRARY_PATH=/home/roburoc/PycharmProjects/P9-RobuROC4/install/canopen_interfaces/lib:${LD_LIBRARY_PATH} PYTHONPATH=/home/roburoc/PycharmProjects/P9-RobuROC4/install/canopen_interfaces/local/lib/python3.10/dist-packages:${PYTHONPATH} /usr/bin/cmake /home/roburoc/PycharmProjects/P9-RobuROC4/src/roburoc_canopen -DCMAKE_INSTALL_PREFIX=/home/roburoc/PycharmProjects/P9-RobuROC4/install/roburoc_canopen
[0.679s] Invoking command in '/home/roburoc/PycharmProjects/P9-RobuROC4/build/roburoc_canopen': AMENT_PREFIX_PATH=/home/roburoc/PycharmProjects/P9-RobuROC4/install/canopen_interfaces:${AMENT_PREFIX_PATH} CMAKE_PREFIX_PATH=/home/roburoc/PycharmProjects/P9-RobuROC4/install/canopen_interfaces:/opt/ros/humble LD_LIBRARY_PATH=/home/roburoc/PycharmProjects/P9-RobuROC4/install/canopen_interfaces/lib:${LD_LIBRARY_PATH} PYTHONPATH=/home/roburoc/PycharmProjects/P9-RobuROC4/install/canopen_interfaces/local/lib/python3.10/dist-packages:${PYTHONPATH} /usr/bin/cmake --build /home/roburoc/PycharmProjects/P9-RobuROC4/build/roburoc_canopen -- -j12 -l12
[0.721s] Built target ament_cmake_python_copy_utils
[0.941s] running egg_info
[0.941s] creating utils.egg-info
[0.941s] writing utils.egg-info/PKG-INFO
[0.941s] writing dependency_links to utils.egg-info/dependency_links.txt
[0.941s] writing top-level names to utils.egg-info/top_level.txt
[0.942s] writing manifest file 'utils.egg-info/SOURCES.txt'
[0.943s] reading manifest file 'utils.egg-info/SOURCES.txt'
[0.944s] writing manifest file 'utils.egg-info/SOURCES.txt'
[0.963s] Built target ament_cmake_python_build_utils_egg
[0.970s] Invoked command in '/home/roburoc/PycharmProjects/P9-RobuROC4/build/roburoc_canopen' returned '0': AMENT_PREFIX_PATH=/home/roburoc/PycharmProjects/P9-RobuROC4/install/canopen_interfaces:${AMENT_PREFIX_PATH} CMAKE_PREFIX_PATH=/home/roburoc/PycharmProjects/P9-RobuROC4/install/canopen_interfaces:/opt/ros/humble LD_LIBRARY_PATH=/home/roburoc/PycharmProjects/P9-RobuROC4/install/canopen_interfaces/lib:${LD_LIBRARY_PATH} PYTHONPATH=/home/roburoc/PycharmProjects/P9-RobuROC4/install/canopen_interfaces/local/lib/python3.10/dist-packages:${PYTHONPATH} /usr/bin/cmake --build /home/roburoc/PycharmProjects/P9-RobuROC4/build/roburoc_canopen -- -j12 -l12
[0.987s] Invoking command in '/home/roburoc/PycharmProjects/P9-RobuROC4/build/roburoc_canopen': AMENT_PREFIX_PATH=/home/roburoc/PycharmProjects/P9-RobuROC4/install/canopen_interfaces:${AMENT_PREFIX_PATH} CMAKE_PREFIX_PATH=/home/roburoc/PycharmProjects/P9-RobuROC4/install/canopen_interfaces:/opt/ros/humble LD_LIBRARY_PATH=/home/roburoc/PycharmProjects/P9-RobuROC4/install/canopen_interfaces/lib:${LD_LIBRARY_PATH} PYTHONPATH=/home/roburoc/PycharmProjects/P9-RobuROC4/install/canopen_interfaces/local/lib/python3.10/dist-packages:${PYTHONPATH} /usr/bin/cmake --install /home/roburoc/PycharmProjects/P9-RobuROC4/build/roburoc_canopen
[0.992s] -- Install configuration: ""
[0.992s] -- Installing: /home/roburoc/PycharmProjects/P9-RobuROC4/install/roburoc_canopen/lib/roburoc_canopen/robuROC_CANOpen.py
[0.993s] -- Up-to-date: /home/roburoc/PycharmProjects/P9-RobuROC4/install/roburoc_canopen/lib/roburoc_canopen
[0.993s] -- Installing: /home/roburoc/PycharmProjects/P9-RobuROC4/install/roburoc_canopen/lib/roburoc_canopen/gamepad_buttons.py
[0.993s] -- Installing: /home/roburoc/PycharmProjects/P9-RobuROC4/install/roburoc_canopen/lib/roburoc_canopen/COBID.py
[0.993s] -- Installing: /home/roburoc/PycharmProjects/P9-RobuROC4/install/roburoc_canopen/lib/roburoc_canopen/CTW.py
[0.993s] -- Installing: /home/roburoc/PycharmProjects/P9-RobuROC4/install/roburoc_canopen/lib/roburoc_canopen/__pycache__
[0.993s] -- Installing: /home/roburoc/PycharmProjects/P9-RobuROC4/install/roburoc_canopen/lib/roburoc_canopen/__pycache__/gamepad_buttons.cpython-310.pyc
[0.993s] -- Installing: /home/roburoc/PycharmProjects/P9-RobuROC4/install/roburoc_canopen/lib/roburoc_canopen/__pycache__/__init__.cpython-310.pyc
[0.993s] -- Installing: /home/roburoc/PycharmProjects/P9-RobuROC4/install/roburoc_canopen/lib/roburoc_canopen/__init__.py
[0.993s] -- Installing: /home/roburoc/PycharmProjects/P9-RobuROC4/install/roburoc_canopen/lib/roburoc_canopen/AMC_Digiflex_1.0.14.eds
[0.993s] -- Installing: /home/roburoc/PycharmProjects/P9-RobuROC4/install/roburoc_canopen/share/roburoc_canopen
[0.993s] -- Installing: /home/roburoc/PycharmProjects/P9-RobuROC4/install/roburoc_canopen/share/roburoc_canopen/ROC_canopen_launch.py
[0.993s] -- Installing: /home/roburoc/PycharmProjects/P9-RobuROC4/install/roburoc_canopen/share/roburoc_canopen/__init__.py
[0.993s] -- Installing: /home/roburoc/PycharmProjects/P9-RobuROC4/install/roburoc_canopen/share/roburoc_canopen/launch
[0.994s] -- Installing: /home/roburoc/PycharmProjects/P9-RobuROC4/install/roburoc_canopen/share/roburoc_canopen/environment/pythonpath.sh
[0.994s] -- Installing: /home/roburoc/PycharmProjects/P9-RobuROC4/install/roburoc_canopen/share/roburoc_canopen/environment/pythonpath.dsv
[0.994s] -- Installing: /home/roburoc/PycharmProjects/P9-RobuROC4/install/roburoc_canopen/local/lib/python3.10/dist-packages/utils-0.0.0-py3.10.egg-info
[0.994s] -- Installing: /home/roburoc/PycharmProjects/P9-RobuROC4/install/roburoc_canopen/local/lib/python3.10/dist-packages/utils-0.0.0-py3.10.egg-info/SOURCES.txt
[0.994s] -- Installing: /home/roburoc/PycharmProjects/P9-RobuROC4/install/roburoc_canopen/local/lib/python3.10/dist-packages/utils-0.0.0-py3.10.egg-info/dependency_links.txt
[0.994s] -- Installing: /home/roburoc/PycharmProjects/P9-RobuROC4/install/roburoc_canopen/local/lib/python3.10/dist-packages/utils-0.0.0-py3.10.egg-info/top_level.txt
[0.994s] -- Installing: /home/roburoc/PycharmProjects/P9-RobuROC4/install/roburoc_canopen/local/lib/python3.10/dist-packages/utils-0.0.0-py3.10.egg-info/PKG-INFO
[0.994s] -- Installing: /home/roburoc/PycharmProjects/P9-RobuROC4/install/roburoc_canopen/local/lib/python3.10/dist-packages/utils
[0.994s] -- Installing: /home/roburoc/PycharmProjects/P9-RobuROC4/install/roburoc_canopen/local/lib/python3.10/dist-packages/utils/gamepad_buttons.py
[0.994s] -- Installing: /home/roburoc/PycharmProjects/P9-RobuROC4/install/roburoc_canopen/local/lib/python3.10/dist-packages/utils/COBID.py
[0.994s] -- Installing: /home/roburoc/PycharmProjects/P9-RobuROC4/install/roburoc_canopen/local/lib/python3.10/dist-packages/utils/CTW.py
[0.994s] -- Installing: /home/roburoc/PycharmProjects/P9-RobuROC4/install/roburoc_canopen/local/lib/python3.10/dist-packages/utils/__init__.py
[0.994s] -- Installing: /home/roburoc/PycharmProjects/P9-RobuROC4/install/roburoc_canopen/local/lib/python3.10/dist-packages/utils/AMC_Digiflex_1.0.14.eds
[1.021s] Listing '/home/roburoc/PycharmProjects/P9-RobuROC4/install/roburoc_canopen/local/lib/python3.10/dist-packages/utils'...
[1.021s] Compiling '/home/roburoc/PycharmProjects/P9-RobuROC4/install/roburoc_canopen/local/lib/python3.10/dist-packages/utils/COBID.py'...
[1.021s] Compiling '/home/roburoc/PycharmProjects/P9-RobuROC4/install/roburoc_canopen/local/lib/python3.10/dist-packages/utils/CTW.py'...
[1.021s] Compiling '/home/roburoc/PycharmProjects/P9-RobuROC4/install/roburoc_canopen/local/lib/python3.10/dist-packages/utils/__init__.py'...
[1.021s] Compiling '/home/roburoc/PycharmProjects/P9-RobuROC4/install/roburoc_canopen/local/lib/python3.10/dist-packages/utils/gamepad_buttons.py'...
[1.024s] -- Installing: /home/roburoc/PycharmProjects/P9-RobuROC4/install/roburoc_canopen/share/ament_index/resource_index/package_run_dependencies/roburoc_canopen
[1.024s] -- Installing: /home/roburoc/PycharmProjects/P9-RobuROC4/install/roburoc_canopen/share/ament_index/resource_index/parent_prefix_path/roburoc_canopen
[1.025s] -- Installing: /home/roburoc/PycharmProjects/P9-RobuROC4/install/roburoc_canopen/share/roburoc_canopen/environment/ament_prefix_path.sh
[1.025s] -- Installing: /home/roburoc/PycharmProjects/P9-RobuROC4/install/roburoc_canopen/share/roburoc_canopen/environment/ament_prefix_path.dsv
[1.025s] -- Installing: /home/roburoc/PycharmProjects/P9-RobuROC4/install/roburoc_canopen/share/roburoc_canopen/environment/path.sh
[1.025s] -- Installing: /home/roburoc/PycharmProjects/P9-RobuROC4/install/roburoc_canopen/share/roburoc_canopen/environment/path.dsv
[1.025s] -- Installing: /home/roburoc/PycharmProjects/P9-RobuROC4/install/roburoc_canopen/share/roburoc_canopen/local_setup.bash
[1.025s] -- Installing: /home/roburoc/PycharmProjects/P9-RobuROC4/install/roburoc_canopen/share/roburoc_canopen/local_setup.sh
[1.025s] -- Installing: /home/roburoc/PycharmProjects/P9-RobuROC4/install/roburoc_canopen/share/roburoc_canopen/local_setup.zsh
[1.025s] -- Installing: /home/roburoc/PycharmProjects/P9-RobuROC4/install/roburoc_canopen/share/roburoc_canopen/local_setup.dsv
[1.025s] -- Installing: /home/roburoc/PycharmProjects/P9-RobuROC4/install/roburoc_canopen/share/roburoc_canopen/package.dsv
[1.025s] -- Installing: /home/roburoc/PycharmProjects/P9-RobuROC4/install/roburoc_canopen/share/ament_index/resource_index/packages/roburoc_canopen
[1.025s] -- Installing: /home/roburoc/PycharmProjects/P9-RobuROC4/install/roburoc_canopen/share/roburoc_canopen/cmake/roburoc_canopenConfig.cmake
[1.026s] -- Installing: /home/roburoc/PycharmProjects/P9-RobuROC4/install/roburoc_canopen/share/roburoc_canopen/cmake/roburoc_canopenConfig-version.cmake
[1.026s] -- Installing: /home/roburoc/PycharmProjects/P9-RobuROC4/install/roburoc_canopen/share/roburoc_canopen/package.xml
[1.027s] Invoked command in '/home/roburoc/PycharmProjects/P9-RobuROC4/build/roburoc_canopen' returned '0': AMENT_PREFIX_PATH=/home/roburoc/PycharmProjects/P9-RobuROC4/install/canopen_interfaces:${AMENT_PREFIX_PATH} CMAKE_PREFIX_PATH=/home/roburoc/PycharmProjects/P9-RobuROC4/install/canopen_interfaces:/opt/ros/humble LD_LIBRARY_PATH=/home/roburoc/PycharmProjects/P9-RobuROC4/install/canopen_interfaces/lib:${LD_LIBRARY_PATH} PYTHONPATH=/home/roburoc/PycharmProjects/P9-RobuROC4/install/canopen_interfaces/local/lib/python3.10/dist-packages:${PYTHONPATH} /usr/bin/cmake --install /home/roburoc/PycharmProjects/P9-RobuROC4/build/roburoc_canopen
