Built target ament_cmake_python_copy_RobuROC_sim
running egg_info
writing RobuROC_sim.egg-info/PKG-INFO
writing dependency_links to RobuROC_sim.egg-info/dependency_links.txt
writing top-level names to RobuROC_sim.egg-info/top_level.txt
reading manifest file 'RobuROC_sim.egg-info/SOURCES.txt'
writing manifest file 'RobuROC_sim.egg-info/SOURCES.txt'
Built target ament_cmake_python_build_RobuROC_sim_egg
-- Install configuration: ""
-- Up-to-date: /home/julian/model/P9-RobuROC4/install/RobuROC_sim/share/RobuROC_sim/environment/pythonpath.sh
-- Up-to-date: /home/julian/model/P9-RobuROC4/install/RobuROC_sim/share/RobuROC_sim/environment/pythonpath.dsv
-- Up-to-date: /home/julian/model/P9-RobuROC4/install/RobuROC_sim/local/lib/python3.10/dist-packages/RobuROC_sim-0.0.0-py3.10.egg-info
-- Installing: /home/julian/model/P9-RobuROC4/install/RobuROC_sim/local/lib/python3.10/dist-packages/RobuROC_sim-0.0.0-py3.10.egg-info/SOURCES.txt
-- Installing: /home/julian/model/P9-RobuROC4/install/RobuROC_sim/local/lib/python3.10/dist-packages/RobuROC_sim-0.0.0-py3.10.egg-info/top_level.txt
-- Installing: /home/julian/model/P9-RobuROC4/install/RobuROC_sim/local/lib/python3.10/dist-packages/RobuROC_sim-0.0.0-py3.10.egg-info/PKG-INFO
-- Installing: /home/julian/model/P9-RobuROC4/install/RobuROC_sim/local/lib/python3.10/dist-packages/RobuROC_sim-0.0.0-py3.10.egg-info/dependency_links.txt
-- Up-to-date: /home/julian/model/P9-RobuROC4/install/RobuROC_sim/local/lib/python3.10/dist-packages/RobuROC_sim
-- Up-to-date: /home/julian/model/P9-RobuROC4/install/RobuROC_sim/local/lib/python3.10/dist-packages/RobuROC_sim/publish_odom.py
-- Up-to-date: /home/julian/model/P9-RobuROC4/install/RobuROC_sim/local/lib/python3.10/dist-packages/RobuROC_sim/__init__.py
Listing '/home/julian/model/P9-RobuROC4/install/RobuROC_sim/local/lib/python3.10/dist-packages/RobuROC_sim'...
-- Up-to-date: /home/julian/model/P9-RobuROC4/install/RobuROC_sim/share/RobuROC_sim/description
-- Up-to-date: /home/julian/model/P9-RobuROC4/install/RobuROC_sim/share/RobuROC_sim/description/RobuROC_model.urdf.xacro
-- Up-to-date: /home/julian/model/P9-RobuROC4/install/RobuROC_sim/share/RobuROC_sim/description/test.urdf.xacro
-- Up-to-date: /home/julian/model/P9-RobuROC4/install/RobuROC_sim/share/RobuROC_sim/description/lidar_vlp_16v2.xacro
-- Up-to-date: /home/julian/model/P9-RobuROC4/install/RobuROC_sim/share/RobuROC_sim/description/lidar.xacro
-- Up-to-date: /home/julian/model/P9-RobuROC4/install/RobuROC_sim/share/RobuROC_sim/description/_d435_v1.gazebo.xacro
-- Up-to-date: /home/julian/model/P9-RobuROC4/install/RobuROC_sim/share/RobuROC_sim/description/VLP-16.urdf.xacro
-- Up-to-date: /home/julian/model/P9-RobuROC4/install/RobuROC_sim/share/RobuROC_sim/description/lidar_vlp_16.xacro
-- Up-to-date: /home/julian/model/P9-RobuROC4/install/RobuROC_sim/share/RobuROC_sim/description/camera.xacro
-- Up-to-date: /home/julian/model/P9-RobuROC4/install/RobuROC_sim/share/RobuROC_sim/description/real_sense_cameras.xacro
-- Up-to-date: /home/julian/model/P9-RobuROC4/install/RobuROC_sim/share/RobuROC_sim/description/camera_depth.xacro
-- Up-to-date: /home/julian/model/P9-RobuROC4/install/RobuROC_sim/share/RobuROC_sim/description/include_RobuROC.xacro
-- Installing: /home/julian/model/P9-RobuROC4/install/RobuROC_sim/share/RobuROC_sim/description/_d435.gazebo.xacro
-- Up-to-date: /home/julian/model/P9-RobuROC4/install/RobuROC_sim/share/RobuROC_sim/description/RobuROC_gazebo_sim.xacro
-- Up-to-date: /home/julian/model/P9-RobuROC4/install/RobuROC_sim/share/RobuROC_sim/description/RobuROC_core.urdf.xacro
-- Up-to-date: /home/julian/model/P9-RobuROC4/install/RobuROC_sim/share/RobuROC_sim/launch
-- Up-to-date: /home/julian/model/P9-RobuROC4/install/RobuROC_sim/share/RobuROC_sim/launch/test.launch.py
-- Up-to-date: /home/julian/model/P9-RobuROC4/install/RobuROC_sim/share/RobuROC_sim/launch/RobuROC_sim.launch.py
-- Up-to-date: /home/julian/model/P9-RobuROC4/install/RobuROC_sim/share/RobuROC_sim/worlds
-- Up-to-date: /home/julian/model/P9-RobuROC4/install/RobuROC_sim/share/RobuROC_sim/worlds/RobuROC_env.world
-- Up-to-date: /home/julian/model/P9-RobuROC4/install/RobuROC_sim/share/RobuROC_sim/worlds/empty_world
-- Up-to-date: /home/julian/model/P9-RobuROC4/install/RobuROC_sim/share/RobuROC_sim/meshes
-- Up-to-date: /home/julian/model/P9-RobuROC4/install/RobuROC_sim/share/RobuROC_sim/meshes/VLP16_scan.stl
-- Up-to-date: /home/julian/model/P9-RobuROC4/install/RobuROC_sim/share/RobuROC_sim/meshes/VLP16_base_1.dae
-- Up-to-date: /home/julian/model/P9-RobuROC4/install/RobuROC_sim/share/RobuROC_sim/meshes/VLP16_base_2.stl
-- Up-to-date: /home/julian/model/P9-RobuROC4/install/RobuROC_sim/share/RobuROC_sim/meshes/chassis.STL
-- Up-to-date: /home/julian/model/P9-RobuROC4/install/RobuROC_sim/share/RobuROC_sim/meshes/VLP16_base_1.stl
-- Up-to-date: /home/julian/model/P9-RobuROC4/install/RobuROC_sim/share/RobuROC_sim/meshes/VLP16_base_2.dae
-- Up-to-date: /home/julian/model/P9-RobuROC4/install/RobuROC_sim/share/RobuROC_sim/meshes/d435.dae
-- Up-to-date: /home/julian/model/P9-RobuROC4/install/RobuROC_sim/share/RobuROC_sim/meshes/wheel.STL
-- Up-to-date: /home/julian/model/P9-RobuROC4/install/RobuROC_sim/share/RobuROC_sim/meshes/VLP16_scan.dae
-- Up-to-date: /home/julian/model/P9-RobuROC4/install/RobuROC_sim/share/RobuROC_sim/scripts
-- Up-to-date: /home/julian/model/P9-RobuROC4/install/RobuROC_sim/share/RobuROC_sim/scripts/publish_odom.py
-- Up-to-date: /home/julian/model/P9-RobuROC4/install/RobuROC_sim/lib/RobuROC_sim/publish_odom.py
-- Up-to-date: /home/julian/model/P9-RobuROC4/install/RobuROC_sim/share/ament_index/resource_index/package_run_dependencies/RobuROC_sim
-- Up-to-date: /home/julian/model/P9-RobuROC4/install/RobuROC_sim/share/ament_index/resource_index/parent_prefix_path/RobuROC_sim
-- Up-to-date: /home/julian/model/P9-RobuROC4/install/RobuROC_sim/share/RobuROC_sim/environment/ament_prefix_path.sh
-- Up-to-date: /home/julian/model/P9-RobuROC4/install/RobuROC_sim/share/RobuROC_sim/environment/ament_prefix_path.dsv
-- Up-to-date: /home/julian/model/P9-RobuROC4/install/RobuROC_sim/share/RobuROC_sim/environment/path.sh
-- Up-to-date: /home/julian/model/P9-RobuROC4/install/RobuROC_sim/share/RobuROC_sim/environment/path.dsv
-- Up-to-date: /home/julian/model/P9-RobuROC4/install/RobuROC_sim/share/RobuROC_sim/local_setup.bash
-- Up-to-date: /home/julian/model/P9-RobuROC4/install/RobuROC_sim/share/RobuROC_sim/local_setup.sh
-- Up-to-date: /home/julian/model/P9-RobuROC4/install/RobuROC_sim/share/RobuROC_sim/local_setup.zsh
-- Up-to-date: /home/julian/model/P9-RobuROC4/install/RobuROC_sim/share/RobuROC_sim/local_setup.dsv
-- Installing: /home/julian/model/P9-RobuROC4/install/RobuROC_sim/share/RobuROC_sim/package.dsv
-- Up-to-date: /home/julian/model/P9-RobuROC4/install/RobuROC_sim/share/ament_index/resource_index/packages/RobuROC_sim
-- Up-to-date: /home/julian/model/P9-RobuROC4/install/RobuROC_sim/share/RobuROC_sim/cmake/RobuROC_simConfig.cmake
-- Up-to-date: /home/julian/model/P9-RobuROC4/install/RobuROC_sim/share/RobuROC_sim/cmake/RobuROC_simConfig-version.cmake
-- Up-to-date: /home/julian/model/P9-RobuROC4/install/RobuROC_sim/share/RobuROC_sim/package.xml
