[0.008s] Invoking command in '/home/roburoc/PycharmProjects/P9-RobuROC4/src/build/RobuROC_sim': AMENT_PREFIX_PATH=/home/roburoc/PycharmProjects/P9-RobuROC4/src/install/velodyne_gazebo_plugins:${AMENT_PREFIX_PATH} CMAKE_PREFIX_PATH=/home/roburoc/PycharmProjects/P9-RobuROC4/src/install/velodyne_gazebo_plugins:/opt/ros/humble:/home/roburoc/PycharmProjects/P9-RobuROC4/src/install/realsense_gazebo_plugin LD_LIBRARY_PATH=/home/roburoc/PycharmProjects/P9-RobuROC4/src/install/velodyne_gazebo_plugins/lib:/home/roburoc/PycharmProjects/P9-RobuROC4/src/install/realsense_gazebo_plugin/lib:${LD_LIBRARY_PATH} PKG_CONFIG_PATH=/home/roburoc/PycharmProjects/P9-RobuROC4/src/install/realsense_gazebo_plugin/lib/x86_64-linux-gnu/pkgconfig:/home/roburoc/PycharmProjects/P9-RobuROC4/src/install/realsense_gazebo_plugin/lib/pkgconfig ROS_PACKAGE_PATH=/home/roburoc/PycharmProjects/P9-RobuROC4/src/install/realsense_gazebo_plugin/share /usr/bin/cmake /home/roburoc/PycharmProjects/P9-RobuROC4/src/RobuROC_sim/src -DCMAKE_INSTALL_PREFIX=/home/roburoc/PycharmProjects/P9-RobuROC4/src/install/RobuROC_sim
[0.058s] -- The C compiler identification is GNU 12.3.0
[0.104s] -- The CXX compiler identification is GNU 11.4.0
[0.109s] -- Detecting C compiler ABI info
[0.166s] -- Detecting C compiler ABI info - done
[0.173s] -- Check for working C compiler: /usr/bin/cc - skipped
[0.173s] -- Detecting C compile features
[0.173s] -- Detecting C compile features - done
[0.176s] -- Detecting CXX compiler ABI info
[0.236s] -- Detecting CXX compiler ABI info - done
[0.243s] -- Check for working CXX compiler: /usr/bin/c++ - skipped
[0.243s] -- Detecting CXX compile features
[0.244s] -- Detecting CXX compile features - done
[0.246s] -- Found ament_cmake: 1.3.10 (/opt/ros/humble/share/ament_cmake/cmake)
[0.367s] -- Found Python3: /usr/bin/python3 (found version "3.10.12") found components: Interpreter 
[0.445s] -- Found realsense2_description: 4.55.1 (/opt/ros/humble/share/realsense2_description/cmake)
[0.446s] -- Found gazebo_msgs: 3.7.0 (/opt/ros/humble/share/gazebo_msgs/cmake)
[0.482s] -- Found rosidl_generator_c: 3.1.5 (/opt/ros/humble/share/rosidl_generator_c/cmake)
[0.487s] -- Found rosidl_adapter: 3.1.5 (/opt/ros/humble/share/rosidl_adapter/cmake)
[0.496s] -- Found rosidl_generator_cpp: 3.1.5 (/opt/ros/humble/share/rosidl_generator_cpp/cmake)
[0.507s] -- Using all available rosidl_typesupport_c: rosidl_typesupport_fastrtps_c;rosidl_typesupport_introspection_c
[0.523s] -- Using all available rosidl_typesupport_cpp: rosidl_typesupport_fastrtps_cpp;rosidl_typesupport_introspection_cpp
[0.609s] [33mCMake Warning at CMakeLists.txt:14 (find_package):
[0.609s]   By not providing "Findvelodyne_description.cmake" in CMAKE_MODULE_PATH this
[0.609s]   project has asked CMake to find a package configuration file provided by
[0.609s]   "velodyne_description", but CMake did not find one.
[0.610s] 
[0.610s]   Could not find a package configuration file provided by
[0.610s]   "velodyne_description" with any of the following names:
[0.610s] 
[0.610s]     velodyne_descriptionConfig.cmake
[0.610s]     velodyne_description-config.cmake
[0.610s] 
[0.610s]   Add the installation prefix of "velodyne_description" to CMAKE_PREFIX_PATH
[0.610s]   or set "velodyne_description_DIR" to a directory containing one of the
[0.610s]   above files.  If "velodyne_description" provides a separate development
[0.610s]   package or SDK, be sure it has been installed.
[0.610s] 
[0.610s] [0m
[0.610s] -- Found velodyne_gazebo_plugins: 1.0.9 (/home/roburoc/PycharmProjects/P9-RobuROC4/src/install/velodyne_gazebo_plugins/share/velodyne_gazebo_plugins/cmake)
[0.650s] -- Found rmw_implementation_cmake: 6.1.2 (/opt/ros/humble/share/rmw_implementation_cmake/cmake)
[0.653s] -- Found rmw_fastrtps_cpp: 6.2.7 (/opt/ros/humble/share/rmw_fastrtps_cpp/cmake)
[0.724s] -- Found OpenSSL: /usr/lib/x86_64-linux-gnu/libcrypto.so (found version "3.0.2")  
[0.749s] -- Found FastRTPS: /opt/ros/humble/include  
[0.786s] -- Using RMW implementation 'rmw_fastrtps_cpp' as default
[0.794s] -- Looking for pthread.h
[0.854s] -- Looking for pthread.h - found
[0.854s] -- Performing Test CMAKE_HAVE_LIBC_PTHREAD
[0.912s] -- Performing Test CMAKE_HAVE_LIBC_PTHREAD - Success
[0.913s] -- Found Threads: TRUE  
[0.957s] -- Found PkgConfig: /usr/bin/pkg-config (found version "0.29.2") 
[0.959s] -- Checking for module 'bullet>=2.82'
[0.968s] --   Found bullet, version 3.05
[1.047s] -- Found fcl: /usr/include (found suitable version "0.7.0", minimum required is "0.5.0") 
[1.085s] -- Found assimp: /usr/include (found version "5.2.0") 
[1.100s] -- Found DART: /usr/include (Required is at least version "6.6") found components: dart 
[1.126s] -- Found Boost: /usr/lib/x86_64-linux-gnu/cmake/Boost-1.74.0/BoostConfig.cmake (found suitable version "1.74.0", minimum required is "1.40.0") found components: thread system filesystem program_options regex iostreams date_time 
[1.138s] -- Found Protobuf: /usr/lib/x86_64-linux-gnu/libprotobuf.so (found version "3.12.4") 
[1.143s] -- Looking for ignition-math6 -- found version 6.15.1
[1.148s] -- Searching for dependencies of ignition-math6
[1.150s] -- Looking for OGRE...
[1.150s] -- OGRE_PREFIX_WATCH changed.
[1.155s] -- Checking for module 'OGRE'
[1.164s] --   Found OGRE, version 1.9.0
[1.187s] -- Found Ogre Ghadamon (1.9.0)
[1.193s] -- Found OGRE: optimized;/usr/lib/x86_64-linux-gnu/libOgreMain.so;debug;/usr/lib/x86_64-linux-gnu/libOgreMain.so
[1.201s] -- Looking for OGRE_Paging...
[1.206s] -- Found OGRE_Paging: optimized;/usr/lib/x86_64-linux-gnu/libOgrePaging.so;debug;/usr/lib/x86_64-linux-gnu/libOgrePaging.so
[1.206s] -- Looking for OGRE_Terrain...
[1.210s] -- Found OGRE_Terrain: optimized;/usr/lib/x86_64-linux-gnu/libOgreTerrain.so;debug;/usr/lib/x86_64-linux-gnu/libOgreTerrain.so
[1.210s] -- Looking for OGRE_Property...
[1.214s] -- Found OGRE_Property: optimized;/usr/lib/x86_64-linux-gnu/libOgreProperty.so;debug;/usr/lib/x86_64-linux-gnu/libOgreProperty.so
[1.214s] -- Looking for OGRE_RTShaderSystem...
[1.219s] -- Found OGRE_RTShaderSystem: optimized;/usr/lib/x86_64-linux-gnu/libOgreRTShaderSystem.so;debug;/usr/lib/x86_64-linux-gnu/libOgreRTShaderSystem.so
[1.219s] -- Looking for OGRE_Volume...
[1.223s] -- Found OGRE_Volume: optimized;/usr/lib/x86_64-linux-gnu/libOgreVolume.so;debug;/usr/lib/x86_64-linux-gnu/libOgreVolume.so
[1.223s] -- Looking for OGRE_Overlay...
[1.227s] -- Found OGRE_Overlay: optimized;/usr/lib/x86_64-linux-gnu/libOgreOverlay.so;debug;/usr/lib/x86_64-linux-gnu/libOgreOverlay.so
[1.330s] -- Looking for ignition-math6 -- found version 6.15.1
[1.332s] -- Looking for ignition-transport8 -- found version 8.2.1
[1.333s] -- Searching for dependencies of ignition-transport8
[1.348s] -- Found Protobuf: /usr/lib/x86_64-linux-gnu/libprotobuf.so (found suitable version "3.12.4", minimum required is "3") 
[1.358s] -- Config-file not installed for ZeroMQ -- checking for pkg-config
[1.362s] -- Checking for module 'libzmq >= 4'
[1.373s] --   Found libzmq , version 4.3.4
[1.398s] -- Found ZeroMQ: TRUE (Required is at least version "4") 
[1.402s] -- Checking for module 'uuid'
[1.411s] --   Found uuid, version 2.37.2
[1.433s] -- Found UUID: TRUE  
[1.435s] -- Looking for ignition-msgs5 -- found version 5.8.1
[1.436s] -- Searching for dependencies of ignition-msgs5
[1.453s] -- Looking for ignition-math6 -- found version 6.15.1
[1.458s] -- Checking for module 'tinyxml2'
[1.467s] --   Found tinyxml2, version 9.0.0
[1.492s] -- Looking for ignition-msgs5 -- found version 5.8.1
[1.494s] -- Looking for ignition-common3 -- found version 3.14.0
[1.494s] -- Searching for dependencies of ignition-common3
[1.495s] -- Looking for dlfcn.h - found
[1.495s] -- Looking for libdl - found
[1.496s] -- Found DL: TRUE  
[1.505s] -- Found tinyobjloader: /usr/lib/x86_64-linux-gnu/cmake/tinyobjloader/tinyobjloader-config.cmake (found version "2.0.0") 
[1.506s] -- Searching for <ignition-common3> component [graphics]
[1.508s] -- Looking for ignition-common3-graphics -- found version 3.14.0
[1.508s] -- Searching for dependencies of ignition-common3-graphics
[1.509s] -- Looking for ignition-math6 -- found version 6.15.1
[1.511s] -- Looking for ignition-fuel_tools4 -- found version 4.4.0
[1.512s] -- Searching for dependencies of ignition-fuel_tools4
[1.572s] -- Found CURL: /usr/lib/x86_64-linux-gnu/libcurl.so (found version "7.81.0")  
[1.579s] -- Checking for module 'jsoncpp'
[1.589s] --   Found jsoncpp, version 1.9.5
[1.614s] -- Found JSONCPP: TRUE  
[1.618s] -- Checking for module 'libzip'
[1.627s] --   Found libzip, version 1.7.3
[1.652s] -- Found ZIP: TRUE  
[1.653s] -- Looking for ignition-common3 -- found version 3.14.0
[1.653s] -- Looking for ignition-math6 -- found version 6.15.1
[1.654s] -- Looking for ignition-msgs5 -- found version 5.8.1
[1.657s] -- Gazebo version: 11.10
[1.657s] -- Checking for module 'tbb'
[1.668s] --   Found tbb, version 2021.5.0
[1.726s] -- Found realsense_gazebo_plugin: 1.1.0 (/home/roburoc/PycharmProjects/P9-RobuROC4/src/install/realsense_gazebo_plugin/share/realsense_gazebo_plugin/cmake)
[1.791s] WARNING: Package name "RobuROC_sim" does not follow the naming conventions. It should start with a lower case letter and only contain lower case letters, digits, underscores, and dashes.
[1.799s] -- Found ament_lint_auto: 0.12.11 (/opt/ros/humble/share/ament_lint_auto/cmake)
[1.844s] WARNING: Package name "RobuROC_sim" does not follow the naming conventions. It should start with a lower case letter and only contain lower case letters, digits, underscores, and dashes.
[1.872s] -- Added test 'flake8' to check Python code syntax and style conventions
[1.872s] -- Added test 'lint_cmake' to check CMake code style
[1.873s] -- Added test 'pep257' to check Python code against some of the docstring style conventions in PEP 257
[1.875s] -- Added test 'xmllint' to check XML markup files
[1.876s] -- Configuring done
[1.883s] -- Generating done
[1.886s] -- Build files have been written to: /home/roburoc/PycharmProjects/P9-RobuROC4/src/build/RobuROC_sim
[1.898s] Invoked command in '/home/roburoc/PycharmProjects/P9-RobuROC4/src/build/RobuROC_sim' returned '0': AMENT_PREFIX_PATH=/home/roburoc/PycharmProjects/P9-RobuROC4/src/install/velodyne_gazebo_plugins:${AMENT_PREFIX_PATH} CMAKE_PREFIX_PATH=/home/roburoc/PycharmProjects/P9-RobuROC4/src/install/velodyne_gazebo_plugins:/opt/ros/humble:/home/roburoc/PycharmProjects/P9-RobuROC4/src/install/realsense_gazebo_plugin LD_LIBRARY_PATH=/home/roburoc/PycharmProjects/P9-RobuROC4/src/install/velodyne_gazebo_plugins/lib:/home/roburoc/PycharmProjects/P9-RobuROC4/src/install/realsense_gazebo_plugin/lib:${LD_LIBRARY_PATH} PKG_CONFIG_PATH=/home/roburoc/PycharmProjects/P9-RobuROC4/src/install/realsense_gazebo_plugin/lib/x86_64-linux-gnu/pkgconfig:/home/roburoc/PycharmProjects/P9-RobuROC4/src/install/realsense_gazebo_plugin/lib/pkgconfig ROS_PACKAGE_PATH=/home/roburoc/PycharmProjects/P9-RobuROC4/src/install/realsense_gazebo_plugin/share /usr/bin/cmake /home/roburoc/PycharmProjects/P9-RobuROC4/src/RobuROC_sim/src -DCMAKE_INSTALL_PREFIX=/home/roburoc/PycharmProjects/P9-RobuROC4/src/install/RobuROC_sim
[1.899s] Invoking command in '/home/roburoc/PycharmProjects/P9-RobuROC4/src/build/RobuROC_sim': AMENT_PREFIX_PATH=/home/roburoc/PycharmProjects/P9-RobuROC4/src/install/velodyne_gazebo_plugins:${AMENT_PREFIX_PATH} CMAKE_PREFIX_PATH=/home/roburoc/PycharmProjects/P9-RobuROC4/src/install/velodyne_gazebo_plugins:/opt/ros/humble:/home/roburoc/PycharmProjects/P9-RobuROC4/src/install/realsense_gazebo_plugin LD_LIBRARY_PATH=/home/roburoc/PycharmProjects/P9-RobuROC4/src/install/velodyne_gazebo_plugins/lib:/home/roburoc/PycharmProjects/P9-RobuROC4/src/install/realsense_gazebo_plugin/lib:${LD_LIBRARY_PATH} PKG_CONFIG_PATH=/home/roburoc/PycharmProjects/P9-RobuROC4/src/install/realsense_gazebo_plugin/lib/x86_64-linux-gnu/pkgconfig:/home/roburoc/PycharmProjects/P9-RobuROC4/src/install/realsense_gazebo_plugin/lib/pkgconfig ROS_PACKAGE_PATH=/home/roburoc/PycharmProjects/P9-RobuROC4/src/install/realsense_gazebo_plugin/share /usr/bin/cmake --build /home/roburoc/PycharmProjects/P9-RobuROC4/src/build/RobuROC_sim -- -j12 -l12
[1.943s] Built target ament_cmake_python_copy_RobuROC_sim
[2.167s] running egg_info
[2.168s] creating RobuROC_sim.egg-info
[2.168s] writing RobuROC_sim.egg-info/PKG-INFO
[2.168s] writing dependency_links to RobuROC_sim.egg-info/dependency_links.txt
[2.168s] writing top-level names to RobuROC_sim.egg-info/top_level.txt
[2.169s] writing manifest file 'RobuROC_sim.egg-info/SOURCES.txt'
[2.171s] reading manifest file 'RobuROC_sim.egg-info/SOURCES.txt'
[2.171s] writing manifest file 'RobuROC_sim.egg-info/SOURCES.txt'
[2.194s] Built target ament_cmake_python_build_RobuROC_sim_egg
[2.203s] Invoked command in '/home/roburoc/PycharmProjects/P9-RobuROC4/src/build/RobuROC_sim' returned '0': AMENT_PREFIX_PATH=/home/roburoc/PycharmProjects/P9-RobuROC4/src/install/velodyne_gazebo_plugins:${AMENT_PREFIX_PATH} CMAKE_PREFIX_PATH=/home/roburoc/PycharmProjects/P9-RobuROC4/src/install/velodyne_gazebo_plugins:/opt/ros/humble:/home/roburoc/PycharmProjects/P9-RobuROC4/src/install/realsense_gazebo_plugin LD_LIBRARY_PATH=/home/roburoc/PycharmProjects/P9-RobuROC4/src/install/velodyne_gazebo_plugins/lib:/home/roburoc/PycharmProjects/P9-RobuROC4/src/install/realsense_gazebo_plugin/lib:${LD_LIBRARY_PATH} PKG_CONFIG_PATH=/home/roburoc/PycharmProjects/P9-RobuROC4/src/install/realsense_gazebo_plugin/lib/x86_64-linux-gnu/pkgconfig:/home/roburoc/PycharmProjects/P9-RobuROC4/src/install/realsense_gazebo_plugin/lib/pkgconfig ROS_PACKAGE_PATH=/home/roburoc/PycharmProjects/P9-RobuROC4/src/install/realsense_gazebo_plugin/share /usr/bin/cmake --build /home/roburoc/PycharmProjects/P9-RobuROC4/src/build/RobuROC_sim -- -j12 -l12
[2.223s] Invoking command in '/home/roburoc/PycharmProjects/P9-RobuROC4/src/build/RobuROC_sim': AMENT_PREFIX_PATH=/home/roburoc/PycharmProjects/P9-RobuROC4/src/install/velodyne_gazebo_plugins:${AMENT_PREFIX_PATH} CMAKE_PREFIX_PATH=/home/roburoc/PycharmProjects/P9-RobuROC4/src/install/velodyne_gazebo_plugins:/opt/ros/humble:/home/roburoc/PycharmProjects/P9-RobuROC4/src/install/realsense_gazebo_plugin LD_LIBRARY_PATH=/home/roburoc/PycharmProjects/P9-RobuROC4/src/install/velodyne_gazebo_plugins/lib:/home/roburoc/PycharmProjects/P9-RobuROC4/src/install/realsense_gazebo_plugin/lib:${LD_LIBRARY_PATH} PKG_CONFIG_PATH=/home/roburoc/PycharmProjects/P9-RobuROC4/src/install/realsense_gazebo_plugin/lib/x86_64-linux-gnu/pkgconfig:/home/roburoc/PycharmProjects/P9-RobuROC4/src/install/realsense_gazebo_plugin/lib/pkgconfig ROS_PACKAGE_PATH=/home/roburoc/PycharmProjects/P9-RobuROC4/src/install/realsense_gazebo_plugin/share /usr/bin/cmake --install /home/roburoc/PycharmProjects/P9-RobuROC4/src/build/RobuROC_sim
[2.230s] -- Install configuration: ""
[2.230s] -- Installing: /home/roburoc/PycharmProjects/P9-RobuROC4/src/install/RobuROC_sim/share/RobuROC_sim/environment/pythonpath.sh
[2.230s] -- Installing: /home/roburoc/PycharmProjects/P9-RobuROC4/src/install/RobuROC_sim/share/RobuROC_sim/environment/pythonpath.dsv
[2.230s] -- Installing: /home/roburoc/PycharmProjects/P9-RobuROC4/src/install/RobuROC_sim/local/lib/python3.10/dist-packages/RobuROC_sim-0.0.0-py3.10.egg-info
[2.230s] -- Installing: /home/roburoc/PycharmProjects/P9-RobuROC4/src/install/RobuROC_sim/local/lib/python3.10/dist-packages/RobuROC_sim-0.0.0-py3.10.egg-info/SOURCES.txt
[2.230s] -- Installing: /home/roburoc/PycharmProjects/P9-RobuROC4/src/install/RobuROC_sim/local/lib/python3.10/dist-packages/RobuROC_sim-0.0.0-py3.10.egg-info/dependency_links.txt
[2.230s] -- Installing: /home/roburoc/PycharmProjects/P9-RobuROC4/src/install/RobuROC_sim/local/lib/python3.10/dist-packages/RobuROC_sim-0.0.0-py3.10.egg-info/top_level.txt
[2.230s] -- Installing: /home/roburoc/PycharmProjects/P9-RobuROC4/src/install/RobuROC_sim/local/lib/python3.10/dist-packages/RobuROC_sim-0.0.0-py3.10.egg-info/PKG-INFO
[2.230s] -- Installing: /home/roburoc/PycharmProjects/P9-RobuROC4/src/install/RobuROC_sim/local/lib/python3.10/dist-packages/RobuROC_sim
[2.230s] -- Installing: /home/roburoc/PycharmProjects/P9-RobuROC4/src/install/RobuROC_sim/local/lib/python3.10/dist-packages/RobuROC_sim/publish_odom.py
[2.231s] -- Installing: /home/roburoc/PycharmProjects/P9-RobuROC4/src/install/RobuROC_sim/local/lib/python3.10/dist-packages/RobuROC_sim/__init__.py
[2.261s] Listing '/home/roburoc/PycharmProjects/P9-RobuROC4/src/install/RobuROC_sim/local/lib/python3.10/dist-packages/RobuROC_sim'...
[2.261s] Compiling '/home/roburoc/PycharmProjects/P9-RobuROC4/src/install/RobuROC_sim/local/lib/python3.10/dist-packages/RobuROC_sim/__init__.py'...
[2.261s] Compiling '/home/roburoc/PycharmProjects/P9-RobuROC4/src/install/RobuROC_sim/local/lib/python3.10/dist-packages/RobuROC_sim/publish_odom.py'...
[2.265s] -- Installing: /home/roburoc/PycharmProjects/P9-RobuROC4/src/install/RobuROC_sim/share/RobuROC_sim/description
[2.265s] -- Installing: /home/roburoc/PycharmProjects/P9-RobuROC4/src/install/RobuROC_sim/share/RobuROC_sim/description/camera_depth.xacro
[2.265s] -- Installing: /home/roburoc/PycharmProjects/P9-RobuROC4/src/install/RobuROC_sim/share/RobuROC_sim/description/lidar.xacro
[2.265s] -- Installing: /home/roburoc/PycharmProjects/P9-RobuROC4/src/install/RobuROC_sim/share/RobuROC_sim/description/_d435.gazebo.xacro
[2.265s] -- Installing: /home/roburoc/PycharmProjects/P9-RobuROC4/src/install/RobuROC_sim/share/RobuROC_sim/description/real_sense_cameras.xacro
[2.265s] -- Installing: /home/roburoc/PycharmProjects/P9-RobuROC4/src/install/RobuROC_sim/share/RobuROC_sim/description/VLP-16.urdf.xacro
[2.265s] -- Installing: /home/roburoc/PycharmProjects/P9-RobuROC4/src/install/RobuROC_sim/share/RobuROC_sim/description/RobuROC_model.urdf.xacro
[2.265s] -- Installing: /home/roburoc/PycharmProjects/P9-RobuROC4/src/install/RobuROC_sim/share/RobuROC_sim/description/RobuROC_core.urdf.xacro
[2.266s] -- Installing: /home/roburoc/PycharmProjects/P9-RobuROC4/src/install/RobuROC_sim/share/RobuROC_sim/description/lidar_vlp_16.xacro
[2.266s] -- Installing: /home/roburoc/PycharmProjects/P9-RobuROC4/src/install/RobuROC_sim/share/RobuROC_sim/description/camera.xacro
[2.266s] -- Installing: /home/roburoc/PycharmProjects/P9-RobuROC4/src/install/RobuROC_sim/share/RobuROC_sim/description/test.urdf.xacro
[2.266s] -- Installing: /home/roburoc/PycharmProjects/P9-RobuROC4/src/install/RobuROC_sim/share/RobuROC_sim/description/RobuROC_gazebo_sim.xacro
[2.266s] -- Installing: /home/roburoc/PycharmProjects/P9-RobuROC4/src/install/RobuROC_sim/share/RobuROC_sim/description/_d435_v2.gazebo.xacro
[2.266s] -- Installing: /home/roburoc/PycharmProjects/P9-RobuROC4/src/install/RobuROC_sim/share/RobuROC_sim/description/include_RobuROC.xacro
[2.266s] -- Installing: /home/roburoc/PycharmProjects/P9-RobuROC4/src/install/RobuROC_sim/share/RobuROC_sim/description/lidar_vlp_16v2.xacro
[2.266s] -- Installing: /home/roburoc/PycharmProjects/P9-RobuROC4/src/install/RobuROC_sim/share/RobuROC_sim/launch
[2.266s] -- Installing: /home/roburoc/PycharmProjects/P9-RobuROC4/src/install/RobuROC_sim/share/RobuROC_sim/launch/RobuROC_sim.launch.py
[2.266s] -- Installing: /home/roburoc/PycharmProjects/P9-RobuROC4/src/install/RobuROC_sim/share/RobuROC_sim/launch/rtabmap.launch.py
[2.266s] -- Installing: /home/roburoc/PycharmProjects/P9-RobuROC4/src/install/RobuROC_sim/share/RobuROC_sim/launch/rs_launch.py
[2.267s] -- Installing: /home/roburoc/PycharmProjects/P9-RobuROC4/src/install/RobuROC_sim/share/RobuROC_sim/launch/dual_camera.launch.py
[2.267s] -- Installing: /home/roburoc/PycharmProjects/P9-RobuROC4/src/install/RobuROC_sim/share/RobuROC_sim/launch/online_async.launch.py
[2.267s] -- Installing: /home/roburoc/PycharmProjects/P9-RobuROC4/src/install/RobuROC_sim/share/RobuROC_sim/launch/test.launch.py
[2.267s] -- Installing: /home/roburoc/PycharmProjects/P9-RobuROC4/src/install/RobuROC_sim/share/RobuROC_sim/launch/vel_16.launch.py
[2.267s] -- Installing: /home/roburoc/PycharmProjects/P9-RobuROC4/src/install/RobuROC_sim/share/RobuROC_sim/launch/master_launch.launch.py
[2.267s] -- Installing: /home/roburoc/PycharmProjects/P9-RobuROC4/src/install/RobuROC_sim/share/RobuROC_sim/worlds
[2.267s] -- Installing: /home/roburoc/PycharmProjects/P9-RobuROC4/src/install/RobuROC_sim/share/RobuROC_sim/worlds/empty_world
[2.267s] -- Installing: /home/roburoc/PycharmProjects/P9-RobuROC4/src/install/RobuROC_sim/share/RobuROC_sim/worlds/moon.world
[2.267s] -- Installing: /home/roburoc/PycharmProjects/P9-RobuROC4/src/install/RobuROC_sim/share/RobuROC_sim/worlds/RobuROC_env.world
[2.267s] -- Installing: /home/roburoc/PycharmProjects/P9-RobuROC4/src/install/RobuROC_sim/share/RobuROC_sim/meshes
[2.267s] -- Installing: /home/roburoc/PycharmProjects/P9-RobuROC4/src/install/RobuROC_sim/share/RobuROC_sim/meshes/VLP16_base_1.dae
[2.267s] -- Installing: /home/roburoc/PycharmProjects/P9-RobuROC4/src/install/RobuROC_sim/share/RobuROC_sim/meshes/VLP16_base_2.stl
[2.267s] -- Installing: /home/roburoc/PycharmProjects/P9-RobuROC4/src/install/RobuROC_sim/share/RobuROC_sim/meshes/VLP16_base_1.stl
[2.267s] -- Installing: /home/roburoc/PycharmProjects/P9-RobuROC4/src/install/RobuROC_sim/share/RobuROC_sim/meshes/wheel.STL
[2.268s] -- Installing: /home/roburoc/PycharmProjects/P9-RobuROC4/src/install/RobuROC_sim/share/RobuROC_sim/meshes/d435.dae
[2.284s] -- Installing: /home/roburoc/PycharmProjects/P9-RobuROC4/src/install/RobuROC_sim/share/RobuROC_sim/meshes/chassis.STL
[2.284s] -- Installing: /home/roburoc/PycharmProjects/P9-RobuROC4/src/install/RobuROC_sim/share/RobuROC_sim/meshes/VLP16_scan.stl
[2.284s] -- Installing: /home/roburoc/PycharmProjects/P9-RobuROC4/src/install/RobuROC_sim/share/RobuROC_sim/meshes/VLP16_base_2.dae
[2.284s] -- Installing: /home/roburoc/PycharmProjects/P9-RobuROC4/src/install/RobuROC_sim/share/RobuROC_sim/meshes/VLP16_scan.dae
[2.284s] -- Installing: /home/roburoc/PycharmProjects/P9-RobuROC4/src/install/RobuROC_sim/share/RobuROC_sim/scripts
[2.284s] -- Installing: /home/roburoc/PycharmProjects/P9-RobuROC4/src/install/RobuROC_sim/share/RobuROC_sim/scripts/publish_odom.py
[2.284s] -- Installing: /home/roburoc/PycharmProjects/P9-RobuROC4/src/install/RobuROC_sim/lib/RobuROC_sim/publish_odom.py
[2.284s] -- Installing: /home/roburoc/PycharmProjects/P9-RobuROC4/src/install/RobuROC_sim/share/ament_index/resource_index/package_run_dependencies/RobuROC_sim
[2.284s] -- Installing: /home/roburoc/PycharmProjects/P9-RobuROC4/src/install/RobuROC_sim/share/ament_index/resource_index/parent_prefix_path/RobuROC_sim
[2.284s] -- Installing: /home/roburoc/PycharmProjects/P9-RobuROC4/src/install/RobuROC_sim/share/RobuROC_sim/environment/ament_prefix_path.sh
[2.285s] -- Installing: /home/roburoc/PycharmProjects/P9-RobuROC4/src/install/RobuROC_sim/share/RobuROC_sim/environment/ament_prefix_path.dsv
[2.285s] -- Installing: /home/roburoc/PycharmProjects/P9-RobuROC4/src/install/RobuROC_sim/share/RobuROC_sim/environment/path.sh
[2.285s] -- Installing: /home/roburoc/PycharmProjects/P9-RobuROC4/src/install/RobuROC_sim/share/RobuROC_sim/environment/path.dsv
[2.285s] -- Installing: /home/roburoc/PycharmProjects/P9-RobuROC4/src/install/RobuROC_sim/share/RobuROC_sim/local_setup.bash
[2.285s] -- Installing: /home/roburoc/PycharmProjects/P9-RobuROC4/src/install/RobuROC_sim/share/RobuROC_sim/local_setup.sh
[2.285s] -- Installing: /home/roburoc/PycharmProjects/P9-RobuROC4/src/install/RobuROC_sim/share/RobuROC_sim/local_setup.zsh
[2.285s] -- Installing: /home/roburoc/PycharmProjects/P9-RobuROC4/src/install/RobuROC_sim/share/RobuROC_sim/local_setup.dsv
[2.285s] -- Installing: /home/roburoc/PycharmProjects/P9-RobuROC4/src/install/RobuROC_sim/share/RobuROC_sim/package.dsv
[2.285s] -- Installing: /home/roburoc/PycharmProjects/P9-RobuROC4/src/install/RobuROC_sim/share/ament_index/resource_index/packages/RobuROC_sim
[2.285s] -- Installing: /home/roburoc/PycharmProjects/P9-RobuROC4/src/install/RobuROC_sim/share/RobuROC_sim/cmake/RobuROC_simConfig.cmake
[2.286s] -- Installing: /home/roburoc/PycharmProjects/P9-RobuROC4/src/install/RobuROC_sim/share/RobuROC_sim/cmake/RobuROC_simConfig-version.cmake
[2.286s] -- Installing: /home/roburoc/PycharmProjects/P9-RobuROC4/src/install/RobuROC_sim/share/RobuROC_sim/package.xml
[2.288s] Invoked command in '/home/roburoc/PycharmProjects/P9-RobuROC4/src/build/RobuROC_sim' returned '0': AMENT_PREFIX_PATH=/home/roburoc/PycharmProjects/P9-RobuROC4/src/install/velodyne_gazebo_plugins:${AMENT_PREFIX_PATH} CMAKE_PREFIX_PATH=/home/roburoc/PycharmProjects/P9-RobuROC4/src/install/velodyne_gazebo_plugins:/opt/ros/humble:/home/roburoc/PycharmProjects/P9-RobuROC4/src/install/realsense_gazebo_plugin LD_LIBRARY_PATH=/home/roburoc/PycharmProjects/P9-RobuROC4/src/install/velodyne_gazebo_plugins/lib:/home/roburoc/PycharmProjects/P9-RobuROC4/src/install/realsense_gazebo_plugin/lib:${LD_LIBRARY_PATH} PKG_CONFIG_PATH=/home/roburoc/PycharmProjects/P9-RobuROC4/src/install/realsense_gazebo_plugin/lib/x86_64-linux-gnu/pkgconfig:/home/roburoc/PycharmProjects/P9-RobuROC4/src/install/realsense_gazebo_plugin/lib/pkgconfig ROS_PACKAGE_PATH=/home/roburoc/PycharmProjects/P9-RobuROC4/src/install/realsense_gazebo_plugin/share /usr/bin/cmake --install /home/roburoc/PycharmProjects/P9-RobuROC4/src/build/RobuROC_sim
