[0.096s] DEBUG:colcon:Command line arguments: ['/usr/bin/colcon', 'build']
[0.096s] DEBUG:colcon:Parsed command line arguments: Namespace(log_base=None, log_level=None, verb_name='build', build_base='build', install_base='install', merge_install=False, symlink_install=False, test_result_base=None, continue_on_error=False, executor='parallel', parallel_workers=12, event_handlers=None, ignore_user_meta=False, metas=['./colcon.meta'], base_paths=['.'], packages_ignore=None, packages_ignore_regex=None, paths=None, packages_up_to=None, packages_up_to_regex=None, packages_above=None, packages_above_and_dependencies=None, packages_above_depth=None, packages_select_by_dep=None, packages_skip_by_dep=None, packages_skip_up_to=None, packages_select_build_failed=False, packages_skip_build_finished=False, packages_select_test_failures=False, packages_skip_test_passed=False, packages_select=None, packages_skip=None, packages_select_regex=None, packages_skip_regex=None, packages_start=None, packages_end=None, allow_overriding=[], cmake_args=None, cmake_target=None, cmake_target_skip_unavailable=False, cmake_clean_cache=False, cmake_clean_first=False, cmake_force_configure=False, ament_cmake_args=None, catkin_cmake_args=None, catkin_skip_building_tests=False, mixin_files=None, mixin=None, verb_parser=<colcon_mixin.mixin.mixin_argument.MixinArgumentDecorator object at 0x739508a4f220>, verb_extension=<colcon_core.verb.build.BuildVerb object at 0x739508b53e50>, main=<bound method BuildVerb.main of <colcon_core.verb.build.BuildVerb object at 0x739508b53e50>>, mixin_verb=('build',))
[0.260s] Level 1:colcon.colcon_core.package_discovery:discover_packages(colcon_meta) check parameters
[0.260s] Level 1:colcon.colcon_core.package_discovery:discover_packages(recursive) check parameters
[0.260s] Level 1:colcon.colcon_core.package_discovery:discover_packages(ignore) check parameters
[0.260s] Level 1:colcon.colcon_core.package_discovery:discover_packages(path) check parameters
[0.260s] Level 1:colcon.colcon_core.package_discovery:discover_packages(colcon_meta) discover
[0.260s] Level 1:colcon.colcon_core.package_discovery:discover_packages(recursive) discover
[0.260s] INFO:colcon.colcon_core.package_discovery:Crawling recursively for packages in '/home/roburoc/PycharmProjects/P9-RobuROC4/src'
[0.260s] Level 1:colcon.colcon_core.package_identification:_identify(.) by extensions ['ignore', 'ignore_ament_install']
[0.260s] Level 1:colcon.colcon_core.package_identification:_identify(.) by extension 'ignore'
[0.260s] Level 1:colcon.colcon_core.package_identification:_identify(.) by extension 'ignore_ament_install'
[0.260s] Level 1:colcon.colcon_core.package_identification:_identify(.) by extensions ['colcon_pkg']
[0.260s] Level 1:colcon.colcon_core.package_identification:_identify(.) by extension 'colcon_pkg'
[0.260s] Level 1:colcon.colcon_core.package_identification:_identify(.) by extensions ['colcon_meta']
[0.260s] Level 1:colcon.colcon_core.package_identification:_identify(.) by extension 'colcon_meta'
[0.260s] Level 1:colcon.colcon_core.package_identification:_identify(.) by extensions ['ros']
[0.260s] Level 1:colcon.colcon_core.package_identification:_identify(.) by extension 'ros'
[0.269s] Level 1:colcon.colcon_core.package_identification:_identify(.) by extensions ['cmake', 'python']
[0.269s] Level 1:colcon.colcon_core.package_identification:_identify(.) by extension 'cmake'
[0.269s] Level 1:colcon.colcon_core.package_identification:_identify(.) by extension 'python'
[0.269s] Level 1:colcon.colcon_core.package_identification:_identify(.) by extensions ['python_setup_py']
[0.269s] Level 1:colcon.colcon_core.package_identification:_identify(.) by extension 'python_setup_py'
[0.270s] Level 1:colcon.colcon_core.package_identification:_identify(IMU) by extensions ['ignore', 'ignore_ament_install']
[0.270s] Level 1:colcon.colcon_core.package_identification:_identify(IMU) by extension 'ignore'
[0.270s] Level 1:colcon.colcon_core.package_identification:_identify(IMU) by extension 'ignore_ament_install'
[0.270s] Level 1:colcon.colcon_core.package_identification:_identify(IMU) by extensions ['colcon_pkg']
[0.270s] Level 1:colcon.colcon_core.package_identification:_identify(IMU) by extension 'colcon_pkg'
[0.270s] Level 1:colcon.colcon_core.package_identification:_identify(IMU) by extensions ['colcon_meta']
[0.270s] Level 1:colcon.colcon_core.package_identification:_identify(IMU) by extension 'colcon_meta'
[0.270s] Level 1:colcon.colcon_core.package_identification:_identify(IMU) by extensions ['ros']
[0.270s] Level 1:colcon.colcon_core.package_identification:_identify(IMU) by extension 'ros'
[0.270s] Level 1:colcon.colcon_core.package_identification:_identify(IMU) by extensions ['cmake', 'python']
[0.270s] Level 1:colcon.colcon_core.package_identification:_identify(IMU) by extension 'cmake'
[0.270s] Level 1:colcon.colcon_core.package_identification:_identify(IMU) by extension 'python'
[0.270s] Level 1:colcon.colcon_core.package_identification:_identify(IMU) by extensions ['python_setup_py']
[0.270s] Level 1:colcon.colcon_core.package_identification:_identify(IMU) by extension 'python_setup_py'
[0.270s] Level 1:colcon.colcon_core.package_identification:_identify(RobuROC_sim) by extensions ['ignore', 'ignore_ament_install']
[0.270s] Level 1:colcon.colcon_core.package_identification:_identify(RobuROC_sim) by extension 'ignore'
[0.270s] Level 1:colcon.colcon_core.package_identification:_identify(RobuROC_sim) by extension 'ignore_ament_install'
[0.270s] Level 1:colcon.colcon_core.package_identification:_identify(RobuROC_sim) by extensions ['colcon_pkg']
[0.270s] Level 1:colcon.colcon_core.package_identification:_identify(RobuROC_sim) by extension 'colcon_pkg'
[0.270s] Level 1:colcon.colcon_core.package_identification:_identify(RobuROC_sim) by extensions ['colcon_meta']
[0.270s] Level 1:colcon.colcon_core.package_identification:_identify(RobuROC_sim) by extension 'colcon_meta'
[0.271s] Level 1:colcon.colcon_core.package_identification:_identify(RobuROC_sim) by extensions ['ros']
[0.271s] Level 1:colcon.colcon_core.package_identification:_identify(RobuROC_sim) by extension 'ros'
[0.271s] Level 1:colcon.colcon_core.package_identification:_identify(RobuROC_sim) by extensions ['cmake', 'python']
[0.271s] Level 1:colcon.colcon_core.package_identification:_identify(RobuROC_sim) by extension 'cmake'
[0.271s] Level 1:colcon.colcon_core.package_identification:_identify(RobuROC_sim) by extension 'python'
[0.271s] Level 1:colcon.colcon_core.package_identification:_identify(RobuROC_sim) by extensions ['python_setup_py']
[0.271s] Level 1:colcon.colcon_core.package_identification:_identify(RobuROC_sim) by extension 'python_setup_py'
[0.271s] Level 1:colcon.colcon_core.package_identification:_identify(RobuROC_sim/src) by extensions ['ignore', 'ignore_ament_install']
[0.271s] Level 1:colcon.colcon_core.package_identification:_identify(RobuROC_sim/src) by extension 'ignore'
[0.271s] Level 1:colcon.colcon_core.package_identification:_identify(RobuROC_sim/src) by extension 'ignore_ament_install'
[0.271s] Level 1:colcon.colcon_core.package_identification:_identify(RobuROC_sim/src) by extensions ['colcon_pkg']
[0.271s] Level 1:colcon.colcon_core.package_identification:_identify(RobuROC_sim/src) by extension 'colcon_pkg'
[0.271s] Level 1:colcon.colcon_core.package_identification:_identify(RobuROC_sim/src) by extensions ['colcon_meta']
[0.271s] Level 1:colcon.colcon_core.package_identification:_identify(RobuROC_sim/src) by extension 'colcon_meta'
[0.271s] Level 1:colcon.colcon_core.package_identification:_identify(RobuROC_sim/src) by extensions ['ros']
[0.271s] Level 1:colcon.colcon_core.package_identification:_identify(RobuROC_sim/src) by extension 'ros'
[0.274s] DEBUG:colcon.colcon_core.package_identification:Package 'RobuROC_sim/src' with type 'ros.ament_cmake' and name 'RobuROC_sim'
[0.274s] Level 1:colcon.colcon_core.package_identification:_identify(build) by extensions ['ignore', 'ignore_ament_install']
[0.274s] Level 1:colcon.colcon_core.package_identification:_identify(build) by extension 'ignore'
[0.274s] Level 1:colcon.colcon_core.package_identification:_identify(build) ignored
[0.274s] Level 1:colcon.colcon_core.package_identification:_identify(imu_package) by extensions ['ignore', 'ignore_ament_install']
[0.274s] Level 1:colcon.colcon_core.package_identification:_identify(imu_package) by extension 'ignore'
[0.274s] Level 1:colcon.colcon_core.package_identification:_identify(imu_package) by extension 'ignore_ament_install'
[0.274s] Level 1:colcon.colcon_core.package_identification:_identify(imu_package) by extensions ['colcon_pkg']
[0.274s] Level 1:colcon.colcon_core.package_identification:_identify(imu_package) by extension 'colcon_pkg'
[0.274s] Level 1:colcon.colcon_core.package_identification:_identify(imu_package) by extensions ['colcon_meta']
[0.274s] Level 1:colcon.colcon_core.package_identification:_identify(imu_package) by extension 'colcon_meta'
[0.274s] Level 1:colcon.colcon_core.package_identification:_identify(imu_package) by extensions ['ros']
[0.274s] Level 1:colcon.colcon_core.package_identification:_identify(imu_package) by extension 'ros'
[0.275s] DEBUG:colcon.colcon_core.package_identification:Package 'imu_package' with type 'ros.ament_python' and name 'imu_package'
[0.275s] Level 1:colcon.colcon_core.package_identification:_identify(install) by extensions ['ignore', 'ignore_ament_install']
[0.275s] Level 1:colcon.colcon_core.package_identification:_identify(install) by extension 'ignore'
[0.275s] Level 1:colcon.colcon_core.package_identification:_identify(install) ignored
[0.275s] Level 1:colcon.colcon_core.package_identification:_identify(log) by extensions ['ignore', 'ignore_ament_install']
[0.275s] Level 1:colcon.colcon_core.package_identification:_identify(log) by extension 'ignore'
[0.275s] Level 1:colcon.colcon_core.package_identification:_identify(log) ignored
[0.275s] Level 1:colcon.colcon_core.package_identification:_identify(roburoc_canopen) by extensions ['ignore', 'ignore_ament_install']
[0.275s] Level 1:colcon.colcon_core.package_identification:_identify(roburoc_canopen) by extension 'ignore'
[0.275s] Level 1:colcon.colcon_core.package_identification:_identify(roburoc_canopen) by extension 'ignore_ament_install'
[0.275s] Level 1:colcon.colcon_core.package_identification:_identify(roburoc_canopen) by extensions ['colcon_pkg']
[0.275s] Level 1:colcon.colcon_core.package_identification:_identify(roburoc_canopen) by extension 'colcon_pkg'
[0.275s] Level 1:colcon.colcon_core.package_identification:_identify(roburoc_canopen) by extensions ['colcon_meta']
[0.275s] Level 1:colcon.colcon_core.package_identification:_identify(roburoc_canopen) by extension 'colcon_meta'
[0.276s] Level 1:colcon.colcon_core.package_identification:_identify(roburoc_canopen) by extensions ['ros']
[0.276s] Level 1:colcon.colcon_core.package_identification:_identify(roburoc_canopen) by extension 'ros'
[0.276s] Level 1:colcon.colcon_core.package_identification:_identify(roburoc_canopen) by extensions ['cmake', 'python']
[0.276s] Level 1:colcon.colcon_core.package_identification:_identify(roburoc_canopen) by extension 'cmake'
[0.276s] Level 1:colcon.colcon_core.package_identification:_identify(roburoc_canopen) by extension 'python'
[0.276s] Level 1:colcon.colcon_core.package_identification:_identify(roburoc_canopen) by extensions ['python_setup_py']
[0.276s] Level 1:colcon.colcon_core.package_identification:_identify(roburoc_canopen) by extension 'python_setup_py'
[0.276s] Level 1:colcon.colcon_core.package_identification:_identify(roburoc_canopen/__pycache__) by extensions ['ignore', 'ignore_ament_install']
[0.276s] Level 1:colcon.colcon_core.package_identification:_identify(roburoc_canopen/__pycache__) by extension 'ignore'
[0.276s] Level 1:colcon.colcon_core.package_identification:_identify(roburoc_canopen/__pycache__) by extension 'ignore_ament_install'
[0.276s] Level 1:colcon.colcon_core.package_identification:_identify(roburoc_canopen/__pycache__) by extensions ['colcon_pkg']
[0.276s] Level 1:colcon.colcon_core.package_identification:_identify(roburoc_canopen/__pycache__) by extension 'colcon_pkg'
[0.276s] Level 1:colcon.colcon_core.package_identification:_identify(roburoc_canopen/__pycache__) by extensions ['colcon_meta']
[0.276s] Level 1:colcon.colcon_core.package_identification:_identify(roburoc_canopen/__pycache__) by extension 'colcon_meta'
[0.276s] Level 1:colcon.colcon_core.package_identification:_identify(roburoc_canopen/__pycache__) by extensions ['ros']
[0.276s] Level 1:colcon.colcon_core.package_identification:_identify(roburoc_canopen/__pycache__) by extension 'ros'
[0.276s] Level 1:colcon.colcon_core.package_identification:_identify(roburoc_canopen/__pycache__) by extensions ['cmake', 'python']
[0.276s] Level 1:colcon.colcon_core.package_identification:_identify(roburoc_canopen/__pycache__) by extension 'cmake'
[0.276s] Level 1:colcon.colcon_core.package_identification:_identify(roburoc_canopen/__pycache__) by extension 'python'
[0.276s] Level 1:colcon.colcon_core.package_identification:_identify(roburoc_canopen/__pycache__) by extensions ['python_setup_py']
[0.276s] Level 1:colcon.colcon_core.package_identification:_identify(roburoc_canopen/__pycache__) by extension 'python_setup_py'
[0.276s] Level 1:colcon.colcon_core.package_identification:_identify(roburoc_canopen/utils) by extensions ['ignore', 'ignore_ament_install']
[0.276s] Level 1:colcon.colcon_core.package_identification:_identify(roburoc_canopen/utils) by extension 'ignore'
[0.277s] Level 1:colcon.colcon_core.package_identification:_identify(roburoc_canopen/utils) by extension 'ignore_ament_install'
[0.277s] Level 1:colcon.colcon_core.package_identification:_identify(roburoc_canopen/utils) by extensions ['colcon_pkg']
[0.277s] Level 1:colcon.colcon_core.package_identification:_identify(roburoc_canopen/utils) by extension 'colcon_pkg'
[0.277s] Level 1:colcon.colcon_core.package_identification:_identify(roburoc_canopen/utils) by extensions ['colcon_meta']
[0.277s] Level 1:colcon.colcon_core.package_identification:_identify(roburoc_canopen/utils) by extension 'colcon_meta'
[0.277s] Level 1:colcon.colcon_core.package_identification:_identify(roburoc_canopen/utils) by extensions ['ros']
[0.277s] Level 1:colcon.colcon_core.package_identification:_identify(roburoc_canopen/utils) by extension 'ros'
[0.277s] Level 1:colcon.colcon_core.package_identification:_identify(roburoc_canopen/utils) by extensions ['cmake', 'python']
[0.277s] Level 1:colcon.colcon_core.package_identification:_identify(roburoc_canopen/utils) by extension 'cmake'
[0.277s] Level 1:colcon.colcon_core.package_identification:_identify(roburoc_canopen/utils) by extension 'python'
[0.277s] Level 1:colcon.colcon_core.package_identification:_identify(roburoc_canopen/utils) by extensions ['python_setup_py']
[0.277s] Level 1:colcon.colcon_core.package_identification:_identify(roburoc_canopen/utils) by extension 'python_setup_py'
[0.277s] Level 1:colcon.colcon_core.package_identification:_identify(roburoc_canopen/utils/__pycache__) by extensions ['ignore', 'ignore_ament_install']
[0.277s] Level 1:colcon.colcon_core.package_identification:_identify(roburoc_canopen/utils/__pycache__) by extension 'ignore'
[0.277s] Level 1:colcon.colcon_core.package_identification:_identify(roburoc_canopen/utils/__pycache__) by extension 'ignore_ament_install'
[0.277s] Level 1:colcon.colcon_core.package_identification:_identify(roburoc_canopen/utils/__pycache__) by extensions ['colcon_pkg']
[0.277s] Level 1:colcon.colcon_core.package_identification:_identify(roburoc_canopen/utils/__pycache__) by extension 'colcon_pkg'
[0.277s] Level 1:colcon.colcon_core.package_identification:_identify(roburoc_canopen/utils/__pycache__) by extensions ['colcon_meta']
[0.277s] Level 1:colcon.colcon_core.package_identification:_identify(roburoc_canopen/utils/__pycache__) by extension 'colcon_meta'
[0.277s] Level 1:colcon.colcon_core.package_identification:_identify(roburoc_canopen/utils/__pycache__) by extensions ['ros']
[0.277s] Level 1:colcon.colcon_core.package_identification:_identify(roburoc_canopen/utils/__pycache__) by extension 'ros'
[0.277s] Level 1:colcon.colcon_core.package_identification:_identify(roburoc_canopen/utils/__pycache__) by extensions ['cmake', 'python']
[0.277s] Level 1:colcon.colcon_core.package_identification:_identify(roburoc_canopen/utils/__pycache__) by extension 'cmake'
[0.277s] Level 1:colcon.colcon_core.package_identification:_identify(roburoc_canopen/utils/__pycache__) by extension 'python'
[0.277s] Level 1:colcon.colcon_core.package_identification:_identify(roburoc_canopen/utils/__pycache__) by extensions ['python_setup_py']
[0.277s] Level 1:colcon.colcon_core.package_identification:_identify(roburoc_canopen/utils/__pycache__) by extension 'python_setup_py'
[0.278s] Level 1:colcon.colcon_core.package_identification:_identify(thirdparty) by extensions ['ignore', 'ignore_ament_install']
[0.278s] Level 1:colcon.colcon_core.package_identification:_identify(thirdparty) by extension 'ignore'
[0.278s] Level 1:colcon.colcon_core.package_identification:_identify(thirdparty) by extension 'ignore_ament_install'
[0.278s] Level 1:colcon.colcon_core.package_identification:_identify(thirdparty) by extensions ['colcon_pkg']
[0.278s] Level 1:colcon.colcon_core.package_identification:_identify(thirdparty) by extension 'colcon_pkg'
[0.278s] Level 1:colcon.colcon_core.package_identification:_identify(thirdparty) by extensions ['colcon_meta']
[0.278s] Level 1:colcon.colcon_core.package_identification:_identify(thirdparty) by extension 'colcon_meta'
[0.278s] Level 1:colcon.colcon_core.package_identification:_identify(thirdparty) by extensions ['ros']
[0.278s] Level 1:colcon.colcon_core.package_identification:_identify(thirdparty) by extension 'ros'
[0.278s] Level 1:colcon.colcon_core.package_identification:_identify(thirdparty) by extensions ['cmake', 'python']
[0.278s] Level 1:colcon.colcon_core.package_identification:_identify(thirdparty) by extension 'cmake'
[0.278s] Level 1:colcon.colcon_core.package_identification:_identify(thirdparty) by extension 'python'
[0.278s] Level 1:colcon.colcon_core.package_identification:_identify(thirdparty) by extensions ['python_setup_py']
[0.278s] Level 1:colcon.colcon_core.package_identification:_identify(thirdparty) by extension 'python_setup_py'
[0.278s] Level 1:colcon.colcon_core.package_identification:_identify(thirdparty/realsense_gazebo_plugin-foxy-devel) by extensions ['ignore', 'ignore_ament_install']
[0.278s] Level 1:colcon.colcon_core.package_identification:_identify(thirdparty/realsense_gazebo_plugin-foxy-devel) by extension 'ignore'
[0.278s] Level 1:colcon.colcon_core.package_identification:_identify(thirdparty/realsense_gazebo_plugin-foxy-devel) by extension 'ignore_ament_install'
[0.278s] Level 1:colcon.colcon_core.package_identification:_identify(thirdparty/realsense_gazebo_plugin-foxy-devel) by extensions ['colcon_pkg']
[0.278s] Level 1:colcon.colcon_core.package_identification:_identify(thirdparty/realsense_gazebo_plugin-foxy-devel) by extension 'colcon_pkg'
[0.278s] Level 1:colcon.colcon_core.package_identification:_identify(thirdparty/realsense_gazebo_plugin-foxy-devel) by extensions ['colcon_meta']
[0.278s] Level 1:colcon.colcon_core.package_identification:_identify(thirdparty/realsense_gazebo_plugin-foxy-devel) by extension 'colcon_meta'
[0.279s] Level 1:colcon.colcon_core.package_identification:_identify(thirdparty/realsense_gazebo_plugin-foxy-devel) by extensions ['ros']
[0.279s] Level 1:colcon.colcon_core.package_identification:_identify(thirdparty/realsense_gazebo_plugin-foxy-devel) by extension 'ros'
[0.281s] DEBUG:colcon.colcon_core.package_identification:Package 'thirdparty/realsense_gazebo_plugin-foxy-devel' with type 'ros.catkin' and name 'realsense_gazebo_plugin'
[0.281s] Level 1:colcon.colcon_core.package_identification:_identify(thirdparty/velodyne_simulator-dashing-devel) by extensions ['ignore', 'ignore_ament_install']
[0.281s] Level 1:colcon.colcon_core.package_identification:_identify(thirdparty/velodyne_simulator-dashing-devel) by extension 'ignore'
[0.281s] Level 1:colcon.colcon_core.package_identification:_identify(thirdparty/velodyne_simulator-dashing-devel) by extension 'ignore_ament_install'
[0.281s] Level 1:colcon.colcon_core.package_identification:_identify(thirdparty/velodyne_simulator-dashing-devel) by extensions ['colcon_pkg']
[0.281s] Level 1:colcon.colcon_core.package_identification:_identify(thirdparty/velodyne_simulator-dashing-devel) by extension 'colcon_pkg'
[0.281s] Level 1:colcon.colcon_core.package_identification:_identify(thirdparty/velodyne_simulator-dashing-devel) by extensions ['colcon_meta']
[0.281s] Level 1:colcon.colcon_core.package_identification:_identify(thirdparty/velodyne_simulator-dashing-devel) by extension 'colcon_meta'
[0.281s] Level 1:colcon.colcon_core.package_identification:_identify(thirdparty/velodyne_simulator-dashing-devel) by extensions ['ros']
[0.281s] Level 1:colcon.colcon_core.package_identification:_identify(thirdparty/velodyne_simulator-dashing-devel) by extension 'ros'
[0.281s] Level 1:colcon.colcon_core.package_identification:_identify(thirdparty/velodyne_simulator-dashing-devel) by extensions ['cmake', 'python']
[0.281s] Level 1:colcon.colcon_core.package_identification:_identify(thirdparty/velodyne_simulator-dashing-devel) by extension 'cmake'
[0.281s] Level 1:colcon.colcon_core.package_identification:_identify(thirdparty/velodyne_simulator-dashing-devel) by extension 'python'
[0.281s] Level 1:colcon.colcon_core.package_identification:_identify(thirdparty/velodyne_simulator-dashing-devel) by extensions ['python_setup_py']
[0.281s] Level 1:colcon.colcon_core.package_identification:_identify(thirdparty/velodyne_simulator-dashing-devel) by extension 'python_setup_py'
[0.281s] Level 1:colcon.colcon_core.package_identification:_identify(thirdparty/velodyne_simulator-dashing-devel/velodyne_gazebo_plugins) by extensions ['ignore', 'ignore_ament_install']
[0.282s] Level 1:colcon.colcon_core.package_identification:_identify(thirdparty/velodyne_simulator-dashing-devel/velodyne_gazebo_plugins) by extension 'ignore'
[0.282s] Level 1:colcon.colcon_core.package_identification:_identify(thirdparty/velodyne_simulator-dashing-devel/velodyne_gazebo_plugins) by extension 'ignore_ament_install'
[0.282s] Level 1:colcon.colcon_core.package_identification:_identify(thirdparty/velodyne_simulator-dashing-devel/velodyne_gazebo_plugins) by extensions ['colcon_pkg']
[0.282s] Level 1:colcon.colcon_core.package_identification:_identify(thirdparty/velodyne_simulator-dashing-devel/velodyne_gazebo_plugins) by extension 'colcon_pkg'
[0.282s] Level 1:colcon.colcon_core.package_identification:_identify(thirdparty/velodyne_simulator-dashing-devel/velodyne_gazebo_plugins) by extensions ['colcon_meta']
[0.282s] Level 1:colcon.colcon_core.package_identification:_identify(thirdparty/velodyne_simulator-dashing-devel/velodyne_gazebo_plugins) by extension 'colcon_meta'
[0.282s] Level 1:colcon.colcon_core.package_identification:_identify(thirdparty/velodyne_simulator-dashing-devel/velodyne_gazebo_plugins) by extensions ['ros']
[0.282s] Level 1:colcon.colcon_core.package_identification:_identify(thirdparty/velodyne_simulator-dashing-devel/velodyne_gazebo_plugins) by extension 'ros'
[0.283s] DEBUG:colcon.colcon_core.package_identification:Package 'thirdparty/velodyne_simulator-dashing-devel/velodyne_gazebo_plugins' with type 'ros.ament_cmake' and name 'velodyne_gazebo_plugins'
[0.283s] Level 1:colcon.colcon_core.package_discovery:discover_packages(recursive) using defaults
[0.283s] Level 1:colcon.colcon_core.package_discovery:discover_packages(ignore) discover
[0.283s] Level 1:colcon.colcon_core.package_discovery:discover_packages(ignore) using defaults
[0.283s] Level 1:colcon.colcon_core.package_discovery:discover_packages(path) discover
[0.283s] Level 1:colcon.colcon_core.package_discovery:discover_packages(path) using defaults
[0.309s] Level 1:colcon.colcon_core.package_discovery:discover_packages(prefix_path) check parameters
[0.309s] Level 1:colcon.colcon_core.package_discovery:discover_packages(prefix_path) discover
[0.311s] DEBUG:colcon.colcon_installed_package_information.package_discovery:Found 473 installed packages in /opt/ros/humble
[0.313s] Level 1:colcon.colcon_core.package_discovery:discover_packages(prefix_path) using defaults
[0.361s] Level 5:colcon.colcon_core.verb:set package 'imu_package' build argument 'cmake_args' from command line to 'None'
[0.361s] Level 5:colcon.colcon_core.verb:set package 'imu_package' build argument 'cmake_target' from command line to 'None'
[0.361s] Level 5:colcon.colcon_core.verb:set package 'imu_package' build argument 'cmake_target_skip_unavailable' from command line to 'False'
[0.361s] Level 5:colcon.colcon_core.verb:set package 'imu_package' build argument 'cmake_clean_cache' from command line to 'False'
[0.361s] Level 5:colcon.colcon_core.verb:set package 'imu_package' build argument 'cmake_clean_first' from command line to 'False'
[0.361s] Level 5:colcon.colcon_core.verb:set package 'imu_package' build argument 'cmake_force_configure' from command line to 'False'
[0.361s] Level 5:colcon.colcon_core.verb:set package 'imu_package' build argument 'ament_cmake_args' from command line to 'None'
[0.361s] Level 5:colcon.colcon_core.verb:set package 'imu_package' build argument 'catkin_cmake_args' from command line to 'None'
[0.361s] Level 5:colcon.colcon_core.verb:set package 'imu_package' build argument 'catkin_skip_building_tests' from command line to 'False'
[0.361s] DEBUG:colcon.colcon_core.verb:Building package 'imu_package' with the following arguments: {'ament_cmake_args': None, 'build_base': '/home/roburoc/PycharmProjects/P9-RobuROC4/src/build/imu_package', 'catkin_cmake_args': None, 'catkin_skip_building_tests': False, 'cmake_args': None, 'cmake_clean_cache': False, 'cmake_clean_first': False, 'cmake_force_configure': False, 'cmake_target': None, 'cmake_target_skip_unavailable': False, 'install_base': '/home/roburoc/PycharmProjects/P9-RobuROC4/src/install/imu_package', 'merge_install': False, 'path': '/home/roburoc/PycharmProjects/P9-RobuROC4/src/imu_package', 'symlink_install': False, 'test_result_base': None}
[0.362s] Level 5:colcon.colcon_core.verb:set package 'realsense_gazebo_plugin' build argument 'cmake_args' from command line to 'None'
[0.362s] Level 5:colcon.colcon_core.verb:set package 'realsense_gazebo_plugin' build argument 'cmake_target' from command line to 'None'
[0.362s] Level 5:colcon.colcon_core.verb:set package 'realsense_gazebo_plugin' build argument 'cmake_target_skip_unavailable' from command line to 'False'
[0.362s] Level 5:colcon.colcon_core.verb:set package 'realsense_gazebo_plugin' build argument 'cmake_clean_cache' from command line to 'False'
[0.362s] Level 5:colcon.colcon_core.verb:set package 'realsense_gazebo_plugin' build argument 'cmake_clean_first' from command line to 'False'
[0.362s] Level 5:colcon.colcon_core.verb:set package 'realsense_gazebo_plugin' build argument 'cmake_force_configure' from command line to 'False'
[0.362s] Level 5:colcon.colcon_core.verb:set package 'realsense_gazebo_plugin' build argument 'ament_cmake_args' from command line to 'None'
[0.362s] Level 5:colcon.colcon_core.verb:set package 'realsense_gazebo_plugin' build argument 'catkin_cmake_args' from command line to 'None'
[0.362s] Level 5:colcon.colcon_core.verb:set package 'realsense_gazebo_plugin' build argument 'catkin_skip_building_tests' from command line to 'False'
[0.362s] DEBUG:colcon.colcon_core.verb:Building package 'realsense_gazebo_plugin' with the following arguments: {'ament_cmake_args': None, 'build_base': '/home/roburoc/PycharmProjects/P9-RobuROC4/src/build/realsense_gazebo_plugin', 'catkin_cmake_args': None, 'catkin_skip_building_tests': False, 'cmake_args': None, 'cmake_clean_cache': False, 'cmake_clean_first': False, 'cmake_force_configure': False, 'cmake_target': None, 'cmake_target_skip_unavailable': False, 'install_base': '/home/roburoc/PycharmProjects/P9-RobuROC4/src/install/realsense_gazebo_plugin', 'merge_install': False, 'path': '/home/roburoc/PycharmProjects/P9-RobuROC4/src/thirdparty/realsense_gazebo_plugin-foxy-devel', 'symlink_install': False, 'test_result_base': None}
[0.362s] Level 5:colcon.colcon_core.verb:set package 'velodyne_gazebo_plugins' build argument 'cmake_args' from command line to 'None'
[0.362s] Level 5:colcon.colcon_core.verb:set package 'velodyne_gazebo_plugins' build argument 'cmake_target' from command line to 'None'
[0.362s] Level 5:colcon.colcon_core.verb:set package 'velodyne_gazebo_plugins' build argument 'cmake_target_skip_unavailable' from command line to 'False'
[0.362s] Level 5:colcon.colcon_core.verb:set package 'velodyne_gazebo_plugins' build argument 'cmake_clean_cache' from command line to 'False'
[0.362s] Level 5:colcon.colcon_core.verb:set package 'velodyne_gazebo_plugins' build argument 'cmake_clean_first' from command line to 'False'
[0.362s] Level 5:colcon.colcon_core.verb:set package 'velodyne_gazebo_plugins' build argument 'cmake_force_configure' from command line to 'False'
[0.362s] Level 5:colcon.colcon_core.verb:set package 'velodyne_gazebo_plugins' build argument 'ament_cmake_args' from command line to 'None'
[0.362s] Level 5:colcon.colcon_core.verb:set package 'velodyne_gazebo_plugins' build argument 'catkin_cmake_args' from command line to 'None'
[0.362s] Level 5:colcon.colcon_core.verb:set package 'velodyne_gazebo_plugins' build argument 'catkin_skip_building_tests' from command line to 'False'
[0.362s] DEBUG:colcon.colcon_core.verb:Building package 'velodyne_gazebo_plugins' with the following arguments: {'ament_cmake_args': None, 'build_base': '/home/roburoc/PycharmProjects/P9-RobuROC4/src/build/velodyne_gazebo_plugins', 'catkin_cmake_args': None, 'catkin_skip_building_tests': False, 'cmake_args': None, 'cmake_clean_cache': False, 'cmake_clean_first': False, 'cmake_force_configure': False, 'cmake_target': None, 'cmake_target_skip_unavailable': False, 'install_base': '/home/roburoc/PycharmProjects/P9-RobuROC4/src/install/velodyne_gazebo_plugins', 'merge_install': False, 'path': '/home/roburoc/PycharmProjects/P9-RobuROC4/src/thirdparty/velodyne_simulator-dashing-devel/velodyne_gazebo_plugins', 'symlink_install': False, 'test_result_base': None}
[0.363s] Level 5:colcon.colcon_core.verb:set package 'RobuROC_sim' build argument 'cmake_args' from command line to 'None'
[0.363s] Level 5:colcon.colcon_core.verb:set package 'RobuROC_sim' build argument 'cmake_target' from command line to 'None'
[0.363s] Level 5:colcon.colcon_core.verb:set package 'RobuROC_sim' build argument 'cmake_target_skip_unavailable' from command line to 'False'
[0.363s] Level 5:colcon.colcon_core.verb:set package 'RobuROC_sim' build argument 'cmake_clean_cache' from command line to 'False'
[0.363s] Level 5:colcon.colcon_core.verb:set package 'RobuROC_sim' build argument 'cmake_clean_first' from command line to 'False'
[0.363s] Level 5:colcon.colcon_core.verb:set package 'RobuROC_sim' build argument 'cmake_force_configure' from command line to 'False'
[0.363s] Level 5:colcon.colcon_core.verb:set package 'RobuROC_sim' build argument 'ament_cmake_args' from command line to 'None'
[0.363s] Level 5:colcon.colcon_core.verb:set package 'RobuROC_sim' build argument 'catkin_cmake_args' from command line to 'None'
[0.363s] Level 5:colcon.colcon_core.verb:set package 'RobuROC_sim' build argument 'catkin_skip_building_tests' from command line to 'False'
[0.363s] DEBUG:colcon.colcon_core.verb:Building package 'RobuROC_sim' with the following arguments: {'ament_cmake_args': None, 'build_base': '/home/roburoc/PycharmProjects/P9-RobuROC4/src/build/RobuROC_sim', 'catkin_cmake_args': None, 'catkin_skip_building_tests': False, 'cmake_args': None, 'cmake_clean_cache': False, 'cmake_clean_first': False, 'cmake_force_configure': False, 'cmake_target': None, 'cmake_target_skip_unavailable': False, 'install_base': '/home/roburoc/PycharmProjects/P9-RobuROC4/src/install/RobuROC_sim', 'merge_install': False, 'path': '/home/roburoc/PycharmProjects/P9-RobuROC4/src/RobuROC_sim/src', 'symlink_install': False, 'test_result_base': None}
[0.363s] INFO:colcon.colcon_core.executor:Executing jobs using 'parallel' executor
[0.364s] DEBUG:colcon.colcon_parallel_executor.executor.parallel:run_until_complete
[0.364s] INFO:colcon.colcon_ros.task.catkin.build:Building ROS package in '/home/roburoc/PycharmProjects/P9-RobuROC4/src/thirdparty/realsense_gazebo_plugin-foxy-devel' with build type 'catkin'
[0.364s] INFO:colcon.colcon_cmake.task.cmake.build:Building CMake package in '/home/roburoc/PycharmProjects/P9-RobuROC4/src/thirdparty/realsense_gazebo_plugin-foxy-devel'
[0.366s] INFO:colcon.colcon_core.plugin_system:Skipping extension 'colcon_core.shell.bat': Not used on non-Windows systems
[0.366s] INFO:colcon.colcon_core.shell:Skip shell extension 'powershell' for command environment: Not usable outside of PowerShell
[0.366s] DEBUG:colcon.colcon_core.shell:Skip shell extension 'dsv' for command environment
[0.369s] INFO:colcon.colcon_ros.task.ament_cmake.build:Building ROS package in '/home/roburoc/PycharmProjects/P9-RobuROC4/src/thirdparty/velodyne_simulator-dashing-devel/velodyne_gazebo_plugins' with build type 'ament_cmake'
[0.369s] INFO:colcon.colcon_cmake.task.cmake.build:Building CMake package in '/home/roburoc/PycharmProjects/P9-RobuROC4/src/thirdparty/velodyne_simulator-dashing-devel/velodyne_gazebo_plugins'
[0.369s] INFO:colcon.colcon_core.shell:Skip shell extension 'powershell' for command environment: Not usable outside of PowerShell
[0.369s] DEBUG:colcon.colcon_core.shell:Skip shell extension 'dsv' for command environment
[0.372s] INFO:colcon.colcon_ros.task.ament_python.build:Building ROS package in '/home/roburoc/PycharmProjects/P9-RobuROC4/src/imu_package' with build type 'ament_python'
[0.372s] Level 1:colcon.colcon_core.shell:create_environment_hook('imu_package', 'ament_prefix_path')
[0.372s] INFO:colcon.colcon_core.shell:Creating environment hook '/home/roburoc/PycharmProjects/P9-RobuROC4/src/install/imu_package/share/imu_package/hook/ament_prefix_path.ps1'
[0.373s] INFO:colcon.colcon_core.shell:Creating environment descriptor '/home/roburoc/PycharmProjects/P9-RobuROC4/src/install/imu_package/share/imu_package/hook/ament_prefix_path.dsv'
[0.374s] INFO:colcon.colcon_core.shell:Creating environment hook '/home/roburoc/PycharmProjects/P9-RobuROC4/src/install/imu_package/share/imu_package/hook/ament_prefix_path.sh'
[0.374s] INFO:colcon.colcon_core.shell:Skip shell extension 'powershell' for command environment: Not usable outside of PowerShell
[0.374s] DEBUG:colcon.colcon_core.shell:Skip shell extension 'dsv' for command environment
[0.381s] DEBUG:colcon.colcon_core.event_handler.log_command:Invoking command in '/home/roburoc/PycharmProjects/P9-RobuROC4/src/build/realsense_gazebo_plugin': /usr/bin/cmake /home/roburoc/PycharmProjects/P9-RobuROC4/src/thirdparty/realsense_gazebo_plugin-foxy-devel -DCATKIN_INSTALL_INTO_PREFIX_ROOT=0 -DCMAKE_INSTALL_PREFIX=/home/roburoc/PycharmProjects/P9-RobuROC4/src/install/realsense_gazebo_plugin
[0.383s] DEBUG:colcon.colcon_core.event_handler.log_command:Invoking command in '/home/roburoc/PycharmProjects/P9-RobuROC4/src/build/velodyne_gazebo_plugins': CMAKE_PREFIX_PATH=/opt/ros/humble /usr/bin/cmake /home/roburoc/PycharmProjects/P9-RobuROC4/src/thirdparty/velodyne_simulator-dashing-devel/velodyne_gazebo_plugins -DCMAKE_INSTALL_PREFIX=/home/roburoc/PycharmProjects/P9-RobuROC4/src/install/velodyne_gazebo_plugins
[0.647s] WARNING:colcon.colcon_ros.task.ament_python.build:Package 'imu_package' doesn't explicitly install a marker in the package index (colcon-ros currently does it implicitly but that fallback will be removed in the future)
[0.647s] INFO:colcon.colcon_core.task.python.build:Building Python package in '/home/roburoc/PycharmProjects/P9-RobuROC4/src/imu_package'
[0.648s] INFO:colcon.colcon_core.shell:Skip shell extension 'powershell' for command environment: Not usable outside of PowerShell
[0.648s] DEBUG:colcon.colcon_core.shell:Skip shell extension 'dsv' for command environment
[1.015s] DEBUG:colcon.colcon_core.event_handler.log_command:Invoking command in '/home/roburoc/PycharmProjects/P9-RobuROC4/src/imu_package': PYTHONPATH=/home/roburoc/PycharmProjects/P9-RobuROC4/src/build/imu_package/prefix_override:/usr/lib/python3/dist-packages/colcon_core/task/python/colcon_distutils_commands:/home/roburoc/PycharmProjects/P9-RobuROC4/src/install/imu_package/lib/python3.10/site-packages:${PYTHONPATH} /usr/bin/python3 -W ignore:setup.py install is deprecated setup.py egg_info --egg-base ../build/imu_package build --build-base /home/roburoc/PycharmProjects/P9-RobuROC4/src/build/imu_package/build install --record /home/roburoc/PycharmProjects/P9-RobuROC4/src/build/imu_package/install.log --single-version-externally-managed install_data
[1.339s] DEBUG:colcon.colcon_core.event_handler.log_command:Invoked command in '/home/roburoc/PycharmProjects/P9-RobuROC4/src/imu_package' returned '0': PYTHONPATH=/home/roburoc/PycharmProjects/P9-RobuROC4/src/build/imu_package/prefix_override:/usr/lib/python3/dist-packages/colcon_core/task/python/colcon_distutils_commands:/home/roburoc/PycharmProjects/P9-RobuROC4/src/install/imu_package/lib/python3.10/site-packages:${PYTHONPATH} /usr/bin/python3 -W ignore:setup.py install is deprecated setup.py egg_info --egg-base ../build/imu_package build --build-base /home/roburoc/PycharmProjects/P9-RobuROC4/src/build/imu_package/build install --record /home/roburoc/PycharmProjects/P9-RobuROC4/src/build/imu_package/install.log --single-version-externally-managed install_data
[1.341s] Level 1:colcon.colcon_core.environment:checking '/home/roburoc/PycharmProjects/P9-RobuROC4/src/install/imu_package' for CMake module files
[1.342s] Level 1:colcon.colcon_core.environment:checking '/home/roburoc/PycharmProjects/P9-RobuROC4/src/install/imu_package' for CMake config files
[1.342s] Level 1:colcon.colcon_core.environment:checking '/home/roburoc/PycharmProjects/P9-RobuROC4/src/install/imu_package/lib'
[1.343s] Level 1:colcon.colcon_core.environment:checking '/home/roburoc/PycharmProjects/P9-RobuROC4/src/install/imu_package/bin'
[1.343s] Level 1:colcon.colcon_core.environment:checking '/home/roburoc/PycharmProjects/P9-RobuROC4/src/install/imu_package/lib/pkgconfig/imu_package.pc'
[1.343s] Level 1:colcon.colcon_core.environment:checking '/home/roburoc/PycharmProjects/P9-RobuROC4/src/install/imu_package/lib/python3.10/site-packages'
[1.343s] Level 1:colcon.colcon_core.shell:create_environment_hook('imu_package', 'pythonpath')
[1.343s] INFO:colcon.colcon_core.shell:Creating environment hook '/home/roburoc/PycharmProjects/P9-RobuROC4/src/install/imu_package/share/imu_package/hook/pythonpath.ps1'
[1.344s] INFO:colcon.colcon_core.shell:Creating environment descriptor '/home/roburoc/PycharmProjects/P9-RobuROC4/src/install/imu_package/share/imu_package/hook/pythonpath.dsv'
[1.344s] INFO:colcon.colcon_core.shell:Creating environment hook '/home/roburoc/PycharmProjects/P9-RobuROC4/src/install/imu_package/share/imu_package/hook/pythonpath.sh'
[1.344s] Level 1:colcon.colcon_core.environment:checking '/home/roburoc/PycharmProjects/P9-RobuROC4/src/install/imu_package/bin'
[1.344s] Level 1:colcon.colcon_core.environment:create_environment_scripts_only(imu_package)
[1.345s] INFO:colcon.colcon_core.shell:Creating package script '/home/roburoc/PycharmProjects/P9-RobuROC4/src/install/imu_package/share/imu_package/package.ps1'
[1.346s] INFO:colcon.colcon_core.shell:Creating package descriptor '/home/roburoc/PycharmProjects/P9-RobuROC4/src/install/imu_package/share/imu_package/package.dsv'
[1.346s] INFO:colcon.colcon_core.shell:Creating package script '/home/roburoc/PycharmProjects/P9-RobuROC4/src/install/imu_package/share/imu_package/package.sh'
[1.347s] INFO:colcon.colcon_core.shell:Creating package script '/home/roburoc/PycharmProjects/P9-RobuROC4/src/install/imu_package/share/imu_package/package.bash'
[1.347s] INFO:colcon.colcon_core.shell:Creating package script '/home/roburoc/PycharmProjects/P9-RobuROC4/src/install/imu_package/share/imu_package/package.zsh'
[1.348s] Level 1:colcon.colcon_core.environment:create_file_with_runtime_dependencies(/home/roburoc/PycharmProjects/P9-RobuROC4/src/install/imu_package/share/colcon-core/packages/imu_package)
[2.381s] DEBUG:colcon.colcon_core.event_handler.log_command:Invoked command in '/home/roburoc/PycharmProjects/P9-RobuROC4/src/build/velodyne_gazebo_plugins' returned '0': CMAKE_PREFIX_PATH=/opt/ros/humble /usr/bin/cmake /home/roburoc/PycharmProjects/P9-RobuROC4/src/thirdparty/velodyne_simulator-dashing-devel/velodyne_gazebo_plugins -DCMAKE_INSTALL_PREFIX=/home/roburoc/PycharmProjects/P9-RobuROC4/src/install/velodyne_gazebo_plugins
[2.381s] DEBUG:colcon.colcon_core.event_handler.log_command:Invoking command in '/home/roburoc/PycharmProjects/P9-RobuROC4/src/build/velodyne_gazebo_plugins': CMAKE_PREFIX_PATH=/opt/ros/humble /usr/bin/cmake --build /home/roburoc/PycharmProjects/P9-RobuROC4/src/build/velodyne_gazebo_plugins -- -j12 -l12
[2.386s] DEBUG:colcon.colcon_core.event_handler.log_command:Invoked command in '/home/roburoc/PycharmProjects/P9-RobuROC4/src/build/realsense_gazebo_plugin' returned '0': /usr/bin/cmake /home/roburoc/PycharmProjects/P9-RobuROC4/src/thirdparty/realsense_gazebo_plugin-foxy-devel -DCATKIN_INSTALL_INTO_PREFIX_ROOT=0 -DCMAKE_INSTALL_PREFIX=/home/roburoc/PycharmProjects/P9-RobuROC4/src/install/realsense_gazebo_plugin
[2.387s] DEBUG:colcon.colcon_core.event_handler.log_command:Invoking command in '/home/roburoc/PycharmProjects/P9-RobuROC4/src/build/realsense_gazebo_plugin': /usr/bin/cmake --build /home/roburoc/PycharmProjects/P9-RobuROC4/src/build/realsense_gazebo_plugin -- -j12 -l12
[16.837s] DEBUG:colcon.colcon_core.event_handler.log_command:Invoked command in '/home/roburoc/PycharmProjects/P9-RobuROC4/src/build/velodyne_gazebo_plugins' returned '0': CMAKE_PREFIX_PATH=/opt/ros/humble /usr/bin/cmake --build /home/roburoc/PycharmProjects/P9-RobuROC4/src/build/velodyne_gazebo_plugins -- -j12 -l12
[16.864s] DEBUG:colcon.colcon_core.event_handler.log_command:Invoking command in '/home/roburoc/PycharmProjects/P9-RobuROC4/src/build/velodyne_gazebo_plugins': CMAKE_PREFIX_PATH=/opt/ros/humble /usr/bin/cmake --install /home/roburoc/PycharmProjects/P9-RobuROC4/src/build/velodyne_gazebo_plugins
[16.877s] Level 1:colcon.colcon_core.environment:create_environment_scripts_only(velodyne_gazebo_plugins)
[16.878s] Level 1:colcon.colcon_core.environment:checking '/home/roburoc/PycharmProjects/P9-RobuROC4/src/install/velodyne_gazebo_plugins' for CMake module files
[16.878s] DEBUG:colcon.colcon_core.event_handler.log_command:Invoked command in '/home/roburoc/PycharmProjects/P9-RobuROC4/src/build/velodyne_gazebo_plugins' returned '0': CMAKE_PREFIX_PATH=/opt/ros/humble /usr/bin/cmake --install /home/roburoc/PycharmProjects/P9-RobuROC4/src/build/velodyne_gazebo_plugins
[16.879s] Level 1:colcon.colcon_core.environment:checking '/home/roburoc/PycharmProjects/P9-RobuROC4/src/install/velodyne_gazebo_plugins' for CMake config files
[16.879s] Level 1:colcon.colcon_core.shell:create_environment_hook('velodyne_gazebo_plugins', 'cmake_prefix_path')
[16.879s] INFO:colcon.colcon_core.shell:Creating environment hook '/home/roburoc/PycharmProjects/P9-RobuROC4/src/install/velodyne_gazebo_plugins/share/velodyne_gazebo_plugins/hook/cmake_prefix_path.ps1'
[16.879s] INFO:colcon.colcon_core.shell:Creating environment descriptor '/home/roburoc/PycharmProjects/P9-RobuROC4/src/install/velodyne_gazebo_plugins/share/velodyne_gazebo_plugins/hook/cmake_prefix_path.dsv'
[16.880s] INFO:colcon.colcon_core.shell:Creating environment hook '/home/roburoc/PycharmProjects/P9-RobuROC4/src/install/velodyne_gazebo_plugins/share/velodyne_gazebo_plugins/hook/cmake_prefix_path.sh'
[16.880s] Level 1:colcon.colcon_core.environment:checking '/home/roburoc/PycharmProjects/P9-RobuROC4/src/install/velodyne_gazebo_plugins/lib'
[16.880s] Level 1:colcon.colcon_core.shell:create_environment_hook('velodyne_gazebo_plugins', 'ld_library_path_lib')
[16.880s] INFO:colcon.colcon_core.shell:Creating environment hook '/home/roburoc/PycharmProjects/P9-RobuROC4/src/install/velodyne_gazebo_plugins/share/velodyne_gazebo_plugins/hook/ld_library_path_lib.ps1'
[16.881s] INFO:colcon.colcon_core.shell:Creating environment descriptor '/home/roburoc/PycharmProjects/P9-RobuROC4/src/install/velodyne_gazebo_plugins/share/velodyne_gazebo_plugins/hook/ld_library_path_lib.dsv'
[16.881s] INFO:colcon.colcon_core.shell:Creating environment hook '/home/roburoc/PycharmProjects/P9-RobuROC4/src/install/velodyne_gazebo_plugins/share/velodyne_gazebo_plugins/hook/ld_library_path_lib.sh'
[16.881s] Level 1:colcon.colcon_core.environment:checking '/home/roburoc/PycharmProjects/P9-RobuROC4/src/install/velodyne_gazebo_plugins/bin'
[16.881s] Level 1:colcon.colcon_core.environment:checking '/home/roburoc/PycharmProjects/P9-RobuROC4/src/install/velodyne_gazebo_plugins/lib/pkgconfig/velodyne_gazebo_plugins.pc'
[16.881s] Level 1:colcon.colcon_core.environment:checking '/home/roburoc/PycharmProjects/P9-RobuROC4/src/install/velodyne_gazebo_plugins/lib/python3.10/site-packages'
[16.882s] Level 1:colcon.colcon_core.environment:checking '/home/roburoc/PycharmProjects/P9-RobuROC4/src/install/velodyne_gazebo_plugins/bin'
[16.882s] INFO:colcon.colcon_core.shell:Creating package script '/home/roburoc/PycharmProjects/P9-RobuROC4/src/install/velodyne_gazebo_plugins/share/velodyne_gazebo_plugins/package.ps1'
[16.882s] INFO:colcon.colcon_core.shell:Creating package descriptor '/home/roburoc/PycharmProjects/P9-RobuROC4/src/install/velodyne_gazebo_plugins/share/velodyne_gazebo_plugins/package.dsv'
[16.883s] INFO:colcon.colcon_core.shell:Creating package script '/home/roburoc/PycharmProjects/P9-RobuROC4/src/install/velodyne_gazebo_plugins/share/velodyne_gazebo_plugins/package.sh'
[16.883s] INFO:colcon.colcon_core.shell:Creating package script '/home/roburoc/PycharmProjects/P9-RobuROC4/src/install/velodyne_gazebo_plugins/share/velodyne_gazebo_plugins/package.bash'
[16.884s] INFO:colcon.colcon_core.shell:Creating package script '/home/roburoc/PycharmProjects/P9-RobuROC4/src/install/velodyne_gazebo_plugins/share/velodyne_gazebo_plugins/package.zsh'
[16.884s] Level 1:colcon.colcon_core.environment:create_file_with_runtime_dependencies(/home/roburoc/PycharmProjects/P9-RobuROC4/src/install/velodyne_gazebo_plugins/share/colcon-core/packages/velodyne_gazebo_plugins)
[16.902s] Level 1:colcon.colcon_core.environment:create_environment_scripts_only(velodyne_gazebo_plugins)
[16.902s] Level 1:colcon.colcon_core.environment:checking '/home/roburoc/PycharmProjects/P9-RobuROC4/src/install/velodyne_gazebo_plugins' for CMake module files
[16.903s] Level 1:colcon.colcon_core.environment:checking '/home/roburoc/PycharmProjects/P9-RobuROC4/src/install/velodyne_gazebo_plugins' for CMake config files
[16.903s] Level 1:colcon.colcon_core.shell:create_environment_hook('velodyne_gazebo_plugins', 'cmake_prefix_path')
[16.903s] INFO:colcon.colcon_core.shell:Creating environment hook '/home/roburoc/PycharmProjects/P9-RobuROC4/src/install/velodyne_gazebo_plugins/share/velodyne_gazebo_plugins/hook/cmake_prefix_path.ps1'
[16.903s] INFO:colcon.colcon_core.shell:Creating environment descriptor '/home/roburoc/PycharmProjects/P9-RobuROC4/src/install/velodyne_gazebo_plugins/share/velodyne_gazebo_plugins/hook/cmake_prefix_path.dsv'
[16.904s] INFO:colcon.colcon_core.shell:Creating environment hook '/home/roburoc/PycharmProjects/P9-RobuROC4/src/install/velodyne_gazebo_plugins/share/velodyne_gazebo_plugins/hook/cmake_prefix_path.sh'
[16.904s] Level 1:colcon.colcon_core.environment:checking '/home/roburoc/PycharmProjects/P9-RobuROC4/src/install/velodyne_gazebo_plugins/lib'
[16.904s] Level 1:colcon.colcon_core.shell:create_environment_hook('velodyne_gazebo_plugins', 'ld_library_path_lib')
[16.904s] INFO:colcon.colcon_core.shell:Creating environment hook '/home/roburoc/PycharmProjects/P9-RobuROC4/src/install/velodyne_gazebo_plugins/share/velodyne_gazebo_plugins/hook/ld_library_path_lib.ps1'
[16.905s] INFO:colcon.colcon_core.shell:Creating environment descriptor '/home/roburoc/PycharmProjects/P9-RobuROC4/src/install/velodyne_gazebo_plugins/share/velodyne_gazebo_plugins/hook/ld_library_path_lib.dsv'
[16.905s] INFO:colcon.colcon_core.shell:Creating environment hook '/home/roburoc/PycharmProjects/P9-RobuROC4/src/install/velodyne_gazebo_plugins/share/velodyne_gazebo_plugins/hook/ld_library_path_lib.sh'
[16.905s] Level 1:colcon.colcon_core.environment:checking '/home/roburoc/PycharmProjects/P9-RobuROC4/src/install/velodyne_gazebo_plugins/bin'
[16.905s] Level 1:colcon.colcon_core.environment:checking '/home/roburoc/PycharmProjects/P9-RobuROC4/src/install/velodyne_gazebo_plugins/lib/pkgconfig/velodyne_gazebo_plugins.pc'
[16.906s] Level 1:colcon.colcon_core.environment:checking '/home/roburoc/PycharmProjects/P9-RobuROC4/src/install/velodyne_gazebo_plugins/lib/python3.10/site-packages'
[16.906s] Level 1:colcon.colcon_core.environment:checking '/home/roburoc/PycharmProjects/P9-RobuROC4/src/install/velodyne_gazebo_plugins/bin'
[16.906s] INFO:colcon.colcon_core.shell:Creating package script '/home/roburoc/PycharmProjects/P9-RobuROC4/src/install/velodyne_gazebo_plugins/share/velodyne_gazebo_plugins/package.ps1'
[16.907s] INFO:colcon.colcon_core.shell:Creating package descriptor '/home/roburoc/PycharmProjects/P9-RobuROC4/src/install/velodyne_gazebo_plugins/share/velodyne_gazebo_plugins/package.dsv'
[16.907s] INFO:colcon.colcon_core.shell:Creating package script '/home/roburoc/PycharmProjects/P9-RobuROC4/src/install/velodyne_gazebo_plugins/share/velodyne_gazebo_plugins/package.sh'
[16.907s] INFO:colcon.colcon_core.shell:Creating package script '/home/roburoc/PycharmProjects/P9-RobuROC4/src/install/velodyne_gazebo_plugins/share/velodyne_gazebo_plugins/package.bash'
[16.908s] INFO:colcon.colcon_core.shell:Creating package script '/home/roburoc/PycharmProjects/P9-RobuROC4/src/install/velodyne_gazebo_plugins/share/velodyne_gazebo_plugins/package.zsh'
[16.908s] Level 1:colcon.colcon_core.environment:create_file_with_runtime_dependencies(/home/roburoc/PycharmProjects/P9-RobuROC4/src/install/velodyne_gazebo_plugins/share/colcon-core/packages/velodyne_gazebo_plugins)
[23.908s] DEBUG:colcon.colcon_core.event_handler.log_command:Invoked command in '/home/roburoc/PycharmProjects/P9-RobuROC4/src/build/realsense_gazebo_plugin' returned '0': /usr/bin/cmake --build /home/roburoc/PycharmProjects/P9-RobuROC4/src/build/realsense_gazebo_plugin -- -j12 -l12
[23.950s] DEBUG:colcon.colcon_core.event_handler.log_command:Invoking command in '/home/roburoc/PycharmProjects/P9-RobuROC4/src/build/realsense_gazebo_plugin': /usr/bin/cmake --install /home/roburoc/PycharmProjects/P9-RobuROC4/src/build/realsense_gazebo_plugin
[23.963s] DEBUG:colcon.colcon_core.event_handler.log_command:Invoked command in '/home/roburoc/PycharmProjects/P9-RobuROC4/src/build/realsense_gazebo_plugin' returned '0': /usr/bin/cmake --install /home/roburoc/PycharmProjects/P9-RobuROC4/src/build/realsense_gazebo_plugin
[23.982s] Level 1:colcon.colcon_core.shell:create_environment_hook('realsense_gazebo_plugin', 'ros_package_path')
[23.983s] INFO:colcon.colcon_core.shell:Creating environment hook '/home/roburoc/PycharmProjects/P9-RobuROC4/src/install/realsense_gazebo_plugin/share/realsense_gazebo_plugin/hook/ros_package_path.ps1'
[23.983s] INFO:colcon.colcon_core.shell:Creating environment descriptor '/home/roburoc/PycharmProjects/P9-RobuROC4/src/install/realsense_gazebo_plugin/share/realsense_gazebo_plugin/hook/ros_package_path.dsv'
[23.983s] INFO:colcon.colcon_core.shell:Creating environment hook '/home/roburoc/PycharmProjects/P9-RobuROC4/src/install/realsense_gazebo_plugin/share/realsense_gazebo_plugin/hook/ros_package_path.sh'
[23.984s] Level 1:colcon.colcon_core.shell:create_environment_hook('realsense_gazebo_plugin', 'pkg_config_path')
[23.984s] INFO:colcon.colcon_core.shell:Creating environment hook '/home/roburoc/PycharmProjects/P9-RobuROC4/src/install/realsense_gazebo_plugin/share/realsense_gazebo_plugin/hook/pkg_config_path.ps1'
[23.984s] INFO:colcon.colcon_core.shell:Creating environment descriptor '/home/roburoc/PycharmProjects/P9-RobuROC4/src/install/realsense_gazebo_plugin/share/realsense_gazebo_plugin/hook/pkg_config_path.dsv'
[23.985s] INFO:colcon.colcon_core.shell:Creating environment hook '/home/roburoc/PycharmProjects/P9-RobuROC4/src/install/realsense_gazebo_plugin/share/realsense_gazebo_plugin/hook/pkg_config_path.sh'
[23.986s] Level 1:colcon.colcon_core.shell:create_environment_hook('realsense_gazebo_plugin', 'pkg_config_path_multiarch')
[23.986s] INFO:colcon.colcon_core.shell:Creating environment hook '/home/roburoc/PycharmProjects/P9-RobuROC4/src/install/realsense_gazebo_plugin/share/realsense_gazebo_plugin/hook/pkg_config_path_multiarch.ps1'
[23.987s] INFO:colcon.colcon_core.shell:Creating environment descriptor '/home/roburoc/PycharmProjects/P9-RobuROC4/src/install/realsense_gazebo_plugin/share/realsense_gazebo_plugin/hook/pkg_config_path_multiarch.dsv'
[23.987s] INFO:colcon.colcon_core.shell:Creating environment hook '/home/roburoc/PycharmProjects/P9-RobuROC4/src/install/realsense_gazebo_plugin/share/realsense_gazebo_plugin/hook/pkg_config_path_multiarch.sh'
[23.988s] Level 1:colcon.colcon_core.environment:create_environment_scripts_only(realsense_gazebo_plugin)
[23.988s] Level 1:colcon.colcon_core.environment:checking '/home/roburoc/PycharmProjects/P9-RobuROC4/src/install/realsense_gazebo_plugin' for CMake module files
[23.988s] Level 1:colcon.colcon_core.environment:checking '/home/roburoc/PycharmProjects/P9-RobuROC4/src/install/realsense_gazebo_plugin' for CMake config files
[23.988s] Level 1:colcon.colcon_core.shell:create_environment_hook('realsense_gazebo_plugin', 'cmake_prefix_path')
[23.988s] INFO:colcon.colcon_core.shell:Creating environment hook '/home/roburoc/PycharmProjects/P9-RobuROC4/src/install/realsense_gazebo_plugin/share/realsense_gazebo_plugin/hook/cmake_prefix_path.ps1'
[23.989s] INFO:colcon.colcon_core.shell:Creating environment descriptor '/home/roburoc/PycharmProjects/P9-RobuROC4/src/install/realsense_gazebo_plugin/share/realsense_gazebo_plugin/hook/cmake_prefix_path.dsv'
[23.989s] INFO:colcon.colcon_core.shell:Creating environment hook '/home/roburoc/PycharmProjects/P9-RobuROC4/src/install/realsense_gazebo_plugin/share/realsense_gazebo_plugin/hook/cmake_prefix_path.sh'
[23.989s] Level 1:colcon.colcon_core.environment:checking '/home/roburoc/PycharmProjects/P9-RobuROC4/src/install/realsense_gazebo_plugin/lib'
[23.989s] Level 1:colcon.colcon_core.shell:create_environment_hook('realsense_gazebo_plugin', 'ld_library_path_lib')
[23.990s] INFO:colcon.colcon_core.shell:Creating environment hook '/home/roburoc/PycharmProjects/P9-RobuROC4/src/install/realsense_gazebo_plugin/share/realsense_gazebo_plugin/hook/ld_library_path_lib.ps1'
[23.990s] INFO:colcon.colcon_core.shell:Creating environment descriptor '/home/roburoc/PycharmProjects/P9-RobuROC4/src/install/realsense_gazebo_plugin/share/realsense_gazebo_plugin/hook/ld_library_path_lib.dsv'
[23.990s] INFO:colcon.colcon_core.shell:Creating environment hook '/home/roburoc/PycharmProjects/P9-RobuROC4/src/install/realsense_gazebo_plugin/share/realsense_gazebo_plugin/hook/ld_library_path_lib.sh'
[23.990s] Level 1:colcon.colcon_core.environment:checking '/home/roburoc/PycharmProjects/P9-RobuROC4/src/install/realsense_gazebo_plugin/bin'
[23.991s] Level 1:colcon.colcon_core.environment:checking '/home/roburoc/PycharmProjects/P9-RobuROC4/src/install/realsense_gazebo_plugin/lib/pkgconfig/realsense_gazebo_plugin.pc'
[23.991s] Level 1:colcon.colcon_core.environment:checking '/home/roburoc/PycharmProjects/P9-RobuROC4/src/install/realsense_gazebo_plugin/lib/python3.10/site-packages'
[23.991s] Level 1:colcon.colcon_core.environment:checking '/home/roburoc/PycharmProjects/P9-RobuROC4/src/install/realsense_gazebo_plugin/bin'
[23.991s] INFO:colcon.colcon_core.shell:Creating package script '/home/roburoc/PycharmProjects/P9-RobuROC4/src/install/realsense_gazebo_plugin/share/realsense_gazebo_plugin/package.ps1'
[23.992s] INFO:colcon.colcon_core.shell:Creating package descriptor '/home/roburoc/PycharmProjects/P9-RobuROC4/src/install/realsense_gazebo_plugin/share/realsense_gazebo_plugin/package.dsv'
[23.992s] INFO:colcon.colcon_core.shell:Creating package script '/home/roburoc/PycharmProjects/P9-RobuROC4/src/install/realsense_gazebo_plugin/share/realsense_gazebo_plugin/package.sh'
[23.993s] INFO:colcon.colcon_core.shell:Creating package script '/home/roburoc/PycharmProjects/P9-RobuROC4/src/install/realsense_gazebo_plugin/share/realsense_gazebo_plugin/package.bash'
[23.994s] INFO:colcon.colcon_core.shell:Creating package script '/home/roburoc/PycharmProjects/P9-RobuROC4/src/install/realsense_gazebo_plugin/share/realsense_gazebo_plugin/package.zsh'
[23.994s] Level 1:colcon.colcon_core.environment:create_file_with_runtime_dependencies(/home/roburoc/PycharmProjects/P9-RobuROC4/src/install/realsense_gazebo_plugin/share/colcon-core/packages/realsense_gazebo_plugin)
[23.995s] INFO:colcon.colcon_ros.task.ament_cmake.build:Building ROS package in '/home/roburoc/PycharmProjects/P9-RobuROC4/src/RobuROC_sim/src' with build type 'ament_cmake'
[23.995s] INFO:colcon.colcon_cmake.task.cmake.build:Building CMake package in '/home/roburoc/PycharmProjects/P9-RobuROC4/src/RobuROC_sim/src'
[23.995s] INFO:colcon.colcon_core.shell:Skip shell extension 'powershell' for command environment: Not usable outside of PowerShell
[23.995s] DEBUG:colcon.colcon_core.shell:Skip shell extension 'dsv' for command environment
[24.004s] DEBUG:colcon.colcon_core.event_handler.log_command:Invoking command in '/home/roburoc/PycharmProjects/P9-RobuROC4/src/build/RobuROC_sim': AMENT_PREFIX_PATH=/home/roburoc/PycharmProjects/P9-RobuROC4/src/install/velodyne_gazebo_plugins:${AMENT_PREFIX_PATH} CMAKE_PREFIX_PATH=/home/roburoc/PycharmProjects/P9-RobuROC4/src/install/velodyne_gazebo_plugins:/opt/ros/humble:/home/roburoc/PycharmProjects/P9-RobuROC4/src/install/realsense_gazebo_plugin LD_LIBRARY_PATH=/home/roburoc/PycharmProjects/P9-RobuROC4/src/install/velodyne_gazebo_plugins/lib:/home/roburoc/PycharmProjects/P9-RobuROC4/src/install/realsense_gazebo_plugin/lib:${LD_LIBRARY_PATH} PKG_CONFIG_PATH=/home/roburoc/PycharmProjects/P9-RobuROC4/src/install/realsense_gazebo_plugin/lib/x86_64-linux-gnu/pkgconfig:/home/roburoc/PycharmProjects/P9-RobuROC4/src/install/realsense_gazebo_plugin/lib/pkgconfig ROS_PACKAGE_PATH=/home/roburoc/PycharmProjects/P9-RobuROC4/src/install/realsense_gazebo_plugin/share /usr/bin/cmake /home/roburoc/PycharmProjects/P9-RobuROC4/src/RobuROC_sim/src -DCMAKE_INSTALL_PREFIX=/home/roburoc/PycharmProjects/P9-RobuROC4/src/install/RobuROC_sim
[25.894s] DEBUG:colcon.colcon_core.event_handler.log_command:Invoked command in '/home/roburoc/PycharmProjects/P9-RobuROC4/src/build/RobuROC_sim' returned '0': AMENT_PREFIX_PATH=/home/roburoc/PycharmProjects/P9-RobuROC4/src/install/velodyne_gazebo_plugins:${AMENT_PREFIX_PATH} CMAKE_PREFIX_PATH=/home/roburoc/PycharmProjects/P9-RobuROC4/src/install/velodyne_gazebo_plugins:/opt/ros/humble:/home/roburoc/PycharmProjects/P9-RobuROC4/src/install/realsense_gazebo_plugin LD_LIBRARY_PATH=/home/roburoc/PycharmProjects/P9-RobuROC4/src/install/velodyne_gazebo_plugins/lib:/home/roburoc/PycharmProjects/P9-RobuROC4/src/install/realsense_gazebo_plugin/lib:${LD_LIBRARY_PATH} PKG_CONFIG_PATH=/home/roburoc/PycharmProjects/P9-RobuROC4/src/install/realsense_gazebo_plugin/lib/x86_64-linux-gnu/pkgconfig:/home/roburoc/PycharmProjects/P9-RobuROC4/src/install/realsense_gazebo_plugin/lib/pkgconfig ROS_PACKAGE_PATH=/home/roburoc/PycharmProjects/P9-RobuROC4/src/install/realsense_gazebo_plugin/share /usr/bin/cmake /home/roburoc/PycharmProjects/P9-RobuROC4/src/RobuROC_sim/src -DCMAKE_INSTALL_PREFIX=/home/roburoc/PycharmProjects/P9-RobuROC4/src/install/RobuROC_sim
[25.895s] DEBUG:colcon.colcon_core.event_handler.log_command:Invoking command in '/home/roburoc/PycharmProjects/P9-RobuROC4/src/build/RobuROC_sim': AMENT_PREFIX_PATH=/home/roburoc/PycharmProjects/P9-RobuROC4/src/install/velodyne_gazebo_plugins:${AMENT_PREFIX_PATH} CMAKE_PREFIX_PATH=/home/roburoc/PycharmProjects/P9-RobuROC4/src/install/velodyne_gazebo_plugins:/opt/ros/humble:/home/roburoc/PycharmProjects/P9-RobuROC4/src/install/realsense_gazebo_plugin LD_LIBRARY_PATH=/home/roburoc/PycharmProjects/P9-RobuROC4/src/install/velodyne_gazebo_plugins/lib:/home/roburoc/PycharmProjects/P9-RobuROC4/src/install/realsense_gazebo_plugin/lib:${LD_LIBRARY_PATH} PKG_CONFIG_PATH=/home/roburoc/PycharmProjects/P9-RobuROC4/src/install/realsense_gazebo_plugin/lib/x86_64-linux-gnu/pkgconfig:/home/roburoc/PycharmProjects/P9-RobuROC4/src/install/realsense_gazebo_plugin/lib/pkgconfig ROS_PACKAGE_PATH=/home/roburoc/PycharmProjects/P9-RobuROC4/src/install/realsense_gazebo_plugin/share /usr/bin/cmake --build /home/roburoc/PycharmProjects/P9-RobuROC4/src/build/RobuROC_sim -- -j12 -l12
[26.200s] DEBUG:colcon.colcon_core.event_handler.log_command:Invoked command in '/home/roburoc/PycharmProjects/P9-RobuROC4/src/build/RobuROC_sim' returned '0': AMENT_PREFIX_PATH=/home/roburoc/PycharmProjects/P9-RobuROC4/src/install/velodyne_gazebo_plugins:${AMENT_PREFIX_PATH} CMAKE_PREFIX_PATH=/home/roburoc/PycharmProjects/P9-RobuROC4/src/install/velodyne_gazebo_plugins:/opt/ros/humble:/home/roburoc/PycharmProjects/P9-RobuROC4/src/install/realsense_gazebo_plugin LD_LIBRARY_PATH=/home/roburoc/PycharmProjects/P9-RobuROC4/src/install/velodyne_gazebo_plugins/lib:/home/roburoc/PycharmProjects/P9-RobuROC4/src/install/realsense_gazebo_plugin/lib:${LD_LIBRARY_PATH} PKG_CONFIG_PATH=/home/roburoc/PycharmProjects/P9-RobuROC4/src/install/realsense_gazebo_plugin/lib/x86_64-linux-gnu/pkgconfig:/home/roburoc/PycharmProjects/P9-RobuROC4/src/install/realsense_gazebo_plugin/lib/pkgconfig ROS_PACKAGE_PATH=/home/roburoc/PycharmProjects/P9-RobuROC4/src/install/realsense_gazebo_plugin/share /usr/bin/cmake --build /home/roburoc/PycharmProjects/P9-RobuROC4/src/build/RobuROC_sim -- -j12 -l12
[26.219s] DEBUG:colcon.colcon_core.event_handler.log_command:Invoking command in '/home/roburoc/PycharmProjects/P9-RobuROC4/src/build/RobuROC_sim': AMENT_PREFIX_PATH=/home/roburoc/PycharmProjects/P9-RobuROC4/src/install/velodyne_gazebo_plugins:${AMENT_PREFIX_PATH} CMAKE_PREFIX_PATH=/home/roburoc/PycharmProjects/P9-RobuROC4/src/install/velodyne_gazebo_plugins:/opt/ros/humble:/home/roburoc/PycharmProjects/P9-RobuROC4/src/install/realsense_gazebo_plugin LD_LIBRARY_PATH=/home/roburoc/PycharmProjects/P9-RobuROC4/src/install/velodyne_gazebo_plugins/lib:/home/roburoc/PycharmProjects/P9-RobuROC4/src/install/realsense_gazebo_plugin/lib:${LD_LIBRARY_PATH} PKG_CONFIG_PATH=/home/roburoc/PycharmProjects/P9-RobuROC4/src/install/realsense_gazebo_plugin/lib/x86_64-linux-gnu/pkgconfig:/home/roburoc/PycharmProjects/P9-RobuROC4/src/install/realsense_gazebo_plugin/lib/pkgconfig ROS_PACKAGE_PATH=/home/roburoc/PycharmProjects/P9-RobuROC4/src/install/realsense_gazebo_plugin/share /usr/bin/cmake --install /home/roburoc/PycharmProjects/P9-RobuROC4/src/build/RobuROC_sim
[26.283s] Level 1:colcon.colcon_core.environment:create_environment_scripts_only(RobuROC_sim)
[26.283s] Level 1:colcon.colcon_core.environment:checking '/home/roburoc/PycharmProjects/P9-RobuROC4/src/install/RobuROC_sim' for CMake module files
[26.284s] DEBUG:colcon.colcon_core.event_handler.log_command:Invoked command in '/home/roburoc/PycharmProjects/P9-RobuROC4/src/build/RobuROC_sim' returned '0': AMENT_PREFIX_PATH=/home/roburoc/PycharmProjects/P9-RobuROC4/src/install/velodyne_gazebo_plugins:${AMENT_PREFIX_PATH} CMAKE_PREFIX_PATH=/home/roburoc/PycharmProjects/P9-RobuROC4/src/install/velodyne_gazebo_plugins:/opt/ros/humble:/home/roburoc/PycharmProjects/P9-RobuROC4/src/install/realsense_gazebo_plugin LD_LIBRARY_PATH=/home/roburoc/PycharmProjects/P9-RobuROC4/src/install/velodyne_gazebo_plugins/lib:/home/roburoc/PycharmProjects/P9-RobuROC4/src/install/realsense_gazebo_plugin/lib:${LD_LIBRARY_PATH} PKG_CONFIG_PATH=/home/roburoc/PycharmProjects/P9-RobuROC4/src/install/realsense_gazebo_plugin/lib/x86_64-linux-gnu/pkgconfig:/home/roburoc/PycharmProjects/P9-RobuROC4/src/install/realsense_gazebo_plugin/lib/pkgconfig ROS_PACKAGE_PATH=/home/roburoc/PycharmProjects/P9-RobuROC4/src/install/realsense_gazebo_plugin/share /usr/bin/cmake --install /home/roburoc/PycharmProjects/P9-RobuROC4/src/build/RobuROC_sim
[26.284s] Level 1:colcon.colcon_core.environment:checking '/home/roburoc/PycharmProjects/P9-RobuROC4/src/install/RobuROC_sim' for CMake config files
[26.284s] Level 1:colcon.colcon_core.shell:create_environment_hook('RobuROC_sim', 'cmake_prefix_path')
[26.284s] INFO:colcon.colcon_core.shell:Creating environment hook '/home/roburoc/PycharmProjects/P9-RobuROC4/src/install/RobuROC_sim/share/RobuROC_sim/hook/cmake_prefix_path.ps1'
[26.285s] INFO:colcon.colcon_core.shell:Creating environment descriptor '/home/roburoc/PycharmProjects/P9-RobuROC4/src/install/RobuROC_sim/share/RobuROC_sim/hook/cmake_prefix_path.dsv'
[26.285s] INFO:colcon.colcon_core.shell:Creating environment hook '/home/roburoc/PycharmProjects/P9-RobuROC4/src/install/RobuROC_sim/share/RobuROC_sim/hook/cmake_prefix_path.sh'
[26.285s] Level 1:colcon.colcon_core.environment:checking '/home/roburoc/PycharmProjects/P9-RobuROC4/src/install/RobuROC_sim/lib'
[26.285s] Level 1:colcon.colcon_core.environment:checking '/home/roburoc/PycharmProjects/P9-RobuROC4/src/install/RobuROC_sim/bin'
[26.286s] Level 1:colcon.colcon_core.environment:checking '/home/roburoc/PycharmProjects/P9-RobuROC4/src/install/RobuROC_sim/lib/pkgconfig/RobuROC_sim.pc'
[26.286s] Level 1:colcon.colcon_core.environment:checking '/home/roburoc/PycharmProjects/P9-RobuROC4/src/install/RobuROC_sim/lib/python3.10/site-packages'
[26.286s] Level 1:colcon.colcon_core.environment:checking '/home/roburoc/PycharmProjects/P9-RobuROC4/src/install/RobuROC_sim/bin'
[26.286s] INFO:colcon.colcon_core.shell:Creating package script '/home/roburoc/PycharmProjects/P9-RobuROC4/src/install/RobuROC_sim/share/RobuROC_sim/package.ps1'
[26.287s] INFO:colcon.colcon_core.shell:Creating package descriptor '/home/roburoc/PycharmProjects/P9-RobuROC4/src/install/RobuROC_sim/share/RobuROC_sim/package.dsv'
[26.287s] INFO:colcon.colcon_core.shell:Creating package script '/home/roburoc/PycharmProjects/P9-RobuROC4/src/install/RobuROC_sim/share/RobuROC_sim/package.sh'
[26.287s] INFO:colcon.colcon_core.shell:Creating package script '/home/roburoc/PycharmProjects/P9-RobuROC4/src/install/RobuROC_sim/share/RobuROC_sim/package.bash'
[26.287s] INFO:colcon.colcon_core.shell:Creating package script '/home/roburoc/PycharmProjects/P9-RobuROC4/src/install/RobuROC_sim/share/RobuROC_sim/package.zsh'
[26.288s] Level 1:colcon.colcon_core.environment:create_file_with_runtime_dependencies(/home/roburoc/PycharmProjects/P9-RobuROC4/src/install/RobuROC_sim/share/colcon-core/packages/RobuROC_sim)
[26.307s] Level 1:colcon.colcon_core.environment:create_environment_scripts_only(RobuROC_sim)
[26.307s] Level 1:colcon.colcon_core.environment:checking '/home/roburoc/PycharmProjects/P9-RobuROC4/src/install/RobuROC_sim' for CMake module files
[26.307s] Level 1:colcon.colcon_core.environment:checking '/home/roburoc/PycharmProjects/P9-RobuROC4/src/install/RobuROC_sim' for CMake config files
[26.308s] Level 1:colcon.colcon_core.shell:create_environment_hook('RobuROC_sim', 'cmake_prefix_path')
[26.308s] INFO:colcon.colcon_core.shell:Creating environment hook '/home/roburoc/PycharmProjects/P9-RobuROC4/src/install/RobuROC_sim/share/RobuROC_sim/hook/cmake_prefix_path.ps1'
[26.308s] INFO:colcon.colcon_core.shell:Creating environment descriptor '/home/roburoc/PycharmProjects/P9-RobuROC4/src/install/RobuROC_sim/share/RobuROC_sim/hook/cmake_prefix_path.dsv'
[26.309s] INFO:colcon.colcon_core.shell:Creating environment hook '/home/roburoc/PycharmProjects/P9-RobuROC4/src/install/RobuROC_sim/share/RobuROC_sim/hook/cmake_prefix_path.sh'
[26.309s] Level 1:colcon.colcon_core.environment:checking '/home/roburoc/PycharmProjects/P9-RobuROC4/src/install/RobuROC_sim/lib'
[26.309s] Level 1:colcon.colcon_core.environment:checking '/home/roburoc/PycharmProjects/P9-RobuROC4/src/install/RobuROC_sim/bin'
[26.309s] Level 1:colcon.colcon_core.environment:checking '/home/roburoc/PycharmProjects/P9-RobuROC4/src/install/RobuROC_sim/lib/pkgconfig/RobuROC_sim.pc'
[26.310s] Level 1:colcon.colcon_core.environment:checking '/home/roburoc/PycharmProjects/P9-RobuROC4/src/install/RobuROC_sim/lib/python3.10/site-packages'
[26.310s] Level 1:colcon.colcon_core.environment:checking '/home/roburoc/PycharmProjects/P9-RobuROC4/src/install/RobuROC_sim/bin'
[26.310s] INFO:colcon.colcon_core.shell:Creating package script '/home/roburoc/PycharmProjects/P9-RobuROC4/src/install/RobuROC_sim/share/RobuROC_sim/package.ps1'
[26.311s] INFO:colcon.colcon_core.shell:Creating package descriptor '/home/roburoc/PycharmProjects/P9-RobuROC4/src/install/RobuROC_sim/share/RobuROC_sim/package.dsv'
[26.311s] INFO:colcon.colcon_core.shell:Creating package script '/home/roburoc/PycharmProjects/P9-RobuROC4/src/install/RobuROC_sim/share/RobuROC_sim/package.sh'
[26.311s] INFO:colcon.colcon_core.shell:Creating package script '/home/roburoc/PycharmProjects/P9-RobuROC4/src/install/RobuROC_sim/share/RobuROC_sim/package.bash'
[26.312s] INFO:colcon.colcon_core.shell:Creating package script '/home/roburoc/PycharmProjects/P9-RobuROC4/src/install/RobuROC_sim/share/RobuROC_sim/package.zsh'
[26.312s] Level 1:colcon.colcon_core.environment:create_file_with_runtime_dependencies(/home/roburoc/PycharmProjects/P9-RobuROC4/src/install/RobuROC_sim/share/colcon-core/packages/RobuROC_sim)
[26.312s] DEBUG:colcon.colcon_parallel_executor.executor.parallel:closing loop
[26.312s] DEBUG:colcon.colcon_parallel_executor.executor.parallel:loop closed
[26.312s] DEBUG:colcon.colcon_parallel_executor.executor.parallel:run_until_complete finished with '0'
[26.313s] DEBUG:colcon.colcon_core.event_reactor:joining thread
[26.318s] INFO:colcon.colcon_core.plugin_system:Skipping extension 'colcon_notification.desktop_notification.terminal_notifier': Not used on non-Darwin systems
[26.318s] INFO:colcon.colcon_core.plugin_system:Skipping extension 'colcon_notification.desktop_notification.win32': Not used on non-Windows systems
[26.318s] INFO:colcon.colcon_notification.desktop_notification:Sending desktop notification using 'notify2'
[26.389s] DEBUG:colcon.colcon_core.event_reactor:joined thread
[26.390s] INFO:colcon.colcon_core.shell:Creating prefix script '/home/roburoc/PycharmProjects/P9-RobuROC4/src/install/local_setup.ps1'
[26.391s] INFO:colcon.colcon_core.shell:Creating prefix util module '/home/roburoc/PycharmProjects/P9-RobuROC4/src/install/_local_setup_util_ps1.py'
[26.393s] INFO:colcon.colcon_core.shell:Creating prefix chain script '/home/roburoc/PycharmProjects/P9-RobuROC4/src/install/setup.ps1'
[26.394s] INFO:colcon.colcon_core.shell:Creating prefix script '/home/roburoc/PycharmProjects/P9-RobuROC4/src/install/local_setup.sh'
[26.395s] INFO:colcon.colcon_core.shell:Creating prefix util module '/home/roburoc/PycharmProjects/P9-RobuROC4/src/install/_local_setup_util_sh.py'
[26.396s] INFO:colcon.colcon_core.shell:Creating prefix chain script '/home/roburoc/PycharmProjects/P9-RobuROC4/src/install/setup.sh'
[26.397s] INFO:colcon.colcon_core.shell:Creating prefix script '/home/roburoc/PycharmProjects/P9-RobuROC4/src/install/local_setup.bash'
[26.398s] INFO:colcon.colcon_core.shell:Creating prefix chain script '/home/roburoc/PycharmProjects/P9-RobuROC4/src/install/setup.bash'
[26.399s] INFO:colcon.colcon_core.shell:Creating prefix script '/home/roburoc/PycharmProjects/P9-RobuROC4/src/install/local_setup.zsh'
[26.400s] INFO:colcon.colcon_core.shell:Creating prefix chain script '/home/roburoc/PycharmProjects/P9-RobuROC4/src/install/setup.zsh'
