[0.009s] Invoking command in '/home/roburoc/PycharmProjects/P9-RobuROC4/build/canopen_interfaces': CMAKE_PREFIX_PATH=${CMAKE_PREFIX_PATH}:/opt/ros/humble /usr/bin/cmake --build /home/roburoc/PycharmProjects/P9-RobuROC4/build/canopen_interfaces --clean-first -- -j12 -l12
[0.194s] [  1%] [34m[1mGenerating C code for ROS interfaces[0m
[0.202s] [  2%] [34m[1mGenerating C++ code for ROS interfaces[0m
[0.208s] [  2%] Built target ament_cmake_python_copy_canopen_interfaces
[0.461s] running egg_info
[0.462s] writing canopen_interfaces.egg-info/PKG-INFO
[0.464s] writing dependency_links to canopen_interfaces.egg-info/dependency_links.txt
[0.466s] writing top-level names to canopen_interfaces.egg-info/top_level.txt
[0.475s] reading manifest file 'canopen_interfaces.egg-info/SOURCES.txt'
[0.476s] writing manifest file 'canopen_interfaces.egg-info/SOURCES.txt'
[0.496s] [  2%] Built target ament_cmake_python_build_canopen_interfaces_egg
[0.804s] [  2%] Built target canopen_interfaces__cpp
[0.813s] [  7%] [34m[1mGenerating C++ type support for eProsima Fast-RTPS[0m
[0.813s] [  7%] [34m[1mGenerating C++ type support dispatch for ROS interfaces[0m
[0.813s] [  7%] [34m[1mGenerating C++ introspection for ROS interfaces[0m
[0.864s] [  8%] [32mBuilding C object CMakeFiles/canopen_interfaces__rosidl_generator_c.dir/rosidl_generator_c/canopen_interfaces/msg/detail/can_subscription__functions.c.o[0m
[0.866s] [  9%] [32mBuilding C object CMakeFiles/canopen_interfaces__rosidl_generator_c.dir/rosidl_generator_c/canopen_interfaces/srv/detail/can_connection__functions.c.o[0m
[0.866s] [ 11%] [32mBuilding C object CMakeFiles/canopen_interfaces__rosidl_generator_c.dir/rosidl_generator_c/canopen_interfaces/msg/detail/can_write__functions.c.o[0m
[0.867s] [ 14%] [32mBuilding C object CMakeFiles/canopen_interfaces__rosidl_generator_c.dir/rosidl_generator_c/canopen_interfaces/srv/detail/can_periodic_task__functions.c.o[0m
[0.867s] [ 14%] [32mBuilding C object CMakeFiles/canopen_interfaces__rosidl_generator_c.dir/rosidl_generator_c/canopen_interfaces/srv/detail/can_subscribe__functions.c.o[0m
[0.867s] [ 15%] [32mBuilding C object CMakeFiles/canopen_interfaces__rosidl_generator_c.dir/rosidl_generator_c/canopen_interfaces/srv/detail/can_read__functions.c.o[0m
[0.953s] [ 16%] [32m[1mLinking C shared library libcanopen_interfaces__rosidl_generator_c.so[0m
[0.982s] [ 16%] Built target canopen_interfaces__rosidl_generator_c
[0.991s] [ 21%] [34m[1mGenerating C type support dispatch for ROS interfaces[0m
[0.991s] [ 21%] [34m[1mGenerating C introspection for ROS interfaces[0m
[0.991s] [ 21%] [34m[1mGenerating C type support for eProsima Fast-RTPS[0m
[1.196s] [ 26%] [32mBuilding CXX object CMakeFiles/canopen_interfaces__rosidl_typesupport_cpp.dir/rosidl_typesupport_cpp/canopen_interfaces/srv/can_periodic_task__type_support.cpp.o[0m
[1.196s] [ 26%] [32mBuilding CXX object CMakeFiles/canopen_interfaces__rosidl_typesupport_cpp.dir/rosidl_typesupport_cpp/canopen_interfaces/msg/can_subscription__type_support.cpp.o[0m
[1.197s] [ 26%] [32mBuilding CXX object CMakeFiles/canopen_interfaces__rosidl_typesupport_cpp.dir/rosidl_typesupport_cpp/canopen_interfaces/msg/can_write__type_support.cpp.o[0m
[1.197s] [ 28%] [32mBuilding CXX object CMakeFiles/canopen_interfaces__rosidl_typesupport_cpp.dir/rosidl_typesupport_cpp/canopen_interfaces/srv/can_read__type_support.cpp.o[0m
[1.197s] [ 26%] [32mBuilding CXX object CMakeFiles/canopen_interfaces__rosidl_typesupport_cpp.dir/rosidl_typesupport_cpp/canopen_interfaces/srv/can_subscribe__type_support.cpp.o[0m
[1.205s] [ 29%] [32mBuilding CXX object CMakeFiles/canopen_interfaces__rosidl_typesupport_cpp.dir/rosidl_typesupport_cpp/canopen_interfaces/srv/can_connection__type_support.cpp.o[0m
[1.392s] [ 32%] [32mBuilding CXX object CMakeFiles/canopen_interfaces__rosidl_typesupport_introspection_cpp.dir/rosidl_typesupport_introspection_cpp/canopen_interfaces/msg/detail/can_write__type_support.cpp.o[0m
[1.392s] [ 32%] [32mBuilding CXX object CMakeFiles/canopen_interfaces__rosidl_typesupport_introspection_cpp.dir/rosidl_typesupport_introspection_cpp/canopen_interfaces/msg/detail/can_subscription__type_support.cpp.o[0m
[1.514s] [ 33%] [32mBuilding CXX object CMakeFiles/canopen_interfaces__rosidl_typesupport_c.dir/rosidl_typesupport_c/canopen_interfaces/msg/can_write__type_support.cpp.o[0m
[1.517s] [ 35%] [32mBuilding CXX object CMakeFiles/canopen_interfaces__rosidl_typesupport_c.dir/rosidl_typesupport_c/canopen_interfaces/msg/can_subscription__type_support.cpp.o[0m
[1.555s] [ 36%] [32mBuilding CXX object CMakeFiles/canopen_interfaces__rosidl_typesupport_c.dir/rosidl_typesupport_c/canopen_interfaces/srv/can_subscribe__type_support.cpp.o[0m
[1.560s] [ 38%] [32mBuilding CXX object CMakeFiles/canopen_interfaces__rosidl_typesupport_c.dir/rosidl_typesupport_c/canopen_interfaces/srv/can_periodic_task__type_support.cpp.o[0m
[1.567s] [ 39%] [32mBuilding CXX object CMakeFiles/canopen_interfaces__rosidl_typesupport_introspection_cpp.dir/rosidl_typesupport_introspection_cpp/canopen_interfaces/srv/detail/can_subscribe__type_support.cpp.o[0m
[1.568s] [ 40%] [32mBuilding CXX object CMakeFiles/canopen_interfaces__rosidl_typesupport_c.dir/rosidl_typesupport_c/canopen_interfaces/srv/can_read__type_support.cpp.o[0m
[1.574s] [ 42%] [32mBuilding CXX object CMakeFiles/canopen_interfaces__rosidl_typesupport_c.dir/rosidl_typesupport_c/canopen_interfaces/srv/can_connection__type_support.cpp.o[0m
[1.576s] [ 43%] [32mBuilding CXX object CMakeFiles/canopen_interfaces__rosidl_typesupport_introspection_cpp.dir/rosidl_typesupport_introspection_cpp/canopen_interfaces/srv/detail/can_periodic_task__type_support.cpp.o[0m
[1.585s] [ 45%] [32mBuilding CXX object CMakeFiles/canopen_interfaces__rosidl_typesupport_fastrtps_cpp.dir/rosidl_typesupport_fastrtps_cpp/canopen_interfaces/msg/detail/dds_fastrtps/can_write__type_support.cpp.o[0m
[1.597s] [ 46%] [32m[1mLinking CXX shared library libcanopen_interfaces__rosidl_typesupport_cpp.so[0m
[1.597s] [ 47%] [32mBuilding CXX object CMakeFiles/canopen_interfaces__rosidl_typesupport_fastrtps_cpp.dir/rosidl_typesupport_fastrtps_cpp/canopen_interfaces/msg/detail/dds_fastrtps/can_subscription__type_support.cpp.o[0m
[1.610s] [ 49%] [32mBuilding CXX object CMakeFiles/canopen_interfaces__rosidl_typesupport_fastrtps_cpp.dir/rosidl_typesupport_fastrtps_cpp/canopen_interfaces/srv/detail/dds_fastrtps/can_subscribe__type_support.cpp.o[0m
[1.617s] [ 50%] [32m[1mLinking CXX shared library libcanopen_interfaces__rosidl_typesupport_c.so[0m
[1.619s] [ 52%] [32mBuilding CXX object CMakeFiles/canopen_interfaces__rosidl_typesupport_introspection_cpp.dir/rosidl_typesupport_introspection_cpp/canopen_interfaces/srv/detail/can_read__type_support.cpp.o[0m
[1.666s] [ 52%] Built target canopen_interfaces__rosidl_typesupport_cpp
[1.676s] [ 53%] [32mBuilding CXX object CMakeFiles/canopen_interfaces__rosidl_typesupport_introspection_cpp.dir/rosidl_typesupport_introspection_cpp/canopen_interfaces/srv/detail/can_connection__type_support.cpp.o[0m
[1.687s] [ 53%] Built target canopen_interfaces__rosidl_typesupport_c
[1.777s] [ 54%] [32mBuilding C object CMakeFiles/canopen_interfaces__rosidl_typesupport_introspection_c.dir/rosidl_typesupport_introspection_c/canopen_interfaces/msg/detail/can_write__type_support.c.o[0m
[1.787s] [ 56%] [32mBuilding C object CMakeFiles/canopen_interfaces__rosidl_typesupport_introspection_c.dir/rosidl_typesupport_introspection_c/canopen_interfaces/msg/detail/can_subscription__type_support.c.o[0m
[1.806s] [ 57%] [32mBuilding CXX object CMakeFiles/canopen_interfaces__rosidl_typesupport_fastrtps_c.dir/rosidl_typesupport_fastrtps_c/canopen_interfaces/msg/detail/can_write__type_support_c.cpp.o[0m
[1.838s] [ 59%] [32mBuilding C object CMakeFiles/canopen_interfaces__rosidl_typesupport_introspection_c.dir/rosidl_typesupport_introspection_c/canopen_interfaces/srv/detail/can_subscribe__type_support.c.o[0m
[1.853s] [ 60%] [32mBuilding C object CMakeFiles/canopen_interfaces__rosidl_typesupport_introspection_c.dir/rosidl_typesupport_introspection_c/canopen_interfaces/srv/detail/can_periodic_task__type_support.c.o[0m
[1.895s] [ 61%] [32mBuilding C object CMakeFiles/canopen_interfaces__rosidl_typesupport_introspection_c.dir/rosidl_typesupport_introspection_c/canopen_interfaces/srv/detail/can_read__type_support.c.o[0m
[1.913s] [ 63%] [32mBuilding C object CMakeFiles/canopen_interfaces__rosidl_typesupport_introspection_c.dir/rosidl_typesupport_introspection_c/canopen_interfaces/srv/detail/can_connection__type_support.c.o[0m
[1.961s] [ 64%] [32mBuilding CXX object CMakeFiles/canopen_interfaces__rosidl_typesupport_fastrtps_c.dir/rosidl_typesupport_fastrtps_c/canopen_interfaces/msg/detail/can_subscription__type_support_c.cpp.o[0m
[1.963s] [ 66%] [32mBuilding CXX object CMakeFiles/canopen_interfaces__rosidl_typesupport_fastrtps_c.dir/rosidl_typesupport_fastrtps_c/canopen_interfaces/srv/detail/can_subscribe__type_support_c.cpp.o[0m
[1.972s] [ 67%] [32m[1mLinking C shared library libcanopen_interfaces__rosidl_typesupport_introspection_c.so[0m
[1.978s] [ 69%] [32mBuilding CXX object CMakeFiles/canopen_interfaces__rosidl_typesupport_fastrtps_c.dir/rosidl_typesupport_fastrtps_c/canopen_interfaces/srv/detail/can_periodic_task__type_support_c.cpp.o[0m
[2.026s] [ 69%] Built target canopen_interfaces__rosidl_typesupport_introspection_c
[2.037s] [ 70%] [32mBuilding CXX object CMakeFiles/canopen_interfaces__rosidl_typesupport_fastrtps_c.dir/rosidl_typesupport_fastrtps_c/canopen_interfaces/srv/detail/can_read__type_support_c.cpp.o[0m
[2.114s] [ 71%] [32mBuilding CXX object CMakeFiles/canopen_interfaces__rosidl_typesupport_fastrtps_c.dir/rosidl_typesupport_fastrtps_c/canopen_interfaces/srv/detail/can_connection__type_support_c.cpp.o[0m
[2.163s] [ 73%] [32mBuilding CXX object CMakeFiles/canopen_interfaces__rosidl_typesupport_fastrtps_cpp.dir/rosidl_typesupport_fastrtps_cpp/canopen_interfaces/srv/detail/dds_fastrtps/can_periodic_task__type_support.cpp.o[0m
[2.222s] [ 74%] [32mBuilding CXX object CMakeFiles/canopen_interfaces__rosidl_typesupport_fastrtps_cpp.dir/rosidl_typesupport_fastrtps_cpp/canopen_interfaces/srv/detail/dds_fastrtps/can_read__type_support.cpp.o[0m
[2.222s] [ 76%] [32mBuilding CXX object CMakeFiles/canopen_interfaces__rosidl_typesupport_fastrtps_cpp.dir/rosidl_typesupport_fastrtps_cpp/canopen_interfaces/srv/detail/dds_fastrtps/can_connection__type_support.cpp.o[0m
[2.277s] [ 77%] [32m[1mLinking CXX shared library libcanopen_interfaces__rosidl_typesupport_introspection_cpp.so[0m
[2.353s] [ 77%] Built target canopen_interfaces__rosidl_typesupport_introspection_cpp
[2.591s] [ 78%] [32m[1mLinking CXX shared library libcanopen_interfaces__rosidl_typesupport_fastrtps_c.so[0m
[2.654s] [ 78%] Built target canopen_interfaces__rosidl_typesupport_fastrtps_c
[2.744s] [ 80%] [32m[1mLinking CXX shared library libcanopen_interfaces__rosidl_typesupport_fastrtps_cpp.so[0m
[2.803s] [ 80%] Built target canopen_interfaces__rosidl_typesupport_fastrtps_cpp
[2.818s] [ 80%] Built target canopen_interfaces
[2.833s] [ 81%] [34m[1mGenerating Python code for ROS interfaces[0m
[3.709s] [ 81%] Built target canopen_interfaces__py
[3.727s] [ 87%] [32mBuilding C object CMakeFiles/canopen_interfaces__rosidl_generator_py.dir/rosidl_generator_py/canopen_interfaces/srv/_can_periodic_task_s.c.o[0m
[3.727s] [ 87%] [32mBuilding C object CMakeFiles/canopen_interfaces__rosidl_generator_py.dir/rosidl_generator_py/canopen_interfaces/srv/_can_subscribe_s.c.o[0m
[3.727s] [ 87%] [32mBuilding C object CMakeFiles/canopen_interfaces__rosidl_generator_py.dir/rosidl_generator_py/canopen_interfaces/msg/_can_subscription_s.c.o[0m
[3.727s] [ 87%] [32mBuilding C object CMakeFiles/canopen_interfaces__rosidl_generator_py.dir/rosidl_generator_py/canopen_interfaces/msg/_can_write_s.c.o[0m
[3.727s] [ 88%] [32mBuilding C object CMakeFiles/canopen_interfaces__rosidl_generator_py.dir/rosidl_generator_py/canopen_interfaces/srv/_can_read_s.c.o[0m
[3.728s] [ 90%] [32mBuilding C object CMakeFiles/canopen_interfaces__rosidl_generator_py.dir/rosidl_generator_py/canopen_interfaces/srv/_can_connection_s.c.o[0m
[3.848s] [ 91%] [32m[1mLinking C shared library rosidl_generator_py/canopen_interfaces/libcanopen_interfaces__rosidl_generator_py.so[0m
[3.879s] [ 91%] Built target canopen_interfaces__rosidl_generator_py
[3.896s] [ 95%] [32mBuilding C object CMakeFiles/canopen_interfaces__rosidl_typesupport_introspection_c__pyext.dir/rosidl_generator_py/canopen_interfaces/_canopen_interfaces_s.ep.rosidl_typesupport_introspection_c.c.o[0m
[3.897s] [ 95%] [32mBuilding C object CMakeFiles/canopen_interfaces__rosidl_typesupport_c__pyext.dir/rosidl_generator_py/canopen_interfaces/_canopen_interfaces_s.ep.rosidl_typesupport_c.c.o[0m
[3.897s] [ 95%] [32mBuilding C object CMakeFiles/canopen_interfaces__rosidl_typesupport_fastrtps_c__pyext.dir/rosidl_generator_py/canopen_interfaces/_canopen_interfaces_s.ep.rosidl_typesupport_fastrtps_c.c.o[0m
[4.014s] [100%] [32m[1mLinking C shared library rosidl_generator_py/canopen_interfaces/canopen_interfaces_s__rosidl_typesupport_c.cpython-310-x86_64-linux-gnu.so[0m
[4.014s] [100%] [32m[1mLinking C shared library rosidl_generator_py/canopen_interfaces/canopen_interfaces_s__rosidl_typesupport_introspection_c.cpython-310-x86_64-linux-gnu.so[0m
[4.014s] [100%] [32m[1mLinking C shared library rosidl_generator_py/canopen_interfaces/canopen_interfaces_s__rosidl_typesupport_fastrtps_c.cpython-310-x86_64-linux-gnu.so[0m
[4.045s] [100%] Built target canopen_interfaces__rosidl_typesupport_c__pyext
[4.045s] [100%] Built target canopen_interfaces__rosidl_typesupport_fastrtps_c__pyext
[4.045s] [100%] Built target canopen_interfaces__rosidl_typesupport_introspection_c__pyext
[4.054s] Invoked command in '/home/roburoc/PycharmProjects/P9-RobuROC4/build/canopen_interfaces' returned '0': CMAKE_PREFIX_PATH=${CMAKE_PREFIX_PATH}:/opt/ros/humble /usr/bin/cmake --build /home/roburoc/PycharmProjects/P9-RobuROC4/build/canopen_interfaces --clean-first -- -j12 -l12
[4.159s] Invoking command in '/home/roburoc/PycharmProjects/P9-RobuROC4/build/canopen_interfaces': CMAKE_PREFIX_PATH=${CMAKE_PREFIX_PATH}:/opt/ros/humble /usr/bin/cmake --install /home/roburoc/PycharmProjects/P9-RobuROC4/build/canopen_interfaces
[4.165s] -- Install configuration: ""
[4.165s] -- Up-to-date: /home/roburoc/PycharmProjects/P9-RobuROC4/install/canopen_interfaces/share/ament_index/resource_index/rosidl_interfaces/canopen_interfaces
[4.165s] -- Up-to-date: /home/roburoc/PycharmProjects/P9-RobuROC4/install/canopen_interfaces/include/canopen_interfaces/canopen_interfaces
[4.166s] -- Up-to-date: /home/roburoc/PycharmProjects/P9-RobuROC4/install/canopen_interfaces/include/canopen_interfaces/canopen_interfaces/srv
[4.166s] -- Installing: /home/roburoc/PycharmProjects/P9-RobuROC4/install/canopen_interfaces/include/canopen_interfaces/canopen_interfaces/srv/can_subscribe.h
[4.166s] -- Installing: /home/roburoc/PycharmProjects/P9-RobuROC4/install/canopen_interfaces/include/canopen_interfaces/canopen_interfaces/srv/can_connection.h
[4.166s] -- Up-to-date: /home/roburoc/PycharmProjects/P9-RobuROC4/install/canopen_interfaces/include/canopen_interfaces/canopen_interfaces/srv/detail
[4.166s] -- Installing: /home/roburoc/PycharmProjects/P9-RobuROC4/install/canopen_interfaces/include/canopen_interfaces/canopen_interfaces/srv/detail/can_subscribe__functions.c
[4.166s] -- Installing: /home/roburoc/PycharmProjects/P9-RobuROC4/install/canopen_interfaces/include/canopen_interfaces/canopen_interfaces/srv/detail/can_subscribe__type_support.h
[4.166s] -- Installing: /home/roburoc/PycharmProjects/P9-RobuROC4/install/canopen_interfaces/include/canopen_interfaces/canopen_interfaces/srv/detail/can_read__struct.h
[4.166s] -- Installing: /home/roburoc/PycharmProjects/P9-RobuROC4/install/canopen_interfaces/include/canopen_interfaces/canopen_interfaces/srv/detail/can_connection__functions.c
[4.166s] -- Installing: /home/roburoc/PycharmProjects/P9-RobuROC4/install/canopen_interfaces/include/canopen_interfaces/canopen_interfaces/srv/detail/can_read__type_support.h
[4.166s] -- Installing: /home/roburoc/PycharmProjects/P9-RobuROC4/install/canopen_interfaces/include/canopen_interfaces/canopen_interfaces/srv/detail/can_periodic_task__functions.c
[4.166s] -- Installing: /home/roburoc/PycharmProjects/P9-RobuROC4/install/canopen_interfaces/include/canopen_interfaces/canopen_interfaces/srv/detail/can_read__functions.h
[4.166s] -- Installing: /home/roburoc/PycharmProjects/P9-RobuROC4/install/canopen_interfaces/include/canopen_interfaces/canopen_interfaces/srv/detail/can_read__functions.c
[4.166s] -- Installing: /home/roburoc/PycharmProjects/P9-RobuROC4/install/canopen_interfaces/include/canopen_interfaces/canopen_interfaces/srv/detail/can_connection__struct.h
[4.167s] -- Installing: /home/roburoc/PycharmProjects/P9-RobuROC4/install/canopen_interfaces/include/canopen_interfaces/canopen_interfaces/srv/detail/can_subscribe__functions.h
[4.167s] -- Installing: /home/roburoc/PycharmProjects/P9-RobuROC4/install/canopen_interfaces/include/canopen_interfaces/canopen_interfaces/srv/detail/can_subscribe__struct.h
[4.167s] -- Installing: /home/roburoc/PycharmProjects/P9-RobuROC4/install/canopen_interfaces/include/canopen_interfaces/canopen_interfaces/srv/detail/can_connection__functions.h
[4.167s] -- Installing: /home/roburoc/PycharmProjects/P9-RobuROC4/install/canopen_interfaces/include/canopen_interfaces/canopen_interfaces/srv/detail/can_connection__type_support.h
[4.167s] -- Installing: /home/roburoc/PycharmProjects/P9-RobuROC4/install/canopen_interfaces/include/canopen_interfaces/canopen_interfaces/srv/detail/can_periodic_task__functions.h
[4.167s] -- Installing: /home/roburoc/PycharmProjects/P9-RobuROC4/install/canopen_interfaces/include/canopen_interfaces/canopen_interfaces/srv/detail/can_periodic_task__type_support.h
[4.167s] -- Installing: /home/roburoc/PycharmProjects/P9-RobuROC4/install/canopen_interfaces/include/canopen_interfaces/canopen_interfaces/srv/detail/can_periodic_task__struct.h
[4.167s] -- Installing: /home/roburoc/PycharmProjects/P9-RobuROC4/install/canopen_interfaces/include/canopen_interfaces/canopen_interfaces/srv/can_read.h
[4.167s] -- Installing: /home/roburoc/PycharmProjects/P9-RobuROC4/install/canopen_interfaces/include/canopen_interfaces/canopen_interfaces/srv/can_periodic_task.h
[4.167s] -- Up-to-date: /home/roburoc/PycharmProjects/P9-RobuROC4/install/canopen_interfaces/include/canopen_interfaces/canopen_interfaces/msg
[4.168s] -- Installing: /home/roburoc/PycharmProjects/P9-RobuROC4/install/canopen_interfaces/include/canopen_interfaces/canopen_interfaces/msg/can_subscription.h
[4.168s] -- Up-to-date: /home/roburoc/PycharmProjects/P9-RobuROC4/install/canopen_interfaces/include/canopen_interfaces/canopen_interfaces/msg/detail
[4.168s] -- Installing: /home/roburoc/PycharmProjects/P9-RobuROC4/install/canopen_interfaces/include/canopen_interfaces/canopen_interfaces/msg/detail/can_write__functions.h
[4.168s] -- Installing: /home/roburoc/PycharmProjects/P9-RobuROC4/install/canopen_interfaces/include/canopen_interfaces/canopen_interfaces/msg/detail/can_write__struct.h
[4.168s] -- Installing: /home/roburoc/PycharmProjects/P9-RobuROC4/install/canopen_interfaces/include/canopen_interfaces/canopen_interfaces/msg/detail/can_subscription__type_support.h
[4.168s] -- Installing: /home/roburoc/PycharmProjects/P9-RobuROC4/install/canopen_interfaces/include/canopen_interfaces/canopen_interfaces/msg/detail/can_write__functions.c
[4.168s] -- Installing: /home/roburoc/PycharmProjects/P9-RobuROC4/install/canopen_interfaces/include/canopen_interfaces/canopen_interfaces/msg/detail/can_subscription__struct.h
[4.168s] -- Installing: /home/roburoc/PycharmProjects/P9-RobuROC4/install/canopen_interfaces/include/canopen_interfaces/canopen_interfaces/msg/detail/can_subscription__functions.h
[4.168s] -- Installing: /home/roburoc/PycharmProjects/P9-RobuROC4/install/canopen_interfaces/include/canopen_interfaces/canopen_interfaces/msg/detail/can_subscription__functions.c
[4.168s] -- Installing: /home/roburoc/PycharmProjects/P9-RobuROC4/install/canopen_interfaces/include/canopen_interfaces/canopen_interfaces/msg/detail/can_write__type_support.h
[4.168s] -- Up-to-date: /home/roburoc/PycharmProjects/P9-RobuROC4/install/canopen_interfaces/include/canopen_interfaces/canopen_interfaces/msg/rosidl_generator_c__visibility_control.h
[4.168s] -- Installing: /home/roburoc/PycharmProjects/P9-RobuROC4/install/canopen_interfaces/include/canopen_interfaces/canopen_interfaces/msg/can_write.h
[4.168s] -- Up-to-date: /home/roburoc/PycharmProjects/P9-RobuROC4/install/canopen_interfaces/share/canopen_interfaces/environment/library_path.sh
[4.169s] -- Up-to-date: /home/roburoc/PycharmProjects/P9-RobuROC4/install/canopen_interfaces/share/canopen_interfaces/environment/library_path.dsv
[4.169s] -- Installing: /home/roburoc/PycharmProjects/P9-RobuROC4/install/canopen_interfaces/lib/libcanopen_interfaces__rosidl_generator_c.so
[4.169s] -- Set runtime path of "/home/roburoc/PycharmProjects/P9-RobuROC4/install/canopen_interfaces/lib/libcanopen_interfaces__rosidl_generator_c.so" to ""
[4.169s] -- Up-to-date: /home/roburoc/PycharmProjects/P9-RobuROC4/install/canopen_interfaces/include/canopen_interfaces/canopen_interfaces
[4.169s] -- Up-to-date: /home/roburoc/PycharmProjects/P9-RobuROC4/install/canopen_interfaces/include/canopen_interfaces/canopen_interfaces/srv
[4.169s] -- Up-to-date: /home/roburoc/PycharmProjects/P9-RobuROC4/install/canopen_interfaces/include/canopen_interfaces/canopen_interfaces/srv/detail
[4.169s] -- Installing: /home/roburoc/PycharmProjects/P9-RobuROC4/install/canopen_interfaces/include/canopen_interfaces/canopen_interfaces/srv/detail/can_periodic_task__rosidl_typesupport_fastrtps_c.h
[4.169s] -- Installing: /home/roburoc/PycharmProjects/P9-RobuROC4/install/canopen_interfaces/include/canopen_interfaces/canopen_interfaces/srv/detail/can_connection__rosidl_typesupport_fastrtps_c.h
[4.169s] -- Installing: /home/roburoc/PycharmProjects/P9-RobuROC4/install/canopen_interfaces/include/canopen_interfaces/canopen_interfaces/srv/detail/can_subscribe__rosidl_typesupport_fastrtps_c.h
[4.169s] -- Installing: /home/roburoc/PycharmProjects/P9-RobuROC4/install/canopen_interfaces/include/canopen_interfaces/canopen_interfaces/srv/detail/can_read__rosidl_typesupport_fastrtps_c.h
[4.169s] -- Up-to-date: /home/roburoc/PycharmProjects/P9-RobuROC4/install/canopen_interfaces/include/canopen_interfaces/canopen_interfaces/msg
[4.170s] -- Up-to-date: /home/roburoc/PycharmProjects/P9-RobuROC4/install/canopen_interfaces/include/canopen_interfaces/canopen_interfaces/msg/rosidl_typesupport_fastrtps_c__visibility_control.h
[4.170s] -- Up-to-date: /home/roburoc/PycharmProjects/P9-RobuROC4/install/canopen_interfaces/include/canopen_interfaces/canopen_interfaces/msg/detail
[4.170s] -- Installing: /home/roburoc/PycharmProjects/P9-RobuROC4/install/canopen_interfaces/include/canopen_interfaces/canopen_interfaces/msg/detail/can_subscription__rosidl_typesupport_fastrtps_c.h
[4.170s] -- Installing: /home/roburoc/PycharmProjects/P9-RobuROC4/install/canopen_interfaces/include/canopen_interfaces/canopen_interfaces/msg/detail/can_write__rosidl_typesupport_fastrtps_c.h
[4.170s] -- Installing: /home/roburoc/PycharmProjects/P9-RobuROC4/install/canopen_interfaces/lib/libcanopen_interfaces__rosidl_typesupport_fastrtps_c.so
[4.170s] -- Set runtime path of "/home/roburoc/PycharmProjects/P9-RobuROC4/install/canopen_interfaces/lib/libcanopen_interfaces__rosidl_typesupport_fastrtps_c.so" to ""
[4.170s] -- Up-to-date: /home/roburoc/PycharmProjects/P9-RobuROC4/install/canopen_interfaces/include/canopen_interfaces/canopen_interfaces
[4.170s] -- Up-to-date: /home/roburoc/PycharmProjects/P9-RobuROC4/install/canopen_interfaces/include/canopen_interfaces/canopen_interfaces/srv
[4.170s] -- Installing: /home/roburoc/PycharmProjects/P9-RobuROC4/install/canopen_interfaces/include/canopen_interfaces/canopen_interfaces/srv/can_connection.hpp
[4.170s] -- Installing: /home/roburoc/PycharmProjects/P9-RobuROC4/install/canopen_interfaces/include/canopen_interfaces/canopen_interfaces/srv/can_subscribe.hpp
[4.170s] -- Up-to-date: /home/roburoc/PycharmProjects/P9-RobuROC4/install/canopen_interfaces/include/canopen_interfaces/canopen_interfaces/srv/detail
[4.170s] -- Installing: /home/roburoc/PycharmProjects/P9-RobuROC4/install/canopen_interfaces/include/canopen_interfaces/canopen_interfaces/srv/detail/can_subscribe__builder.hpp
[4.171s] -- Installing: /home/roburoc/PycharmProjects/P9-RobuROC4/install/canopen_interfaces/include/canopen_interfaces/canopen_interfaces/srv/detail/can_periodic_task__struct.hpp
[4.171s] -- Installing: /home/roburoc/PycharmProjects/P9-RobuROC4/install/canopen_interfaces/include/canopen_interfaces/canopen_interfaces/srv/detail/can_subscribe__traits.hpp
[4.171s] -- Installing: /home/roburoc/PycharmProjects/P9-RobuROC4/install/canopen_interfaces/include/canopen_interfaces/canopen_interfaces/srv/detail/can_read__traits.hpp
[4.171s] -- Installing: /home/roburoc/PycharmProjects/P9-RobuROC4/install/canopen_interfaces/include/canopen_interfaces/canopen_interfaces/srv/detail/can_read__struct.hpp
[4.171s] -- Installing: /home/roburoc/PycharmProjects/P9-RobuROC4/install/canopen_interfaces/include/canopen_interfaces/canopen_interfaces/srv/detail/can_connection__struct.hpp
[4.171s] -- Installing: /home/roburoc/PycharmProjects/P9-RobuROC4/install/canopen_interfaces/include/canopen_interfaces/canopen_interfaces/srv/detail/can_read__builder.hpp
[4.171s] -- Installing: /home/roburoc/PycharmProjects/P9-RobuROC4/install/canopen_interfaces/include/canopen_interfaces/canopen_interfaces/srv/detail/can_connection__builder.hpp
[4.171s] -- Installing: /home/roburoc/PycharmProjects/P9-RobuROC4/install/canopen_interfaces/include/canopen_interfaces/canopen_interfaces/srv/detail/can_connection__traits.hpp
[4.171s] -- Installing: /home/roburoc/PycharmProjects/P9-RobuROC4/install/canopen_interfaces/include/canopen_interfaces/canopen_interfaces/srv/detail/can_periodic_task__builder.hpp
[4.171s] -- Installing: /home/roburoc/PycharmProjects/P9-RobuROC4/install/canopen_interfaces/include/canopen_interfaces/canopen_interfaces/srv/detail/can_subscribe__struct.hpp
[4.171s] -- Installing: /home/roburoc/PycharmProjects/P9-RobuROC4/install/canopen_interfaces/include/canopen_interfaces/canopen_interfaces/srv/detail/can_periodic_task__traits.hpp
[4.172s] -- Installing: /home/roburoc/PycharmProjects/P9-RobuROC4/install/canopen_interfaces/include/canopen_interfaces/canopen_interfaces/srv/can_periodic_task.hpp
[4.172s] -- Installing: /home/roburoc/PycharmProjects/P9-RobuROC4/install/canopen_interfaces/include/canopen_interfaces/canopen_interfaces/srv/can_read.hpp
[4.172s] -- Up-to-date: /home/roburoc/PycharmProjects/P9-RobuROC4/install/canopen_interfaces/include/canopen_interfaces/canopen_interfaces/msg
[4.172s] -- Installing: /home/roburoc/PycharmProjects/P9-RobuROC4/install/canopen_interfaces/include/canopen_interfaces/canopen_interfaces/msg/can_write.hpp
[4.172s] -- Installing: /home/roburoc/PycharmProjects/P9-RobuROC4/install/canopen_interfaces/include/canopen_interfaces/canopen_interfaces/msg/can_subscription.hpp
[4.172s] -- Up-to-date: /home/roburoc/PycharmProjects/P9-RobuROC4/install/canopen_interfaces/include/canopen_interfaces/canopen_interfaces/msg/detail
[4.172s] -- Installing: /home/roburoc/PycharmProjects/P9-RobuROC4/install/canopen_interfaces/include/canopen_interfaces/canopen_interfaces/msg/detail/can_subscription__builder.hpp
[4.172s] -- Installing: /home/roburoc/PycharmProjects/P9-RobuROC4/install/canopen_interfaces/include/canopen_interfaces/canopen_interfaces/msg/detail/can_write__builder.hpp
[4.172s] -- Installing: /home/roburoc/PycharmProjects/P9-RobuROC4/install/canopen_interfaces/include/canopen_interfaces/canopen_interfaces/msg/detail/can_subscription__traits.hpp
[4.172s] -- Installing: /home/roburoc/PycharmProjects/P9-RobuROC4/install/canopen_interfaces/include/canopen_interfaces/canopen_interfaces/msg/detail/can_write__traits.hpp
[4.172s] -- Installing: /home/roburoc/PycharmProjects/P9-RobuROC4/install/canopen_interfaces/include/canopen_interfaces/canopen_interfaces/msg/detail/can_subscription__struct.hpp
[4.172s] -- Installing: /home/roburoc/PycharmProjects/P9-RobuROC4/install/canopen_interfaces/include/canopen_interfaces/canopen_interfaces/msg/detail/can_write__struct.hpp
[4.173s] -- Up-to-date: /home/roburoc/PycharmProjects/P9-RobuROC4/install/canopen_interfaces/include/canopen_interfaces/canopen_interfaces
[4.173s] -- Up-to-date: /home/roburoc/PycharmProjects/P9-RobuROC4/install/canopen_interfaces/include/canopen_interfaces/canopen_interfaces/srv
[4.173s] -- Up-to-date: /home/roburoc/PycharmProjects/P9-RobuROC4/install/canopen_interfaces/include/canopen_interfaces/canopen_interfaces/srv/detail
[4.173s] -- Installing: /home/roburoc/PycharmProjects/P9-RobuROC4/install/canopen_interfaces/include/canopen_interfaces/canopen_interfaces/srv/detail/can_read__rosidl_typesupport_fastrtps_cpp.hpp
[4.173s] -- Up-to-date: /home/roburoc/PycharmProjects/P9-RobuROC4/install/canopen_interfaces/include/canopen_interfaces/canopen_interfaces/srv/detail/dds_fastrtps
[4.173s] -- Installing: /home/roburoc/PycharmProjects/P9-RobuROC4/install/canopen_interfaces/include/canopen_interfaces/canopen_interfaces/srv/detail/can_periodic_task__rosidl_typesupport_fastrtps_cpp.hpp
[4.173s] -- Installing: /home/roburoc/PycharmProjects/P9-RobuROC4/install/canopen_interfaces/include/canopen_interfaces/canopen_interfaces/srv/detail/can_subscribe__rosidl_typesupport_fastrtps_cpp.hpp
[4.173s] -- Installing: /home/roburoc/PycharmProjects/P9-RobuROC4/install/canopen_interfaces/include/canopen_interfaces/canopen_interfaces/srv/detail/can_connection__rosidl_typesupport_fastrtps_cpp.hpp
[4.173s] -- Up-to-date: /home/roburoc/PycharmProjects/P9-RobuROC4/install/canopen_interfaces/include/canopen_interfaces/canopen_interfaces/msg
[4.173s] -- Up-to-date: /home/roburoc/PycharmProjects/P9-RobuROC4/install/canopen_interfaces/include/canopen_interfaces/canopen_interfaces/msg/rosidl_typesupport_fastrtps_cpp__visibility_control.h
[4.173s] -- Up-to-date: /home/roburoc/PycharmProjects/P9-RobuROC4/install/canopen_interfaces/include/canopen_interfaces/canopen_interfaces/msg/detail
[4.174s] -- Up-to-date: /home/roburoc/PycharmProjects/P9-RobuROC4/install/canopen_interfaces/include/canopen_interfaces/canopen_interfaces/msg/detail/dds_fastrtps
[4.174s] -- Installing: /home/roburoc/PycharmProjects/P9-RobuROC4/install/canopen_interfaces/include/canopen_interfaces/canopen_interfaces/msg/detail/can_subscription__rosidl_typesupport_fastrtps_cpp.hpp
[4.174s] -- Installing: /home/roburoc/PycharmProjects/P9-RobuROC4/install/canopen_interfaces/include/canopen_interfaces/canopen_interfaces/msg/detail/can_write__rosidl_typesupport_fastrtps_cpp.hpp
[4.174s] -- Installing: /home/roburoc/PycharmProjects/P9-RobuROC4/install/canopen_interfaces/lib/libcanopen_interfaces__rosidl_typesupport_fastrtps_cpp.so
[4.174s] -- Set runtime path of "/home/roburoc/PycharmProjects/P9-RobuROC4/install/canopen_interfaces/lib/libcanopen_interfaces__rosidl_typesupport_fastrtps_cpp.so" to ""
[4.174s] -- Up-to-date: /home/roburoc/PycharmProjects/P9-RobuROC4/install/canopen_interfaces/include/canopen_interfaces/canopen_interfaces
[4.174s] -- Up-to-date: /home/roburoc/PycharmProjects/P9-RobuROC4/install/canopen_interfaces/include/canopen_interfaces/canopen_interfaces/srv
[4.174s] -- Up-to-date: /home/roburoc/PycharmProjects/P9-RobuROC4/install/canopen_interfaces/include/canopen_interfaces/canopen_interfaces/srv/detail
[4.175s] -- Installing: /home/roburoc/PycharmProjects/P9-RobuROC4/install/canopen_interfaces/include/canopen_interfaces/canopen_interfaces/srv/detail/can_connection__rosidl_typesupport_introspection_c.h
[4.175s] -- Installing: /home/roburoc/PycharmProjects/P9-RobuROC4/install/canopen_interfaces/include/canopen_interfaces/canopen_interfaces/srv/detail/can_subscribe__rosidl_typesupport_introspection_c.h
[4.175s] -- Installing: /home/roburoc/PycharmProjects/P9-RobuROC4/install/canopen_interfaces/include/canopen_interfaces/canopen_interfaces/srv/detail/can_periodic_task__rosidl_typesupport_introspection_c.h
[4.175s] -- Installing: /home/roburoc/PycharmProjects/P9-RobuROC4/install/canopen_interfaces/include/canopen_interfaces/canopen_interfaces/srv/detail/can_connection__type_support.c
[4.175s] -- Installing: /home/roburoc/PycharmProjects/P9-RobuROC4/install/canopen_interfaces/include/canopen_interfaces/canopen_interfaces/srv/detail/can_read__type_support.c
[4.175s] -- Installing: /home/roburoc/PycharmProjects/P9-RobuROC4/install/canopen_interfaces/include/canopen_interfaces/canopen_interfaces/srv/detail/can_read__rosidl_typesupport_introspection_c.h
[4.175s] -- Installing: /home/roburoc/PycharmProjects/P9-RobuROC4/install/canopen_interfaces/include/canopen_interfaces/canopen_interfaces/srv/detail/can_subscribe__type_support.c
[4.175s] -- Installing: /home/roburoc/PycharmProjects/P9-RobuROC4/install/canopen_interfaces/include/canopen_interfaces/canopen_interfaces/srv/detail/can_periodic_task__type_support.c
[4.175s] -- Up-to-date: /home/roburoc/PycharmProjects/P9-RobuROC4/install/canopen_interfaces/include/canopen_interfaces/canopen_interfaces/msg
[4.175s] -- Up-to-date: /home/roburoc/PycharmProjects/P9-RobuROC4/install/canopen_interfaces/include/canopen_interfaces/canopen_interfaces/msg/rosidl_typesupport_introspection_c__visibility_control.h
[4.175s] -- Up-to-date: /home/roburoc/PycharmProjects/P9-RobuROC4/install/canopen_interfaces/include/canopen_interfaces/canopen_interfaces/msg/detail
[4.175s] -- Installing: /home/roburoc/PycharmProjects/P9-RobuROC4/install/canopen_interfaces/include/canopen_interfaces/canopen_interfaces/msg/detail/can_write__type_support.c
[4.175s] -- Installing: /home/roburoc/PycharmProjects/P9-RobuROC4/install/canopen_interfaces/include/canopen_interfaces/canopen_interfaces/msg/detail/can_subscription__rosidl_typesupport_introspection_c.h
[4.175s] -- Installing: /home/roburoc/PycharmProjects/P9-RobuROC4/install/canopen_interfaces/include/canopen_interfaces/canopen_interfaces/msg/detail/can_write__rosidl_typesupport_introspection_c.h
[4.176s] -- Installing: /home/roburoc/PycharmProjects/P9-RobuROC4/install/canopen_interfaces/include/canopen_interfaces/canopen_interfaces/msg/detail/can_subscription__type_support.c
[4.176s] -- Installing: /home/roburoc/PycharmProjects/P9-RobuROC4/install/canopen_interfaces/lib/libcanopen_interfaces__rosidl_typesupport_introspection_c.so
[4.176s] -- Set runtime path of "/home/roburoc/PycharmProjects/P9-RobuROC4/install/canopen_interfaces/lib/libcanopen_interfaces__rosidl_typesupport_introspection_c.so" to ""
[4.176s] -- Installing: /home/roburoc/PycharmProjects/P9-RobuROC4/install/canopen_interfaces/lib/libcanopen_interfaces__rosidl_typesupport_c.so
[4.176s] -- Set runtime path of "/home/roburoc/PycharmProjects/P9-RobuROC4/install/canopen_interfaces/lib/libcanopen_interfaces__rosidl_typesupport_c.so" to ""
[4.176s] -- Up-to-date: /home/roburoc/PycharmProjects/P9-RobuROC4/install/canopen_interfaces/include/canopen_interfaces/canopen_interfaces
[4.176s] -- Up-to-date: /home/roburoc/PycharmProjects/P9-RobuROC4/install/canopen_interfaces/include/canopen_interfaces/canopen_interfaces/srv
[4.177s] -- Up-to-date: /home/roburoc/PycharmProjects/P9-RobuROC4/install/canopen_interfaces/include/canopen_interfaces/canopen_interfaces/srv/detail
[4.177s] -- Installing: /home/roburoc/PycharmProjects/P9-RobuROC4/install/canopen_interfaces/include/canopen_interfaces/canopen_interfaces/srv/detail/can_periodic_task__type_support.cpp
[4.177s] -- Installing: /home/roburoc/PycharmProjects/P9-RobuROC4/install/canopen_interfaces/include/canopen_interfaces/canopen_interfaces/srv/detail/can_subscribe__type_support.cpp
[4.177s] -- Installing: /home/roburoc/PycharmProjects/P9-RobuROC4/install/canopen_interfaces/include/canopen_interfaces/canopen_interfaces/srv/detail/can_connection__rosidl_typesupport_introspection_cpp.hpp
[4.177s] -- Installing: /home/roburoc/PycharmProjects/P9-RobuROC4/install/canopen_interfaces/include/canopen_interfaces/canopen_interfaces/srv/detail/can_periodic_task__rosidl_typesupport_introspection_cpp.hpp
[4.177s] -- Installing: /home/roburoc/PycharmProjects/P9-RobuROC4/install/canopen_interfaces/include/canopen_interfaces/canopen_interfaces/srv/detail/can_subscribe__rosidl_typesupport_introspection_cpp.hpp
[4.177s] -- Installing: /home/roburoc/PycharmProjects/P9-RobuROC4/install/canopen_interfaces/include/canopen_interfaces/canopen_interfaces/srv/detail/can_connection__type_support.cpp
[4.177s] -- Installing: /home/roburoc/PycharmProjects/P9-RobuROC4/install/canopen_interfaces/include/canopen_interfaces/canopen_interfaces/srv/detail/can_read__rosidl_typesupport_introspection_cpp.hpp
[4.177s] -- Installing: /home/roburoc/PycharmProjects/P9-RobuROC4/install/canopen_interfaces/include/canopen_interfaces/canopen_interfaces/srv/detail/can_read__type_support.cpp
[4.177s] -- Up-to-date: /home/roburoc/PycharmProjects/P9-RobuROC4/install/canopen_interfaces/include/canopen_interfaces/canopen_interfaces/msg
[4.177s] -- Up-to-date: /home/roburoc/PycharmProjects/P9-RobuROC4/install/canopen_interfaces/include/canopen_interfaces/canopen_interfaces/msg/detail
[4.177s] -- Installing: /home/roburoc/PycharmProjects/P9-RobuROC4/install/canopen_interfaces/include/canopen_interfaces/canopen_interfaces/msg/detail/can_write__type_support.cpp
[4.178s] -- Installing: /home/roburoc/PycharmProjects/P9-RobuROC4/install/canopen_interfaces/include/canopen_interfaces/canopen_interfaces/msg/detail/can_subscription__type_support.cpp
[4.178s] -- Installing: /home/roburoc/PycharmProjects/P9-RobuROC4/install/canopen_interfaces/include/canopen_interfaces/canopen_interfaces/msg/detail/can_subscription__rosidl_typesupport_introspection_cpp.hpp
[4.178s] -- Installing: /home/roburoc/PycharmProjects/P9-RobuROC4/install/canopen_interfaces/include/canopen_interfaces/canopen_interfaces/msg/detail/can_write__rosidl_typesupport_introspection_cpp.hpp
[4.178s] -- Installing: /home/roburoc/PycharmProjects/P9-RobuROC4/install/canopen_interfaces/lib/libcanopen_interfaces__rosidl_typesupport_introspection_cpp.so
[4.178s] -- Set runtime path of "/home/roburoc/PycharmProjects/P9-RobuROC4/install/canopen_interfaces/lib/libcanopen_interfaces__rosidl_typesupport_introspection_cpp.so" to ""
[4.178s] -- Installing: /home/roburoc/PycharmProjects/P9-RobuROC4/install/canopen_interfaces/lib/libcanopen_interfaces__rosidl_typesupport_cpp.so
[4.179s] -- Set runtime path of "/home/roburoc/PycharmProjects/P9-RobuROC4/install/canopen_interfaces/lib/libcanopen_interfaces__rosidl_typesupport_cpp.so" to ""
[4.179s] -- Up-to-date: /home/roburoc/PycharmProjects/P9-RobuROC4/install/canopen_interfaces/share/canopen_interfaces/environment/pythonpath.sh
[4.179s] -- Up-to-date: /home/roburoc/PycharmProjects/P9-RobuROC4/install/canopen_interfaces/share/canopen_interfaces/environment/pythonpath.dsv
[4.179s] -- Up-to-date: /home/roburoc/PycharmProjects/P9-RobuROC4/install/canopen_interfaces/local/lib/python3.10/dist-packages/canopen_interfaces-0.0.0-py3.10.egg-info
[4.179s] -- Installing: /home/roburoc/PycharmProjects/P9-RobuROC4/install/canopen_interfaces/local/lib/python3.10/dist-packages/canopen_interfaces-0.0.0-py3.10.egg-info/SOURCES.txt
[4.179s] -- Installing: /home/roburoc/PycharmProjects/P9-RobuROC4/install/canopen_interfaces/local/lib/python3.10/dist-packages/canopen_interfaces-0.0.0-py3.10.egg-info/dependency_links.txt
[4.179s] -- Installing: /home/roburoc/PycharmProjects/P9-RobuROC4/install/canopen_interfaces/local/lib/python3.10/dist-packages/canopen_interfaces-0.0.0-py3.10.egg-info/top_level.txt
[4.179s] -- Installing: /home/roburoc/PycharmProjects/P9-RobuROC4/install/canopen_interfaces/local/lib/python3.10/dist-packages/canopen_interfaces-0.0.0-py3.10.egg-info/PKG-INFO
[4.179s] -- Up-to-date: /home/roburoc/PycharmProjects/P9-RobuROC4/install/canopen_interfaces/local/lib/python3.10/dist-packages/canopen_interfaces
[4.179s] -- Installing: /home/roburoc/PycharmProjects/P9-RobuROC4/install/canopen_interfaces/local/lib/python3.10/dist-packages/canopen_interfaces/_canopen_interfaces_s.ep.rosidl_typesupport_fastrtps_c.c
[4.179s] -- Installing: /home/roburoc/PycharmProjects/P9-RobuROC4/install/canopen_interfaces/local/lib/python3.10/dist-packages/canopen_interfaces/libcanopen_interfaces__rosidl_generator_py.so
[4.179s] -- Installing: /home/roburoc/PycharmProjects/P9-RobuROC4/install/canopen_interfaces/local/lib/python3.10/dist-packages/canopen_interfaces/_canopen_interfaces_s.ep.rosidl_typesupport_introspection_c.c
[4.180s] -- Up-to-date: /home/roburoc/PycharmProjects/P9-RobuROC4/install/canopen_interfaces/local/lib/python3.10/dist-packages/canopen_interfaces/srv
[4.180s] -- Installing: /home/roburoc/PycharmProjects/P9-RobuROC4/install/canopen_interfaces/local/lib/python3.10/dist-packages/canopen_interfaces/srv/_can_subscribe_s.c
[4.180s] -- Installing: /home/roburoc/PycharmProjects/P9-RobuROC4/install/canopen_interfaces/local/lib/python3.10/dist-packages/canopen_interfaces/srv/_can_connection.py
[4.180s] -- Installing: /home/roburoc/PycharmProjects/P9-RobuROC4/install/canopen_interfaces/local/lib/python3.10/dist-packages/canopen_interfaces/srv/_can_subscribe.py
[4.180s] -- Installing: /home/roburoc/PycharmProjects/P9-RobuROC4/install/canopen_interfaces/local/lib/python3.10/dist-packages/canopen_interfaces/srv/_can_read_s.c
[4.180s] -- Installing: /home/roburoc/PycharmProjects/P9-RobuROC4/install/canopen_interfaces/local/lib/python3.10/dist-packages/canopen_interfaces/srv/_can_read.py
[4.180s] -- Installing: /home/roburoc/PycharmProjects/P9-RobuROC4/install/canopen_interfaces/local/lib/python3.10/dist-packages/canopen_interfaces/srv/_can_connection_s.c
[4.180s] -- Installing: /home/roburoc/PycharmProjects/P9-RobuROC4/install/canopen_interfaces/local/lib/python3.10/dist-packages/canopen_interfaces/srv/__init__.py
[4.180s] -- Installing: /home/roburoc/PycharmProjects/P9-RobuROC4/install/canopen_interfaces/local/lib/python3.10/dist-packages/canopen_interfaces/srv/_can_periodic_task.py
[4.180s] -- Installing: /home/roburoc/PycharmProjects/P9-RobuROC4/install/canopen_interfaces/local/lib/python3.10/dist-packages/canopen_interfaces/srv/_can_periodic_task_s.c
[4.180s] -- Installing: /home/roburoc/PycharmProjects/P9-RobuROC4/install/canopen_interfaces/local/lib/python3.10/dist-packages/canopen_interfaces/canopen_interfaces_s__rosidl_typesupport_c.cpython-310-x86_64-linux-gnu.so
[4.181s] -- Installing: /home/roburoc/PycharmProjects/P9-RobuROC4/install/canopen_interfaces/local/lib/python3.10/dist-packages/canopen_interfaces/_canopen_interfaces_s.ep.rosidl_typesupport_c.c
[4.181s] -- Up-to-date: /home/roburoc/PycharmProjects/P9-RobuROC4/install/canopen_interfaces/local/lib/python3.10/dist-packages/canopen_interfaces/msg
[4.181s] -- Installing: /home/roburoc/PycharmProjects/P9-RobuROC4/install/canopen_interfaces/local/lib/python3.10/dist-packages/canopen_interfaces/msg/_can_subscription.py
[4.181s] -- Installing: /home/roburoc/PycharmProjects/P9-RobuROC4/install/canopen_interfaces/local/lib/python3.10/dist-packages/canopen_interfaces/msg/_can_write_s.c
[4.181s] -- Installing: /home/roburoc/PycharmProjects/P9-RobuROC4/install/canopen_interfaces/local/lib/python3.10/dist-packages/canopen_interfaces/msg/__init__.py
[4.181s] -- Installing: /home/roburoc/PycharmProjects/P9-RobuROC4/install/canopen_interfaces/local/lib/python3.10/dist-packages/canopen_interfaces/msg/_can_subscription_s.c
[4.181s] -- Installing: /home/roburoc/PycharmProjects/P9-RobuROC4/install/canopen_interfaces/local/lib/python3.10/dist-packages/canopen_interfaces/msg/_can_write.py
[4.182s] -- Installing: /home/roburoc/PycharmProjects/P9-RobuROC4/install/canopen_interfaces/local/lib/python3.10/dist-packages/canopen_interfaces/canopen_interfaces_s__rosidl_typesupport_introspection_c.cpython-310-x86_64-linux-gnu.so
[4.182s] -- Up-to-date: /home/roburoc/PycharmProjects/P9-RobuROC4/install/canopen_interfaces/local/lib/python3.10/dist-packages/canopen_interfaces/__init__.py
[4.182s] -- Installing: /home/roburoc/PycharmProjects/P9-RobuROC4/install/canopen_interfaces/local/lib/python3.10/dist-packages/canopen_interfaces/canopen_interfaces_s__rosidl_typesupport_fastrtps_c.cpython-310-x86_64-linux-gnu.so
[4.216s] Listing '/home/roburoc/PycharmProjects/P9-RobuROC4/install/canopen_interfaces/local/lib/python3.10/dist-packages/canopen_interfaces'...
[4.216s] Listing '/home/roburoc/PycharmProjects/P9-RobuROC4/install/canopen_interfaces/local/lib/python3.10/dist-packages/canopen_interfaces/msg'...
[4.216s] Compiling '/home/roburoc/PycharmProjects/P9-RobuROC4/install/canopen_interfaces/local/lib/python3.10/dist-packages/canopen_interfaces/msg/__init__.py'...
[4.217s] Compiling '/home/roburoc/PycharmProjects/P9-RobuROC4/install/canopen_interfaces/local/lib/python3.10/dist-packages/canopen_interfaces/msg/_can_subscription.py'...
[4.217s] Compiling '/home/roburoc/PycharmProjects/P9-RobuROC4/install/canopen_interfaces/local/lib/python3.10/dist-packages/canopen_interfaces/msg/_can_write.py'...
[4.217s] Listing '/home/roburoc/PycharmProjects/P9-RobuROC4/install/canopen_interfaces/local/lib/python3.10/dist-packages/canopen_interfaces/srv'...
[4.217s] Compiling '/home/roburoc/PycharmProjects/P9-RobuROC4/install/canopen_interfaces/local/lib/python3.10/dist-packages/canopen_interfaces/srv/__init__.py'...
[4.217s] Compiling '/home/roburoc/PycharmProjects/P9-RobuROC4/install/canopen_interfaces/local/lib/python3.10/dist-packages/canopen_interfaces/srv/_can_connection.py'...
[4.217s] Compiling '/home/roburoc/PycharmProjects/P9-RobuROC4/install/canopen_interfaces/local/lib/python3.10/dist-packages/canopen_interfaces/srv/_can_periodic_task.py'...
[4.217s] Compiling '/home/roburoc/PycharmProjects/P9-RobuROC4/install/canopen_interfaces/local/lib/python3.10/dist-packages/canopen_interfaces/srv/_can_read.py'...
[4.217s] Compiling '/home/roburoc/PycharmProjects/P9-RobuROC4/install/canopen_interfaces/local/lib/python3.10/dist-packages/canopen_interfaces/srv/_can_subscribe.py'...
[4.220s] -- Installing: /home/roburoc/PycharmProjects/P9-RobuROC4/install/canopen_interfaces/local/lib/python3.10/dist-packages/canopen_interfaces/canopen_interfaces_s__rosidl_typesupport_fastrtps_c.cpython-310-x86_64-linux-gnu.so
[4.220s] -- Set runtime path of "/home/roburoc/PycharmProjects/P9-RobuROC4/install/canopen_interfaces/local/lib/python3.10/dist-packages/canopen_interfaces/canopen_interfaces_s__rosidl_typesupport_fastrtps_c.cpython-310-x86_64-linux-gnu.so" to ""
[4.220s] -- Installing: /home/roburoc/PycharmProjects/P9-RobuROC4/install/canopen_interfaces/local/lib/python3.10/dist-packages/canopen_interfaces/canopen_interfaces_s__rosidl_typesupport_introspection_c.cpython-310-x86_64-linux-gnu.so
[4.221s] -- Set runtime path of "/home/roburoc/PycharmProjects/P9-RobuROC4/install/canopen_interfaces/local/lib/python3.10/dist-packages/canopen_interfaces/canopen_interfaces_s__rosidl_typesupport_introspection_c.cpython-310-x86_64-linux-gnu.so" to ""
[4.221s] -- Installing: /home/roburoc/PycharmProjects/P9-RobuROC4/install/canopen_interfaces/local/lib/python3.10/dist-packages/canopen_interfaces/canopen_interfaces_s__rosidl_typesupport_c.cpython-310-x86_64-linux-gnu.so
[4.221s] -- Set runtime path of "/home/roburoc/PycharmProjects/P9-RobuROC4/install/canopen_interfaces/local/lib/python3.10/dist-packages/canopen_interfaces/canopen_interfaces_s__rosidl_typesupport_c.cpython-310-x86_64-linux-gnu.so" to ""
[4.221s] -- Installing: /home/roburoc/PycharmProjects/P9-RobuROC4/install/canopen_interfaces/lib/libcanopen_interfaces__rosidl_generator_py.so
[4.222s] -- Set runtime path of "/home/roburoc/PycharmProjects/P9-RobuROC4/install/canopen_interfaces/lib/libcanopen_interfaces__rosidl_generator_py.so" to ""
[4.222s] -- Up-to-date: /home/roburoc/PycharmProjects/P9-RobuROC4/install/canopen_interfaces/share/canopen_interfaces/msg/CANWrite.idl
[4.222s] -- Up-to-date: /home/roburoc/PycharmProjects/P9-RobuROC4/install/canopen_interfaces/share/canopen_interfaces/msg/CANSubscription.idl
[4.222s] -- Up-to-date: /home/roburoc/PycharmProjects/P9-RobuROC4/install/canopen_interfaces/share/canopen_interfaces/srv/CANSubscribe.idl
[4.222s] -- Up-to-date: /home/roburoc/PycharmProjects/P9-RobuROC4/install/canopen_interfaces/share/canopen_interfaces/srv/CANPeriodicTask.idl
[4.222s] -- Up-to-date: /home/roburoc/PycharmProjects/P9-RobuROC4/install/canopen_interfaces/share/canopen_interfaces/srv/CANRead.idl
[4.222s] -- Up-to-date: /home/roburoc/PycharmProjects/P9-RobuROC4/install/canopen_interfaces/share/canopen_interfaces/srv/CANConnection.idl
[4.222s] -- Up-to-date: /home/roburoc/PycharmProjects/P9-RobuROC4/install/canopen_interfaces/share/canopen_interfaces/msg/CANWrite.msg
[4.222s] -- Up-to-date: /home/roburoc/PycharmProjects/P9-RobuROC4/install/canopen_interfaces/share/canopen_interfaces/msg/CANSubscription.msg
[4.222s] -- Up-to-date: /home/roburoc/PycharmProjects/P9-RobuROC4/install/canopen_interfaces/share/canopen_interfaces/srv/CANSubscribe.srv
[4.222s] -- Up-to-date: /home/roburoc/PycharmProjects/P9-RobuROC4/install/canopen_interfaces/share/canopen_interfaces/srv/CANSubscribe_Request.msg
[4.223s] -- Up-to-date: /home/roburoc/PycharmProjects/P9-RobuROC4/install/canopen_interfaces/share/canopen_interfaces/srv/CANSubscribe_Response.msg
[4.223s] -- Up-to-date: /home/roburoc/PycharmProjects/P9-RobuROC4/install/canopen_interfaces/share/canopen_interfaces/srv/CANPeriodicTask.srv
[4.223s] -- Up-to-date: /home/roburoc/PycharmProjects/P9-RobuROC4/install/canopen_interfaces/share/canopen_interfaces/srv/CANPeriodicTask_Request.msg
[4.223s] -- Up-to-date: /home/roburoc/PycharmProjects/P9-RobuROC4/install/canopen_interfaces/share/canopen_interfaces/srv/CANPeriodicTask_Response.msg
[4.223s] -- Up-to-date: /home/roburoc/PycharmProjects/P9-RobuROC4/install/canopen_interfaces/share/canopen_interfaces/srv/CANRead.srv
[4.223s] -- Up-to-date: /home/roburoc/PycharmProjects/P9-RobuROC4/install/canopen_interfaces/share/canopen_interfaces/srv/CANRead_Request.msg
[4.223s] -- Up-to-date: /home/roburoc/PycharmProjects/P9-RobuROC4/install/canopen_interfaces/share/canopen_interfaces/srv/CANRead_Response.msg
[4.223s] -- Up-to-date: /home/roburoc/PycharmProjects/P9-RobuROC4/install/canopen_interfaces/share/canopen_interfaces/srv/CANConnection.srv
[4.223s] -- Up-to-date: /home/roburoc/PycharmProjects/P9-RobuROC4/install/canopen_interfaces/share/canopen_interfaces/srv/CANConnection_Request.msg
[4.223s] -- Up-to-date: /home/roburoc/PycharmProjects/P9-RobuROC4/install/canopen_interfaces/share/canopen_interfaces/srv/CANConnection_Response.msg
[4.223s] -- Up-to-date: /home/roburoc/PycharmProjects/P9-RobuROC4/install/canopen_interfaces/share/ament_index/resource_index/package_run_dependencies/canopen_interfaces
[4.223s] -- Up-to-date: /home/roburoc/PycharmProjects/P9-RobuROC4/install/canopen_interfaces/share/ament_index/resource_index/parent_prefix_path/canopen_interfaces
[4.223s] -- Up-to-date: /home/roburoc/PycharmProjects/P9-RobuROC4/install/canopen_interfaces/share/canopen_interfaces/environment/ament_prefix_path.sh
[4.224s] -- Up-to-date: /home/roburoc/PycharmProjects/P9-RobuROC4/install/canopen_interfaces/share/canopen_interfaces/environment/ament_prefix_path.dsv
[4.224s] -- Up-to-date: /home/roburoc/PycharmProjects/P9-RobuROC4/install/canopen_interfaces/share/canopen_interfaces/environment/path.sh
[4.224s] -- Up-to-date: /home/roburoc/PycharmProjects/P9-RobuROC4/install/canopen_interfaces/share/canopen_interfaces/environment/path.dsv
[4.224s] -- Up-to-date: /home/roburoc/PycharmProjects/P9-RobuROC4/install/canopen_interfaces/share/canopen_interfaces/local_setup.bash
[4.224s] -- Up-to-date: /home/roburoc/PycharmProjects/P9-RobuROC4/install/canopen_interfaces/share/canopen_interfaces/local_setup.sh
[4.224s] -- Up-to-date: /home/roburoc/PycharmProjects/P9-RobuROC4/install/canopen_interfaces/share/canopen_interfaces/local_setup.zsh
[4.224s] -- Up-to-date: /home/roburoc/PycharmProjects/P9-RobuROC4/install/canopen_interfaces/share/canopen_interfaces/local_setup.dsv
[4.224s] -- Installing: /home/roburoc/PycharmProjects/P9-RobuROC4/install/canopen_interfaces/share/canopen_interfaces/package.dsv
[4.224s] -- Up-to-date: /home/roburoc/PycharmProjects/P9-RobuROC4/install/canopen_interfaces/share/ament_index/resource_index/packages/canopen_interfaces
[4.224s] -- Up-to-date: /home/roburoc/PycharmProjects/P9-RobuROC4/install/canopen_interfaces/share/canopen_interfaces/cmake/export_canopen_interfaces__rosidl_generator_cExport.cmake
[4.224s] -- Up-to-date: /home/roburoc/PycharmProjects/P9-RobuROC4/install/canopen_interfaces/share/canopen_interfaces/cmake/export_canopen_interfaces__rosidl_generator_cExport-noconfig.cmake
[4.224s] -- Up-to-date: /home/roburoc/PycharmProjects/P9-RobuROC4/install/canopen_interfaces/share/canopen_interfaces/cmake/export_canopen_interfaces__rosidl_typesupport_fastrtps_cExport.cmake
[4.224s] -- Up-to-date: /home/roburoc/PycharmProjects/P9-RobuROC4/install/canopen_interfaces/share/canopen_interfaces/cmake/export_canopen_interfaces__rosidl_typesupport_fastrtps_cExport-noconfig.cmake
[4.224s] -- Up-to-date: /home/roburoc/PycharmProjects/P9-RobuROC4/install/canopen_interfaces/share/canopen_interfaces/cmake/export_canopen_interfaces__rosidl_generator_cppExport.cmake
[4.224s] -- Up-to-date: /home/roburoc/PycharmProjects/P9-RobuROC4/install/canopen_interfaces/share/canopen_interfaces/cmake/export_canopen_interfaces__rosidl_typesupport_fastrtps_cppExport.cmake
[4.224s] -- Up-to-date: /home/roburoc/PycharmProjects/P9-RobuROC4/install/canopen_interfaces/share/canopen_interfaces/cmake/export_canopen_interfaces__rosidl_typesupport_fastrtps_cppExport-noconfig.cmake
[4.224s] -- Up-to-date: /home/roburoc/PycharmProjects/P9-RobuROC4/install/canopen_interfaces/share/canopen_interfaces/cmake/canopen_interfaces__rosidl_typesupport_introspection_cExport.cmake
[4.225s] -- Up-to-date: /home/roburoc/PycharmProjects/P9-RobuROC4/install/canopen_interfaces/share/canopen_interfaces/cmake/canopen_interfaces__rosidl_typesupport_introspection_cExport-noconfig.cmake
[4.225s] -- Up-to-date: /home/roburoc/PycharmProjects/P9-RobuROC4/install/canopen_interfaces/share/canopen_interfaces/cmake/canopen_interfaces__rosidl_typesupport_cExport.cmake
[4.225s] -- Up-to-date: /home/roburoc/PycharmProjects/P9-RobuROC4/install/canopen_interfaces/share/canopen_interfaces/cmake/canopen_interfaces__rosidl_typesupport_cExport-noconfig.cmake
[4.225s] -- Up-to-date: /home/roburoc/PycharmProjects/P9-RobuROC4/install/canopen_interfaces/share/canopen_interfaces/cmake/canopen_interfaces__rosidl_typesupport_introspection_cppExport.cmake
[4.225s] -- Up-to-date: /home/roburoc/PycharmProjects/P9-RobuROC4/install/canopen_interfaces/share/canopen_interfaces/cmake/canopen_interfaces__rosidl_typesupport_introspection_cppExport-noconfig.cmake
[4.225s] -- Up-to-date: /home/roburoc/PycharmProjects/P9-RobuROC4/install/canopen_interfaces/share/canopen_interfaces/cmake/canopen_interfaces__rosidl_typesupport_cppExport.cmake
[4.225s] -- Up-to-date: /home/roburoc/PycharmProjects/P9-RobuROC4/install/canopen_interfaces/share/canopen_interfaces/cmake/canopen_interfaces__rosidl_typesupport_cppExport-noconfig.cmake
[4.225s] -- Up-to-date: /home/roburoc/PycharmProjects/P9-RobuROC4/install/canopen_interfaces/share/canopen_interfaces/cmake/export_canopen_interfaces__rosidl_generator_pyExport.cmake
[4.225s] -- Up-to-date: /home/roburoc/PycharmProjects/P9-RobuROC4/install/canopen_interfaces/share/canopen_interfaces/cmake/export_canopen_interfaces__rosidl_generator_pyExport-noconfig.cmake
[4.225s] -- Up-to-date: /home/roburoc/PycharmProjects/P9-RobuROC4/install/canopen_interfaces/share/canopen_interfaces/cmake/rosidl_cmake-extras.cmake
[4.225s] -- Up-to-date: /home/roburoc/PycharmProjects/P9-RobuROC4/install/canopen_interfaces/share/canopen_interfaces/cmake/ament_cmake_export_dependencies-extras.cmake
[4.225s] -- Up-to-date: /home/roburoc/PycharmProjects/P9-RobuROC4/install/canopen_interfaces/share/canopen_interfaces/cmake/ament_cmake_export_include_directories-extras.cmake
[4.225s] -- Up-to-date: /home/roburoc/PycharmProjects/P9-RobuROC4/install/canopen_interfaces/share/canopen_interfaces/cmake/ament_cmake_export_libraries-extras.cmake
[4.225s] -- Up-to-date: /home/roburoc/PycharmProjects/P9-RobuROC4/install/canopen_interfaces/share/canopen_interfaces/cmake/ament_cmake_export_targets-extras.cmake
[4.226s] -- Up-to-date: /home/roburoc/PycharmProjects/P9-RobuROC4/install/canopen_interfaces/share/canopen_interfaces/cmake/rosidl_cmake_export_typesupport_targets-extras.cmake
[4.226s] -- Up-to-date: /home/roburoc/PycharmProjects/P9-RobuROC4/install/canopen_interfaces/share/canopen_interfaces/cmake/rosidl_cmake_export_typesupport_libraries-extras.cmake
[4.226s] -- Up-to-date: /home/roburoc/PycharmProjects/P9-RobuROC4/install/canopen_interfaces/share/canopen_interfaces/cmake/canopen_interfacesConfig.cmake
[4.226s] -- Up-to-date: /home/roburoc/PycharmProjects/P9-RobuROC4/install/canopen_interfaces/share/canopen_interfaces/cmake/canopen_interfacesConfig-version.cmake
[4.226s] -- Up-to-date: /home/roburoc/PycharmProjects/P9-RobuROC4/install/canopen_interfaces/share/canopen_interfaces/package.xml
[4.227s] Invoked command in '/home/roburoc/PycharmProjects/P9-RobuROC4/build/canopen_interfaces' returned '0': CMAKE_PREFIX_PATH=${CMAKE_PREFIX_PATH}:/opt/ros/humble /usr/bin/cmake --install /home/roburoc/PycharmProjects/P9-RobuROC4/build/canopen_interfaces
