[0.009s] Invoking command in '/home/roburoc/PycharmProjects/P9-RobuROC4/build/roburoc_gamepad': CMAKE_PREFIX_PATH=${CMAKE_PREFIX_PATH}:/opt/ros/humble /usr/bin/cmake --build /home/roburoc/PycharmProjects/P9-RobuROC4/build/roburoc_gamepad -- -j12 -l12
[0.040s] Invoked command in '/home/roburoc/PycharmProjects/P9-RobuROC4/build/roburoc_gamepad' returned '0': CMAKE_PREFIX_PATH=${CMAKE_PREFIX_PATH}:/opt/ros/humble /usr/bin/cmake --build /home/roburoc/PycharmProjects/P9-RobuROC4/build/roburoc_gamepad -- -j12 -l12
[0.064s] Invoking command in '/home/roburoc/PycharmProjects/P9-RobuROC4/build/roburoc_gamepad': CMAKE_PREFIX_PATH=${CMAKE_PREFIX_PATH}:/opt/ros/humble /usr/bin/cmake --install /home/roburoc/PycharmProjects/P9-RobuROC4/build/roburoc_gamepad
[0.072s] -- Install configuration: ""
[0.072s] -- Up-to-date: /home/roburoc/PycharmProjects/P9-RobuROC4/install/roburoc_gamepad/lib/roburoc_gamepad/gamepad.py
[0.072s] -- Up-to-date: /home/roburoc/PycharmProjects/P9-RobuROC4/install/roburoc_gamepad/share/roburoc_gamepad
[0.072s] -- Up-to-date: /home/roburoc/PycharmProjects/P9-RobuROC4/install/roburoc_gamepad/share/ament_index/resource_index/package_run_dependencies/roburoc_gamepad
[0.072s] -- Up-to-date: /home/roburoc/PycharmProjects/P9-RobuROC4/install/roburoc_gamepad/share/ament_index/resource_index/parent_prefix_path/roburoc_gamepad
[0.072s] -- Up-to-date: /home/roburoc/PycharmProjects/P9-RobuROC4/install/roburoc_gamepad/share/roburoc_gamepad/environment/ament_prefix_path.sh
[0.072s] -- Up-to-date: /home/roburoc/PycharmProjects/P9-RobuROC4/install/roburoc_gamepad/share/roburoc_gamepad/environment/ament_prefix_path.dsv
[0.073s] -- Up-to-date: /home/roburoc/PycharmProjects/P9-RobuROC4/install/roburoc_gamepad/share/roburoc_gamepad/environment/path.sh
[0.073s] -- Up-to-date: /home/roburoc/PycharmProjects/P9-RobuROC4/install/roburoc_gamepad/share/roburoc_gamepad/environment/path.dsv
[0.073s] -- Up-to-date: /home/roburoc/PycharmProjects/P9-RobuROC4/install/roburoc_gamepad/share/roburoc_gamepad/local_setup.bash
[0.073s] -- Up-to-date: /home/roburoc/PycharmProjects/P9-RobuROC4/install/roburoc_gamepad/share/roburoc_gamepad/local_setup.sh
[0.073s] -- Up-to-date: /home/roburoc/PycharmProjects/P9-RobuROC4/install/roburoc_gamepad/share/roburoc_gamepad/local_setup.zsh
[0.073s] -- Up-to-date: /home/roburoc/PycharmProjects/P9-RobuROC4/install/roburoc_gamepad/share/roburoc_gamepad/local_setup.dsv
[0.073s] -- Installing: /home/roburoc/PycharmProjects/P9-RobuROC4/install/roburoc_gamepad/share/roburoc_gamepad/package.dsv
[0.073s] -- Up-to-date: /home/roburoc/PycharmProjects/P9-RobuROC4/install/roburoc_gamepad/share/ament_index/resource_index/packages/roburoc_gamepad
[0.073s] -- Up-to-date: /home/roburoc/PycharmProjects/P9-RobuROC4/install/roburoc_gamepad/share/roburoc_gamepad/cmake/roburoc_gamepadConfig.cmake
[0.073s] -- Up-to-date: /home/roburoc/PycharmProjects/P9-RobuROC4/install/roburoc_gamepad/share/roburoc_gamepad/cmake/roburoc_gamepadConfig-version.cmake
[0.073s] -- Up-to-date: /home/roburoc/PycharmProjects/P9-RobuROC4/install/roburoc_gamepad/share/roburoc_gamepad/package.xml
[0.075s] Invoked command in '/home/roburoc/PycharmProjects/P9-RobuROC4/build/roburoc_gamepad' returned '0': CMAKE_PREFIX_PATH=${CMAKE_PREFIX_PATH}:/opt/ros/humble /usr/bin/cmake --install /home/roburoc/PycharmProjects/P9-RobuROC4/build/roburoc_gamepad
