[0.017s] Invoking command in '/home/roburoc/PycharmProjects/P9-RobuROC4/src/build/realsense_gazebo_plugin': /usr/bin/cmake /home/roburoc/PycharmProjects/P9-RobuROC4/src/thirdparty/realsense_gazebo_plugin-foxy-devel -DCATKIN_INSTALL_INTO_PREFIX_ROOT=0 -DCMAKE_INSTALL_PREFIX=/home/roburoc/PycharmProjects/P9-RobuROC4/src/install/realsense_gazebo_plugin
[0.070s] -- The C compiler identification is GNU 12.3.0
[0.122s] -- The CXX compiler identification is GNU 11.4.0
[0.128s] -- Detecting C compiler ABI info
[0.183s] -- Detecting C compiler ABI info - done
[0.190s] -- Check for working C compiler: /usr/bin/cc - skipped
[0.190s] -- Detecting C compile features
[0.191s] -- Detecting C compile features - done
[0.193s] -- Detecting CXX compiler ABI info
[0.260s] -- Detecting CXX compiler ABI info - done
[0.273s] -- Check for working CXX compiler: /usr/bin/c++ - skipped
[0.273s] -- Detecting CXX compile features
[0.274s] -- Detecting CXX compile features - done
[0.277s] -- Found ament_cmake: 1.3.10 (/opt/ros/humble/share/ament_cmake/cmake)
[0.416s] -- Found Python3: /usr/bin/python3 (found version "3.10.12") found components: Interpreter 
[0.503s] -- Found rclcpp: 16.0.10 (/opt/ros/humble/share/rclcpp/cmake)
[0.547s] -- Found rosidl_generator_c: 3.1.5 (/opt/ros/humble/share/rosidl_generator_c/cmake)
[0.553s] -- Found rosidl_adapter: 3.1.5 (/opt/ros/humble/share/rosidl_adapter/cmake)
[0.561s] -- Found rosidl_generator_cpp: 3.1.5 (/opt/ros/humble/share/rosidl_generator_cpp/cmake)
[0.572s] -- Using all available rosidl_typesupport_c: rosidl_typesupport_fastrtps_c;rosidl_typesupport_introspection_c
[0.588s] -- Using all available rosidl_typesupport_cpp: rosidl_typesupport_fastrtps_cpp;rosidl_typesupport_introspection_cpp
[0.636s] -- Found rmw_implementation_cmake: 6.1.2 (/opt/ros/humble/share/rmw_implementation_cmake/cmake)
[0.639s] -- Found rmw_fastrtps_cpp: 6.2.7 (/opt/ros/humble/share/rmw_fastrtps_cpp/cmake)
[0.724s] -- Found OpenSSL: /usr/lib/x86_64-linux-gnu/libcrypto.so (found version "3.0.2")  
[0.758s] -- Found FastRTPS: /opt/ros/humble/include  
[0.798s] -- Using RMW implementation 'rmw_fastrtps_cpp' as default
[0.807s] -- Looking for pthread.h
[0.875s] -- Looking for pthread.h - found
[0.875s] -- Performing Test CMAKE_HAVE_LIBC_PTHREAD
[0.941s] -- Performing Test CMAKE_HAVE_LIBC_PTHREAD - Success
[0.942s] -- Found Threads: TRUE  
[0.999s] -- Found gazebo_ros: 3.7.0 (/opt/ros/humble/share/gazebo_ros/cmake)
[1.009s] -- Found PkgConfig: /usr/bin/pkg-config (found version "0.29.2") 
[1.011s] -- Checking for module 'bullet>=2.82'
[1.023s] --   Found bullet, version 3.05
[1.140s] -- Found fcl: /usr/include (found suitable version "0.7.0", minimum required is "0.5.0") 
[1.198s] -- Found assimp: /usr/include (found version "5.2.0") 
[1.211s] -- Found DART: /usr/include (Required is at least version "6.6") found components: dart 
[1.231s] -- Found Boost: /usr/lib/x86_64-linux-gnu/cmake/Boost-1.74.0/BoostConfig.cmake (found suitable version "1.74.0", minimum required is "1.40.0") found components: thread system filesystem program_options regex iostreams date_time 
[1.245s] -- Found Protobuf: /usr/lib/x86_64-linux-gnu/libprotobuf.so (found version "3.12.4") 
[1.250s] -- Looking for ignition-math6 -- found version 6.15.1
[1.256s] -- Searching for dependencies of ignition-math6
[1.257s] -- Looking for OGRE...
[1.258s] -- OGRE_PREFIX_WATCH changed.
[1.262s] -- Checking for module 'OGRE'
[1.272s] --   Found OGRE, version 1.9.0
[1.299s] -- Found Ogre Ghadamon (1.9.0)
[1.309s] -- Found OGRE: optimized;/usr/lib/x86_64-linux-gnu/libOgreMain.so;debug;/usr/lib/x86_64-linux-gnu/libOgreMain.so
[1.323s] -- Looking for OGRE_Paging...
[1.330s] -- Found OGRE_Paging: optimized;/usr/lib/x86_64-linux-gnu/libOgrePaging.so;debug;/usr/lib/x86_64-linux-gnu/libOgrePaging.so
[1.330s] -- Looking for OGRE_Terrain...
[1.334s] -- Found OGRE_Terrain: optimized;/usr/lib/x86_64-linux-gnu/libOgreTerrain.so;debug;/usr/lib/x86_64-linux-gnu/libOgreTerrain.so
[1.334s] -- Looking for OGRE_Property...
[1.340s] -- Found OGRE_Property: optimized;/usr/lib/x86_64-linux-gnu/libOgreProperty.so;debug;/usr/lib/x86_64-linux-gnu/libOgreProperty.so
[1.341s] -- Looking for OGRE_RTShaderSystem...
[1.345s] -- Found OGRE_RTShaderSystem: optimized;/usr/lib/x86_64-linux-gnu/libOgreRTShaderSystem.so;debug;/usr/lib/x86_64-linux-gnu/libOgreRTShaderSystem.so
[1.345s] -- Looking for OGRE_Volume...
[1.350s] -- Found OGRE_Volume: optimized;/usr/lib/x86_64-linux-gnu/libOgreVolume.so;debug;/usr/lib/x86_64-linux-gnu/libOgreVolume.so
[1.350s] -- Looking for OGRE_Overlay...
[1.355s] -- Found OGRE_Overlay: optimized;/usr/lib/x86_64-linux-gnu/libOgreOverlay.so;debug;/usr/lib/x86_64-linux-gnu/libOgreOverlay.so
[1.469s] -- Looking for ignition-math6 -- found version 6.15.1
[1.472s] -- Looking for ignition-transport8 -- found version 8.2.1
[1.472s] -- Searching for dependencies of ignition-transport8
[1.488s] -- Found Protobuf: /usr/lib/x86_64-linux-gnu/libprotobuf.so (found suitable version "3.12.4", minimum required is "3") 
[1.498s] -- Config-file not installed for ZeroMQ -- checking for pkg-config
[1.502s] -- Checking for module 'libzmq >= 4'
[1.513s] --   Found libzmq , version 4.3.4
[1.542s] -- Found ZeroMQ: TRUE (Required is at least version "4") 
[1.547s] -- Checking for module 'uuid'
[1.556s] --   Found uuid, version 2.37.2
[1.582s] -- Found UUID: TRUE  
[1.584s] -- Looking for ignition-msgs5 -- found version 5.8.1
[1.584s] -- Searching for dependencies of ignition-msgs5
[1.601s] -- Looking for ignition-math6 -- found version 6.15.1
[1.606s] -- Checking for module 'tinyxml2'
[1.616s] --   Found tinyxml2, version 9.0.0
[1.644s] -- Looking for ignition-msgs5 -- found version 5.8.1
[1.646s] -- Looking for ignition-common3 -- found version 3.14.0
[1.647s] -- Searching for dependencies of ignition-common3
[1.647s] -- Looking for dlfcn.h - found
[1.648s] -- Looking for libdl - found
[1.649s] -- Found DL: TRUE  
[1.659s] -- Found tinyobjloader: /usr/lib/x86_64-linux-gnu/cmake/tinyobjloader/tinyobjloader-config.cmake (found version "2.0.0") 
[1.659s] -- Searching for <ignition-common3> component [graphics]
[1.661s] -- Looking for ignition-common3-graphics -- found version 3.14.0
[1.662s] -- Searching for dependencies of ignition-common3-graphics
[1.662s] -- Looking for ignition-math6 -- found version 6.15.1
[1.665s] -- Looking for ignition-fuel_tools4 -- found version 4.4.0
[1.665s] -- Searching for dependencies of ignition-fuel_tools4
[1.729s] -- Found CURL: /usr/lib/x86_64-linux-gnu/libcurl.so (found version "7.81.0")  
[1.737s] -- Checking for module 'jsoncpp'
[1.747s] --   Found jsoncpp, version 1.9.5
[1.773s] -- Found JSONCPP: TRUE  
[1.778s] -- Checking for module 'libzip'
[1.787s] --   Found libzip, version 1.7.3
[1.811s] -- Found ZIP: TRUE  
[1.811s] -- Looking for ignition-common3 -- found version 3.14.0
[1.811s] -- Looking for ignition-math6 -- found version 6.15.1
[1.812s] -- Looking for ignition-msgs5 -- found version 5.8.1
[1.815s] -- Gazebo version: 11.10
[1.815s] -- Checking for module 'tbb'
[1.826s] --   Found tbb, version 2021.5.0
[1.852s] -- Found image_transport: 3.1.9 (/opt/ros/humble/share/image_transport/cmake)
[1.916s] -- Found camera_info_manager: 3.1.9 (/opt/ros/humble/share/camera_info_manager/cmake)
[1.932s] -- Found ament_lint_auto: 0.12.11 (/opt/ros/humble/share/ament_lint_auto/cmake)
[1.989s] -- Configuring done
[2.005s] -- Generating done
[2.006s] [33mCMake Warning:
[2.006s]   Manually-specified variables were not used by the project:
[2.006s] 
[2.006s]     CATKIN_INSTALL_INTO_PREFIX_ROOT
[2.006s] 
[2.007s] [0m
[2.007s] -- Build files have been written to: /home/roburoc/PycharmProjects/P9-RobuROC4/src/build/realsense_gazebo_plugin
[2.021s] Invoked command in '/home/roburoc/PycharmProjects/P9-RobuROC4/src/build/realsense_gazebo_plugin' returned '0': /usr/bin/cmake /home/roburoc/PycharmProjects/P9-RobuROC4/src/thirdparty/realsense_gazebo_plugin-foxy-devel -DCATKIN_INSTALL_INTO_PREFIX_ROOT=0 -DCMAKE_INSTALL_PREFIX=/home/roburoc/PycharmProjects/P9-RobuROC4/src/install/realsense_gazebo_plugin
[2.022s] Invoking command in '/home/roburoc/PycharmProjects/P9-RobuROC4/src/build/realsense_gazebo_plugin': /usr/bin/cmake --build /home/roburoc/PycharmProjects/P9-RobuROC4/src/build/realsense_gazebo_plugin -- -j12 -l12
[2.062s] [ 66%] [32mBuilding CXX object CMakeFiles/realsense_gazebo_plugin.dir/src/gazebo_ros_realsense.cpp.o[0m
[2.062s] [ 66%] [32mBuilding CXX object CMakeFiles/realsense_gazebo_plugin.dir/src/RealSensePlugin.cpp.o[0m
[22.826s] [100%] [32m[1mLinking CXX shared library librealsense_gazebo_plugin.so[0m
[23.536s] [100%] Built target realsense_gazebo_plugin
[23.544s] Invoked command in '/home/roburoc/PycharmProjects/P9-RobuROC4/src/build/realsense_gazebo_plugin' returned '0': /usr/bin/cmake --build /home/roburoc/PycharmProjects/P9-RobuROC4/src/build/realsense_gazebo_plugin -- -j12 -l12
[23.585s] Invoking command in '/home/roburoc/PycharmProjects/P9-RobuROC4/src/build/realsense_gazebo_plugin': /usr/bin/cmake --install /home/roburoc/PycharmProjects/P9-RobuROC4/src/build/realsense_gazebo_plugin
[23.591s] -- Install configuration: ""
[23.591s] -- Installing: /home/roburoc/PycharmProjects/P9-RobuROC4/src/install/realsense_gazebo_plugin/lib/librealsense_gazebo_plugin.so
[23.594s] -- Set runtime path of "/home/roburoc/PycharmProjects/P9-RobuROC4/src/install/realsense_gazebo_plugin/lib/librealsense_gazebo_plugin.so" to ""
[23.594s] -- Installing: /home/roburoc/PycharmProjects/P9-RobuROC4/src/install/realsense_gazebo_plugin/include/
[23.594s] -- Installing: /home/roburoc/PycharmProjects/P9-RobuROC4/src/install/realsense_gazebo_plugin/include//realsense_gazebo_plugin
[23.594s] -- Installing: /home/roburoc/PycharmProjects/P9-RobuROC4/src/install/realsense_gazebo_plugin/include//realsense_gazebo_plugin/RealSensePlugin.h
[23.594s] -- Installing: /home/roburoc/PycharmProjects/P9-RobuROC4/src/install/realsense_gazebo_plugin/include//realsense_gazebo_plugin/gazebo_ros_realsense.h
[23.594s] -- Installing: /home/roburoc/PycharmProjects/P9-RobuROC4/src/install/realsense_gazebo_plugin/share/realsense_gazebo_plugin/environment/library_path.sh
[23.595s] -- Installing: /home/roburoc/PycharmProjects/P9-RobuROC4/src/install/realsense_gazebo_plugin/share/realsense_gazebo_plugin/environment/library_path.dsv
[23.595s] -- Installing: /home/roburoc/PycharmProjects/P9-RobuROC4/src/install/realsense_gazebo_plugin/share/ament_index/resource_index/package_run_dependencies/realsense_gazebo_plugin
[23.595s] -- Installing: /home/roburoc/PycharmProjects/P9-RobuROC4/src/install/realsense_gazebo_plugin/share/ament_index/resource_index/parent_prefix_path/realsense_gazebo_plugin
[23.595s] -- Installing: /home/roburoc/PycharmProjects/P9-RobuROC4/src/install/realsense_gazebo_plugin/share/realsense_gazebo_plugin/environment/ament_prefix_path.sh
[23.595s] -- Installing: /home/roburoc/PycharmProjects/P9-RobuROC4/src/install/realsense_gazebo_plugin/share/realsense_gazebo_plugin/environment/ament_prefix_path.dsv
[23.595s] -- Installing: /home/roburoc/PycharmProjects/P9-RobuROC4/src/install/realsense_gazebo_plugin/share/realsense_gazebo_plugin/environment/path.sh
[23.595s] -- Installing: /home/roburoc/PycharmProjects/P9-RobuROC4/src/install/realsense_gazebo_plugin/share/realsense_gazebo_plugin/environment/path.dsv
[23.595s] -- Installing: /home/roburoc/PycharmProjects/P9-RobuROC4/src/install/realsense_gazebo_plugin/share/realsense_gazebo_plugin/local_setup.bash
[23.595s] -- Installing: /home/roburoc/PycharmProjects/P9-RobuROC4/src/install/realsense_gazebo_plugin/share/realsense_gazebo_plugin/local_setup.sh
[23.595s] -- Installing: /home/roburoc/PycharmProjects/P9-RobuROC4/src/install/realsense_gazebo_plugin/share/realsense_gazebo_plugin/local_setup.zsh
[23.596s] -- Installing: /home/roburoc/PycharmProjects/P9-RobuROC4/src/install/realsense_gazebo_plugin/share/realsense_gazebo_plugin/local_setup.dsv
[23.596s] -- Installing: /home/roburoc/PycharmProjects/P9-RobuROC4/src/install/realsense_gazebo_plugin/share/realsense_gazebo_plugin/package.dsv
[23.596s] -- Installing: /home/roburoc/PycharmProjects/P9-RobuROC4/src/install/realsense_gazebo_plugin/share/ament_index/resource_index/packages/realsense_gazebo_plugin
[23.596s] -- Installing: /home/roburoc/PycharmProjects/P9-RobuROC4/src/install/realsense_gazebo_plugin/share/realsense_gazebo_plugin/cmake/ament_cmake_export_include_directories-extras.cmake
[23.596s] -- Installing: /home/roburoc/PycharmProjects/P9-RobuROC4/src/install/realsense_gazebo_plugin/share/realsense_gazebo_plugin/cmake/ament_cmake_export_libraries-extras.cmake
[23.596s] -- Installing: /home/roburoc/PycharmProjects/P9-RobuROC4/src/install/realsense_gazebo_plugin/share/realsense_gazebo_plugin/cmake/realsense_gazebo_pluginConfig.cmake
[23.596s] -- Installing: /home/roburoc/PycharmProjects/P9-RobuROC4/src/install/realsense_gazebo_plugin/share/realsense_gazebo_plugin/cmake/realsense_gazebo_pluginConfig-version.cmake
[23.596s] -- Installing: /home/roburoc/PycharmProjects/P9-RobuROC4/src/install/realsense_gazebo_plugin/share/realsense_gazebo_plugin/package.xml
[23.598s] Invoked command in '/home/roburoc/PycharmProjects/P9-RobuROC4/src/build/realsense_gazebo_plugin' returned '0': /usr/bin/cmake --install /home/roburoc/PycharmProjects/P9-RobuROC4/src/build/realsense_gazebo_plugin
