running egg_info
creating ../build/imu_package/imu_package.egg-info
writing ../build/imu_package/imu_package.egg-info/PKG-INFO
writing dependency_links to ../build/imu_package/imu_package.egg-info/dependency_links.txt
writing entry points to ../build/imu_package/imu_package.egg-info/entry_points.txt
writing requirements to ../build/imu_package/imu_package.egg-info/requires.txt
writing top-level names to ../build/imu_package/imu_package.egg-info/top_level.txt
writing manifest file '../build/imu_package/imu_package.egg-info/SOURCES.txt'
reading manifest file '../build/imu_package/imu_package.egg-info/SOURCES.txt'
writing manifest file '../build/imu_package/imu_package.egg-info/SOURCES.txt'
running build
running build_py
creating /home/roburoc/PycharmProjects/P9-RobuROC4/src/build/imu_package/build
creating /home/roburoc/PycharmProjects/P9-RobuROC4/src/build/imu_package/build/lib
creating /home/roburoc/PycharmProjects/P9-RobuROC4/src/build/imu_package/build/lib/imu_package
copying imu_package/imu_node.py -> /home/roburoc/PycharmProjects/P9-RobuROC4/src/build/imu_package/build/lib/imu_package
copying imu_package/__init__.py -> /home/roburoc/PycharmProjects/P9-RobuROC4/src/build/imu_package/build/lib/imu_package
running install
running install_lib
creating /home/roburoc/PycharmProjects/P9-RobuROC4/src/install/imu_package/lib/python3.10/site-packages/imu_package
copying /home/roburoc/PycharmProjects/P9-RobuROC4/src/build/imu_package/build/lib/imu_package/imu_node.py -> /home/roburoc/PycharmProjects/P9-RobuROC4/src/install/imu_package/lib/python3.10/site-packages/imu_package
copying /home/roburoc/PycharmProjects/P9-RobuROC4/src/build/imu_package/build/lib/imu_package/__init__.py -> /home/roburoc/PycharmProjects/P9-RobuROC4/src/install/imu_package/lib/python3.10/site-packages/imu_package
byte-compiling /home/roburoc/PycharmProjects/P9-RobuROC4/src/install/imu_package/lib/python3.10/site-packages/imu_package/imu_node.py to imu_node.cpython-310.pyc
byte-compiling /home/roburoc/PycharmProjects/P9-RobuROC4/src/install/imu_package/lib/python3.10/site-packages/imu_package/__init__.py to __init__.cpython-310.pyc
running install_data
copying package.xml -> /home/roburoc/PycharmProjects/P9-RobuROC4/src/install/imu_package/share/imu_package
running install_egg_info
Copying ../build/imu_package/imu_package.egg-info to /home/roburoc/PycharmProjects/P9-RobuROC4/src/install/imu_package/lib/python3.10/site-packages/imu_package-0.1.0-py3.10.egg-info
running install_scripts
Installing imu_node script to /home/roburoc/PycharmProjects/P9-RobuROC4/src/install/imu_package/lib/imu_package
writing list of installed files to '/home/roburoc/PycharmProjects/P9-RobuROC4/src/build/imu_package/install.log'
