[0.643s] Invoking command in '/home/roburoc/PycharmProjects/P9-RobuROC4/src/imu_package': PYTHONPATH=/home/roburoc/PycharmProjects/P9-RobuROC4/src/build/imu_package/prefix_override:/usr/lib/python3/dist-packages/colcon_core/task/python/colcon_distutils_commands:/home/roburoc/PycharmProjects/P9-RobuROC4/src/install/imu_package/lib/python3.10/site-packages:${PYTHONPATH} /usr/bin/python3 -W ignore:setup.py install is deprecated setup.py egg_info --egg-base ../build/imu_package build --build-base /home/roburoc/PycharmProjects/P9-RobuROC4/src/build/imu_package/build install --record /home/roburoc/PycharmProjects/P9-RobuROC4/src/build/imu_package/install.log --single-version-externally-managed install_data
[0.915s] running egg_info
[0.916s] creating ../build/imu_package/imu_package.egg-info
[0.916s] writing ../build/imu_package/imu_package.egg-info/PKG-INFO
[0.916s] writing dependency_links to ../build/imu_package/imu_package.egg-info/dependency_links.txt
[0.916s] writing entry points to ../build/imu_package/imu_package.egg-info/entry_points.txt
[0.916s] writing requirements to ../build/imu_package/imu_package.egg-info/requires.txt
[0.917s] writing top-level names to ../build/imu_package/imu_package.egg-info/top_level.txt
[0.917s] writing manifest file '../build/imu_package/imu_package.egg-info/SOURCES.txt'
[0.918s] reading manifest file '../build/imu_package/imu_package.egg-info/SOURCES.txt'
[0.919s] writing manifest file '../build/imu_package/imu_package.egg-info/SOURCES.txt'
[0.919s] running build
[0.919s] running build_py
[0.919s] creating /home/roburoc/PycharmProjects/P9-RobuROC4/src/build/imu_package/build
[0.919s] creating /home/roburoc/PycharmProjects/P9-RobuROC4/src/build/imu_package/build/lib
[0.920s] creating /home/roburoc/PycharmProjects/P9-RobuROC4/src/build/imu_package/build/lib/imu_package
[0.920s] copying imu_package/imu_node.py -> /home/roburoc/PycharmProjects/P9-RobuROC4/src/build/imu_package/build/lib/imu_package
[0.920s] copying imu_package/__init__.py -> /home/roburoc/PycharmProjects/P9-RobuROC4/src/build/imu_package/build/lib/imu_package
[0.920s] running install
[0.920s] running install_lib
[0.921s] creating /home/roburoc/PycharmProjects/P9-RobuROC4/src/install/imu_package/lib/python3.10/site-packages/imu_package
[0.921s] copying /home/roburoc/PycharmProjects/P9-RobuROC4/src/build/imu_package/build/lib/imu_package/imu_node.py -> /home/roburoc/PycharmProjects/P9-RobuROC4/src/install/imu_package/lib/python3.10/site-packages/imu_package
[0.921s] copying /home/roburoc/PycharmProjects/P9-RobuROC4/src/build/imu_package/build/lib/imu_package/__init__.py -> /home/roburoc/PycharmProjects/P9-RobuROC4/src/install/imu_package/lib/python3.10/site-packages/imu_package
[0.921s] byte-compiling /home/roburoc/PycharmProjects/P9-RobuROC4/src/install/imu_package/lib/python3.10/site-packages/imu_package/imu_node.py to imu_node.cpython-310.pyc
[0.922s] byte-compiling /home/roburoc/PycharmProjects/P9-RobuROC4/src/install/imu_package/lib/python3.10/site-packages/imu_package/__init__.py to __init__.cpython-310.pyc
[0.922s] running install_data
[0.922s] copying package.xml -> /home/roburoc/PycharmProjects/P9-RobuROC4/src/install/imu_package/share/imu_package
[0.922s] running install_egg_info
[0.924s] Copying ../build/imu_package/imu_package.egg-info to /home/roburoc/PycharmProjects/P9-RobuROC4/src/install/imu_package/lib/python3.10/site-packages/imu_package-0.1.0-py3.10.egg-info
[0.925s] running install_scripts
[0.945s] Installing imu_node script to /home/roburoc/PycharmProjects/P9-RobuROC4/src/install/imu_package/lib/imu_package
[0.945s] writing list of installed files to '/home/roburoc/PycharmProjects/P9-RobuROC4/src/build/imu_package/install.log'
[0.967s] Invoked command in '/home/roburoc/PycharmProjects/P9-RobuROC4/src/imu_package' returned '0': PYTHONPATH=/home/roburoc/PycharmProjects/P9-RobuROC4/src/build/imu_package/prefix_override:/usr/lib/python3/dist-packages/colcon_core/task/python/colcon_distutils_commands:/home/roburoc/PycharmProjects/P9-RobuROC4/src/install/imu_package/lib/python3.10/site-packages:${PYTHONPATH} /usr/bin/python3 -W ignore:setup.py install is deprecated setup.py egg_info --egg-base ../build/imu_package build --build-base /home/roburoc/PycharmProjects/P9-RobuROC4/src/build/imu_package/build install --record /home/roburoc/PycharmProjects/P9-RobuROC4/src/build/imu_package/install.log --single-version-externally-managed install_data
