[0.010s] Invoking command in '/home/julian/model/P9-RobuROC4/build/velodyne_gazebo_plugins': CMAKE_PREFIX_PATH=${CMAKE_PREFIX_PATH}:/opt/ros/humble /usr/bin/cmake /home/julian/model/P9-RobuROC4/src/thirdparty/velodyne_simulator-dashing-devel/velodyne_gazebo_plugins -DCMAKE_INSTALL_PREFIX=/home/julian/model/P9-RobuROC4/install/velodyne_gazebo_plugins
[0.075s] -- The C compiler identification is GNU 11.4.0
[0.138s] -- The CXX compiler identification is GNU 11.4.0
[0.144s] -- Detecting C compiler ABI info
[0.233s] -- Detecting C compiler ABI info - done
[0.240s] -- Check for working C compiler: /usr/bin/cc - skipped
[0.240s] -- Detecting C compile features
[0.240s] -- Detecting C compile features - done
[0.242s] -- Detecting CXX compiler ABI info
[0.341s] -- Detecting CXX compiler ABI info - done
[0.359s] -- Check for working CXX compiler: /usr/bin/c++ - skipped
[0.360s] -- Detecting CXX compile features
[0.361s] -- Detecting CXX compile features - done
[0.367s] -- Found ament_cmake: 1.3.10 (/opt/ros/humble/share/ament_cmake/cmake)
[0.539s] -- Found Python3: /usr/bin/python3 (found version "3.10.12") found components: Interpreter 
[0.627s] -- Found gazebo_dev: 3.7.0 (/opt/ros/humble/share/gazebo_dev/cmake)
[0.633s] -- Found PkgConfig: /usr/bin/pkg-config (found version "0.29.2") 
[0.637s] -- Checking for module 'bullet>=2.82'
[0.662s] --   Found bullet, version 3.05
[0.861s] -- Found fcl: /usr/include (found suitable version "0.7.0", minimum required is "0.5.0") 
[0.963s] -- Found assimp: /usr/include (found version "5.2.0") 
[0.980s] -- Found DART: /usr/include (Required is at least version "6.6") found components: dart 
[1.222s] -- Found Boost: /usr/lib/x86_64-linux-gnu/cmake/Boost-1.74.0/BoostConfig.cmake (found suitable version "1.74.0", minimum required is "1.40.0") found components: thread system filesystem program_options regex iostreams date_time 
[1.252s] -- Found Protobuf: /usr/lib/x86_64-linux-gnu/libprotobuf.so (found version "3.12.4") 
[1.256s] -- Looking for ignition-math6 -- found version 6.15.1
[1.261s] -- Searching for dependencies of ignition-math6
[1.263s] -- Looking for OGRE...
[1.263s] -- OGRE_PREFIX_WATCH changed.
[1.272s] -- Checking for module 'OGRE'
[1.289s] --   Found OGRE, version 1.9.0
[1.361s] -- Found Ogre Ghadamon (1.9.0)
[1.385s] -- Found OGRE: optimized;/usr/lib/x86_64-linux-gnu/libOgreMain.so;debug;/usr/lib/x86_64-linux-gnu/libOgreMain.so
[1.393s] -- Looking for OGRE_Paging...
[1.397s] -- Found OGRE_Paging: optimized;/usr/lib/x86_64-linux-gnu/libOgrePaging.so;debug;/usr/lib/x86_64-linux-gnu/libOgrePaging.so
[1.397s] -- Looking for OGRE_Terrain...
[1.401s] -- Found OGRE_Terrain: optimized;/usr/lib/x86_64-linux-gnu/libOgreTerrain.so;debug;/usr/lib/x86_64-linux-gnu/libOgreTerrain.so
[1.401s] -- Looking for OGRE_Property...
[1.405s] -- Found OGRE_Property: optimized;/usr/lib/x86_64-linux-gnu/libOgreProperty.so;debug;/usr/lib/x86_64-linux-gnu/libOgreProperty.so
[1.405s] -- Looking for OGRE_RTShaderSystem...
[1.408s] -- Found OGRE_RTShaderSystem: optimized;/usr/lib/x86_64-linux-gnu/libOgreRTShaderSystem.so;debug;/usr/lib/x86_64-linux-gnu/libOgreRTShaderSystem.so
[1.409s] -- Looking for OGRE_Volume...
[1.412s] -- Found OGRE_Volume: optimized;/usr/lib/x86_64-linux-gnu/libOgreVolume.so;debug;/usr/lib/x86_64-linux-gnu/libOgreVolume.so
[1.413s] -- Looking for OGRE_Overlay...
[1.416s] -- Found OGRE_Overlay: optimized;/usr/lib/x86_64-linux-gnu/libOgreOverlay.so;debug;/usr/lib/x86_64-linux-gnu/libOgreOverlay.so
[1.505s] -- Looking for ignition-math6 -- found version 6.15.1
[1.506s] -- Looking for ignition-transport8 -- found version 8.2.1
[1.507s] -- Searching for dependencies of ignition-transport8
[1.529s] -- Found Protobuf: /usr/lib/x86_64-linux-gnu/libprotobuf.so (found suitable version "3.12.4", minimum required is "3") 
[1.541s] -- Config-file not installed for ZeroMQ -- checking for pkg-config
[1.549s] -- Checking for module 'libzmq >= 4'
[1.572s] --   Found libzmq , version 4.3.4
[1.644s] -- Found ZeroMQ: TRUE (Required is at least version "4") 
[1.656s] -- Checking for module 'uuid'
[1.688s] --   Found uuid, version 2.37.2
[1.776s] -- Found UUID: TRUE  
[1.781s] -- Looking for ignition-msgs5 -- found version 5.8.1
[1.782s] -- Searching for dependencies of ignition-msgs5
[1.821s] -- Looking for ignition-math6 -- found version 6.15.1
[1.828s] -- Checking for module 'tinyxml2'
[1.850s] --   Found tinyxml2, version 9.0.0
[1.927s] -- Looking for ignition-msgs5 -- found version 5.8.1
[1.928s] -- Looking for ignition-common3 -- found version 3.14.0
[1.928s] -- Searching for dependencies of ignition-common3
[1.929s] -- Looking for dlfcn.h - found
[1.929s] -- Looking for libdl - found
[1.931s] -- Found DL: TRUE  
[1.942s] -- Found tinyobjloader: /usr/lib/x86_64-linux-gnu/cmake/tinyobjloader/tinyobjloader-config.cmake (found version "2.0.0") 
[1.942s] -- Searching for <ignition-common3> component [graphics]
[1.944s] -- Looking for ignition-common3-graphics -- found version 3.14.0
[1.944s] -- Searching for dependencies of ignition-common3-graphics
[1.944s] -- Looking for ignition-math6 -- found version 6.15.1
[1.946s] -- Looking for ignition-fuel_tools4 -- found version 4.4.0
[1.947s] -- Searching for dependencies of ignition-fuel_tools4
[2.095s] -- Found CURL: /usr/lib/x86_64-linux-gnu/libcurl.so (found version "7.81.0")  
[2.114s] -- Checking for module 'jsoncpp'
[2.151s] --   Found jsoncpp, version 1.9.5
[2.241s] -- Found JSONCPP: TRUE  
[2.250s] -- Checking for module 'libzip'
[2.282s] --   Found libzip, version 1.7.3
[2.371s] -- Found ZIP: TRUE  
[2.372s] -- Looking for ignition-common3 -- found version 3.14.0
[2.373s] -- Looking for ignition-math6 -- found version 6.15.1
[2.374s] -- Looking for ignition-msgs5 -- found version 5.8.1
[2.383s] -- Gazebo version: 11.10
[2.383s] -- Checking for module 'tbb'
[2.414s] --   Found tbb, version 2021.5.0
[2.493s] -- Found gazebo_ros: 3.7.0 (/opt/ros/humble/share/gazebo_ros/cmake)
[2.538s] -- Found rosidl_generator_c: 3.1.5 (/opt/ros/humble/share/rosidl_generator_c/cmake)
[2.542s] -- Found rosidl_adapter: 3.1.5 (/opt/ros/humble/share/rosidl_adapter/cmake)
[2.549s] -- Found rosidl_generator_cpp: 3.1.5 (/opt/ros/humble/share/rosidl_generator_cpp/cmake)
[2.559s] -- Using all available rosidl_typesupport_c: rosidl_typesupport_fastrtps_c;rosidl_typesupport_introspection_c
[2.572s] -- Using all available rosidl_typesupport_cpp: rosidl_typesupport_fastrtps_cpp;rosidl_typesupport_introspection_cpp
[2.607s] -- Found rmw_implementation_cmake: 6.1.2 (/opt/ros/humble/share/rmw_implementation_cmake/cmake)
[2.609s] -- Found rmw_fastrtps_cpp: 6.2.7 (/opt/ros/humble/share/rmw_fastrtps_cpp/cmake)
[2.724s] -- Found OpenSSL: /usr/lib/x86_64-linux-gnu/libcrypto.so (found version "3.0.2")  
[2.750s] -- Found FastRTPS: /opt/ros/humble/include  
[2.795s] -- Using RMW implementation 'rmw_fastrtps_cpp' as default
[2.803s] -- Found Threads: TRUE  
[2.845s] -- Found gazebo_msgs: 3.7.0 (/opt/ros/humble/share/gazebo_msgs/cmake)
[2.887s] -- Found sensor_msgs: 4.2.4 (/opt/ros/humble/share/sensor_msgs/cmake)
[2.902s] -- Found tf2: 0.25.8 (/opt/ros/humble/share/tf2/cmake)
[2.981s] -- Configuring done
[3.005s] -- Generating done
[3.008s] -- Build files have been written to: /home/julian/model/P9-RobuROC4/build/velodyne_gazebo_plugins
[3.020s] Invoked command in '/home/julian/model/P9-RobuROC4/build/velodyne_gazebo_plugins' returned '0': CMAKE_PREFIX_PATH=${CMAKE_PREFIX_PATH}:/opt/ros/humble /usr/bin/cmake /home/julian/model/P9-RobuROC4/src/thirdparty/velodyne_simulator-dashing-devel/velodyne_gazebo_plugins -DCMAKE_INSTALL_PREFIX=/home/julian/model/P9-RobuROC4/install/velodyne_gazebo_plugins
[3.023s] Invoking command in '/home/julian/model/P9-RobuROC4/build/velodyne_gazebo_plugins': CMAKE_PREFIX_PATH=${CMAKE_PREFIX_PATH}:/opt/ros/humble /usr/bin/cmake --build /home/julian/model/P9-RobuROC4/build/velodyne_gazebo_plugins -- -j16 -l16
[3.095s] [ 50%] [32mBuilding CXX object CMakeFiles/gazebo_ros_velodyne_laser.dir/src/GazeboRosVelodyneLaser.cpp.o[0m
[11.186s] In file included from [01m[K/opt/ros/humble/include/rclcpp/rclcpp/logging.hpp:24[m[K,
[11.186s]                  from [01m[K/opt/ros/humble/include/rclcpp/rclcpp/client.hpp:40[m[K,
[11.186s]                  from [01m[K/opt/ros/humble/include/rclcpp/rclcpp/callback_group.hpp:24[m[K,
[11.186s]                  from [01m[K/opt/ros/humble/include/rclcpp/rclcpp/any_executable.hpp:20[m[K,
[11.187s]                  from [01m[K/opt/ros/humble/include/rclcpp/rclcpp/memory_strategy.hpp:25[m[K,
[11.187s]                  from [01m[K/opt/ros/humble/include/rclcpp/rclcpp/memory_strategies.hpp:18[m[K,
[11.187s]                  from [01m[K/opt/ros/humble/include/rclcpp/rclcpp/executor_options.hpp:20[m[K,
[11.187s]                  from [01m[K/opt/ros/humble/include/rclcpp/rclcpp/executor.hpp:37[m[K,
[11.187s]                  from [01m[K/opt/ros/humble/include/rclcpp/rclcpp/executors/multi_threaded_executor.hpp:25[m[K,
[11.187s]                  from [01m[K/opt/ros/humble/include/rclcpp/rclcpp/executors.hpp:21[m[K,
[11.187s]                  from [01m[K/opt/ros/humble/include/rclcpp/rclcpp/rclcpp.hpp:155[m[K,
[11.187s]                  from [01m[K/opt/ros/humble/include/gazebo_ros/node.hpp:18[m[K,
[11.187s]                  from [01m[K/home/julian/model/P9-RobuROC4/src/thirdparty/velodyne_simulator-dashing-devel/velodyne_gazebo_plugins/include/velodyne_gazebo_plugins/GazeboRosVelodyneLaser.h:53[m[K,
[11.187s]                  from [01m[K/home/julian/model/P9-RobuROC4/src/thirdparty/velodyne_simulator-dashing-devel/velodyne_gazebo_plugins/src/GazeboRosVelodyneLaser.cpp:35[m[K:
[11.187s] [01m[K/home/julian/model/P9-RobuROC4/src/thirdparty/velodyne_simulator-dashing-devel/velodyne_gazebo_plugins/src/GazeboRosVelodyneLaser.cpp:[m[K In member function ‘[01m[Kvirtual void gazebo::GazeboRosVelodyneLaser::Load(gazebo::sensors::SensorPtr, sdf::v9::ElementPtr)[m[K’:
[11.188s] [01m[K/home/julian/model/P9-RobuROC4/src/thirdparty/velodyne_simulator-dashing-devel/velodyne_gazebo_plugins/src/GazeboRosVelodyneLaser.cpp:295:40:[m[K [01;35m[Kwarning: [m[Kformat ‘[01m[K%s[m[K’ expects a matching ‘[01m[Kchar*[m[K’ argument [[01;35m[K]8;;https://gcc.gnu.org/onlinedocs/gcc/Warning-Options.html#index-Wformat=-Wformat=]8;;[m[K]
[11.188s]   295 |   RCLCPP_INFO(ros_node_->get_logger(), [01;35m[K"Velodyne %slaser plugin ready"[m[K);
[11.188s]       |                                        [01;35m[K^~~~~~~~~~~~~~~~~~~~~~~~~~~~~~~[m[K
[11.188s] [01m[K/home/julian/model/P9-RobuROC4/src/thirdparty/velodyne_simulator-dashing-devel/velodyne_gazebo_plugins/src/GazeboRosVelodyneLaser.cpp:295:51:[m[K [01;36m[Knote: [m[Kformat string is defined here
[11.188s]   295 |   RCLCPP_INFO(ros_node_->get_logger(), "Velodyne [01;36m[K%s[m[Klaser plugin ready");
[11.188s]       |                                                  [01;36m[K~^[m[K
[11.188s]       |                                                   [01;36m[K|[m[K
[11.188s]       |                                                   [01;36m[Kchar*[m[K
[15.050s] [100%] [32m[1mLinking CXX shared library libgazebo_ros_velodyne_laser.so[0m
[15.761s] [100%] Built target gazebo_ros_velodyne_laser
[15.784s] Invoked command in '/home/julian/model/P9-RobuROC4/build/velodyne_gazebo_plugins' returned '0': CMAKE_PREFIX_PATH=${CMAKE_PREFIX_PATH}:/opt/ros/humble /usr/bin/cmake --build /home/julian/model/P9-RobuROC4/build/velodyne_gazebo_plugins -- -j16 -l16
[15.832s] Invoking command in '/home/julian/model/P9-RobuROC4/build/velodyne_gazebo_plugins': CMAKE_PREFIX_PATH=${CMAKE_PREFIX_PATH}:/opt/ros/humble /usr/bin/cmake --install /home/julian/model/P9-RobuROC4/build/velodyne_gazebo_plugins
[15.839s] -- Install configuration: ""
[15.839s] -- Installing: /home/julian/model/P9-RobuROC4/install/velodyne_gazebo_plugins/share/velodyne_gazebo_plugins/environment/library_path.sh
[15.840s] -- Installing: /home/julian/model/P9-RobuROC4/install/velodyne_gazebo_plugins/share/velodyne_gazebo_plugins/environment/library_path.dsv
[15.840s] -- Installing: /home/julian/model/P9-RobuROC4/install/velodyne_gazebo_plugins/share/ament_index/resource_index/package_run_dependencies/velodyne_gazebo_plugins
[15.840s] -- Installing: /home/julian/model/P9-RobuROC4/install/velodyne_gazebo_plugins/share/ament_index/resource_index/parent_prefix_path/velodyne_gazebo_plugins
[15.840s] -- Installing: /home/julian/model/P9-RobuROC4/install/velodyne_gazebo_plugins/share/velodyne_gazebo_plugins/environment/ament_prefix_path.sh
[15.840s] -- Installing: /home/julian/model/P9-RobuROC4/install/velodyne_gazebo_plugins/share/velodyne_gazebo_plugins/environment/ament_prefix_path.dsv
[15.840s] -- Installing: /home/julian/model/P9-RobuROC4/install/velodyne_gazebo_plugins/share/velodyne_gazebo_plugins/environment/path.sh
[15.840s] -- Installing: /home/julian/model/P9-RobuROC4/install/velodyne_gazebo_plugins/share/velodyne_gazebo_plugins/environment/path.dsv
[15.840s] -- Installing: /home/julian/model/P9-RobuROC4/install/velodyne_gazebo_plugins/share/velodyne_gazebo_plugins/local_setup.bash
[15.841s] -- Installing: /home/julian/model/P9-RobuROC4/install/velodyne_gazebo_plugins/share/velodyne_gazebo_plugins/local_setup.sh
[15.841s] -- Installing: /home/julian/model/P9-RobuROC4/install/velodyne_gazebo_plugins/share/velodyne_gazebo_plugins/local_setup.zsh
[15.841s] -- Installing: /home/julian/model/P9-RobuROC4/install/velodyne_gazebo_plugins/share/velodyne_gazebo_plugins/local_setup.dsv
[15.841s] -- Installing: /home/julian/model/P9-RobuROC4/install/velodyne_gazebo_plugins/share/velodyne_gazebo_plugins/package.dsv
[15.841s] -- Installing: /home/julian/model/P9-RobuROC4/install/velodyne_gazebo_plugins/share/ament_index/resource_index/packages/velodyne_gazebo_plugins
[15.841s] -- Installing: /home/julian/model/P9-RobuROC4/install/velodyne_gazebo_plugins/share/velodyne_gazebo_plugins/cmake/ament_cmake_export_libraries-extras.cmake
[15.841s] -- Installing: /home/julian/model/P9-RobuROC4/install/velodyne_gazebo_plugins/share/velodyne_gazebo_plugins/cmake/ament_cmake_export_include_directories-extras.cmake
[15.842s] -- Installing: /home/julian/model/P9-RobuROC4/install/velodyne_gazebo_plugins/share/velodyne_gazebo_plugins/cmake/ament_cmake_export_dependencies-extras.cmake
[15.842s] -- Installing: /home/julian/model/P9-RobuROC4/install/velodyne_gazebo_plugins/share/velodyne_gazebo_plugins/cmake/velodyne_gazebo_pluginsConfig.cmake
[15.842s] -- Installing: /home/julian/model/P9-RobuROC4/install/velodyne_gazebo_plugins/share/velodyne_gazebo_plugins/cmake/velodyne_gazebo_pluginsConfig-version.cmake
[15.842s] -- Installing: /home/julian/model/P9-RobuROC4/install/velodyne_gazebo_plugins/share/velodyne_gazebo_plugins/package.xml
[15.842s] -- Installing: /home/julian/model/P9-RobuROC4/install/velodyne_gazebo_plugins/include
[15.842s] -- Installing: /home/julian/model/P9-RobuROC4/install/velodyne_gazebo_plugins/include/velodyne_gazebo_plugins
[15.842s] -- Installing: /home/julian/model/P9-RobuROC4/install/velodyne_gazebo_plugins/include/velodyne_gazebo_plugins/GazeboRosVelodyneLaser.h
[15.843s] -- Installing: /home/julian/model/P9-RobuROC4/install/velodyne_gazebo_plugins/lib/libgazebo_ros_velodyne_laser.so
[15.848s] -- Set runtime path of "/home/julian/model/P9-RobuROC4/install/velodyne_gazebo_plugins/lib/libgazebo_ros_velodyne_laser.so" to ""
[15.850s] Invoked command in '/home/julian/model/P9-RobuROC4/build/velodyne_gazebo_plugins' returned '0': CMAKE_PREFIX_PATH=${CMAKE_PREFIX_PATH}:/opt/ros/humble /usr/bin/cmake --install /home/julian/model/P9-RobuROC4/build/velodyne_gazebo_plugins
