[0.024s] Invoking command in '/home/julian/model/P9-RobuROC4/build/RobuROC_sim': CMAKE_PREFIX_PATH=/home/julian/model/P9-RobuROC4/install/velodyne_gazebo_plugins:/home/julian/model/P9-RobuROC4/install/RobuROC_sim:/opt/ros/humble /usr/bin/cmake --build /home/julian/model/P9-RobuROC4/build/RobuROC_sim -- -j16 -l16
[0.103s] Built target ament_cmake_python_copy_RobuROC_sim
[0.307s] running egg_info
[0.308s] writing RobuROC_sim.egg-info/PKG-INFO
[0.308s] writing dependency_links to RobuROC_sim.egg-info/dependency_links.txt
[0.308s] writing top-level names to RobuROC_sim.egg-info/top_level.txt
[0.310s] reading manifest file 'RobuROC_sim.egg-info/SOURCES.txt'
[0.310s] writing manifest file 'RobuROC_sim.egg-info/SOURCES.txt'
[0.346s] Built target ament_cmake_python_build_RobuROC_sim_egg
[0.359s] Invoked command in '/home/julian/model/P9-RobuROC4/build/RobuROC_sim' returned '0': CMAKE_PREFIX_PATH=/home/julian/model/P9-RobuROC4/install/velodyne_gazebo_plugins:/home/julian/model/P9-RobuROC4/install/RobuROC_sim:/opt/ros/humble /usr/bin/cmake --build /home/julian/model/P9-RobuROC4/build/RobuROC_sim -- -j16 -l16
[0.405s] Invoking command in '/home/julian/model/P9-RobuROC4/build/RobuROC_sim': CMAKE_PREFIX_PATH=/home/julian/model/P9-RobuROC4/install/velodyne_gazebo_plugins:/home/julian/model/P9-RobuROC4/install/RobuROC_sim:/opt/ros/humble /usr/bin/cmake --install /home/julian/model/P9-RobuROC4/build/RobuROC_sim
[0.412s] -- Install configuration: ""
[0.412s] -- Up-to-date: /home/julian/model/P9-RobuROC4/install/RobuROC_sim/share/RobuROC_sim/environment/pythonpath.sh
[0.412s] -- Up-to-date: /home/julian/model/P9-RobuROC4/install/RobuROC_sim/share/RobuROC_sim/environment/pythonpath.dsv
[0.412s] -- Up-to-date: /home/julian/model/P9-RobuROC4/install/RobuROC_sim/local/lib/python3.10/dist-packages/RobuROC_sim-0.0.0-py3.10.egg-info
[0.412s] -- Installing: /home/julian/model/P9-RobuROC4/install/RobuROC_sim/local/lib/python3.10/dist-packages/RobuROC_sim-0.0.0-py3.10.egg-info/SOURCES.txt
[0.413s] -- Installing: /home/julian/model/P9-RobuROC4/install/RobuROC_sim/local/lib/python3.10/dist-packages/RobuROC_sim-0.0.0-py3.10.egg-info/top_level.txt
[0.413s] -- Installing: /home/julian/model/P9-RobuROC4/install/RobuROC_sim/local/lib/python3.10/dist-packages/RobuROC_sim-0.0.0-py3.10.egg-info/PKG-INFO
[0.413s] -- Installing: /home/julian/model/P9-RobuROC4/install/RobuROC_sim/local/lib/python3.10/dist-packages/RobuROC_sim-0.0.0-py3.10.egg-info/dependency_links.txt
[0.413s] -- Up-to-date: /home/julian/model/P9-RobuROC4/install/RobuROC_sim/local/lib/python3.10/dist-packages/RobuROC_sim
[0.413s] -- Up-to-date: /home/julian/model/P9-RobuROC4/install/RobuROC_sim/local/lib/python3.10/dist-packages/RobuROC_sim/publish_odom.py
[0.413s] -- Up-to-date: /home/julian/model/P9-RobuROC4/install/RobuROC_sim/local/lib/python3.10/dist-packages/RobuROC_sim/__init__.py
[0.447s] Listing '/home/julian/model/P9-RobuROC4/install/RobuROC_sim/local/lib/python3.10/dist-packages/RobuROC_sim'...
[0.451s] -- Up-to-date: /home/julian/model/P9-RobuROC4/install/RobuROC_sim/share/RobuROC_sim/description
[0.452s] -- Up-to-date: /home/julian/model/P9-RobuROC4/install/RobuROC_sim/share/RobuROC_sim/description/RobuROC_model.urdf.xacro
[0.452s] -- Up-to-date: /home/julian/model/P9-RobuROC4/install/RobuROC_sim/share/RobuROC_sim/description/test.urdf.xacro
[0.452s] -- Up-to-date: /home/julian/model/P9-RobuROC4/install/RobuROC_sim/share/RobuROC_sim/description/lidar_vlp_16v2.xacro
[0.452s] -- Up-to-date: /home/julian/model/P9-RobuROC4/install/RobuROC_sim/share/RobuROC_sim/description/lidar.xacro
[0.452s] -- Up-to-date: /home/julian/model/P9-RobuROC4/install/RobuROC_sim/share/RobuROC_sim/description/_d435_v1.gazebo.xacro
[0.453s] -- Up-to-date: /home/julian/model/P9-RobuROC4/install/RobuROC_sim/share/RobuROC_sim/description/VLP-16.urdf.xacro
[0.453s] -- Up-to-date: /home/julian/model/P9-RobuROC4/install/RobuROC_sim/share/RobuROC_sim/description/lidar_vlp_16.xacro
[0.453s] -- Up-to-date: /home/julian/model/P9-RobuROC4/install/RobuROC_sim/share/RobuROC_sim/description/camera.xacro
[0.453s] -- Up-to-date: /home/julian/model/P9-RobuROC4/install/RobuROC_sim/share/RobuROC_sim/description/real_sense_cameras.xacro
[0.454s] -- Installing: /home/julian/model/P9-RobuROC4/install/RobuROC_sim/share/RobuROC_sim/description/camera_depth.xacro
[0.454s] -- Up-to-date: /home/julian/model/P9-RobuROC4/install/RobuROC_sim/share/RobuROC_sim/description/include_RobuROC.xacro
[0.454s] -- Up-to-date: /home/julian/model/P9-RobuROC4/install/RobuROC_sim/share/RobuROC_sim/description/_d435.gazebo.xacro
[0.454s] -- Up-to-date: /home/julian/model/P9-RobuROC4/install/RobuROC_sim/share/RobuROC_sim/description/RobuROC_gazebo_sim.xacro
[0.454s] -- Up-to-date: /home/julian/model/P9-RobuROC4/install/RobuROC_sim/share/RobuROC_sim/description/RobuROC_core.urdf.xacro
[0.454s] -- Up-to-date: /home/julian/model/P9-RobuROC4/install/RobuROC_sim/share/RobuROC_sim/launch
[0.454s] -- Up-to-date: /home/julian/model/P9-RobuROC4/install/RobuROC_sim/share/RobuROC_sim/launch/test.launch.py
[0.455s] -- Up-to-date: /home/julian/model/P9-RobuROC4/install/RobuROC_sim/share/RobuROC_sim/launch/RobuROC_sim.launch.py
[0.455s] -- Up-to-date: /home/julian/model/P9-RobuROC4/install/RobuROC_sim/share/RobuROC_sim/worlds
[0.455s] -- Up-to-date: /home/julian/model/P9-RobuROC4/install/RobuROC_sim/share/RobuROC_sim/worlds/RobuROC_env.world
[0.455s] -- Up-to-date: /home/julian/model/P9-RobuROC4/install/RobuROC_sim/share/RobuROC_sim/worlds/empty_world
[0.456s] -- Up-to-date: /home/julian/model/P9-RobuROC4/install/RobuROC_sim/share/RobuROC_sim/meshes
[0.456s] -- Up-to-date: /home/julian/model/P9-RobuROC4/install/RobuROC_sim/share/RobuROC_sim/meshes/VLP16_scan.stl
[0.456s] -- Up-to-date: /home/julian/model/P9-RobuROC4/install/RobuROC_sim/share/RobuROC_sim/meshes/VLP16_base_1.dae
[0.456s] -- Up-to-date: /home/julian/model/P9-RobuROC4/install/RobuROC_sim/share/RobuROC_sim/meshes/VLP16_base_2.stl
[0.456s] -- Up-to-date: /home/julian/model/P9-RobuROC4/install/RobuROC_sim/share/RobuROC_sim/meshes/chassis.STL
[0.456s] -- Up-to-date: /home/julian/model/P9-RobuROC4/install/RobuROC_sim/share/RobuROC_sim/meshes/VLP16_base_1.stl
[0.457s] -- Up-to-date: /home/julian/model/P9-RobuROC4/install/RobuROC_sim/share/RobuROC_sim/meshes/VLP16_base_2.dae
[0.459s] -- Up-to-date: /home/julian/model/P9-RobuROC4/install/RobuROC_sim/share/RobuROC_sim/meshes/d435.dae
[0.459s] -- Up-to-date: /home/julian/model/P9-RobuROC4/install/RobuROC_sim/share/RobuROC_sim/meshes/wheel.STL
[0.460s] -- Up-to-date: /home/julian/model/P9-RobuROC4/install/RobuROC_sim/share/RobuROC_sim/meshes/VLP16_scan.dae
[0.460s] -- Up-to-date: /home/julian/model/P9-RobuROC4/install/RobuROC_sim/share/RobuROC_sim/scripts
[0.460s] -- Up-to-date: /home/julian/model/P9-RobuROC4/install/RobuROC_sim/share/RobuROC_sim/scripts/publish_odom.py
[0.460s] -- Up-to-date: /home/julian/model/P9-RobuROC4/install/RobuROC_sim/lib/RobuROC_sim/publish_odom.py
[0.460s] -- Up-to-date: /home/julian/model/P9-RobuROC4/install/RobuROC_sim/share/ament_index/resource_index/package_run_dependencies/RobuROC_sim
[0.461s] -- Up-to-date: /home/julian/model/P9-RobuROC4/install/RobuROC_sim/share/ament_index/resource_index/parent_prefix_path/RobuROC_sim
[0.461s] -- Up-to-date: /home/julian/model/P9-RobuROC4/install/RobuROC_sim/share/RobuROC_sim/environment/ament_prefix_path.sh
[0.461s] -- Up-to-date: /home/julian/model/P9-RobuROC4/install/RobuROC_sim/share/RobuROC_sim/environment/ament_prefix_path.dsv
[0.461s] -- Up-to-date: /home/julian/model/P9-RobuROC4/install/RobuROC_sim/share/RobuROC_sim/environment/path.sh
[0.462s] -- Up-to-date: /home/julian/model/P9-RobuROC4/install/RobuROC_sim/share/RobuROC_sim/environment/path.dsv
[0.462s] -- Up-to-date: /home/julian/model/P9-RobuROC4/install/RobuROC_sim/share/RobuROC_sim/local_setup.bash
[0.463s] -- Up-to-date: /home/julian/model/P9-RobuROC4/install/RobuROC_sim/share/RobuROC_sim/local_setup.sh
[0.463s] -- Up-to-date: /home/julian/model/P9-RobuROC4/install/RobuROC_sim/share/RobuROC_sim/local_setup.zsh
[0.463s] -- Up-to-date: /home/julian/model/P9-RobuROC4/install/RobuROC_sim/share/RobuROC_sim/local_setup.dsv
[0.463s] -- Installing: /home/julian/model/P9-RobuROC4/install/RobuROC_sim/share/RobuROC_sim/package.dsv
[0.464s] -- Up-to-date: /home/julian/model/P9-RobuROC4/install/RobuROC_sim/share/ament_index/resource_index/packages/RobuROC_sim
[0.464s] -- Up-to-date: /home/julian/model/P9-RobuROC4/install/RobuROC_sim/share/RobuROC_sim/cmake/RobuROC_simConfig.cmake
[0.464s] -- Up-to-date: /home/julian/model/P9-RobuROC4/install/RobuROC_sim/share/RobuROC_sim/cmake/RobuROC_simConfig-version.cmake
[0.465s] -- Up-to-date: /home/julian/model/P9-RobuROC4/install/RobuROC_sim/share/RobuROC_sim/package.xml
[0.465s] Invoked command in '/home/julian/model/P9-RobuROC4/build/RobuROC_sim' returned '0': CMAKE_PREFIX_PATH=/home/julian/model/P9-RobuROC4/install/velodyne_gazebo_plugins:/home/julian/model/P9-RobuROC4/install/RobuROC_sim:/opt/ros/humble /usr/bin/cmake --install /home/julian/model/P9-RobuROC4/build/RobuROC_sim
