[0.090s] DEBUG:colcon:Command line arguments: ['/usr/bin/colcon', 'build']
[0.090s] DEBUG:colcon:Parsed command line arguments: Namespace(log_base=None, log_level=None, verb_name='build', build_base='build', install_base='install', merge_install=False, symlink_install=False, test_result_base=None, continue_on_error=False, executor='parallel', parallel_workers=12, event_handlers=None, ignore_user_meta=False, metas=['./colcon.meta'], base_paths=['.'], packages_ignore=None, packages_ignore_regex=None, paths=None, packages_up_to=None, packages_up_to_regex=None, packages_above=None, packages_above_and_dependencies=None, packages_above_depth=None, packages_select_by_dep=None, packages_skip_by_dep=None, packages_skip_up_to=None, packages_select_build_failed=False, packages_skip_build_finished=False, packages_select_test_failures=False, packages_skip_test_passed=False, packages_select=None, packages_skip=None, packages_select_regex=None, packages_skip_regex=None, packages_start=None, packages_end=None, allow_overriding=[], cmake_args=None, cmake_target=None, cmake_target_skip_unavailable=False, cmake_clean_cache=False, cmake_clean_first=False, cmake_force_configure=False, ament_cmake_args=None, catkin_cmake_args=None, catkin_skip_building_tests=False, mixin_files=None, mixin=None, verb_parser=<colcon_mixin.mixin.mixin_argument.MixinArgumentDecorator object at 0x7ff1d01eae60>, verb_extension=<colcon_core.verb.build.BuildVerb object at 0x7ff1d02efb20>, main=<bound method BuildVerb.main of <colcon_core.verb.build.BuildVerb object at 0x7ff1d02efb20>>, mixin_verb=('build',))
[0.251s] Level 1:colcon.colcon_core.package_discovery:discover_packages(colcon_meta) check parameters
[0.251s] Level 1:colcon.colcon_core.package_discovery:discover_packages(recursive) check parameters
[0.252s] Level 1:colcon.colcon_core.package_discovery:discover_packages(ignore) check parameters
[0.252s] Level 1:colcon.colcon_core.package_discovery:discover_packages(path) check parameters
[0.252s] Level 1:colcon.colcon_core.package_discovery:discover_packages(colcon_meta) discover
[0.252s] Level 1:colcon.colcon_core.package_discovery:discover_packages(recursive) discover
[0.252s] INFO:colcon.colcon_core.package_discovery:Crawling recursively for packages in '/home/roburoc/PycharmProjects/P9-RobuROC4'
[0.252s] Level 1:colcon.colcon_core.package_identification:_identify(.) by extensions ['ignore', 'ignore_ament_install']
[0.252s] Level 1:colcon.colcon_core.package_identification:_identify(.) by extension 'ignore'
[0.252s] Level 1:colcon.colcon_core.package_identification:_identify(.) by extension 'ignore_ament_install'
[0.252s] Level 1:colcon.colcon_core.package_identification:_identify(.) by extensions ['colcon_pkg']
[0.252s] Level 1:colcon.colcon_core.package_identification:_identify(.) by extension 'colcon_pkg'
[0.252s] Level 1:colcon.colcon_core.package_identification:_identify(.) by extensions ['colcon_meta']
[0.252s] Level 1:colcon.colcon_core.package_identification:_identify(.) by extension 'colcon_meta'
[0.252s] Level 1:colcon.colcon_core.package_identification:_identify(.) by extensions ['ros']
[0.252s] Level 1:colcon.colcon_core.package_identification:_identify(.) by extension 'ros'
[0.261s] Level 1:colcon.colcon_core.package_identification:_identify(.) by extensions ['cmake', 'python']
[0.261s] Level 1:colcon.colcon_core.package_identification:_identify(.) by extension 'cmake'
[0.261s] Level 1:colcon.colcon_core.package_identification:_identify(.) by extension 'python'
[0.261s] Level 1:colcon.colcon_core.package_identification:_identify(.) by extensions ['python_setup_py']
[0.261s] Level 1:colcon.colcon_core.package_identification:_identify(.) by extension 'python_setup_py'
[0.261s] Level 1:colcon.colcon_core.package_identification:_identify(RobuROC4-Backup) by extensions ['ignore', 'ignore_ament_install']
[0.262s] Level 1:colcon.colcon_core.package_identification:_identify(RobuROC4-Backup) by extension 'ignore'
[0.262s] Level 1:colcon.colcon_core.package_identification:_identify(RobuROC4-Backup) by extension 'ignore_ament_install'
[0.262s] Level 1:colcon.colcon_core.package_identification:_identify(RobuROC4-Backup) by extensions ['colcon_pkg']
[0.262s] Level 1:colcon.colcon_core.package_identification:_identify(RobuROC4-Backup) by extension 'colcon_pkg'
[0.262s] Level 1:colcon.colcon_core.package_identification:_identify(RobuROC4-Backup) by extensions ['colcon_meta']
[0.262s] Level 1:colcon.colcon_core.package_identification:_identify(RobuROC4-Backup) by extension 'colcon_meta'
[0.262s] Level 1:colcon.colcon_core.package_identification:_identify(RobuROC4-Backup) by extensions ['ros']
[0.262s] Level 1:colcon.colcon_core.package_identification:_identify(RobuROC4-Backup) by extension 'ros'
[0.262s] Level 1:colcon.colcon_core.package_identification:_identify(RobuROC4-Backup) by extensions ['cmake', 'python']
[0.262s] Level 1:colcon.colcon_core.package_identification:_identify(RobuROC4-Backup) by extension 'cmake'
[0.262s] Level 1:colcon.colcon_core.package_identification:_identify(RobuROC4-Backup) by extension 'python'
[0.262s] Level 1:colcon.colcon_core.package_identification:_identify(RobuROC4-Backup) by extensions ['python_setup_py']
[0.262s] Level 1:colcon.colcon_core.package_identification:_identify(RobuROC4-Backup) by extension 'python_setup_py'
[0.262s] Level 1:colcon.colcon_core.package_identification:_identify(RobuROC4-Backup/system) by extensions ['ignore', 'ignore_ament_install']
[0.262s] Level 1:colcon.colcon_core.package_identification:_identify(RobuROC4-Backup/system) by extension 'ignore'
[0.262s] Level 1:colcon.colcon_core.package_identification:_identify(RobuROC4-Backup/system) by extension 'ignore_ament_install'
[0.262s] Level 1:colcon.colcon_core.package_identification:_identify(RobuROC4-Backup/system) by extensions ['colcon_pkg']
[0.262s] Level 1:colcon.colcon_core.package_identification:_identify(RobuROC4-Backup/system) by extension 'colcon_pkg'
[0.262s] Level 1:colcon.colcon_core.package_identification:_identify(RobuROC4-Backup/system) by extensions ['colcon_meta']
[0.262s] Level 1:colcon.colcon_core.package_identification:_identify(RobuROC4-Backup/system) by extension 'colcon_meta'
[0.262s] Level 1:colcon.colcon_core.package_identification:_identify(RobuROC4-Backup/system) by extensions ['ros']
[0.262s] Level 1:colcon.colcon_core.package_identification:_identify(RobuROC4-Backup/system) by extension 'ros'
[0.262s] Level 1:colcon.colcon_core.package_identification:_identify(RobuROC4-Backup/system) by extensions ['cmake', 'python']
[0.263s] Level 1:colcon.colcon_core.package_identification:_identify(RobuROC4-Backup/system) by extension 'cmake'
[0.263s] Level 1:colcon.colcon_core.package_identification:_identify(RobuROC4-Backup/system) by extension 'python'
[0.263s] Level 1:colcon.colcon_core.package_identification:_identify(RobuROC4-Backup/system) by extensions ['python_setup_py']
[0.263s] Level 1:colcon.colcon_core.package_identification:_identify(RobuROC4-Backup/system) by extension 'python_setup_py'
[0.263s] Level 1:colcon.colcon_core.package_identification:_identify(RobuROC4-Backup/system/__pycache__) by extensions ['ignore', 'ignore_ament_install']
[0.263s] Level 1:colcon.colcon_core.package_identification:_identify(RobuROC4-Backup/system/__pycache__) by extension 'ignore'
[0.263s] Level 1:colcon.colcon_core.package_identification:_identify(RobuROC4-Backup/system/__pycache__) by extension 'ignore_ament_install'
[0.263s] Level 1:colcon.colcon_core.package_identification:_identify(RobuROC4-Backup/system/__pycache__) by extensions ['colcon_pkg']
[0.263s] Level 1:colcon.colcon_core.package_identification:_identify(RobuROC4-Backup/system/__pycache__) by extension 'colcon_pkg'
[0.263s] Level 1:colcon.colcon_core.package_identification:_identify(RobuROC4-Backup/system/__pycache__) by extensions ['colcon_meta']
[0.263s] Level 1:colcon.colcon_core.package_identification:_identify(RobuROC4-Backup/system/__pycache__) by extension 'colcon_meta'
[0.263s] Level 1:colcon.colcon_core.package_identification:_identify(RobuROC4-Backup/system/__pycache__) by extensions ['ros']
[0.263s] Level 1:colcon.colcon_core.package_identification:_identify(RobuROC4-Backup/system/__pycache__) by extension 'ros'
[0.263s] Level 1:colcon.colcon_core.package_identification:_identify(RobuROC4-Backup/system/__pycache__) by extensions ['cmake', 'python']
[0.263s] Level 1:colcon.colcon_core.package_identification:_identify(RobuROC4-Backup/system/__pycache__) by extension 'cmake'
[0.263s] Level 1:colcon.colcon_core.package_identification:_identify(RobuROC4-Backup/system/__pycache__) by extension 'python'
[0.263s] Level 1:colcon.colcon_core.package_identification:_identify(RobuROC4-Backup/system/__pycache__) by extensions ['python_setup_py']
[0.263s] Level 1:colcon.colcon_core.package_identification:_identify(RobuROC4-Backup/system/__pycache__) by extension 'python_setup_py'
[0.263s] Level 1:colcon.colcon_core.package_identification:_identify(__pycache__) by extensions ['ignore', 'ignore_ament_install']
[0.263s] Level 1:colcon.colcon_core.package_identification:_identify(__pycache__) by extension 'ignore'
[0.263s] Level 1:colcon.colcon_core.package_identification:_identify(__pycache__) by extension 'ignore_ament_install'
[0.263s] Level 1:colcon.colcon_core.package_identification:_identify(__pycache__) by extensions ['colcon_pkg']
[0.263s] Level 1:colcon.colcon_core.package_identification:_identify(__pycache__) by extension 'colcon_pkg'
[0.264s] Level 1:colcon.colcon_core.package_identification:_identify(__pycache__) by extensions ['colcon_meta']
[0.264s] Level 1:colcon.colcon_core.package_identification:_identify(__pycache__) by extension 'colcon_meta'
[0.264s] Level 1:colcon.colcon_core.package_identification:_identify(__pycache__) by extensions ['ros']
[0.264s] Level 1:colcon.colcon_core.package_identification:_identify(__pycache__) by extension 'ros'
[0.264s] Level 1:colcon.colcon_core.package_identification:_identify(__pycache__) by extensions ['cmake', 'python']
[0.264s] Level 1:colcon.colcon_core.package_identification:_identify(__pycache__) by extension 'cmake'
[0.264s] Level 1:colcon.colcon_core.package_identification:_identify(__pycache__) by extension 'python'
[0.264s] Level 1:colcon.colcon_core.package_identification:_identify(__pycache__) by extensions ['python_setup_py']
[0.264s] Level 1:colcon.colcon_core.package_identification:_identify(__pycache__) by extension 'python_setup_py'
[0.264s] Level 1:colcon.colcon_core.package_identification:_identify(build) by extensions ['ignore', 'ignore_ament_install']
[0.264s] Level 1:colcon.colcon_core.package_identification:_identify(build) by extension 'ignore'
[0.264s] Level 1:colcon.colcon_core.package_identification:_identify(build) ignored
[0.264s] Level 1:colcon.colcon_core.package_identification:_identify(install) by extensions ['ignore', 'ignore_ament_install']
[0.264s] Level 1:colcon.colcon_core.package_identification:_identify(install) by extension 'ignore'
[0.264s] Level 1:colcon.colcon_core.package_identification:_identify(install) ignored
[0.264s] Level 1:colcon.colcon_core.package_identification:_identify(log) by extensions ['ignore', 'ignore_ament_install']
[0.264s] Level 1:colcon.colcon_core.package_identification:_identify(log) by extension 'ignore'
[0.264s] Level 1:colcon.colcon_core.package_identification:_identify(log) ignored
[0.264s] Level 1:colcon.colcon_core.package_identification:_identify(src) by extensions ['ignore', 'ignore_ament_install']
[0.265s] Level 1:colcon.colcon_core.package_identification:_identify(src) by extension 'ignore'
[0.265s] Level 1:colcon.colcon_core.package_identification:_identify(src) by extension 'ignore_ament_install'
[0.265s] Level 1:colcon.colcon_core.package_identification:_identify(src) by extensions ['colcon_pkg']
[0.265s] Level 1:colcon.colcon_core.package_identification:_identify(src) by extension 'colcon_pkg'
[0.265s] Level 1:colcon.colcon_core.package_identification:_identify(src) by extensions ['colcon_meta']
[0.265s] Level 1:colcon.colcon_core.package_identification:_identify(src) by extension 'colcon_meta'
[0.265s] Level 1:colcon.colcon_core.package_identification:_identify(src) by extensions ['ros']
[0.265s] Level 1:colcon.colcon_core.package_identification:_identify(src) by extension 'ros'
[0.265s] Level 1:colcon.colcon_core.package_identification:_identify(src) by extensions ['cmake', 'python']
[0.265s] Level 1:colcon.colcon_core.package_identification:_identify(src) by extension 'cmake'
[0.265s] Level 1:colcon.colcon_core.package_identification:_identify(src) by extension 'python'
[0.265s] Level 1:colcon.colcon_core.package_identification:_identify(src) by extensions ['python_setup_py']
[0.265s] Level 1:colcon.colcon_core.package_identification:_identify(src) by extension 'python_setup_py'
[0.265s] Level 1:colcon.colcon_core.package_identification:_identify(src/canopen_interfaces) by extensions ['ignore', 'ignore_ament_install']
[0.265s] Level 1:colcon.colcon_core.package_identification:_identify(src/canopen_interfaces) by extension 'ignore'
[0.265s] Level 1:colcon.colcon_core.package_identification:_identify(src/canopen_interfaces) by extension 'ignore_ament_install'
[0.265s] Level 1:colcon.colcon_core.package_identification:_identify(src/canopen_interfaces) by extensions ['colcon_pkg']
[0.265s] Level 1:colcon.colcon_core.package_identification:_identify(src/canopen_interfaces) by extension 'colcon_pkg'
[0.265s] Level 1:colcon.colcon_core.package_identification:_identify(src/canopen_interfaces) by extensions ['colcon_meta']
[0.265s] Level 1:colcon.colcon_core.package_identification:_identify(src/canopen_interfaces) by extension 'colcon_meta'
[0.265s] Level 1:colcon.colcon_core.package_identification:_identify(src/canopen_interfaces) by extensions ['ros']
[0.266s] Level 1:colcon.colcon_core.package_identification:_identify(src/canopen_interfaces) by extension 'ros'
[0.268s] DEBUG:colcon.colcon_core.package_identification:Package 'src/canopen_interfaces' with type 'ros.ament_cmake' and name 'canopen_interfaces'
[0.268s] Level 1:colcon.colcon_core.package_identification:_identify(src/roburoc_canopen) by extensions ['ignore', 'ignore_ament_install']
[0.268s] Level 1:colcon.colcon_core.package_identification:_identify(src/roburoc_canopen) by extension 'ignore'
[0.268s] Level 1:colcon.colcon_core.package_identification:_identify(src/roburoc_canopen) by extension 'ignore_ament_install'
[0.268s] Level 1:colcon.colcon_core.package_identification:_identify(src/roburoc_canopen) by extensions ['colcon_pkg']
[0.268s] Level 1:colcon.colcon_core.package_identification:_identify(src/roburoc_canopen) by extension 'colcon_pkg'
[0.268s] Level 1:colcon.colcon_core.package_identification:_identify(src/roburoc_canopen) by extensions ['colcon_meta']
[0.268s] Level 1:colcon.colcon_core.package_identification:_identify(src/roburoc_canopen) by extension 'colcon_meta'
[0.268s] Level 1:colcon.colcon_core.package_identification:_identify(src/roburoc_canopen) by extensions ['ros']
[0.268s] Level 1:colcon.colcon_core.package_identification:_identify(src/roburoc_canopen) by extension 'ros'
[0.269s] DEBUG:colcon.colcon_core.package_identification:Package 'src/roburoc_canopen' with type 'ros.ament_cmake' and name 'roburoc_canopen'
[0.269s] Level 1:colcon.colcon_core.package_identification:_identify(src/roburoc_controller) by extensions ['ignore', 'ignore_ament_install']
[0.269s] Level 1:colcon.colcon_core.package_identification:_identify(src/roburoc_controller) by extension 'ignore'
[0.269s] Level 1:colcon.colcon_core.package_identification:_identify(src/roburoc_controller) by extension 'ignore_ament_install'
[0.269s] Level 1:colcon.colcon_core.package_identification:_identify(src/roburoc_controller) by extensions ['colcon_pkg']
[0.269s] Level 1:colcon.colcon_core.package_identification:_identify(src/roburoc_controller) by extension 'colcon_pkg'
[0.269s] Level 1:colcon.colcon_core.package_identification:_identify(src/roburoc_controller) by extensions ['colcon_meta']
[0.269s] Level 1:colcon.colcon_core.package_identification:_identify(src/roburoc_controller) by extension 'colcon_meta'
[0.269s] Level 1:colcon.colcon_core.package_identification:_identify(src/roburoc_controller) by extensions ['ros']
[0.269s] Level 1:colcon.colcon_core.package_identification:_identify(src/roburoc_controller) by extension 'ros'
[0.270s] DEBUG:colcon.colcon_core.package_identification:Package 'src/roburoc_controller' with type 'ros.ament_cmake' and name 'roburoc_controller'
[0.270s] Level 1:colcon.colcon_core.package_identification:_identify(src/roburoc_gamepad) by extensions ['ignore', 'ignore_ament_install']
[0.270s] Level 1:colcon.colcon_core.package_identification:_identify(src/roburoc_gamepad) by extension 'ignore'
[0.270s] Level 1:colcon.colcon_core.package_identification:_identify(src/roburoc_gamepad) by extension 'ignore_ament_install'
[0.270s] Level 1:colcon.colcon_core.package_identification:_identify(src/roburoc_gamepad) by extensions ['colcon_pkg']
[0.270s] Level 1:colcon.colcon_core.package_identification:_identify(src/roburoc_gamepad) by extension 'colcon_pkg'
[0.270s] Level 1:colcon.colcon_core.package_identification:_identify(src/roburoc_gamepad) by extensions ['colcon_meta']
[0.270s] Level 1:colcon.colcon_core.package_identification:_identify(src/roburoc_gamepad) by extension 'colcon_meta'
[0.270s] Level 1:colcon.colcon_core.package_identification:_identify(src/roburoc_gamepad) by extensions ['ros']
[0.270s] Level 1:colcon.colcon_core.package_identification:_identify(src/roburoc_gamepad) by extension 'ros'
[0.271s] DEBUG:colcon.colcon_core.package_identification:Package 'src/roburoc_gamepad' with type 'ros.ament_cmake' and name 'roburoc_gamepad'
[0.271s] Level 1:colcon.colcon_core.package_discovery:discover_packages(recursive) using defaults
[0.271s] Level 1:colcon.colcon_core.package_discovery:discover_packages(ignore) discover
[0.271s] Level 1:colcon.colcon_core.package_discovery:discover_packages(ignore) using defaults
[0.271s] Level 1:colcon.colcon_core.package_discovery:discover_packages(path) discover
[0.271s] Level 1:colcon.colcon_core.package_discovery:discover_packages(path) using defaults
[0.298s] Level 1:colcon.colcon_core.package_discovery:discover_packages(prefix_path) check parameters
[0.299s] Level 1:colcon.colcon_core.package_discovery:discover_packages(prefix_path) discover
[0.300s] DEBUG:colcon.colcon_installed_package_information.package_discovery:Found 4 installed packages in /home/roburoc/PycharmProjects/P9-RobuROC4/install
[0.302s] DEBUG:colcon.colcon_installed_package_information.package_discovery:Found 473 installed packages in /opt/ros/humble
[0.305s] Level 1:colcon.colcon_core.package_discovery:discover_packages(prefix_path) using defaults
[0.362s] Level 5:colcon.colcon_core.verb:set package 'canopen_interfaces' build argument 'cmake_args' from command line to 'None'
[0.362s] Level 5:colcon.colcon_core.verb:set package 'canopen_interfaces' build argument 'cmake_target' from command line to 'None'
[0.362s] Level 5:colcon.colcon_core.verb:set package 'canopen_interfaces' build argument 'cmake_target_skip_unavailable' from command line to 'False'
[0.362s] Level 5:colcon.colcon_core.verb:set package 'canopen_interfaces' build argument 'cmake_clean_cache' from command line to 'False'
[0.362s] Level 5:colcon.colcon_core.verb:set package 'canopen_interfaces' build argument 'cmake_clean_first' from command line to 'False'
[0.362s] Level 5:colcon.colcon_core.verb:set package 'canopen_interfaces' build argument 'cmake_force_configure' from command line to 'False'
[0.362s] Level 5:colcon.colcon_core.verb:set package 'canopen_interfaces' build argument 'ament_cmake_args' from command line to 'None'
[0.362s] Level 5:colcon.colcon_core.verb:set package 'canopen_interfaces' build argument 'catkin_cmake_args' from command line to 'None'
[0.362s] Level 5:colcon.colcon_core.verb:set package 'canopen_interfaces' build argument 'catkin_skip_building_tests' from command line to 'False'
[0.362s] DEBUG:colcon.colcon_core.verb:Building package 'canopen_interfaces' with the following arguments: {'ament_cmake_args': None, 'build_base': '/home/roburoc/PycharmProjects/P9-RobuROC4/build/canopen_interfaces', 'catkin_cmake_args': None, 'catkin_skip_building_tests': False, 'cmake_args': None, 'cmake_clean_cache': False, 'cmake_clean_first': False, 'cmake_force_configure': False, 'cmake_target': None, 'cmake_target_skip_unavailable': False, 'install_base': '/home/roburoc/PycharmProjects/P9-RobuROC4/install/canopen_interfaces', 'merge_install': False, 'path': '/home/roburoc/PycharmProjects/P9-RobuROC4/src/canopen_interfaces', 'symlink_install': False, 'test_result_base': None}
[0.362s] Level 5:colcon.colcon_core.verb:set package 'roburoc_gamepad' build argument 'cmake_args' from command line to 'None'
[0.362s] Level 5:colcon.colcon_core.verb:set package 'roburoc_gamepad' build argument 'cmake_target' from command line to 'None'
[0.362s] Level 5:colcon.colcon_core.verb:set package 'roburoc_gamepad' build argument 'cmake_target_skip_unavailable' from command line to 'False'
[0.362s] Level 5:colcon.colcon_core.verb:set package 'roburoc_gamepad' build argument 'cmake_clean_cache' from command line to 'False'
[0.362s] Level 5:colcon.colcon_core.verb:set package 'roburoc_gamepad' build argument 'cmake_clean_first' from command line to 'False'
[0.362s] Level 5:colcon.colcon_core.verb:set package 'roburoc_gamepad' build argument 'cmake_force_configure' from command line to 'False'
[0.362s] Level 5:colcon.colcon_core.verb:set package 'roburoc_gamepad' build argument 'ament_cmake_args' from command line to 'None'
[0.363s] Level 5:colcon.colcon_core.verb:set package 'roburoc_gamepad' build argument 'catkin_cmake_args' from command line to 'None'
[0.363s] Level 5:colcon.colcon_core.verb:set package 'roburoc_gamepad' build argument 'catkin_skip_building_tests' from command line to 'False'
[0.363s] DEBUG:colcon.colcon_core.verb:Building package 'roburoc_gamepad' with the following arguments: {'ament_cmake_args': None, 'build_base': '/home/roburoc/PycharmProjects/P9-RobuROC4/build/roburoc_gamepad', 'catkin_cmake_args': None, 'catkin_skip_building_tests': False, 'cmake_args': None, 'cmake_clean_cache': False, 'cmake_clean_first': False, 'cmake_force_configure': False, 'cmake_target': None, 'cmake_target_skip_unavailable': False, 'install_base': '/home/roburoc/PycharmProjects/P9-RobuROC4/install/roburoc_gamepad', 'merge_install': False, 'path': '/home/roburoc/PycharmProjects/P9-RobuROC4/src/roburoc_gamepad', 'symlink_install': False, 'test_result_base': None}
[0.363s] Level 5:colcon.colcon_core.verb:set package 'roburoc_canopen' build argument 'cmake_args' from command line to 'None'
[0.363s] Level 5:colcon.colcon_core.verb:set package 'roburoc_canopen' build argument 'cmake_target' from command line to 'None'
[0.363s] Level 5:colcon.colcon_core.verb:set package 'roburoc_canopen' build argument 'cmake_target_skip_unavailable' from command line to 'False'
[0.363s] Level 5:colcon.colcon_core.verb:set package 'roburoc_canopen' build argument 'cmake_clean_cache' from command line to 'False'
[0.363s] Level 5:colcon.colcon_core.verb:set package 'roburoc_canopen' build argument 'cmake_clean_first' from command line to 'False'
[0.363s] Level 5:colcon.colcon_core.verb:set package 'roburoc_canopen' build argument 'cmake_force_configure' from command line to 'False'
[0.363s] Level 5:colcon.colcon_core.verb:set package 'roburoc_canopen' build argument 'ament_cmake_args' from command line to 'None'
[0.363s] Level 5:colcon.colcon_core.verb:set package 'roburoc_canopen' build argument 'catkin_cmake_args' from command line to 'None'
[0.363s] Level 5:colcon.colcon_core.verb:set package 'roburoc_canopen' build argument 'catkin_skip_building_tests' from command line to 'False'
[0.363s] DEBUG:colcon.colcon_core.verb:Building package 'roburoc_canopen' with the following arguments: {'ament_cmake_args': None, 'build_base': '/home/roburoc/PycharmProjects/P9-RobuROC4/build/roburoc_canopen', 'catkin_cmake_args': None, 'catkin_skip_building_tests': False, 'cmake_args': None, 'cmake_clean_cache': False, 'cmake_clean_first': False, 'cmake_force_configure': False, 'cmake_target': None, 'cmake_target_skip_unavailable': False, 'install_base': '/home/roburoc/PycharmProjects/P9-RobuROC4/install/roburoc_canopen', 'merge_install': False, 'path': '/home/roburoc/PycharmProjects/P9-RobuROC4/src/roburoc_canopen', 'symlink_install': False, 'test_result_base': None}
[0.363s] Level 5:colcon.colcon_core.verb:set package 'roburoc_controller' build argument 'cmake_args' from command line to 'None'
[0.363s] Level 5:colcon.colcon_core.verb:set package 'roburoc_controller' build argument 'cmake_target' from command line to 'None'
[0.363s] Level 5:colcon.colcon_core.verb:set package 'roburoc_controller' build argument 'cmake_target_skip_unavailable' from command line to 'False'
[0.363s] Level 5:colcon.colcon_core.verb:set package 'roburoc_controller' build argument 'cmake_clean_cache' from command line to 'False'
[0.363s] Level 5:colcon.colcon_core.verb:set package 'roburoc_controller' build argument 'cmake_clean_first' from command line to 'False'
[0.363s] Level 5:colcon.colcon_core.verb:set package 'roburoc_controller' build argument 'cmake_force_configure' from command line to 'False'
[0.364s] Level 5:colcon.colcon_core.verb:set package 'roburoc_controller' build argument 'ament_cmake_args' from command line to 'None'
[0.364s] Level 5:colcon.colcon_core.verb:set package 'roburoc_controller' build argument 'catkin_cmake_args' from command line to 'None'
[0.364s] Level 5:colcon.colcon_core.verb:set package 'roburoc_controller' build argument 'catkin_skip_building_tests' from command line to 'False'
[0.364s] DEBUG:colcon.colcon_core.verb:Building package 'roburoc_controller' with the following arguments: {'ament_cmake_args': None, 'build_base': '/home/roburoc/PycharmProjects/P9-RobuROC4/build/roburoc_controller', 'catkin_cmake_args': None, 'catkin_skip_building_tests': False, 'cmake_args': None, 'cmake_clean_cache': False, 'cmake_clean_first': False, 'cmake_force_configure': False, 'cmake_target': None, 'cmake_target_skip_unavailable': False, 'install_base': '/home/roburoc/PycharmProjects/P9-RobuROC4/install/roburoc_controller', 'merge_install': False, 'path': '/home/roburoc/PycharmProjects/P9-RobuROC4/src/roburoc_controller', 'symlink_install': False, 'test_result_base': None}
[0.364s] INFO:colcon.colcon_core.executor:Executing jobs using 'parallel' executor
[0.365s] DEBUG:colcon.colcon_parallel_executor.executor.parallel:run_until_complete
[0.365s] INFO:colcon.colcon_ros.task.ament_cmake.build:Building ROS package in '/home/roburoc/PycharmProjects/P9-RobuROC4/src/canopen_interfaces' with build type 'ament_cmake'
[0.365s] INFO:colcon.colcon_cmake.task.cmake.build:Building CMake package in '/home/roburoc/PycharmProjects/P9-RobuROC4/src/canopen_interfaces'
[0.367s] INFO:colcon.colcon_core.plugin_system:Skipping extension 'colcon_core.shell.bat': Not used on non-Windows systems
[0.367s] INFO:colcon.colcon_core.shell:Skip shell extension 'powershell' for command environment: Not usable outside of PowerShell
[0.367s] DEBUG:colcon.colcon_core.shell:Skip shell extension 'dsv' for command environment
[0.371s] INFO:colcon.colcon_ros.task.ament_cmake.build:Building ROS package in '/home/roburoc/PycharmProjects/P9-RobuROC4/src/roburoc_gamepad' with build type 'ament_cmake'
[0.371s] INFO:colcon.colcon_cmake.task.cmake.build:Building CMake package in '/home/roburoc/PycharmProjects/P9-RobuROC4/src/roburoc_gamepad'
[0.371s] INFO:colcon.colcon_core.shell:Skip shell extension 'powershell' for command environment: Not usable outside of PowerShell
[0.371s] DEBUG:colcon.colcon_core.shell:Skip shell extension 'dsv' for command environment
[0.378s] DEBUG:colcon.colcon_core.event_handler.log_command:Invoking command in '/home/roburoc/PycharmProjects/P9-RobuROC4/build/canopen_interfaces': CMAKE_PREFIX_PATH=${CMAKE_PREFIX_PATH}:/opt/ros/humble /usr/bin/cmake --build /home/roburoc/PycharmProjects/P9-RobuROC4/build/canopen_interfaces -- -j12 -l12
[0.381s] DEBUG:colcon.colcon_core.event_handler.log_command:Invoking command in '/home/roburoc/PycharmProjects/P9-RobuROC4/build/roburoc_gamepad': CMAKE_PREFIX_PATH=${CMAKE_PREFIX_PATH}:/opt/ros/humble /usr/bin/cmake --build /home/roburoc/PycharmProjects/P9-RobuROC4/build/roburoc_gamepad -- -j12 -l12
[0.408s] DEBUG:colcon.colcon_core.event_handler.log_command:Invoked command in '/home/roburoc/PycharmProjects/P9-RobuROC4/build/roburoc_gamepad' returned '0': CMAKE_PREFIX_PATH=${CMAKE_PREFIX_PATH}:/opt/ros/humble /usr/bin/cmake --build /home/roburoc/PycharmProjects/P9-RobuROC4/build/roburoc_gamepad -- -j12 -l12
[0.436s] DEBUG:colcon.colcon_core.event_handler.log_command:Invoking command in '/home/roburoc/PycharmProjects/P9-RobuROC4/build/roburoc_gamepad': CMAKE_PREFIX_PATH=${CMAKE_PREFIX_PATH}:/opt/ros/humble /usr/bin/cmake --install /home/roburoc/PycharmProjects/P9-RobuROC4/build/roburoc_gamepad
[0.446s] Level 1:colcon.colcon_core.environment:create_environment_scripts_only(roburoc_gamepad)
[0.448s] DEBUG:colcon.colcon_core.event_handler.log_command:Invoked command in '/home/roburoc/PycharmProjects/P9-RobuROC4/build/roburoc_gamepad' returned '0': CMAKE_PREFIX_PATH=${CMAKE_PREFIX_PATH}:/opt/ros/humble /usr/bin/cmake --install /home/roburoc/PycharmProjects/P9-RobuROC4/build/roburoc_gamepad
[0.450s] Level 1:colcon.colcon_core.environment:checking '/home/roburoc/PycharmProjects/P9-RobuROC4/install/roburoc_gamepad' for CMake module files
[0.451s] Level 1:colcon.colcon_core.environment:checking '/home/roburoc/PycharmProjects/P9-RobuROC4/install/roburoc_gamepad' for CMake config files
[0.451s] Level 1:colcon.colcon_core.shell:create_environment_hook('roburoc_gamepad', 'cmake_prefix_path')
[0.451s] INFO:colcon.colcon_core.shell:Creating environment hook '/home/roburoc/PycharmProjects/P9-RobuROC4/install/roburoc_gamepad/share/roburoc_gamepad/hook/cmake_prefix_path.ps1'
[0.452s] INFO:colcon.colcon_core.shell:Creating environment descriptor '/home/roburoc/PycharmProjects/P9-RobuROC4/install/roburoc_gamepad/share/roburoc_gamepad/hook/cmake_prefix_path.dsv'
[0.452s] INFO:colcon.colcon_core.shell:Creating environment hook '/home/roburoc/PycharmProjects/P9-RobuROC4/install/roburoc_gamepad/share/roburoc_gamepad/hook/cmake_prefix_path.sh'
[0.453s] Level 1:colcon.colcon_core.environment:checking '/home/roburoc/PycharmProjects/P9-RobuROC4/install/roburoc_gamepad/lib'
[0.453s] Level 1:colcon.colcon_core.environment:checking '/home/roburoc/PycharmProjects/P9-RobuROC4/install/roburoc_gamepad/bin'
[0.453s] Level 1:colcon.colcon_core.environment:checking '/home/roburoc/PycharmProjects/P9-RobuROC4/install/roburoc_gamepad/lib/pkgconfig/roburoc_gamepad.pc'
[0.453s] Level 1:colcon.colcon_core.environment:checking '/home/roburoc/PycharmProjects/P9-RobuROC4/install/roburoc_gamepad/lib/python3.10/site-packages'
[0.454s] Level 1:colcon.colcon_core.environment:checking '/home/roburoc/PycharmProjects/P9-RobuROC4/install/roburoc_gamepad/bin'
[0.454s] INFO:colcon.colcon_core.shell:Creating package script '/home/roburoc/PycharmProjects/P9-RobuROC4/install/roburoc_gamepad/share/roburoc_gamepad/package.ps1'
[0.455s] INFO:colcon.colcon_core.shell:Creating package descriptor '/home/roburoc/PycharmProjects/P9-RobuROC4/install/roburoc_gamepad/share/roburoc_gamepad/package.dsv'
[0.455s] INFO:colcon.colcon_core.shell:Creating package script '/home/roburoc/PycharmProjects/P9-RobuROC4/install/roburoc_gamepad/share/roburoc_gamepad/package.sh'
[0.456s] INFO:colcon.colcon_core.shell:Creating package script '/home/roburoc/PycharmProjects/P9-RobuROC4/install/roburoc_gamepad/share/roburoc_gamepad/package.bash'
[0.457s] INFO:colcon.colcon_core.shell:Creating package script '/home/roburoc/PycharmProjects/P9-RobuROC4/install/roburoc_gamepad/share/roburoc_gamepad/package.zsh'
[0.457s] Level 1:colcon.colcon_core.environment:create_file_with_runtime_dependencies(/home/roburoc/PycharmProjects/P9-RobuROC4/install/roburoc_gamepad/share/colcon-core/packages/roburoc_gamepad)
[0.474s] Level 1:colcon.colcon_core.environment:create_environment_scripts_only(roburoc_gamepad)
[0.474s] Level 1:colcon.colcon_core.environment:checking '/home/roburoc/PycharmProjects/P9-RobuROC4/install/roburoc_gamepad' for CMake module files
[0.475s] Level 1:colcon.colcon_core.environment:checking '/home/roburoc/PycharmProjects/P9-RobuROC4/install/roburoc_gamepad' for CMake config files
[0.475s] Level 1:colcon.colcon_core.shell:create_environment_hook('roburoc_gamepad', 'cmake_prefix_path')
[0.475s] INFO:colcon.colcon_core.shell:Creating environment hook '/home/roburoc/PycharmProjects/P9-RobuROC4/install/roburoc_gamepad/share/roburoc_gamepad/hook/cmake_prefix_path.ps1'
[0.475s] INFO:colcon.colcon_core.shell:Creating environment descriptor '/home/roburoc/PycharmProjects/P9-RobuROC4/install/roburoc_gamepad/share/roburoc_gamepad/hook/cmake_prefix_path.dsv'
[0.476s] INFO:colcon.colcon_core.shell:Creating environment hook '/home/roburoc/PycharmProjects/P9-RobuROC4/install/roburoc_gamepad/share/roburoc_gamepad/hook/cmake_prefix_path.sh'
[0.476s] Level 1:colcon.colcon_core.environment:checking '/home/roburoc/PycharmProjects/P9-RobuROC4/install/roburoc_gamepad/lib'
[0.476s] Level 1:colcon.colcon_core.environment:checking '/home/roburoc/PycharmProjects/P9-RobuROC4/install/roburoc_gamepad/bin'
[0.476s] Level 1:colcon.colcon_core.environment:checking '/home/roburoc/PycharmProjects/P9-RobuROC4/install/roburoc_gamepad/lib/pkgconfig/roburoc_gamepad.pc'
[0.476s] Level 1:colcon.colcon_core.environment:checking '/home/roburoc/PycharmProjects/P9-RobuROC4/install/roburoc_gamepad/lib/python3.10/site-packages'
[0.477s] Level 1:colcon.colcon_core.environment:checking '/home/roburoc/PycharmProjects/P9-RobuROC4/install/roburoc_gamepad/bin'
[0.477s] INFO:colcon.colcon_core.shell:Creating package script '/home/roburoc/PycharmProjects/P9-RobuROC4/install/roburoc_gamepad/share/roburoc_gamepad/package.ps1'
[0.477s] INFO:colcon.colcon_core.shell:Creating package descriptor '/home/roburoc/PycharmProjects/P9-RobuROC4/install/roburoc_gamepad/share/roburoc_gamepad/package.dsv'
[0.478s] INFO:colcon.colcon_core.shell:Creating package script '/home/roburoc/PycharmProjects/P9-RobuROC4/install/roburoc_gamepad/share/roburoc_gamepad/package.sh'
[0.478s] INFO:colcon.colcon_core.shell:Creating package script '/home/roburoc/PycharmProjects/P9-RobuROC4/install/roburoc_gamepad/share/roburoc_gamepad/package.bash'
[0.478s] INFO:colcon.colcon_core.shell:Creating package script '/home/roburoc/PycharmProjects/P9-RobuROC4/install/roburoc_gamepad/share/roburoc_gamepad/package.zsh'
[0.479s] Level 1:colcon.colcon_core.environment:create_file_with_runtime_dependencies(/home/roburoc/PycharmProjects/P9-RobuROC4/install/roburoc_gamepad/share/colcon-core/packages/roburoc_gamepad)
[0.714s] DEBUG:colcon.colcon_core.event_handler.log_command:Invoked command in '/home/roburoc/PycharmProjects/P9-RobuROC4/build/canopen_interfaces' returned '0': CMAKE_PREFIX_PATH=${CMAKE_PREFIX_PATH}:/opt/ros/humble /usr/bin/cmake --build /home/roburoc/PycharmProjects/P9-RobuROC4/build/canopen_interfaces -- -j12 -l12
[0.811s] DEBUG:colcon.colcon_core.event_handler.log_command:Invoking command in '/home/roburoc/PycharmProjects/P9-RobuROC4/build/canopen_interfaces': CMAKE_PREFIX_PATH=${CMAKE_PREFIX_PATH}:/opt/ros/humble /usr/bin/cmake --install /home/roburoc/PycharmProjects/P9-RobuROC4/build/canopen_interfaces
[0.856s] Level 1:colcon.colcon_core.environment:create_environment_scripts_only(canopen_interfaces)
[0.856s] Level 1:colcon.colcon_core.environment:checking '/home/roburoc/PycharmProjects/P9-RobuROC4/install/canopen_interfaces' for CMake module files
[0.857s] Level 1:colcon.colcon_core.environment:checking '/home/roburoc/PycharmProjects/P9-RobuROC4/install/canopen_interfaces' for CMake config files
[0.857s] DEBUG:colcon.colcon_core.event_handler.log_command:Invoked command in '/home/roburoc/PycharmProjects/P9-RobuROC4/build/canopen_interfaces' returned '0': CMAKE_PREFIX_PATH=${CMAKE_PREFIX_PATH}:/opt/ros/humble /usr/bin/cmake --install /home/roburoc/PycharmProjects/P9-RobuROC4/build/canopen_interfaces
[0.858s] Level 1:colcon.colcon_core.shell:create_environment_hook('canopen_interfaces', 'cmake_prefix_path')
[0.858s] INFO:colcon.colcon_core.shell:Creating environment hook '/home/roburoc/PycharmProjects/P9-RobuROC4/install/canopen_interfaces/share/canopen_interfaces/hook/cmake_prefix_path.ps1'
[0.858s] INFO:colcon.colcon_core.shell:Creating environment descriptor '/home/roburoc/PycharmProjects/P9-RobuROC4/install/canopen_interfaces/share/canopen_interfaces/hook/cmake_prefix_path.dsv'
[0.858s] INFO:colcon.colcon_core.shell:Creating environment hook '/home/roburoc/PycharmProjects/P9-RobuROC4/install/canopen_interfaces/share/canopen_interfaces/hook/cmake_prefix_path.sh'
[0.859s] Level 1:colcon.colcon_core.environment:checking '/home/roburoc/PycharmProjects/P9-RobuROC4/install/canopen_interfaces/lib'
[0.859s] Level 1:colcon.colcon_core.shell:create_environment_hook('canopen_interfaces', 'ld_library_path_lib')
[0.859s] INFO:colcon.colcon_core.shell:Creating environment hook '/home/roburoc/PycharmProjects/P9-RobuROC4/install/canopen_interfaces/share/canopen_interfaces/hook/ld_library_path_lib.ps1'
[0.859s] INFO:colcon.colcon_core.shell:Creating environment descriptor '/home/roburoc/PycharmProjects/P9-RobuROC4/install/canopen_interfaces/share/canopen_interfaces/hook/ld_library_path_lib.dsv'
[0.860s] INFO:colcon.colcon_core.shell:Creating environment hook '/home/roburoc/PycharmProjects/P9-RobuROC4/install/canopen_interfaces/share/canopen_interfaces/hook/ld_library_path_lib.sh'
[0.860s] Level 1:colcon.colcon_core.environment:checking '/home/roburoc/PycharmProjects/P9-RobuROC4/install/canopen_interfaces/bin'
[0.860s] Level 1:colcon.colcon_core.environment:checking '/home/roburoc/PycharmProjects/P9-RobuROC4/install/canopen_interfaces/lib/pkgconfig/canopen_interfaces.pc'
[0.860s] Level 1:colcon.colcon_core.environment:checking '/home/roburoc/PycharmProjects/P9-RobuROC4/install/canopen_interfaces/lib/python3.10/site-packages'
[0.860s] Level 1:colcon.colcon_core.environment:checking '/home/roburoc/PycharmProjects/P9-RobuROC4/install/canopen_interfaces/bin'
[0.861s] INFO:colcon.colcon_core.shell:Creating package script '/home/roburoc/PycharmProjects/P9-RobuROC4/install/canopen_interfaces/share/canopen_interfaces/package.ps1'
[0.861s] INFO:colcon.colcon_core.shell:Creating package descriptor '/home/roburoc/PycharmProjects/P9-RobuROC4/install/canopen_interfaces/share/canopen_interfaces/package.dsv'
[0.861s] INFO:colcon.colcon_core.shell:Creating package script '/home/roburoc/PycharmProjects/P9-RobuROC4/install/canopen_interfaces/share/canopen_interfaces/package.sh'
[0.862s] INFO:colcon.colcon_core.shell:Creating package script '/home/roburoc/PycharmProjects/P9-RobuROC4/install/canopen_interfaces/share/canopen_interfaces/package.bash'
[0.862s] INFO:colcon.colcon_core.shell:Creating package script '/home/roburoc/PycharmProjects/P9-RobuROC4/install/canopen_interfaces/share/canopen_interfaces/package.zsh'
[0.862s] Level 1:colcon.colcon_core.environment:create_file_with_runtime_dependencies(/home/roburoc/PycharmProjects/P9-RobuROC4/install/canopen_interfaces/share/colcon-core/packages/canopen_interfaces)
[0.958s] Level 1:colcon.colcon_core.environment:create_environment_scripts_only(canopen_interfaces)
[0.959s] Level 1:colcon.colcon_core.environment:checking '/home/roburoc/PycharmProjects/P9-RobuROC4/install/canopen_interfaces' for CMake module files
[0.959s] Level 1:colcon.colcon_core.environment:checking '/home/roburoc/PycharmProjects/P9-RobuROC4/install/canopen_interfaces' for CMake config files
[0.959s] Level 1:colcon.colcon_core.shell:create_environment_hook('canopen_interfaces', 'cmake_prefix_path')
[0.959s] INFO:colcon.colcon_core.shell:Creating environment hook '/home/roburoc/PycharmProjects/P9-RobuROC4/install/canopen_interfaces/share/canopen_interfaces/hook/cmake_prefix_path.ps1'
[0.960s] INFO:colcon.colcon_core.shell:Creating environment descriptor '/home/roburoc/PycharmProjects/P9-RobuROC4/install/canopen_interfaces/share/canopen_interfaces/hook/cmake_prefix_path.dsv'
[0.960s] INFO:colcon.colcon_core.shell:Creating environment hook '/home/roburoc/PycharmProjects/P9-RobuROC4/install/canopen_interfaces/share/canopen_interfaces/hook/cmake_prefix_path.sh'
[0.960s] Level 1:colcon.colcon_core.environment:checking '/home/roburoc/PycharmProjects/P9-RobuROC4/install/canopen_interfaces/lib'
[0.961s] Level 1:colcon.colcon_core.shell:create_environment_hook('canopen_interfaces', 'ld_library_path_lib')
[0.961s] INFO:colcon.colcon_core.shell:Creating environment hook '/home/roburoc/PycharmProjects/P9-RobuROC4/install/canopen_interfaces/share/canopen_interfaces/hook/ld_library_path_lib.ps1'
[0.961s] INFO:colcon.colcon_core.shell:Creating environment descriptor '/home/roburoc/PycharmProjects/P9-RobuROC4/install/canopen_interfaces/share/canopen_interfaces/hook/ld_library_path_lib.dsv'
[0.961s] INFO:colcon.colcon_core.shell:Creating environment hook '/home/roburoc/PycharmProjects/P9-RobuROC4/install/canopen_interfaces/share/canopen_interfaces/hook/ld_library_path_lib.sh'
[0.961s] Level 1:colcon.colcon_core.environment:checking '/home/roburoc/PycharmProjects/P9-RobuROC4/install/canopen_interfaces/bin'
[0.962s] Level 1:colcon.colcon_core.environment:checking '/home/roburoc/PycharmProjects/P9-RobuROC4/install/canopen_interfaces/lib/pkgconfig/canopen_interfaces.pc'
[0.962s] Level 1:colcon.colcon_core.environment:checking '/home/roburoc/PycharmProjects/P9-RobuROC4/install/canopen_interfaces/lib/python3.10/site-packages'
[0.962s] Level 1:colcon.colcon_core.environment:checking '/home/roburoc/PycharmProjects/P9-RobuROC4/install/canopen_interfaces/bin'
[0.962s] INFO:colcon.colcon_core.shell:Creating package script '/home/roburoc/PycharmProjects/P9-RobuROC4/install/canopen_interfaces/share/canopen_interfaces/package.ps1'
[0.963s] INFO:colcon.colcon_core.shell:Creating package descriptor '/home/roburoc/PycharmProjects/P9-RobuROC4/install/canopen_interfaces/share/canopen_interfaces/package.dsv'
[0.963s] INFO:colcon.colcon_core.shell:Creating package script '/home/roburoc/PycharmProjects/P9-RobuROC4/install/canopen_interfaces/share/canopen_interfaces/package.sh'
[0.963s] INFO:colcon.colcon_core.shell:Creating package script '/home/roburoc/PycharmProjects/P9-RobuROC4/install/canopen_interfaces/share/canopen_interfaces/package.bash'
[0.963s] INFO:colcon.colcon_core.shell:Creating package script '/home/roburoc/PycharmProjects/P9-RobuROC4/install/canopen_interfaces/share/canopen_interfaces/package.zsh'
[0.964s] Level 1:colcon.colcon_core.environment:create_file_with_runtime_dependencies(/home/roburoc/PycharmProjects/P9-RobuROC4/install/canopen_interfaces/share/colcon-core/packages/canopen_interfaces)
[0.964s] INFO:colcon.colcon_ros.task.ament_cmake.build:Building ROS package in '/home/roburoc/PycharmProjects/P9-RobuROC4/src/roburoc_canopen' with build type 'ament_cmake'
[0.964s] INFO:colcon.colcon_cmake.task.cmake.build:Building CMake package in '/home/roburoc/PycharmProjects/P9-RobuROC4/src/roburoc_canopen'
[0.964s] INFO:colcon.colcon_core.shell:Skip shell extension 'powershell' for command environment: Not usable outside of PowerShell
[0.964s] DEBUG:colcon.colcon_core.shell:Skip shell extension 'dsv' for command environment
[0.973s] DEBUG:colcon.colcon_core.event_handler.log_command:Invoking command in '/home/roburoc/PycharmProjects/P9-RobuROC4/build/roburoc_canopen': CMAKE_PREFIX_PATH=/home/roburoc/PycharmProjects/P9-RobuROC4/install/canopen_interfaces:/home/roburoc/PycharmProjects/P9-RobuROC4/install/roburoc_gamepad:/home/roburoc/PycharmProjects/P9-RobuROC4/install/roburoc_controller:/home/roburoc/PycharmProjects/P9-RobuROC4/install/roburoc_canopen:/opt/ros/humble /usr/bin/cmake --build /home/roburoc/PycharmProjects/P9-RobuROC4/build/roburoc_canopen -- -j12 -l12
[1.265s] DEBUG:colcon.colcon_core.event_handler.log_command:Invoked command in '/home/roburoc/PycharmProjects/P9-RobuROC4/build/roburoc_canopen' returned '0': CMAKE_PREFIX_PATH=/home/roburoc/PycharmProjects/P9-RobuROC4/install/canopen_interfaces:/home/roburoc/PycharmProjects/P9-RobuROC4/install/roburoc_gamepad:/home/roburoc/PycharmProjects/P9-RobuROC4/install/roburoc_controller:/home/roburoc/PycharmProjects/P9-RobuROC4/install/roburoc_canopen:/opt/ros/humble /usr/bin/cmake --build /home/roburoc/PycharmProjects/P9-RobuROC4/build/roburoc_canopen -- -j12 -l12
[1.281s] DEBUG:colcon.colcon_core.event_handler.log_command:Invoking command in '/home/roburoc/PycharmProjects/P9-RobuROC4/build/roburoc_canopen': CMAKE_PREFIX_PATH=/home/roburoc/PycharmProjects/P9-RobuROC4/install/canopen_interfaces:/home/roburoc/PycharmProjects/P9-RobuROC4/install/roburoc_gamepad:/home/roburoc/PycharmProjects/P9-RobuROC4/install/roburoc_controller:/home/roburoc/PycharmProjects/P9-RobuROC4/install/roburoc_canopen:/opt/ros/humble /usr/bin/cmake --install /home/roburoc/PycharmProjects/P9-RobuROC4/build/roburoc_canopen
[1.319s] Level 1:colcon.colcon_core.environment:create_environment_scripts_only(roburoc_canopen)
[1.319s] Level 1:colcon.colcon_core.environment:checking '/home/roburoc/PycharmProjects/P9-RobuROC4/install/roburoc_canopen' for CMake module files
[1.320s] DEBUG:colcon.colcon_core.event_handler.log_command:Invoked command in '/home/roburoc/PycharmProjects/P9-RobuROC4/build/roburoc_canopen' returned '0': CMAKE_PREFIX_PATH=/home/roburoc/PycharmProjects/P9-RobuROC4/install/canopen_interfaces:/home/roburoc/PycharmProjects/P9-RobuROC4/install/roburoc_gamepad:/home/roburoc/PycharmProjects/P9-RobuROC4/install/roburoc_controller:/home/roburoc/PycharmProjects/P9-RobuROC4/install/roburoc_canopen:/opt/ros/humble /usr/bin/cmake --install /home/roburoc/PycharmProjects/P9-RobuROC4/build/roburoc_canopen
[1.320s] Level 1:colcon.colcon_core.environment:checking '/home/roburoc/PycharmProjects/P9-RobuROC4/install/roburoc_canopen' for CMake config files
[1.320s] Level 1:colcon.colcon_core.shell:create_environment_hook('roburoc_canopen', 'cmake_prefix_path')
[1.320s] INFO:colcon.colcon_core.shell:Creating environment hook '/home/roburoc/PycharmProjects/P9-RobuROC4/install/roburoc_canopen/share/roburoc_canopen/hook/cmake_prefix_path.ps1'
[1.320s] INFO:colcon.colcon_core.shell:Creating environment descriptor '/home/roburoc/PycharmProjects/P9-RobuROC4/install/roburoc_canopen/share/roburoc_canopen/hook/cmake_prefix_path.dsv'
[1.321s] INFO:colcon.colcon_core.shell:Creating environment hook '/home/roburoc/PycharmProjects/P9-RobuROC4/install/roburoc_canopen/share/roburoc_canopen/hook/cmake_prefix_path.sh'
[1.321s] Level 1:colcon.colcon_core.environment:checking '/home/roburoc/PycharmProjects/P9-RobuROC4/install/roburoc_canopen/lib'
[1.321s] Level 1:colcon.colcon_core.environment:checking '/home/roburoc/PycharmProjects/P9-RobuROC4/install/roburoc_canopen/bin'
[1.321s] Level 1:colcon.colcon_core.environment:checking '/home/roburoc/PycharmProjects/P9-RobuROC4/install/roburoc_canopen/lib/pkgconfig/roburoc_canopen.pc'
[1.321s] Level 1:colcon.colcon_core.environment:checking '/home/roburoc/PycharmProjects/P9-RobuROC4/install/roburoc_canopen/lib/python3.10/site-packages'
[1.322s] Level 1:colcon.colcon_core.environment:checking '/home/roburoc/PycharmProjects/P9-RobuROC4/install/roburoc_canopen/bin'
[1.322s] INFO:colcon.colcon_core.shell:Creating package script '/home/roburoc/PycharmProjects/P9-RobuROC4/install/roburoc_canopen/share/roburoc_canopen/package.ps1'
[1.322s] INFO:colcon.colcon_core.shell:Creating package descriptor '/home/roburoc/PycharmProjects/P9-RobuROC4/install/roburoc_canopen/share/roburoc_canopen/package.dsv'
[1.322s] INFO:colcon.colcon_core.shell:Creating package script '/home/roburoc/PycharmProjects/P9-RobuROC4/install/roburoc_canopen/share/roburoc_canopen/package.sh'
[1.323s] INFO:colcon.colcon_core.shell:Creating package script '/home/roburoc/PycharmProjects/P9-RobuROC4/install/roburoc_canopen/share/roburoc_canopen/package.bash'
[1.323s] INFO:colcon.colcon_core.shell:Creating package script '/home/roburoc/PycharmProjects/P9-RobuROC4/install/roburoc_canopen/share/roburoc_canopen/package.zsh'
[1.323s] Level 1:colcon.colcon_core.environment:create_file_with_runtime_dependencies(/home/roburoc/PycharmProjects/P9-RobuROC4/install/roburoc_canopen/share/colcon-core/packages/roburoc_canopen)
[1.339s] Level 1:colcon.colcon_core.environment:create_environment_scripts_only(roburoc_canopen)
[1.339s] Level 1:colcon.colcon_core.environment:checking '/home/roburoc/PycharmProjects/P9-RobuROC4/install/roburoc_canopen' for CMake module files
[1.340s] Level 1:colcon.colcon_core.environment:checking '/home/roburoc/PycharmProjects/P9-RobuROC4/install/roburoc_canopen' for CMake config files
[1.340s] Level 1:colcon.colcon_core.shell:create_environment_hook('roburoc_canopen', 'cmake_prefix_path')
[1.340s] INFO:colcon.colcon_core.shell:Creating environment hook '/home/roburoc/PycharmProjects/P9-RobuROC4/install/roburoc_canopen/share/roburoc_canopen/hook/cmake_prefix_path.ps1'
[1.340s] INFO:colcon.colcon_core.shell:Creating environment descriptor '/home/roburoc/PycharmProjects/P9-RobuROC4/install/roburoc_canopen/share/roburoc_canopen/hook/cmake_prefix_path.dsv'
[1.341s] INFO:colcon.colcon_core.shell:Creating environment hook '/home/roburoc/PycharmProjects/P9-RobuROC4/install/roburoc_canopen/share/roburoc_canopen/hook/cmake_prefix_path.sh'
[1.341s] Level 1:colcon.colcon_core.environment:checking '/home/roburoc/PycharmProjects/P9-RobuROC4/install/roburoc_canopen/lib'
[1.341s] Level 1:colcon.colcon_core.environment:checking '/home/roburoc/PycharmProjects/P9-RobuROC4/install/roburoc_canopen/bin'
[1.341s] Level 1:colcon.colcon_core.environment:checking '/home/roburoc/PycharmProjects/P9-RobuROC4/install/roburoc_canopen/lib/pkgconfig/roburoc_canopen.pc'
[1.341s] Level 1:colcon.colcon_core.environment:checking '/home/roburoc/PycharmProjects/P9-RobuROC4/install/roburoc_canopen/lib/python3.10/site-packages'
[1.342s] Level 1:colcon.colcon_core.environment:checking '/home/roburoc/PycharmProjects/P9-RobuROC4/install/roburoc_canopen/bin'
[1.342s] INFO:colcon.colcon_core.shell:Creating package script '/home/roburoc/PycharmProjects/P9-RobuROC4/install/roburoc_canopen/share/roburoc_canopen/package.ps1'
[1.342s] INFO:colcon.colcon_core.shell:Creating package descriptor '/home/roburoc/PycharmProjects/P9-RobuROC4/install/roburoc_canopen/share/roburoc_canopen/package.dsv'
[1.343s] INFO:colcon.colcon_core.shell:Creating package script '/home/roburoc/PycharmProjects/P9-RobuROC4/install/roburoc_canopen/share/roburoc_canopen/package.sh'
[1.343s] INFO:colcon.colcon_core.shell:Creating package script '/home/roburoc/PycharmProjects/P9-RobuROC4/install/roburoc_canopen/share/roburoc_canopen/package.bash'
[1.343s] INFO:colcon.colcon_core.shell:Creating package script '/home/roburoc/PycharmProjects/P9-RobuROC4/install/roburoc_canopen/share/roburoc_canopen/package.zsh'
[1.343s] Level 1:colcon.colcon_core.environment:create_file_with_runtime_dependencies(/home/roburoc/PycharmProjects/P9-RobuROC4/install/roburoc_canopen/share/colcon-core/packages/roburoc_canopen)
[1.344s] INFO:colcon.colcon_ros.task.ament_cmake.build:Building ROS package in '/home/roburoc/PycharmProjects/P9-RobuROC4/src/roburoc_controller' with build type 'ament_cmake'
[1.344s] INFO:colcon.colcon_cmake.task.cmake.build:Building CMake package in '/home/roburoc/PycharmProjects/P9-RobuROC4/src/roburoc_controller'
[1.344s] INFO:colcon.colcon_core.shell:Skip shell extension 'powershell' for command environment: Not usable outside of PowerShell
[1.344s] DEBUG:colcon.colcon_core.shell:Skip shell extension 'dsv' for command environment
[1.352s] DEBUG:colcon.colcon_core.event_handler.log_command:Invoking command in '/home/roburoc/PycharmProjects/P9-RobuROC4/build/roburoc_controller': CMAKE_PREFIX_PATH=/home/roburoc/PycharmProjects/P9-RobuROC4/install/roburoc_canopen:/home/roburoc/PycharmProjects/P9-RobuROC4/install/canopen_interfaces:/home/roburoc/PycharmProjects/P9-RobuROC4/install/roburoc_gamepad:/home/roburoc/PycharmProjects/P9-RobuROC4/install/roburoc_controller:/opt/ros/humble /usr/bin/cmake --build /home/roburoc/PycharmProjects/P9-RobuROC4/build/roburoc_controller -- -j12 -l12
[1.384s] DEBUG:colcon.colcon_core.event_handler.log_command:Invoked command in '/home/roburoc/PycharmProjects/P9-RobuROC4/build/roburoc_controller' returned '0': CMAKE_PREFIX_PATH=/home/roburoc/PycharmProjects/P9-RobuROC4/install/roburoc_canopen:/home/roburoc/PycharmProjects/P9-RobuROC4/install/canopen_interfaces:/home/roburoc/PycharmProjects/P9-RobuROC4/install/roburoc_gamepad:/home/roburoc/PycharmProjects/P9-RobuROC4/install/roburoc_controller:/opt/ros/humble /usr/bin/cmake --build /home/roburoc/PycharmProjects/P9-RobuROC4/build/roburoc_controller -- -j12 -l12
[1.398s] DEBUG:colcon.colcon_core.event_handler.log_command:Invoking command in '/home/roburoc/PycharmProjects/P9-RobuROC4/build/roburoc_controller': CMAKE_PREFIX_PATH=/home/roburoc/PycharmProjects/P9-RobuROC4/install/roburoc_canopen:/home/roburoc/PycharmProjects/P9-RobuROC4/install/canopen_interfaces:/home/roburoc/PycharmProjects/P9-RobuROC4/install/roburoc_gamepad:/home/roburoc/PycharmProjects/P9-RobuROC4/install/roburoc_controller:/opt/ros/humble /usr/bin/cmake --install /home/roburoc/PycharmProjects/P9-RobuROC4/build/roburoc_controller
[1.405s] Level 1:colcon.colcon_core.environment:create_environment_scripts_only(roburoc_controller)
[1.405s] Level 1:colcon.colcon_core.environment:checking '/home/roburoc/PycharmProjects/P9-RobuROC4/install/roburoc_controller' for CMake module files
[1.406s] DEBUG:colcon.colcon_core.event_handler.log_command:Invoked command in '/home/roburoc/PycharmProjects/P9-RobuROC4/build/roburoc_controller' returned '0': CMAKE_PREFIX_PATH=/home/roburoc/PycharmProjects/P9-RobuROC4/install/roburoc_canopen:/home/roburoc/PycharmProjects/P9-RobuROC4/install/canopen_interfaces:/home/roburoc/PycharmProjects/P9-RobuROC4/install/roburoc_gamepad:/home/roburoc/PycharmProjects/P9-RobuROC4/install/roburoc_controller:/opt/ros/humble /usr/bin/cmake --install /home/roburoc/PycharmProjects/P9-RobuROC4/build/roburoc_controller
[1.406s] Level 1:colcon.colcon_core.environment:checking '/home/roburoc/PycharmProjects/P9-RobuROC4/install/roburoc_controller' for CMake config files
[1.406s] Level 1:colcon.colcon_core.shell:create_environment_hook('roburoc_controller', 'cmake_prefix_path')
[1.406s] INFO:colcon.colcon_core.shell:Creating environment hook '/home/roburoc/PycharmProjects/P9-RobuROC4/install/roburoc_controller/share/roburoc_controller/hook/cmake_prefix_path.ps1'
[1.407s] INFO:colcon.colcon_core.shell:Creating environment descriptor '/home/roburoc/PycharmProjects/P9-RobuROC4/install/roburoc_controller/share/roburoc_controller/hook/cmake_prefix_path.dsv'
[1.407s] INFO:colcon.colcon_core.shell:Creating environment hook '/home/roburoc/PycharmProjects/P9-RobuROC4/install/roburoc_controller/share/roburoc_controller/hook/cmake_prefix_path.sh'
[1.407s] Level 1:colcon.colcon_core.environment:checking '/home/roburoc/PycharmProjects/P9-RobuROC4/install/roburoc_controller/lib'
[1.407s] Level 1:colcon.colcon_core.environment:checking '/home/roburoc/PycharmProjects/P9-RobuROC4/install/roburoc_controller/bin'
[1.407s] Level 1:colcon.colcon_core.environment:checking '/home/roburoc/PycharmProjects/P9-RobuROC4/install/roburoc_controller/lib/pkgconfig/roburoc_controller.pc'
[1.408s] Level 1:colcon.colcon_core.environment:checking '/home/roburoc/PycharmProjects/P9-RobuROC4/install/roburoc_controller/lib/python3.10/site-packages'
[1.408s] Level 1:colcon.colcon_core.environment:checking '/home/roburoc/PycharmProjects/P9-RobuROC4/install/roburoc_controller/bin'
[1.408s] INFO:colcon.colcon_core.shell:Creating package script '/home/roburoc/PycharmProjects/P9-RobuROC4/install/roburoc_controller/share/roburoc_controller/package.ps1'
[1.408s] INFO:colcon.colcon_core.shell:Creating package descriptor '/home/roburoc/PycharmProjects/P9-RobuROC4/install/roburoc_controller/share/roburoc_controller/package.dsv'
[1.408s] INFO:colcon.colcon_core.shell:Creating package script '/home/roburoc/PycharmProjects/P9-RobuROC4/install/roburoc_controller/share/roburoc_controller/package.sh'
[1.409s] INFO:colcon.colcon_core.shell:Creating package script '/home/roburoc/PycharmProjects/P9-RobuROC4/install/roburoc_controller/share/roburoc_controller/package.bash'
[1.409s] INFO:colcon.colcon_core.shell:Creating package script '/home/roburoc/PycharmProjects/P9-RobuROC4/install/roburoc_controller/share/roburoc_controller/package.zsh'
[1.409s] Level 1:colcon.colcon_core.environment:create_file_with_runtime_dependencies(/home/roburoc/PycharmProjects/P9-RobuROC4/install/roburoc_controller/share/colcon-core/packages/roburoc_controller)
[1.424s] Level 1:colcon.colcon_core.environment:create_environment_scripts_only(roburoc_controller)
[1.424s] Level 1:colcon.colcon_core.environment:checking '/home/roburoc/PycharmProjects/P9-RobuROC4/install/roburoc_controller' for CMake module files
[1.425s] Level 1:colcon.colcon_core.environment:checking '/home/roburoc/PycharmProjects/P9-RobuROC4/install/roburoc_controller' for CMake config files
[1.425s] Level 1:colcon.colcon_core.shell:create_environment_hook('roburoc_controller', 'cmake_prefix_path')
[1.425s] INFO:colcon.colcon_core.shell:Creating environment hook '/home/roburoc/PycharmProjects/P9-RobuROC4/install/roburoc_controller/share/roburoc_controller/hook/cmake_prefix_path.ps1'
[1.425s] INFO:colcon.colcon_core.shell:Creating environment descriptor '/home/roburoc/PycharmProjects/P9-RobuROC4/install/roburoc_controller/share/roburoc_controller/hook/cmake_prefix_path.dsv'
[1.426s] INFO:colcon.colcon_core.shell:Creating environment hook '/home/roburoc/PycharmProjects/P9-RobuROC4/install/roburoc_controller/share/roburoc_controller/hook/cmake_prefix_path.sh'
[1.426s] Level 1:colcon.colcon_core.environment:checking '/home/roburoc/PycharmProjects/P9-RobuROC4/install/roburoc_controller/lib'
[1.426s] Level 1:colcon.colcon_core.environment:checking '/home/roburoc/PycharmProjects/P9-RobuROC4/install/roburoc_controller/bin'
[1.426s] Level 1:colcon.colcon_core.environment:checking '/home/roburoc/PycharmProjects/P9-RobuROC4/install/roburoc_controller/lib/pkgconfig/roburoc_controller.pc'
[1.426s] Level 1:colcon.colcon_core.environment:checking '/home/roburoc/PycharmProjects/P9-RobuROC4/install/roburoc_controller/lib/python3.10/site-packages'
[1.427s] Level 1:colcon.colcon_core.environment:checking '/home/roburoc/PycharmProjects/P9-RobuROC4/install/roburoc_controller/bin'
[1.427s] INFO:colcon.colcon_core.shell:Creating package script '/home/roburoc/PycharmProjects/P9-RobuROC4/install/roburoc_controller/share/roburoc_controller/package.ps1'
[1.427s] INFO:colcon.colcon_core.shell:Creating package descriptor '/home/roburoc/PycharmProjects/P9-RobuROC4/install/roburoc_controller/share/roburoc_controller/package.dsv'
[1.427s] INFO:colcon.colcon_core.shell:Creating package script '/home/roburoc/PycharmProjects/P9-RobuROC4/install/roburoc_controller/share/roburoc_controller/package.sh'
[1.428s] INFO:colcon.colcon_core.shell:Creating package script '/home/roburoc/PycharmProjects/P9-RobuROC4/install/roburoc_controller/share/roburoc_controller/package.bash'
[1.428s] INFO:colcon.colcon_core.shell:Creating package script '/home/roburoc/PycharmProjects/P9-RobuROC4/install/roburoc_controller/share/roburoc_controller/package.zsh'
[1.428s] Level 1:colcon.colcon_core.environment:create_file_with_runtime_dependencies(/home/roburoc/PycharmProjects/P9-RobuROC4/install/roburoc_controller/share/colcon-core/packages/roburoc_controller)
[1.428s] DEBUG:colcon.colcon_parallel_executor.executor.parallel:closing loop
[1.429s] DEBUG:colcon.colcon_parallel_executor.executor.parallel:loop closed
[1.429s] DEBUG:colcon.colcon_parallel_executor.executor.parallel:run_until_complete finished with '0'
[1.429s] DEBUG:colcon.colcon_core.event_reactor:joining thread
[1.433s] INFO:colcon.colcon_core.plugin_system:Skipping extension 'colcon_notification.desktop_notification.terminal_notifier': Not used on non-Darwin systems
[1.433s] INFO:colcon.colcon_core.plugin_system:Skipping extension 'colcon_notification.desktop_notification.win32': Not used on non-Windows systems
[1.433s] INFO:colcon.colcon_notification.desktop_notification:Sending desktop notification using 'notify2'
[1.444s] DEBUG:colcon.colcon_core.event_reactor:joined thread
[1.444s] INFO:colcon.colcon_core.shell:Creating prefix script '/home/roburoc/PycharmProjects/P9-RobuROC4/install/local_setup.ps1'
[1.445s] INFO:colcon.colcon_core.shell:Creating prefix util module '/home/roburoc/PycharmProjects/P9-RobuROC4/install/_local_setup_util_ps1.py'
[1.446s] INFO:colcon.colcon_core.shell:Creating prefix chain script '/home/roburoc/PycharmProjects/P9-RobuROC4/install/setup.ps1'
[1.447s] INFO:colcon.colcon_core.shell:Creating prefix script '/home/roburoc/PycharmProjects/P9-RobuROC4/install/local_setup.sh'
[1.448s] INFO:colcon.colcon_core.shell:Creating prefix util module '/home/roburoc/PycharmProjects/P9-RobuROC4/install/_local_setup_util_sh.py'
[1.448s] INFO:colcon.colcon_core.shell:Creating prefix chain script '/home/roburoc/PycharmProjects/P9-RobuROC4/install/setup.sh'
[1.449s] INFO:colcon.colcon_core.shell:Creating prefix script '/home/roburoc/PycharmProjects/P9-RobuROC4/install/local_setup.bash'
[1.449s] INFO:colcon.colcon_core.shell:Creating prefix chain script '/home/roburoc/PycharmProjects/P9-RobuROC4/install/setup.bash'
[1.450s] INFO:colcon.colcon_core.shell:Creating prefix script '/home/roburoc/PycharmProjects/P9-RobuROC4/install/local_setup.zsh'
[1.450s] INFO:colcon.colcon_core.shell:Creating prefix chain script '/home/roburoc/PycharmProjects/P9-RobuROC4/install/setup.zsh'
