[0.015s] Invoking command in '/home/julian/model/P9-RobuROC4/build/RobuROC_sim': CMAKE_PREFIX_PATH=/home/julian/model/P9-RobuROC4/install/velodyne_gazebo_plugins:/home/julian/model/P9-RobuROC4/install/realsense_gazebo_plugin:/home/julian/model/P9-RobuROC4/install/RobuROC_sim:/opt/ros/humble LD_LIBRARY_PATH=/home/julian/model/P9-RobuROC4/install/velodyne_gazebo_plugins/lib:/home/julian/model/P9-RobuROC4/install/realsense_gazebo_plugin/lib:/usr/lib/x86_64-linux-gnu/gazebo-11/plugins:/opt/ros/humble/opt/rviz_ogre_vendor/lib:/opt/ros/humble/lib/x86_64-linux-gnu:/opt/ros/humble/lib /usr/bin/cmake /home/julian/model/P9-RobuROC4/src/RobuROC_sim/src -DCMAKE_INSTALL_PREFIX=/home/julian/model/P9-RobuROC4/install/RobuROC_sim
[0.080s] -- The C compiler identification is GNU 11.4.0
[0.165s] -- The CXX compiler identification is GNU 11.4.0
[0.180s] -- Detecting C compiler ABI info
[0.274s] -- Detecting C compiler ABI info - done
[0.281s] -- Check for working C compiler: /usr/bin/cc - skipped
[0.281s] -- Detecting C compile features
[0.281s] -- Detecting C compile features - done
[0.284s] -- Detecting CXX compiler ABI info
[0.381s] -- Detecting CXX compiler ABI info - done
[0.397s] -- Check for working CXX compiler: /usr/bin/c++ - skipped
[0.397s] -- Detecting CXX compile features
[0.398s] -- Detecting CXX compile features - done
[0.404s] -- Found ament_cmake: 1.3.10 (/opt/ros/humble/share/ament_cmake/cmake)
[0.594s] -- Found Python3: /usr/bin/python3 (found version "3.10.12") found components: Interpreter 
[0.709s] -- Found realsense2_description: 4.55.1 (/opt/ros/humble/share/realsense2_description/cmake)
[0.710s] -- Found gazebo_msgs: 3.7.0 (/opt/ros/humble/share/gazebo_msgs/cmake)
[0.739s] -- Found rosidl_generator_c: 3.1.5 (/opt/ros/humble/share/rosidl_generator_c/cmake)
[0.743s] -- Found rosidl_adapter: 3.1.5 (/opt/ros/humble/share/rosidl_adapter/cmake)
[0.750s] -- Found rosidl_generator_cpp: 3.1.5 (/opt/ros/humble/share/rosidl_generator_cpp/cmake)
[0.760s] -- Using all available rosidl_typesupport_c: rosidl_typesupport_fastrtps_c;rosidl_typesupport_introspection_c
[0.774s] -- Using all available rosidl_typesupport_cpp: rosidl_typesupport_fastrtps_cpp;rosidl_typesupport_introspection_cpp
[0.846s] [33mCMake Warning at CMakeLists.txt:14 (find_package):
[0.846s]   By not providing "Findvelodyne_description.cmake" in CMAKE_MODULE_PATH this
[0.846s]   project has asked CMake to find a package configuration file provided by
[0.846s]   "velodyne_description", but CMake did not find one.
[0.847s] 
[0.847s]   Could not find a package configuration file provided by
[0.847s]   "velodyne_description" with any of the following names:
[0.847s] 
[0.847s]     velodyne_descriptionConfig.cmake
[0.847s]     velodyne_description-config.cmake
[0.847s] 
[0.847s]   Add the installation prefix of "velodyne_description" to CMAKE_PREFIX_PATH
[0.848s]   or set "velodyne_description_DIR" to a directory containing one of the
[0.848s]   above files.  If "velodyne_description" provides a separate development
[0.848s]   package or SDK, be sure it has been installed.
[0.848s] 
[0.848s] [0m
[0.848s] -- Found velodyne_gazebo_plugins: 1.0.9 (/home/julian/model/P9-RobuROC4/install/velodyne_gazebo_plugins/share/velodyne_gazebo_plugins/cmake)
[0.880s] -- Found rmw_implementation_cmake: 6.1.2 (/opt/ros/humble/share/rmw_implementation_cmake/cmake)
[0.882s] -- Found rmw_fastrtps_cpp: 6.2.7 (/opt/ros/humble/share/rmw_fastrtps_cpp/cmake)
[0.994s] -- Found OpenSSL: /usr/lib/x86_64-linux-gnu/libcrypto.so (found version "3.0.2")  
[1.022s] -- Found FastRTPS: /opt/ros/humble/include  
[1.070s] -- Using RMW implementation 'rmw_fastrtps_cpp' as default
[1.077s] -- Looking for pthread.h
[1.169s] -- Looking for pthread.h - found
[1.169s] -- Performing Test CMAKE_HAVE_LIBC_PTHREAD
[1.264s] -- Performing Test CMAKE_HAVE_LIBC_PTHREAD - Success
[1.267s] -- Found Threads: TRUE  
[1.310s] -- Found PkgConfig: /usr/bin/pkg-config (found version "0.29.2") 
[1.312s] -- Checking for module 'bullet>=2.82'
[1.331s] --   Found bullet, version 3.05
[1.532s] -- Found fcl: /usr/include (found suitable version "0.7.0", minimum required is "0.5.0") 
[1.675s] -- Found assimp: /usr/include (found version "5.2.0") 
[1.710s] -- Found DART: /usr/include (Required is at least version "6.6") found components: dart 
[1.738s] -- Found Boost: /usr/lib/x86_64-linux-gnu/cmake/Boost-1.74.0/BoostConfig.cmake (found suitable version "1.74.0", minimum required is "1.40.0") found components: thread system filesystem program_options regex iostreams date_time 
[1.756s] -- Found Protobuf: /usr/lib/x86_64-linux-gnu/libprotobuf.so (found version "3.12.4") 
[1.761s] -- Looking for ignition-math6 -- found version 6.15.1
[1.766s] -- Searching for dependencies of ignition-math6
[1.767s] -- Looking for OGRE...
[1.767s] -- OGRE_PREFIX_WATCH changed.
[1.775s] -- Checking for module 'OGRE'
[1.803s] --   Found OGRE, version 1.9.0
[1.879s] -- Found Ogre Ghadamon (1.9.0)
[1.895s] -- Found OGRE: optimized;/usr/lib/x86_64-linux-gnu/libOgreMain.so;debug;/usr/lib/x86_64-linux-gnu/libOgreMain.so
[1.909s] -- Looking for OGRE_Paging...
[1.913s] -- Found OGRE_Paging: optimized;/usr/lib/x86_64-linux-gnu/libOgrePaging.so;debug;/usr/lib/x86_64-linux-gnu/libOgrePaging.so
[1.913s] -- Looking for OGRE_Terrain...
[1.917s] -- Found OGRE_Terrain: optimized;/usr/lib/x86_64-linux-gnu/libOgreTerrain.so;debug;/usr/lib/x86_64-linux-gnu/libOgreTerrain.so
[1.917s] -- Looking for OGRE_Property...
[1.922s] -- Found OGRE_Property: optimized;/usr/lib/x86_64-linux-gnu/libOgreProperty.so;debug;/usr/lib/x86_64-linux-gnu/libOgreProperty.so
[1.922s] -- Looking for OGRE_RTShaderSystem...
[1.926s] -- Found OGRE_RTShaderSystem: optimized;/usr/lib/x86_64-linux-gnu/libOgreRTShaderSystem.so;debug;/usr/lib/x86_64-linux-gnu/libOgreRTShaderSystem.so
[1.926s] -- Looking for OGRE_Volume...
[1.930s] -- Found OGRE_Volume: optimized;/usr/lib/x86_64-linux-gnu/libOgreVolume.so;debug;/usr/lib/x86_64-linux-gnu/libOgreVolume.so
[1.930s] -- Looking for OGRE_Overlay...
[1.934s] -- Found OGRE_Overlay: optimized;/usr/lib/x86_64-linux-gnu/libOgreOverlay.so;debug;/usr/lib/x86_64-linux-gnu/libOgreOverlay.so
[2.028s] -- Looking for ignition-math6 -- found version 6.15.1
[2.030s] -- Looking for ignition-transport8 -- found version 8.2.1
[2.030s] -- Searching for dependencies of ignition-transport8
[2.054s] -- Found Protobuf: /usr/lib/x86_64-linux-gnu/libprotobuf.so (found suitable version "3.12.4", minimum required is "3") 
[2.066s] -- Config-file not installed for ZeroMQ -- checking for pkg-config
[2.075s] -- Checking for module 'libzmq >= 4'
[2.102s] --   Found libzmq , version 4.3.4
[2.183s] -- Found ZeroMQ: TRUE (Required is at least version "4") 
[2.195s] -- Checking for module 'uuid'
[2.232s] --   Found uuid, version 2.37.2
[2.327s] -- Found UUID: TRUE  
[2.333s] -- Looking for ignition-msgs5 -- found version 5.8.1
[2.334s] -- Searching for dependencies of ignition-msgs5
[2.372s] -- Looking for ignition-math6 -- found version 6.15.1
[2.380s] -- Checking for module 'tinyxml2'
[2.402s] --   Found tinyxml2, version 9.0.0
[2.484s] -- Looking for ignition-msgs5 -- found version 5.8.1
[2.485s] -- Looking for ignition-common3 -- found version 3.14.0
[2.486s] -- Searching for dependencies of ignition-common3
[2.486s] -- Looking for dlfcn.h - found
[2.487s] -- Looking for libdl - found
[2.488s] -- Found DL: TRUE  
[2.500s] -- Found tinyobjloader: /usr/lib/x86_64-linux-gnu/cmake/tinyobjloader/tinyobjloader-config.cmake (found version "2.0.0") 
[2.501s] -- Searching for <ignition-common3> component [graphics]
[2.503s] -- Looking for ignition-common3-graphics -- found version 3.14.0
[2.503s] -- Searching for dependencies of ignition-common3-graphics
[2.503s] -- Looking for ignition-math6 -- found version 6.15.1
[2.506s] -- Looking for ignition-fuel_tools4 -- found version 4.4.0
[2.506s] -- Searching for dependencies of ignition-fuel_tools4
[2.650s] -- Found CURL: /usr/lib/x86_64-linux-gnu/libcurl.so (found version "7.81.0")  
[2.661s] -- Checking for module 'jsoncpp'
[2.694s] --   Found jsoncpp, version 1.9.5
[2.784s] -- Found JSONCPP: TRUE  
[2.798s] -- Checking for module 'libzip'
[2.833s] --   Found libzip, version 1.7.3
[2.926s] -- Found ZIP: TRUE  
[2.928s] -- Looking for ignition-common3 -- found version 3.14.0
[2.929s] -- Looking for ignition-math6 -- found version 6.15.1
[2.930s] -- Looking for ignition-msgs5 -- found version 5.8.1
[2.938s] -- Gazebo version: 11.10
[2.939s] -- Checking for module 'tbb'
[2.975s] --   Found tbb, version 2021.5.0
[3.131s] [33mCMake Warning at CMakeLists.txt:16 (find_package):
[3.131s]   By not providing "Findrealsense_gazebo_plugin.cmake" in CMAKE_MODULE_PATH
[3.131s]   this project has asked CMake to find a package configuration file provided
[3.131s]   by "realsense_gazebo_plugin", but CMake did not find one.
[3.131s] 
[3.131s]   Could not find a package configuration file provided by
[3.131s]   "realsense_gazebo_plugin" with any of the following names:
[3.131s] 
[3.131s]     realsense_gazebo_pluginConfig.cmake
[3.132s]     realsense_gazebo_plugin-config.cmake
[3.132s] 
[3.132s]   Add the installation prefix of "realsense_gazebo_plugin" to
[3.132s]   CMAKE_PREFIX_PATH or set "realsense_gazebo_plugin_DIR" to a directory
[3.132s]   containing one of the above files.  If "realsense_gazebo_plugin" provides a
[3.132s]   separate development package or SDK, be sure it has been installed.
[3.132s] 
[3.132s] [0m
[3.220s] WARNING: Package name "RobuROC_sim" does not follow the naming conventions. It should start with a lower case letter and only contain lower case letters, digits, underscores, and dashes.
[3.231s] -- Found ament_lint_auto: 0.12.11 (/opt/ros/humble/share/ament_lint_auto/cmake)
[3.289s] WARNING: Package name "RobuROC_sim" does not follow the naming conventions. It should start with a lower case letter and only contain lower case letters, digits, underscores, and dashes.
[3.343s] -- Added test 'flake8' to check Python code syntax and style conventions
[3.344s] -- Added test 'lint_cmake' to check CMake code style
[3.345s] -- Added test 'pep257' to check Python code against some of the docstring style conventions in PEP 257
[3.347s] -- Added test 'xmllint' to check XML markup files
[3.348s] -- Configuring done
[3.356s] -- Generating done
[3.358s] -- Build files have been written to: /home/julian/model/P9-RobuROC4/build/RobuROC_sim
[3.370s] Invoked command in '/home/julian/model/P9-RobuROC4/build/RobuROC_sim' returned '0': CMAKE_PREFIX_PATH=/home/julian/model/P9-RobuROC4/install/velodyne_gazebo_plugins:/home/julian/model/P9-RobuROC4/install/realsense_gazebo_plugin:/home/julian/model/P9-RobuROC4/install/RobuROC_sim:/opt/ros/humble LD_LIBRARY_PATH=/home/julian/model/P9-RobuROC4/install/velodyne_gazebo_plugins/lib:/home/julian/model/P9-RobuROC4/install/realsense_gazebo_plugin/lib:/usr/lib/x86_64-linux-gnu/gazebo-11/plugins:/opt/ros/humble/opt/rviz_ogre_vendor/lib:/opt/ros/humble/lib/x86_64-linux-gnu:/opt/ros/humble/lib /usr/bin/cmake /home/julian/model/P9-RobuROC4/src/RobuROC_sim/src -DCMAKE_INSTALL_PREFIX=/home/julian/model/P9-RobuROC4/install/RobuROC_sim
[3.374s] Invoking command in '/home/julian/model/P9-RobuROC4/build/RobuROC_sim': CMAKE_PREFIX_PATH=/home/julian/model/P9-RobuROC4/install/velodyne_gazebo_plugins:/home/julian/model/P9-RobuROC4/install/realsense_gazebo_plugin:/home/julian/model/P9-RobuROC4/install/RobuROC_sim:/opt/ros/humble LD_LIBRARY_PATH=/home/julian/model/P9-RobuROC4/install/velodyne_gazebo_plugins/lib:/home/julian/model/P9-RobuROC4/install/realsense_gazebo_plugin/lib:/usr/lib/x86_64-linux-gnu/gazebo-11/plugins:/opt/ros/humble/opt/rviz_ogre_vendor/lib:/opt/ros/humble/lib/x86_64-linux-gnu:/opt/ros/humble/lib /usr/bin/cmake --build /home/julian/model/P9-RobuROC4/build/RobuROC_sim -- -j16 -l16
[3.448s] Built target ament_cmake_python_copy_RobuROC_sim
[3.635s] running egg_info
[3.636s] creating RobuROC_sim.egg-info
[3.636s] writing RobuROC_sim.egg-info/PKG-INFO
[3.636s] writing dependency_links to RobuROC_sim.egg-info/dependency_links.txt
[3.636s] writing top-level names to RobuROC_sim.egg-info/top_level.txt
[3.637s] writing manifest file 'RobuROC_sim.egg-info/SOURCES.txt'
[3.638s] reading manifest file 'RobuROC_sim.egg-info/SOURCES.txt'
[3.639s] writing manifest file 'RobuROC_sim.egg-info/SOURCES.txt'
[3.673s] Built target ament_cmake_python_build_RobuROC_sim_egg
[3.686s] Invoked command in '/home/julian/model/P9-RobuROC4/build/RobuROC_sim' returned '0': CMAKE_PREFIX_PATH=/home/julian/model/P9-RobuROC4/install/velodyne_gazebo_plugins:/home/julian/model/P9-RobuROC4/install/realsense_gazebo_plugin:/home/julian/model/P9-RobuROC4/install/RobuROC_sim:/opt/ros/humble LD_LIBRARY_PATH=/home/julian/model/P9-RobuROC4/install/velodyne_gazebo_plugins/lib:/home/julian/model/P9-RobuROC4/install/realsense_gazebo_plugin/lib:/usr/lib/x86_64-linux-gnu/gazebo-11/plugins:/opt/ros/humble/opt/rviz_ogre_vendor/lib:/opt/ros/humble/lib/x86_64-linux-gnu:/opt/ros/humble/lib /usr/bin/cmake --build /home/julian/model/P9-RobuROC4/build/RobuROC_sim -- -j16 -l16
[3.713s] Invoking command in '/home/julian/model/P9-RobuROC4/build/RobuROC_sim': CMAKE_PREFIX_PATH=/home/julian/model/P9-RobuROC4/install/velodyne_gazebo_plugins:/home/julian/model/P9-RobuROC4/install/realsense_gazebo_plugin:/home/julian/model/P9-RobuROC4/install/RobuROC_sim:/opt/ros/humble LD_LIBRARY_PATH=/home/julian/model/P9-RobuROC4/install/velodyne_gazebo_plugins/lib:/home/julian/model/P9-RobuROC4/install/realsense_gazebo_plugin/lib:/usr/lib/x86_64-linux-gnu/gazebo-11/plugins:/opt/ros/humble/opt/rviz_ogre_vendor/lib:/opt/ros/humble/lib/x86_64-linux-gnu:/opt/ros/humble/lib /usr/bin/cmake --install /home/julian/model/P9-RobuROC4/build/RobuROC_sim
[3.721s] -- Install configuration: ""
[3.721s] -- Installing: /home/julian/model/P9-RobuROC4/install/RobuROC_sim/share/RobuROC_sim/environment/pythonpath.sh
[3.721s] -- Installing: /home/julian/model/P9-RobuROC4/install/RobuROC_sim/share/RobuROC_sim/environment/pythonpath.dsv
[3.721s] -- Installing: /home/julian/model/P9-RobuROC4/install/RobuROC_sim/local/lib/python3.10/dist-packages/RobuROC_sim-0.0.0-py3.10.egg-info
[3.722s] -- Installing: /home/julian/model/P9-RobuROC4/install/RobuROC_sim/local/lib/python3.10/dist-packages/RobuROC_sim-0.0.0-py3.10.egg-info/SOURCES.txt
[3.722s] -- Installing: /home/julian/model/P9-RobuROC4/install/RobuROC_sim/local/lib/python3.10/dist-packages/RobuROC_sim-0.0.0-py3.10.egg-info/top_level.txt
[3.722s] -- Installing: /home/julian/model/P9-RobuROC4/install/RobuROC_sim/local/lib/python3.10/dist-packages/RobuROC_sim-0.0.0-py3.10.egg-info/PKG-INFO
[3.722s] -- Installing: /home/julian/model/P9-RobuROC4/install/RobuROC_sim/local/lib/python3.10/dist-packages/RobuROC_sim-0.0.0-py3.10.egg-info/dependency_links.txt
[3.722s] -- Installing: /home/julian/model/P9-RobuROC4/install/RobuROC_sim/local/lib/python3.10/dist-packages/RobuROC_sim
[3.722s] -- Installing: /home/julian/model/P9-RobuROC4/install/RobuROC_sim/local/lib/python3.10/dist-packages/RobuROC_sim/publish_odom.py
[3.723s] -- Installing: /home/julian/model/P9-RobuROC4/install/RobuROC_sim/local/lib/python3.10/dist-packages/RobuROC_sim/__init__.py
[3.759s] Listing '/home/julian/model/P9-RobuROC4/install/RobuROC_sim/local/lib/python3.10/dist-packages/RobuROC_sim'...
[3.760s] Compiling '/home/julian/model/P9-RobuROC4/install/RobuROC_sim/local/lib/python3.10/dist-packages/RobuROC_sim/__init__.py'...
[3.760s] Compiling '/home/julian/model/P9-RobuROC4/install/RobuROC_sim/local/lib/python3.10/dist-packages/RobuROC_sim/publish_odom.py'...
[3.763s] -- Installing: /home/julian/model/P9-RobuROC4/install/RobuROC_sim/share/RobuROC_sim/description
[3.764s] -- Installing: /home/julian/model/P9-RobuROC4/install/RobuROC_sim/share/RobuROC_sim/description/RobuROC_model.urdf.xacro
[3.764s] -- Installing: /home/julian/model/P9-RobuROC4/install/RobuROC_sim/share/RobuROC_sim/description/test.urdf.xacro
[3.764s] -- Installing: /home/julian/model/P9-RobuROC4/install/RobuROC_sim/share/RobuROC_sim/description/lidar_vlp_16v2.xacro
[3.764s] -- Installing: /home/julian/model/P9-RobuROC4/install/RobuROC_sim/share/RobuROC_sim/description/lidar.xacro
[3.764s] -- Installing: /home/julian/model/P9-RobuROC4/install/RobuROC_sim/share/RobuROC_sim/description/_435.urdf.xacro
[3.765s] -- Installing: /home/julian/model/P9-RobuROC4/install/RobuROC_sim/share/RobuROC_sim/description/_d435_v1.gazebo.xacro
[3.765s] -- Installing: /home/julian/model/P9-RobuROC4/install/RobuROC_sim/share/RobuROC_sim/description/VLP-16.urdf.xacro
[3.765s] -- Installing: /home/julian/model/P9-RobuROC4/install/RobuROC_sim/share/RobuROC_sim/description/lidar_vlp_16.xacro
[3.765s] -- Installing: /home/julian/model/P9-RobuROC4/install/RobuROC_sim/share/RobuROC_sim/description/camera.xacro
[3.765s] -- Installing: /home/julian/model/P9-RobuROC4/install/RobuROC_sim/share/RobuROC_sim/description/real_sense_cameras.xacro
[3.765s] -- Installing: /home/julian/model/P9-RobuROC4/install/RobuROC_sim/share/RobuROC_sim/description/camera_depth.xacro
[3.766s] -- Installing: /home/julian/model/P9-RobuROC4/install/RobuROC_sim/share/RobuROC_sim/description/include_RobuROC.xacro
[3.766s] -- Installing: /home/julian/model/P9-RobuROC4/install/RobuROC_sim/share/RobuROC_sim/description/_d435.gazebo.xacro
[3.766s] -- Installing: /home/julian/model/P9-RobuROC4/install/RobuROC_sim/share/RobuROC_sim/description/RobuROC_gazebo_sim.xacro
[3.766s] -- Installing: /home/julian/model/P9-RobuROC4/install/RobuROC_sim/share/RobuROC_sim/description/RobuROC_core.urdf.xacro
[3.766s] -- Installing: /home/julian/model/P9-RobuROC4/install/RobuROC_sim/share/RobuROC_sim/launch
[3.766s] -- Installing: /home/julian/model/P9-RobuROC4/install/RobuROC_sim/share/RobuROC_sim/launch/test.launch.py
[3.767s] -- Installing: /home/julian/model/P9-RobuROC4/install/RobuROC_sim/share/RobuROC_sim/launch/RobuROC_sim.launch.py
[3.767s] -- Installing: /home/julian/model/P9-RobuROC4/install/RobuROC_sim/share/RobuROC_sim/worlds
[3.767s] -- Installing: /home/julian/model/P9-RobuROC4/install/RobuROC_sim/share/RobuROC_sim/worlds/RobuROC_env.world
[3.767s] -- Installing: /home/julian/model/P9-RobuROC4/install/RobuROC_sim/share/RobuROC_sim/worlds/empty_world
[3.767s] -- Installing: /home/julian/model/P9-RobuROC4/install/RobuROC_sim/share/RobuROC_sim/meshes
[3.767s] -- Installing: /home/julian/model/P9-RobuROC4/install/RobuROC_sim/share/RobuROC_sim/meshes/VLP16_scan.stl
[3.768s] -- Installing: /home/julian/model/P9-RobuROC4/install/RobuROC_sim/share/RobuROC_sim/meshes/VLP16_base_1.dae
[3.768s] -- Installing: /home/julian/model/P9-RobuROC4/install/RobuROC_sim/share/RobuROC_sim/meshes/VLP16_base_2.stl
[3.768s] -- Installing: /home/julian/model/P9-RobuROC4/install/RobuROC_sim/share/RobuROC_sim/meshes/chassis.STL
[3.768s] -- Installing: /home/julian/model/P9-RobuROC4/install/RobuROC_sim/share/RobuROC_sim/meshes/VLP16_base_1.stl
[3.768s] -- Installing: /home/julian/model/P9-RobuROC4/install/RobuROC_sim/share/RobuROC_sim/meshes/VLP16_base_2.dae
[3.768s] -- Installing: /home/julian/model/P9-RobuROC4/install/RobuROC_sim/share/RobuROC_sim/meshes/d435.dae
[3.790s] -- Installing: /home/julian/model/P9-RobuROC4/install/RobuROC_sim/share/RobuROC_sim/meshes/wheel.STL
[3.791s] -- Installing: /home/julian/model/P9-RobuROC4/install/RobuROC_sim/share/RobuROC_sim/meshes/VLP16_scan.dae
[3.791s] -- Installing: /home/julian/model/P9-RobuROC4/install/RobuROC_sim/share/RobuROC_sim/scripts
[3.791s] -- Installing: /home/julian/model/P9-RobuROC4/install/RobuROC_sim/share/RobuROC_sim/scripts/publish_odom.py
[3.792s] -- Installing: /home/julian/model/P9-RobuROC4/install/RobuROC_sim/lib/RobuROC_sim/publish_odom.py
[3.792s] -- Installing: /home/julian/model/P9-RobuROC4/install/RobuROC_sim/share/ament_index/resource_index/package_run_dependencies/RobuROC_sim
[3.792s] -- Installing: /home/julian/model/P9-RobuROC4/install/RobuROC_sim/share/ament_index/resource_index/parent_prefix_path/RobuROC_sim
[3.792s] -- Installing: /home/julian/model/P9-RobuROC4/install/RobuROC_sim/share/RobuROC_sim/environment/ament_prefix_path.sh
[3.792s] -- Installing: /home/julian/model/P9-RobuROC4/install/RobuROC_sim/share/RobuROC_sim/environment/ament_prefix_path.dsv
[3.793s] -- Installing: /home/julian/model/P9-RobuROC4/install/RobuROC_sim/share/RobuROC_sim/environment/path.sh
[3.793s] -- Installing: /home/julian/model/P9-RobuROC4/install/RobuROC_sim/share/RobuROC_sim/environment/path.dsv
[3.793s] -- Installing: /home/julian/model/P9-RobuROC4/install/RobuROC_sim/share/RobuROC_sim/local_setup.bash
[3.793s] -- Installing: /home/julian/model/P9-RobuROC4/install/RobuROC_sim/share/RobuROC_sim/local_setup.sh
[3.793s] -- Installing: /home/julian/model/P9-RobuROC4/install/RobuROC_sim/share/RobuROC_sim/local_setup.zsh
[3.793s] -- Installing: /home/julian/model/P9-RobuROC4/install/RobuROC_sim/share/RobuROC_sim/local_setup.dsv
[3.794s] -- Installing: /home/julian/model/P9-RobuROC4/install/RobuROC_sim/share/RobuROC_sim/package.dsv
[3.794s] -- Installing: /home/julian/model/P9-RobuROC4/install/RobuROC_sim/share/ament_index/resource_index/packages/RobuROC_sim
[3.794s] -- Installing: /home/julian/model/P9-RobuROC4/install/RobuROC_sim/share/RobuROC_sim/cmake/RobuROC_simConfig.cmake
[3.794s] -- Installing: /home/julian/model/P9-RobuROC4/install/RobuROC_sim/share/RobuROC_sim/cmake/RobuROC_simConfig-version.cmake
[3.794s] -- Installing: /home/julian/model/P9-RobuROC4/install/RobuROC_sim/share/RobuROC_sim/package.xml
[3.797s] Invoked command in '/home/julian/model/P9-RobuROC4/build/RobuROC_sim' returned '0': CMAKE_PREFIX_PATH=/home/julian/model/P9-RobuROC4/install/velodyne_gazebo_plugins:/home/julian/model/P9-RobuROC4/install/realsense_gazebo_plugin:/home/julian/model/P9-RobuROC4/install/RobuROC_sim:/opt/ros/humble LD_LIBRARY_PATH=/home/julian/model/P9-RobuROC4/install/velodyne_gazebo_plugins/lib:/home/julian/model/P9-RobuROC4/install/realsense_gazebo_plugin/lib:/usr/lib/x86_64-linux-gnu/gazebo-11/plugins:/opt/ros/humble/opt/rviz_ogre_vendor/lib:/opt/ros/humble/lib/x86_64-linux-gnu:/opt/ros/humble/lib /usr/bin/cmake --install /home/julian/model/P9-RobuROC4/build/RobuROC_sim
