[0.012s] Invoking command in '/home/julian/model/P9-RobuROC4/build/RobuROC_sim': CMAKE_PREFIX_PATH=${CMAKE_PREFIX_PATH}:/opt/ros/humble /usr/bin/cmake --build /home/julian/model/P9-RobuROC4/build/RobuROC_sim -- -j16 -l16
[0.042s] -- Found ament_cmake: 1.3.10 (/opt/ros/humble/share/ament_cmake/cmake)
[0.167s] -- Found ament_lint_auto: 0.12.11 (/opt/ros/humble/share/ament_lint_auto/cmake)
[0.226s] WARNING: Package name "RobuROC_sim" does not follow the naming conventions. It should start with a lower case letter and only contain lower case letters, digits, underscores, and dashes.
[0.255s] -- Added test 'flake8' to check Python code syntax and style conventions
[0.257s] -- Added test 'lint_cmake' to check CMake code style
[0.258s] -- Added test 'pep257' to check Python code against some of the docstring style conventions in PEP 257
[0.264s] -- Added test 'xmllint' to check XML markup files
[0.266s] -- Configuring done
[0.274s] -- Generating done
[0.277s] -- Build files have been written to: /home/julian/model/P9-RobuROC4/build/RobuROC_sim
[0.324s] Invoked command in '/home/julian/model/P9-RobuROC4/build/RobuROC_sim' returned '0': CMAKE_PREFIX_PATH=${CMAKE_PREFIX_PATH}:/opt/ros/humble /usr/bin/cmake --build /home/julian/model/P9-RobuROC4/build/RobuROC_sim -- -j16 -l16
[0.362s] Invoking command in '/home/julian/model/P9-RobuROC4/build/RobuROC_sim': CMAKE_PREFIX_PATH=${CMAKE_PREFIX_PATH}:/opt/ros/humble /usr/bin/cmake --install /home/julian/model/P9-RobuROC4/build/RobuROC_sim
[0.370s] -- Install configuration: ""
[0.370s] -- Up-to-date: /home/julian/model/P9-RobuROC4/install/RobuROC_sim/share/RobuROC_sim/description
[0.370s] -- Up-to-date: /home/julian/model/P9-RobuROC4/install/RobuROC_sim/share/RobuROC_sim/description/robot
[0.370s] -- Up-to-date: /home/julian/model/P9-RobuROC4/install/RobuROC_sim/share/RobuROC_sim/description/robot/RobuROC_model.urdf.xacro
[0.371s] -- Up-to-date: /home/julian/model/P9-RobuROC4/install/RobuROC_sim/share/RobuROC_sim/description/robot/RobuROC_rviz_blocks.urdf.xacro
[0.371s] -- Up-to-date: /home/julian/model/P9-RobuROC4/install/RobuROC_sim/share/RobuROC_sim/description/robot/RobuROC_rviz_stl.urdf.xacro
[0.371s] -- Up-to-date: /home/julian/model/P9-RobuROC4/install/RobuROC_sim/share/RobuROC_sim/description/robot/RobuROC_gazebo.urdf.xacro
[0.371s] -- Up-to-date: /home/julian/model/P9-RobuROC4/install/RobuROC_sim/share/RobuROC_sim/description/robot/include_RobuROC.xacro
[0.371s] -- Up-to-date: /home/julian/model/P9-RobuROC4/install/RobuROC_sim/share/RobuROC_sim/description/robot/RobuROC_gazebo_sim.xacro
[0.371s] -- Up-to-date: /home/julian/model/P9-RobuROC4/install/RobuROC_sim/share/RobuROC_sim/description/camera
[0.372s] -- Up-to-date: /home/julian/model/P9-RobuROC4/install/RobuROC_sim/share/RobuROC_sim/description/camera/_d435.urdf.xacro
[0.372s] -- Up-to-date: /home/julian/model/P9-RobuROC4/install/RobuROC_sim/share/RobuROC_sim/description/camera/rgbd.gazebo.xacro
[0.372s] -- Up-to-date: /home/julian/model/P9-RobuROC4/install/RobuROC_sim/share/RobuROC_sim/launch
[0.372s] -- Up-to-date: /home/julian/model/P9-RobuROC4/install/RobuROC_sim/share/RobuROC_sim/launch/RobuROC_rviz_stl.launch.py
[0.372s] -- Up-to-date: /home/julian/model/P9-RobuROC4/install/RobuROC_sim/share/RobuROC_sim/launch/RobuROC_gazebo_stl.launch.py
[0.372s] -- Up-to-date: /home/julian/model/P9-RobuROC4/install/RobuROC_sim/share/RobuROC_sim/launch/RobuROC_rviz.launch.py
[0.372s] -- Up-to-date: /home/julian/model/P9-RobuROC4/install/RobuROC_sim/share/RobuROC_sim/launch/RobuROC_sim.launch.py
[0.372s] -- Up-to-date: /home/julian/model/P9-RobuROC4/install/RobuROC_sim/share/RobuROC_sim/launch/RobuROC_gazebo.launch.py
[0.373s] -- Up-to-date: /home/julian/model/P9-RobuROC4/install/RobuROC_sim/share/RobuROC_sim/worlds
[0.373s] -- Up-to-date: /home/julian/model/P9-RobuROC4/install/RobuROC_sim/share/RobuROC_sim/worlds/empty_world
[0.373s] -- Up-to-date: /home/julian/model/P9-RobuROC4/install/RobuROC_sim/share/RobuROC_sim/meshes
[0.373s] -- Up-to-date: /home/julian/model/P9-RobuROC4/install/RobuROC_sim/share/RobuROC_sim/meshes/chassis.STL
[0.373s] -- Up-to-date: /home/julian/model/P9-RobuROC4/install/RobuROC_sim/share/RobuROC_sim/meshes/wheel.STL
[0.373s] -- Installing: /home/julian/model/P9-RobuROC4/install/RobuROC_sim/share/RobuROC_sim/scripts
[0.373s] -- Installing: /home/julian/model/P9-RobuROC4/install/RobuROC_sim/share/RobuROC_sim/scripts/publish_odom.py
[0.373s] -- Up-to-date: /home/julian/model/P9-RobuROC4/install/RobuROC_sim/share/ament_index/resource_index/package_run_dependencies/RobuROC_sim
[0.374s] -- Installing: /home/julian/model/P9-RobuROC4/install/RobuROC_sim/share/ament_index/resource_index/parent_prefix_path/RobuROC_sim
[0.374s] -- Up-to-date: /home/julian/model/P9-RobuROC4/install/RobuROC_sim/share/RobuROC_sim/environment/ament_prefix_path.sh
[0.374s] -- Installing: /home/julian/model/P9-RobuROC4/install/RobuROC_sim/share/RobuROC_sim/environment/ament_prefix_path.dsv
[0.374s] -- Up-to-date: /home/julian/model/P9-RobuROC4/install/RobuROC_sim/share/RobuROC_sim/environment/path.sh
[0.374s] -- Installing: /home/julian/model/P9-RobuROC4/install/RobuROC_sim/share/RobuROC_sim/environment/path.dsv
[0.374s] -- Up-to-date: /home/julian/model/P9-RobuROC4/install/RobuROC_sim/share/RobuROC_sim/local_setup.bash
[0.375s] -- Up-to-date: /home/julian/model/P9-RobuROC4/install/RobuROC_sim/share/RobuROC_sim/local_setup.sh
[0.375s] -- Up-to-date: /home/julian/model/P9-RobuROC4/install/RobuROC_sim/share/RobuROC_sim/local_setup.zsh
[0.375s] -- Installing: /home/julian/model/P9-RobuROC4/install/RobuROC_sim/share/RobuROC_sim/local_setup.dsv
[0.375s] -- Installing: /home/julian/model/P9-RobuROC4/install/RobuROC_sim/share/RobuROC_sim/package.dsv
[0.376s] -- Up-to-date: /home/julian/model/P9-RobuROC4/install/RobuROC_sim/share/ament_index/resource_index/packages/RobuROC_sim
[0.376s] -- Up-to-date: /home/julian/model/P9-RobuROC4/install/RobuROC_sim/share/RobuROC_sim/cmake/RobuROC_simConfig.cmake
[0.376s] -- Up-to-date: /home/julian/model/P9-RobuROC4/install/RobuROC_sim/share/RobuROC_sim/cmake/RobuROC_simConfig-version.cmake
[0.376s] -- Up-to-date: /home/julian/model/P9-RobuROC4/install/RobuROC_sim/share/RobuROC_sim/package.xml
[0.377s] Invoked command in '/home/julian/model/P9-RobuROC4/build/RobuROC_sim' returned '0': CMAKE_PREFIX_PATH=${CMAKE_PREFIX_PATH}:/opt/ros/humble /usr/bin/cmake --install /home/julian/model/P9-RobuROC4/build/RobuROC_sim
