[0.012s] Invoking command in '/home/roburoc/PycharmProjects/P9-RobuROC4/build/canopen_interfaces': CMAKE_PREFIX_PATH=${CMAKE_PREFIX_PATH}:/opt/ros/humble /usr/bin/cmake --build /home/roburoc/PycharmProjects/P9-RobuROC4/build/canopen_interfaces -- -j12 -l12
[0.032s] -- Found ament_cmake: 1.3.10 (/opt/ros/humble/share/ament_cmake/cmake)
[0.138s] -- Found rclcpp: 16.0.10 (/opt/ros/humble/share/rclcpp/cmake)
[0.163s] -- Found rosidl_generator_c: 3.1.5 (/opt/ros/humble/share/rosidl_generator_c/cmake)
[0.165s] -- Found rosidl_adapter: 3.1.5 (/opt/ros/humble/share/rosidl_adapter/cmake)
[0.170s] -- Found rosidl_generator_cpp: 3.1.5 (/opt/ros/humble/share/rosidl_generator_cpp/cmake)
[0.177s] -- Using all available rosidl_typesupport_c: rosidl_typesupport_fastrtps_c;rosidl_typesupport_introspection_c
[0.188s] -- Using all available rosidl_typesupport_cpp: rosidl_typesupport_fastrtps_cpp;rosidl_typesupport_introspection_cpp
[0.215s] -- Found rmw_implementation_cmake: 6.1.2 (/opt/ros/humble/share/rmw_implementation_cmake/cmake)
[0.216s] -- Found rmw_fastrtps_cpp: 6.2.7 (/opt/ros/humble/share/rmw_fastrtps_cpp/cmake)
[0.301s] -- Using RMW implementation 'rmw_fastrtps_cpp' as default
[0.343s] -- Found rclpy: 3.3.14 (/opt/ros/humble/share/rclpy/cmake)
[0.344s] -- Found rosidl_default_generators: 1.2.0 (/opt/ros/humble/share/rosidl_default_generators/cmake)
[0.596s] -- Found ament_cmake_ros: 0.10.0 (/opt/ros/humble/share/ament_cmake_ros/cmake)
[0.886s] -- Using all available rosidl_typesupport_c: rosidl_typesupport_fastrtps_c;rosidl_typesupport_introspection_c
[1.001s] -- Using all available rosidl_typesupport_cpp: rosidl_typesupport_fastrtps_cpp;rosidl_typesupport_introspection_cpp
[1.019s] -- Found python_cmake_module: 0.10.0 (/opt/ros/humble/share/python_cmake_module/cmake)
[1.037s] -- Using PYTHON_EXECUTABLE: /usr/bin/python3
[1.037s] -- Using PYTHON_INCLUDE_DIRS: /usr/include/python3.10
[1.037s] -- Using PYTHON_LIBRARIES: /usr/lib/x86_64-linux-gnu/libpython3.10.so
[1.060s] -- Found ament_lint_auto: 0.12.11 (/opt/ros/humble/share/ament_lint_auto/cmake)
[1.067s] -- Added test 'lint_cmake' to check CMake code style
[1.068s] -- Added test 'xmllint' to check XML markup files
[1.069s] -- Configuring done
[1.102s] -- Generating done
[1.105s] -- Build files have been written to: /home/roburoc/PycharmProjects/P9-RobuROC4/build/canopen_interfaces
[1.126s] [  1%] [34m[1mGenerating C code for ROS interfaces[0m
[1.134s] [  2%] [34m[1mGenerating C++ code for ROS interfaces[0m
[1.142s] [  2%] Built target ament_cmake_python_copy_canopen_interfaces
[1.411s] running egg_info
[1.411s] writing canopen_interfaces.egg-info/PKG-INFO
[1.412s] writing dependency_links to canopen_interfaces.egg-info/dependency_links.txt
[1.412s] writing top-level names to canopen_interfaces.egg-info/top_level.txt
[1.414s] reading manifest file 'canopen_interfaces.egg-info/SOURCES.txt'
[1.414s] writing manifest file 'canopen_interfaces.egg-info/SOURCES.txt'
[1.441s] [  2%] Built target ament_cmake_python_build_canopen_interfaces_egg
[1.699s] [  2%] Built target canopen_interfaces__cpp
[1.710s] [  4%] [34m[1mGenerating C++ type support for eProsima Fast-RTPS[0m
[1.710s] [  5%] [34m[1mGenerating C++ introspection for ROS interfaces[0m
[1.710s] [  7%] [34m[1mGenerating C++ type support dispatch for ROS interfaces[0m
[1.743s] [35m[1mConsolidate compiler generated dependencies of target canopen_interfaces__rosidl_generator_c[0m
[1.755s] [  9%] [32mBuilding C object CMakeFiles/canopen_interfaces__rosidl_generator_c.dir/rosidl_generator_c/canopen_interfaces/srv/detail/can_read__functions.c.o[0m
[1.755s] [  9%] [32mBuilding C object CMakeFiles/canopen_interfaces__rosidl_generator_c.dir/rosidl_generator_c/canopen_interfaces/srv/detail/can_periodic_task__functions.c.o[0m
[1.756s] [ 11%] [32mBuilding C object CMakeFiles/canopen_interfaces__rosidl_generator_c.dir/rosidl_generator_c/canopen_interfaces/msg/detail/can_write__functions.c.o[0m
[1.756s] [ 12%] [32mBuilding C object CMakeFiles/canopen_interfaces__rosidl_generator_c.dir/rosidl_generator_c/canopen_interfaces/msg/detail/can_subscription__functions.c.o[0m
[1.756s] [ 14%] [32mBuilding C object CMakeFiles/canopen_interfaces__rosidl_generator_c.dir/rosidl_generator_c/canopen_interfaces/srv/detail/can_subscribe__functions.c.o[0m
[1.757s] [ 15%] [32mBuilding C object CMakeFiles/canopen_interfaces__rosidl_generator_c.dir/rosidl_generator_c/canopen_interfaces/srv/detail/can_connection__functions.c.o[0m
[1.844s] [ 16%] [32m[1mLinking C shared library libcanopen_interfaces__rosidl_generator_c.so[0m
[1.874s] [ 16%] Built target canopen_interfaces__rosidl_generator_c
[1.882s] [ 21%] [34m[1mGenerating C introspection for ROS interfaces[0m
[1.883s] [ 21%] [34m[1mGenerating C type support dispatch for ROS interfaces[0m
[1.883s] [ 21%] [34m[1mGenerating C type support for eProsima Fast-RTPS[0m
[2.096s] [35m[1mConsolidate compiler generated dependencies of target canopen_interfaces__rosidl_typesupport_cpp[0m
[2.111s] [ 22%] [32mBuilding CXX object CMakeFiles/canopen_interfaces__rosidl_typesupport_cpp.dir/rosidl_typesupport_cpp/canopen_interfaces/msg/can_write__type_support.cpp.o[0m
[2.111s] [ 23%] [32mBuilding CXX object CMakeFiles/canopen_interfaces__rosidl_typesupport_cpp.dir/rosidl_typesupport_cpp/canopen_interfaces/msg/can_subscription__type_support.cpp.o[0m
[2.112s] [ 25%] [32mBuilding CXX object CMakeFiles/canopen_interfaces__rosidl_typesupport_cpp.dir/rosidl_typesupport_cpp/canopen_interfaces/srv/can_subscribe__type_support.cpp.o[0m
[2.112s] [ 26%] [32mBuilding CXX object CMakeFiles/canopen_interfaces__rosidl_typesupport_cpp.dir/rosidl_typesupport_cpp/canopen_interfaces/srv/can_read__type_support.cpp.o[0m
[2.112s] [ 28%] [32mBuilding CXX object CMakeFiles/canopen_interfaces__rosidl_typesupport_cpp.dir/rosidl_typesupport_cpp/canopen_interfaces/srv/can_periodic_task__type_support.cpp.o[0m
[2.112s] [ 29%] [32mBuilding CXX object CMakeFiles/canopen_interfaces__rosidl_typesupport_cpp.dir/rosidl_typesupport_cpp/canopen_interfaces/srv/can_connection__type_support.cpp.o[0m
[2.335s] [35m[1mConsolidate compiler generated dependencies of target canopen_interfaces__rosidl_typesupport_introspection_cpp[0m
[2.359s] [ 30%] [32mBuilding CXX object CMakeFiles/canopen_interfaces__rosidl_typesupport_introspection_cpp.dir/rosidl_typesupport_introspection_cpp/canopen_interfaces/msg/detail/can_write__type_support.cpp.o[0m
[2.363s] [35m[1mConsolidate compiler generated dependencies of target canopen_interfaces__rosidl_typesupport_c[0m
[2.378s] [ 32%] [32mBuilding CXX object CMakeFiles/canopen_interfaces__rosidl_typesupport_c.dir/rosidl_typesupport_c/canopen_interfaces/msg/can_write__type_support.cpp.o[0m
[2.380s] [ 33%] [32mBuilding CXX object CMakeFiles/canopen_interfaces__rosidl_typesupport_c.dir/rosidl_typesupport_c/canopen_interfaces/msg/can_subscription__type_support.cpp.o[0m
[2.417s] [ 35%] [32mBuilding CXX object CMakeFiles/canopen_interfaces__rosidl_typesupport_c.dir/rosidl_typesupport_c/canopen_interfaces/srv/can_subscribe__type_support.cpp.o[0m
[2.423s] [ 36%] [32mBuilding CXX object CMakeFiles/canopen_interfaces__rosidl_typesupport_c.dir/rosidl_typesupport_c/canopen_interfaces/srv/can_periodic_task__type_support.cpp.o[0m
[2.437s] [35m[1mConsolidate compiler generated dependencies of target canopen_interfaces__rosidl_typesupport_fastrtps_cpp[0m
[2.458s] [ 38%] [32mBuilding CXX object CMakeFiles/canopen_interfaces__rosidl_typesupport_c.dir/rosidl_typesupport_c/canopen_interfaces/srv/can_read__type_support.cpp.o[0m
[2.460s] [ 39%] [32mBuilding CXX object CMakeFiles/canopen_interfaces__rosidl_typesupport_fastrtps_cpp.dir/rosidl_typesupport_fastrtps_cpp/canopen_interfaces/msg/detail/dds_fastrtps/can_write__type_support.cpp.o[0m
[2.464s] [ 40%] [32mBuilding CXX object CMakeFiles/canopen_interfaces__rosidl_typesupport_c.dir/rosidl_typesupport_c/canopen_interfaces/srv/can_connection__type_support.cpp.o[0m
[2.472s] [ 42%] [32mBuilding CXX object CMakeFiles/canopen_interfaces__rosidl_typesupport_fastrtps_cpp.dir/rosidl_typesupport_fastrtps_cpp/canopen_interfaces/msg/detail/dds_fastrtps/can_subscription__type_support.cpp.o[0m
[2.493s] [ 43%] [32mBuilding CXX object CMakeFiles/canopen_interfaces__rosidl_typesupport_fastrtps_cpp.dir/rosidl_typesupport_fastrtps_cpp/canopen_interfaces/srv/detail/dds_fastrtps/can_periodic_task__type_support.cpp.o[0m
[2.495s] [ 45%] [32mBuilding CXX object CMakeFiles/canopen_interfaces__rosidl_typesupport_fastrtps_cpp.dir/rosidl_typesupport_fastrtps_cpp/canopen_interfaces/srv/detail/dds_fastrtps/can_read__type_support.cpp.o[0m
[2.496s] [ 46%] [32mBuilding CXX object CMakeFiles/canopen_interfaces__rosidl_typesupport_fastrtps_cpp.dir/rosidl_typesupport_fastrtps_cpp/canopen_interfaces/srv/detail/dds_fastrtps/can_connection__type_support.cpp.o[0m
[2.499s] [ 47%] [32mBuilding CXX object CMakeFiles/canopen_interfaces__rosidl_typesupport_fastrtps_cpp.dir/rosidl_typesupport_fastrtps_cpp/canopen_interfaces/srv/detail/dds_fastrtps/can_subscribe__type_support.cpp.o[0m
[2.501s] [ 49%] [32mBuilding CXX object CMakeFiles/canopen_interfaces__rosidl_typesupport_introspection_cpp.dir/rosidl_typesupport_introspection_cpp/canopen_interfaces/msg/detail/can_subscription__type_support.cpp.o[0m
[2.504s] [ 50%] [32m[1mLinking CXX shared library libcanopen_interfaces__rosidl_typesupport_c.so[0m
[2.506s] [ 52%] [32m[1mLinking CXX shared library libcanopen_interfaces__rosidl_typesupport_cpp.so[0m
[2.586s] [ 52%] Built target canopen_interfaces__rosidl_typesupport_c
[2.588s] [ 52%] Built target canopen_interfaces__rosidl_typesupport_cpp
[2.604s] [ 53%] [32mBuilding CXX object CMakeFiles/canopen_interfaces__rosidl_typesupport_introspection_cpp.dir/rosidl_typesupport_introspection_cpp/canopen_interfaces/srv/detail/can_subscribe__type_support.cpp.o[0m
[2.616s] [ 54%] [32mBuilding CXX object CMakeFiles/canopen_interfaces__rosidl_typesupport_introspection_cpp.dir/rosidl_typesupport_introspection_cpp/canopen_interfaces/srv/detail/can_periodic_task__type_support.cpp.o[0m
[2.670s] [35m[1mConsolidate compiler generated dependencies of target canopen_interfaces__rosidl_typesupport_introspection_c[0m
[2.719s] [ 56%] [32mBuilding C object CMakeFiles/canopen_interfaces__rosidl_typesupport_introspection_c.dir/rosidl_typesupport_introspection_c/canopen_interfaces/msg/detail/can_write__type_support.c.o[0m
[2.815s] [35m[1mConsolidate compiler generated dependencies of target canopen_interfaces__rosidl_typesupport_fastrtps_c[0m
[2.837s] [ 57%] [32mBuilding C object CMakeFiles/canopen_interfaces__rosidl_typesupport_introspection_c.dir/rosidl_typesupport_introspection_c/canopen_interfaces/msg/detail/can_subscription__type_support.c.o[0m
[2.840s] [ 59%] [32mBuilding CXX object CMakeFiles/canopen_interfaces__rosidl_typesupport_fastrtps_c.dir/rosidl_typesupport_fastrtps_c/canopen_interfaces/msg/detail/can_write__type_support_c.cpp.o[0m
[2.965s] [ 60%] [32mBuilding C object CMakeFiles/canopen_interfaces__rosidl_typesupport_introspection_c.dir/rosidl_typesupport_introspection_c/canopen_interfaces/srv/detail/can_subscribe__type_support.c.o[0m
[3.072s] [ 61%] [32mBuilding C object CMakeFiles/canopen_interfaces__rosidl_typesupport_introspection_c.dir/rosidl_typesupport_introspection_c/canopen_interfaces/srv/detail/can_periodic_task__type_support.c.o[0m
[3.108s] [ 63%] [32mBuilding CXX object CMakeFiles/canopen_interfaces__rosidl_typesupport_introspection_cpp.dir/rosidl_typesupport_introspection_cpp/canopen_interfaces/srv/detail/can_read__type_support.cpp.o[0m
[3.142s] [ 64%] [32mBuilding CXX object CMakeFiles/canopen_interfaces__rosidl_typesupport_introspection_cpp.dir/rosidl_typesupport_introspection_cpp/canopen_interfaces/srv/detail/can_connection__type_support.cpp.o[0m
[3.155s] [ 66%] [32mBuilding C object CMakeFiles/canopen_interfaces__rosidl_typesupport_introspection_c.dir/rosidl_typesupport_introspection_c/canopen_interfaces/srv/detail/can_read__type_support.c.o[0m
[3.169s] [ 67%] [32mBuilding C object CMakeFiles/canopen_interfaces__rosidl_typesupport_introspection_c.dir/rosidl_typesupport_introspection_c/canopen_interfaces/srv/detail/can_connection__type_support.c.o[0m
[3.178s] [ 69%] [32mBuilding CXX object CMakeFiles/canopen_interfaces__rosidl_typesupport_fastrtps_c.dir/rosidl_typesupport_fastrtps_c/canopen_interfaces/msg/detail/can_subscription__type_support_c.cpp.o[0m
[3.180s] [ 70%] [32mBuilding CXX object CMakeFiles/canopen_interfaces__rosidl_typesupport_fastrtps_c.dir/rosidl_typesupport_fastrtps_c/canopen_interfaces/srv/detail/can_subscribe__type_support_c.cpp.o[0m
[3.206s] [ 71%] [32mBuilding CXX object CMakeFiles/canopen_interfaces__rosidl_typesupport_fastrtps_c.dir/rosidl_typesupport_fastrtps_c/canopen_interfaces/srv/detail/can_periodic_task__type_support_c.cpp.o[0m
[3.224s] [ 73%] [32mBuilding CXX object CMakeFiles/canopen_interfaces__rosidl_typesupport_fastrtps_c.dir/rosidl_typesupport_fastrtps_c/canopen_interfaces/srv/detail/can_read__type_support_c.cpp.o[0m
[3.228s] [ 74%] [32mBuilding CXX object CMakeFiles/canopen_interfaces__rosidl_typesupport_fastrtps_c.dir/rosidl_typesupport_fastrtps_c/canopen_interfaces/srv/detail/can_connection__type_support_c.cpp.o[0m
[3.235s] [ 76%] [32m[1mLinking C shared library libcanopen_interfaces__rosidl_typesupport_introspection_c.so[0m
[3.260s] [ 77%] [32m[1mLinking CXX shared library libcanopen_interfaces__rosidl_typesupport_fastrtps_cpp.so[0m
[3.275s] [ 77%] Built target canopen_interfaces__rosidl_typesupport_introspection_c
[3.370s] [ 77%] Built target canopen_interfaces__rosidl_typesupport_fastrtps_cpp
[3.681s] [ 78%] [32m[1mLinking CXX shared library libcanopen_interfaces__rosidl_typesupport_fastrtps_c.so[0m
[3.683s] [ 80%] [32m[1mLinking CXX shared library libcanopen_interfaces__rosidl_typesupport_introspection_cpp.so[0m
[3.743s] [ 80%] Built target canopen_interfaces__rosidl_typesupport_fastrtps_c
[3.747s] [ 80%] Built target canopen_interfaces__rosidl_typesupport_introspection_cpp
[3.761s] [ 80%] Built target canopen_interfaces
[3.776s] [ 81%] [34m[1mGenerating Python code for ROS interfaces[0m
[4.618s] [ 81%] Built target canopen_interfaces__py
[4.626s] [35m[1mConsolidate compiler generated dependencies of target canopen_interfaces__rosidl_generator_py[0m
[4.641s] [ 84%] [32mBuilding C object CMakeFiles/canopen_interfaces__rosidl_generator_py.dir/rosidl_generator_py/canopen_interfaces/msg/_can_write_s.c.o[0m
[4.641s] [ 84%] [32mBuilding C object CMakeFiles/canopen_interfaces__rosidl_generator_py.dir/rosidl_generator_py/canopen_interfaces/srv/_can_subscribe_s.c.o[0m
[4.641s] [ 85%] [32mBuilding C object CMakeFiles/canopen_interfaces__rosidl_generator_py.dir/rosidl_generator_py/canopen_interfaces/msg/_can_subscription_s.c.o[0m
[4.642s] [ 87%] [32mBuilding C object CMakeFiles/canopen_interfaces__rosidl_generator_py.dir/rosidl_generator_py/canopen_interfaces/srv/_can_connection_s.c.o[0m
[4.642s] [ 88%] [32mBuilding C object CMakeFiles/canopen_interfaces__rosidl_generator_py.dir/rosidl_generator_py/canopen_interfaces/srv/_can_periodic_task_s.c.o[0m
[4.646s] [ 90%] [32mBuilding C object CMakeFiles/canopen_interfaces__rosidl_generator_py.dir/rosidl_generator_py/canopen_interfaces/srv/_can_read_s.c.o[0m
[4.800s] [ 91%] [32m[1mLinking C shared library rosidl_generator_py/canopen_interfaces/libcanopen_interfaces__rosidl_generator_py.so[0m
[4.832s] [ 91%] Built target canopen_interfaces__rosidl_generator_py
[4.840s] [35m[1mConsolidate compiler generated dependencies of target canopen_interfaces__rosidl_typesupport_fastrtps_c__pyext[0m
[4.840s] [35m[1mConsolidate compiler generated dependencies of target canopen_interfaces__rosidl_typesupport_c__pyext[0m
[4.840s] [35m[1mConsolidate compiler generated dependencies of target canopen_interfaces__rosidl_typesupport_introspection_c__pyext[0m
[4.850s] [ 95%] [32mBuilding C object CMakeFiles/canopen_interfaces__rosidl_typesupport_c__pyext.dir/rosidl_generator_py/canopen_interfaces/_canopen_interfaces_s.ep.rosidl_typesupport_c.c.o[0m
[4.850s] [ 95%] [32mBuilding C object CMakeFiles/canopen_interfaces__rosidl_typesupport_fastrtps_c__pyext.dir/rosidl_generator_py/canopen_interfaces/_canopen_interfaces_s.ep.rosidl_typesupport_fastrtps_c.c.o[0m
[4.850s] [ 95%] [32mBuilding C object CMakeFiles/canopen_interfaces__rosidl_typesupport_introspection_c__pyext.dir/rosidl_generator_py/canopen_interfaces/_canopen_interfaces_s.ep.rosidl_typesupport_introspection_c.c.o[0m
[4.969s] [100%] [32m[1mLinking C shared library rosidl_generator_py/canopen_interfaces/canopen_interfaces_s__rosidl_typesupport_c.cpython-310-x86_64-linux-gnu.so[0m
[4.969s] [100%] [32m[1mLinking C shared library rosidl_generator_py/canopen_interfaces/canopen_interfaces_s__rosidl_typesupport_introspection_c.cpython-310-x86_64-linux-gnu.so[0m
[4.969s] [100%] [32m[1mLinking C shared library rosidl_generator_py/canopen_interfaces/canopen_interfaces_s__rosidl_typesupport_fastrtps_c.cpython-310-x86_64-linux-gnu.so[0m
[5.000s] [100%] Built target canopen_interfaces__rosidl_typesupport_fastrtps_c__pyext
[5.000s] [100%] Built target canopen_interfaces__rosidl_typesupport_c__pyext
[5.000s] [100%] Built target canopen_interfaces__rosidl_typesupport_introspection_c__pyext
[5.009s] Invoked command in '/home/roburoc/PycharmProjects/P9-RobuROC4/build/canopen_interfaces' returned '0': CMAKE_PREFIX_PATH=${CMAKE_PREFIX_PATH}:/opt/ros/humble /usr/bin/cmake --build /home/roburoc/PycharmProjects/P9-RobuROC4/build/canopen_interfaces -- -j12 -l12
[5.107s] Invoking command in '/home/roburoc/PycharmProjects/P9-RobuROC4/build/canopen_interfaces': CMAKE_PREFIX_PATH=${CMAKE_PREFIX_PATH}:/opt/ros/humble /usr/bin/cmake --install /home/roburoc/PycharmProjects/P9-RobuROC4/build/canopen_interfaces
[5.113s] -- Install configuration: ""
[5.113s] -- Up-to-date: /home/roburoc/PycharmProjects/P9-RobuROC4/install/canopen_interfaces/share/ament_index/resource_index/rosidl_interfaces/canopen_interfaces
[5.113s] -- Up-to-date: /home/roburoc/PycharmProjects/P9-RobuROC4/install/canopen_interfaces/include/canopen_interfaces/canopen_interfaces
[5.113s] -- Up-to-date: /home/roburoc/PycharmProjects/P9-RobuROC4/install/canopen_interfaces/include/canopen_interfaces/canopen_interfaces/srv
[5.113s] -- Installing: /home/roburoc/PycharmProjects/P9-RobuROC4/install/canopen_interfaces/include/canopen_interfaces/canopen_interfaces/srv/can_subscribe.h
[5.113s] -- Installing: /home/roburoc/PycharmProjects/P9-RobuROC4/install/canopen_interfaces/include/canopen_interfaces/canopen_interfaces/srv/can_connection.h
[5.113s] -- Up-to-date: /home/roburoc/PycharmProjects/P9-RobuROC4/install/canopen_interfaces/include/canopen_interfaces/canopen_interfaces/srv/detail
[5.113s] -- Installing: /home/roburoc/PycharmProjects/P9-RobuROC4/install/canopen_interfaces/include/canopen_interfaces/canopen_interfaces/srv/detail/can_subscribe__functions.c
[5.114s] -- Installing: /home/roburoc/PycharmProjects/P9-RobuROC4/install/canopen_interfaces/include/canopen_interfaces/canopen_interfaces/srv/detail/can_subscribe__type_support.h
[5.114s] -- Installing: /home/roburoc/PycharmProjects/P9-RobuROC4/install/canopen_interfaces/include/canopen_interfaces/canopen_interfaces/srv/detail/can_read__struct.h
[5.114s] -- Installing: /home/roburoc/PycharmProjects/P9-RobuROC4/install/canopen_interfaces/include/canopen_interfaces/canopen_interfaces/srv/detail/can_connection__functions.c
[5.114s] -- Installing: /home/roburoc/PycharmProjects/P9-RobuROC4/install/canopen_interfaces/include/canopen_interfaces/canopen_interfaces/srv/detail/can_read__type_support.h
[5.114s] -- Installing: /home/roburoc/PycharmProjects/P9-RobuROC4/install/canopen_interfaces/include/canopen_interfaces/canopen_interfaces/srv/detail/can_periodic_task__functions.c
[5.114s] -- Installing: /home/roburoc/PycharmProjects/P9-RobuROC4/install/canopen_interfaces/include/canopen_interfaces/canopen_interfaces/srv/detail/can_read__functions.h
[5.114s] -- Installing: /home/roburoc/PycharmProjects/P9-RobuROC4/install/canopen_interfaces/include/canopen_interfaces/canopen_interfaces/srv/detail/can_read__functions.c
[5.114s] -- Installing: /home/roburoc/PycharmProjects/P9-RobuROC4/install/canopen_interfaces/include/canopen_interfaces/canopen_interfaces/srv/detail/can_connection__struct.h
[5.114s] -- Installing: /home/roburoc/PycharmProjects/P9-RobuROC4/install/canopen_interfaces/include/canopen_interfaces/canopen_interfaces/srv/detail/can_subscribe__functions.h
[5.114s] -- Installing: /home/roburoc/PycharmProjects/P9-RobuROC4/install/canopen_interfaces/include/canopen_interfaces/canopen_interfaces/srv/detail/can_subscribe__struct.h
[5.115s] -- Installing: /home/roburoc/PycharmProjects/P9-RobuROC4/install/canopen_interfaces/include/canopen_interfaces/canopen_interfaces/srv/detail/can_connection__functions.h
[5.115s] -- Installing: /home/roburoc/PycharmProjects/P9-RobuROC4/install/canopen_interfaces/include/canopen_interfaces/canopen_interfaces/srv/detail/can_connection__type_support.h
[5.115s] -- Installing: /home/roburoc/PycharmProjects/P9-RobuROC4/install/canopen_interfaces/include/canopen_interfaces/canopen_interfaces/srv/detail/can_periodic_task__functions.h
[5.115s] -- Installing: /home/roburoc/PycharmProjects/P9-RobuROC4/install/canopen_interfaces/include/canopen_interfaces/canopen_interfaces/srv/detail/can_periodic_task__type_support.h
[5.115s] -- Installing: /home/roburoc/PycharmProjects/P9-RobuROC4/install/canopen_interfaces/include/canopen_interfaces/canopen_interfaces/srv/detail/can_periodic_task__struct.h
[5.115s] -- Installing: /home/roburoc/PycharmProjects/P9-RobuROC4/install/canopen_interfaces/include/canopen_interfaces/canopen_interfaces/srv/can_read.h
[5.115s] -- Installing: /home/roburoc/PycharmProjects/P9-RobuROC4/install/canopen_interfaces/include/canopen_interfaces/canopen_interfaces/srv/can_periodic_task.h
[5.115s] -- Up-to-date: /home/roburoc/PycharmProjects/P9-RobuROC4/install/canopen_interfaces/include/canopen_interfaces/canopen_interfaces/msg
[5.115s] -- Installing: /home/roburoc/PycharmProjects/P9-RobuROC4/install/canopen_interfaces/include/canopen_interfaces/canopen_interfaces/msg/can_subscription.h
[5.115s] -- Up-to-date: /home/roburoc/PycharmProjects/P9-RobuROC4/install/canopen_interfaces/include/canopen_interfaces/canopen_interfaces/msg/detail
[5.115s] -- Installing: /home/roburoc/PycharmProjects/P9-RobuROC4/install/canopen_interfaces/include/canopen_interfaces/canopen_interfaces/msg/detail/can_write__functions.h
[5.116s] -- Installing: /home/roburoc/PycharmProjects/P9-RobuROC4/install/canopen_interfaces/include/canopen_interfaces/canopen_interfaces/msg/detail/can_write__struct.h
[5.116s] -- Installing: /home/roburoc/PycharmProjects/P9-RobuROC4/install/canopen_interfaces/include/canopen_interfaces/canopen_interfaces/msg/detail/can_subscription__type_support.h
[5.116s] -- Installing: /home/roburoc/PycharmProjects/P9-RobuROC4/install/canopen_interfaces/include/canopen_interfaces/canopen_interfaces/msg/detail/can_write__functions.c
[5.116s] -- Installing: /home/roburoc/PycharmProjects/P9-RobuROC4/install/canopen_interfaces/include/canopen_interfaces/canopen_interfaces/msg/detail/can_subscription__struct.h
[5.116s] -- Installing: /home/roburoc/PycharmProjects/P9-RobuROC4/install/canopen_interfaces/include/canopen_interfaces/canopen_interfaces/msg/detail/can_subscription__functions.h
[5.116s] -- Installing: /home/roburoc/PycharmProjects/P9-RobuROC4/install/canopen_interfaces/include/canopen_interfaces/canopen_interfaces/msg/detail/can_subscription__functions.c
[5.116s] -- Installing: /home/roburoc/PycharmProjects/P9-RobuROC4/install/canopen_interfaces/include/canopen_interfaces/canopen_interfaces/msg/detail/can_write__type_support.h
[5.116s] -- Up-to-date: /home/roburoc/PycharmProjects/P9-RobuROC4/install/canopen_interfaces/include/canopen_interfaces/canopen_interfaces/msg/rosidl_generator_c__visibility_control.h
[5.116s] -- Installing: /home/roburoc/PycharmProjects/P9-RobuROC4/install/canopen_interfaces/include/canopen_interfaces/canopen_interfaces/msg/can_write.h
[5.116s] -- Up-to-date: /home/roburoc/PycharmProjects/P9-RobuROC4/install/canopen_interfaces/share/canopen_interfaces/environment/library_path.sh
[5.116s] -- Installing: /home/roburoc/PycharmProjects/P9-RobuROC4/install/canopen_interfaces/share/canopen_interfaces/environment/library_path.dsv
[5.117s] -- Installing: /home/roburoc/PycharmProjects/P9-RobuROC4/install/canopen_interfaces/lib/libcanopen_interfaces__rosidl_generator_c.so
[5.117s] -- Set runtime path of "/home/roburoc/PycharmProjects/P9-RobuROC4/install/canopen_interfaces/lib/libcanopen_interfaces__rosidl_generator_c.so" to ""
[5.117s] -- Up-to-date: /home/roburoc/PycharmProjects/P9-RobuROC4/install/canopen_interfaces/include/canopen_interfaces/canopen_interfaces
[5.117s] -- Up-to-date: /home/roburoc/PycharmProjects/P9-RobuROC4/install/canopen_interfaces/include/canopen_interfaces/canopen_interfaces/srv
[5.117s] -- Up-to-date: /home/roburoc/PycharmProjects/P9-RobuROC4/install/canopen_interfaces/include/canopen_interfaces/canopen_interfaces/srv/detail
[5.117s] -- Installing: /home/roburoc/PycharmProjects/P9-RobuROC4/install/canopen_interfaces/include/canopen_interfaces/canopen_interfaces/srv/detail/can_periodic_task__rosidl_typesupport_fastrtps_c.h
[5.117s] -- Installing: /home/roburoc/PycharmProjects/P9-RobuROC4/install/canopen_interfaces/include/canopen_interfaces/canopen_interfaces/srv/detail/can_connection__rosidl_typesupport_fastrtps_c.h
[5.117s] -- Installing: /home/roburoc/PycharmProjects/P9-RobuROC4/install/canopen_interfaces/include/canopen_interfaces/canopen_interfaces/srv/detail/can_subscribe__rosidl_typesupport_fastrtps_c.h
[5.117s] -- Installing: /home/roburoc/PycharmProjects/P9-RobuROC4/install/canopen_interfaces/include/canopen_interfaces/canopen_interfaces/srv/detail/can_read__rosidl_typesupport_fastrtps_c.h
[5.117s] -- Up-to-date: /home/roburoc/PycharmProjects/P9-RobuROC4/install/canopen_interfaces/include/canopen_interfaces/canopen_interfaces/msg
[5.117s] -- Up-to-date: /home/roburoc/PycharmProjects/P9-RobuROC4/install/canopen_interfaces/include/canopen_interfaces/canopen_interfaces/msg/rosidl_typesupport_fastrtps_c__visibility_control.h
[5.118s] -- Up-to-date: /home/roburoc/PycharmProjects/P9-RobuROC4/install/canopen_interfaces/include/canopen_interfaces/canopen_interfaces/msg/detail
[5.118s] -- Installing: /home/roburoc/PycharmProjects/P9-RobuROC4/install/canopen_interfaces/include/canopen_interfaces/canopen_interfaces/msg/detail/can_subscription__rosidl_typesupport_fastrtps_c.h
[5.118s] -- Installing: /home/roburoc/PycharmProjects/P9-RobuROC4/install/canopen_interfaces/include/canopen_interfaces/canopen_interfaces/msg/detail/can_write__rosidl_typesupport_fastrtps_c.h
[5.118s] -- Installing: /home/roburoc/PycharmProjects/P9-RobuROC4/install/canopen_interfaces/lib/libcanopen_interfaces__rosidl_typesupport_fastrtps_c.so
[5.118s] -- Set runtime path of "/home/roburoc/PycharmProjects/P9-RobuROC4/install/canopen_interfaces/lib/libcanopen_interfaces__rosidl_typesupport_fastrtps_c.so" to ""
[5.118s] -- Up-to-date: /home/roburoc/PycharmProjects/P9-RobuROC4/install/canopen_interfaces/include/canopen_interfaces/canopen_interfaces
[5.118s] -- Up-to-date: /home/roburoc/PycharmProjects/P9-RobuROC4/install/canopen_interfaces/include/canopen_interfaces/canopen_interfaces/srv
[5.118s] -- Installing: /home/roburoc/PycharmProjects/P9-RobuROC4/install/canopen_interfaces/include/canopen_interfaces/canopen_interfaces/srv/can_connection.hpp
[5.118s] -- Installing: /home/roburoc/PycharmProjects/P9-RobuROC4/install/canopen_interfaces/include/canopen_interfaces/canopen_interfaces/srv/can_subscribe.hpp
[5.118s] -- Up-to-date: /home/roburoc/PycharmProjects/P9-RobuROC4/install/canopen_interfaces/include/canopen_interfaces/canopen_interfaces/srv/detail
[5.118s] -- Installing: /home/roburoc/PycharmProjects/P9-RobuROC4/install/canopen_interfaces/include/canopen_interfaces/canopen_interfaces/srv/detail/can_subscribe__builder.hpp
[5.119s] -- Installing: /home/roburoc/PycharmProjects/P9-RobuROC4/install/canopen_interfaces/include/canopen_interfaces/canopen_interfaces/srv/detail/can_periodic_task__struct.hpp
[5.119s] -- Installing: /home/roburoc/PycharmProjects/P9-RobuROC4/install/canopen_interfaces/include/canopen_interfaces/canopen_interfaces/srv/detail/can_subscribe__traits.hpp
[5.119s] -- Installing: /home/roburoc/PycharmProjects/P9-RobuROC4/install/canopen_interfaces/include/canopen_interfaces/canopen_interfaces/srv/detail/can_read__traits.hpp
[5.119s] -- Installing: /home/roburoc/PycharmProjects/P9-RobuROC4/install/canopen_interfaces/include/canopen_interfaces/canopen_interfaces/srv/detail/can_read__struct.hpp
[5.119s] -- Installing: /home/roburoc/PycharmProjects/P9-RobuROC4/install/canopen_interfaces/include/canopen_interfaces/canopen_interfaces/srv/detail/can_connection__struct.hpp
[5.119s] -- Installing: /home/roburoc/PycharmProjects/P9-RobuROC4/install/canopen_interfaces/include/canopen_interfaces/canopen_interfaces/srv/detail/can_read__builder.hpp
[5.119s] -- Installing: /home/roburoc/PycharmProjects/P9-RobuROC4/install/canopen_interfaces/include/canopen_interfaces/canopen_interfaces/srv/detail/can_connection__builder.hpp
[5.119s] -- Installing: /home/roburoc/PycharmProjects/P9-RobuROC4/install/canopen_interfaces/include/canopen_interfaces/canopen_interfaces/srv/detail/can_connection__traits.hpp
[5.119s] -- Installing: /home/roburoc/PycharmProjects/P9-RobuROC4/install/canopen_interfaces/include/canopen_interfaces/canopen_interfaces/srv/detail/can_periodic_task__builder.hpp
[5.119s] -- Installing: /home/roburoc/PycharmProjects/P9-RobuROC4/install/canopen_interfaces/include/canopen_interfaces/canopen_interfaces/srv/detail/can_subscribe__struct.hpp
[5.119s] -- Installing: /home/roburoc/PycharmProjects/P9-RobuROC4/install/canopen_interfaces/include/canopen_interfaces/canopen_interfaces/srv/detail/can_periodic_task__traits.hpp
[5.120s] -- Installing: /home/roburoc/PycharmProjects/P9-RobuROC4/install/canopen_interfaces/include/canopen_interfaces/canopen_interfaces/srv/can_periodic_task.hpp
[5.120s] -- Installing: /home/roburoc/PycharmProjects/P9-RobuROC4/install/canopen_interfaces/include/canopen_interfaces/canopen_interfaces/srv/can_read.hpp
[5.120s] -- Up-to-date: /home/roburoc/PycharmProjects/P9-RobuROC4/install/canopen_interfaces/include/canopen_interfaces/canopen_interfaces/msg
[5.120s] -- Installing: /home/roburoc/PycharmProjects/P9-RobuROC4/install/canopen_interfaces/include/canopen_interfaces/canopen_interfaces/msg/can_write.hpp
[5.120s] -- Installing: /home/roburoc/PycharmProjects/P9-RobuROC4/install/canopen_interfaces/include/canopen_interfaces/canopen_interfaces/msg/can_subscription.hpp
[5.120s] -- Up-to-date: /home/roburoc/PycharmProjects/P9-RobuROC4/install/canopen_interfaces/include/canopen_interfaces/canopen_interfaces/msg/detail
[5.120s] -- Installing: /home/roburoc/PycharmProjects/P9-RobuROC4/install/canopen_interfaces/include/canopen_interfaces/canopen_interfaces/msg/detail/can_subscription__builder.hpp
[5.120s] -- Installing: /home/roburoc/PycharmProjects/P9-RobuROC4/install/canopen_interfaces/include/canopen_interfaces/canopen_interfaces/msg/detail/can_write__builder.hpp
[5.120s] -- Installing: /home/roburoc/PycharmProjects/P9-RobuROC4/install/canopen_interfaces/include/canopen_interfaces/canopen_interfaces/msg/detail/can_subscription__traits.hpp
[5.120s] -- Installing: /home/roburoc/PycharmProjects/P9-RobuROC4/install/canopen_interfaces/include/canopen_interfaces/canopen_interfaces/msg/detail/can_write__traits.hpp
[5.120s] -- Installing: /home/roburoc/PycharmProjects/P9-RobuROC4/install/canopen_interfaces/include/canopen_interfaces/canopen_interfaces/msg/detail/can_subscription__struct.hpp
[5.121s] -- Installing: /home/roburoc/PycharmProjects/P9-RobuROC4/install/canopen_interfaces/include/canopen_interfaces/canopen_interfaces/msg/detail/can_write__struct.hpp
[5.121s] -- Up-to-date: /home/roburoc/PycharmProjects/P9-RobuROC4/install/canopen_interfaces/include/canopen_interfaces/canopen_interfaces
[5.121s] -- Up-to-date: /home/roburoc/PycharmProjects/P9-RobuROC4/install/canopen_interfaces/include/canopen_interfaces/canopen_interfaces/srv
[5.121s] -- Up-to-date: /home/roburoc/PycharmProjects/P9-RobuROC4/install/canopen_interfaces/include/canopen_interfaces/canopen_interfaces/srv/detail
[5.121s] -- Installing: /home/roburoc/PycharmProjects/P9-RobuROC4/install/canopen_interfaces/include/canopen_interfaces/canopen_interfaces/srv/detail/can_read__rosidl_typesupport_fastrtps_cpp.hpp
[5.121s] -- Up-to-date: /home/roburoc/PycharmProjects/P9-RobuROC4/install/canopen_interfaces/include/canopen_interfaces/canopen_interfaces/srv/detail/dds_fastrtps
[5.121s] -- Installing: /home/roburoc/PycharmProjects/P9-RobuROC4/install/canopen_interfaces/include/canopen_interfaces/canopen_interfaces/srv/detail/can_periodic_task__rosidl_typesupport_fastrtps_cpp.hpp
[5.121s] -- Installing: /home/roburoc/PycharmProjects/P9-RobuROC4/install/canopen_interfaces/include/canopen_interfaces/canopen_interfaces/srv/detail/can_subscribe__rosidl_typesupport_fastrtps_cpp.hpp
[5.121s] -- Installing: /home/roburoc/PycharmProjects/P9-RobuROC4/install/canopen_interfaces/include/canopen_interfaces/canopen_interfaces/srv/detail/can_connection__rosidl_typesupport_fastrtps_cpp.hpp
[5.122s] -- Up-to-date: /home/roburoc/PycharmProjects/P9-RobuROC4/install/canopen_interfaces/include/canopen_interfaces/canopen_interfaces/msg
[5.122s] -- Up-to-date: /home/roburoc/PycharmProjects/P9-RobuROC4/install/canopen_interfaces/include/canopen_interfaces/canopen_interfaces/msg/rosidl_typesupport_fastrtps_cpp__visibility_control.h
[5.122s] -- Up-to-date: /home/roburoc/PycharmProjects/P9-RobuROC4/install/canopen_interfaces/include/canopen_interfaces/canopen_interfaces/msg/detail
[5.122s] -- Up-to-date: /home/roburoc/PycharmProjects/P9-RobuROC4/install/canopen_interfaces/include/canopen_interfaces/canopen_interfaces/msg/detail/dds_fastrtps
[5.122s] -- Installing: /home/roburoc/PycharmProjects/P9-RobuROC4/install/canopen_interfaces/include/canopen_interfaces/canopen_interfaces/msg/detail/can_subscription__rosidl_typesupport_fastrtps_cpp.hpp
[5.122s] -- Installing: /home/roburoc/PycharmProjects/P9-RobuROC4/install/canopen_interfaces/include/canopen_interfaces/canopen_interfaces/msg/detail/can_write__rosidl_typesupport_fastrtps_cpp.hpp
[5.122s] -- Installing: /home/roburoc/PycharmProjects/P9-RobuROC4/install/canopen_interfaces/lib/libcanopen_interfaces__rosidl_typesupport_fastrtps_cpp.so
[5.122s] -- Set runtime path of "/home/roburoc/PycharmProjects/P9-RobuROC4/install/canopen_interfaces/lib/libcanopen_interfaces__rosidl_typesupport_fastrtps_cpp.so" to ""
[5.122s] -- Up-to-date: /home/roburoc/PycharmProjects/P9-RobuROC4/install/canopen_interfaces/include/canopen_interfaces/canopen_interfaces
[5.122s] -- Up-to-date: /home/roburoc/PycharmProjects/P9-RobuROC4/install/canopen_interfaces/include/canopen_interfaces/canopen_interfaces/srv
[5.122s] -- Up-to-date: /home/roburoc/PycharmProjects/P9-RobuROC4/install/canopen_interfaces/include/canopen_interfaces/canopen_interfaces/srv/detail
[5.123s] -- Installing: /home/roburoc/PycharmProjects/P9-RobuROC4/install/canopen_interfaces/include/canopen_interfaces/canopen_interfaces/srv/detail/can_connection__rosidl_typesupport_introspection_c.h
[5.123s] -- Installing: /home/roburoc/PycharmProjects/P9-RobuROC4/install/canopen_interfaces/include/canopen_interfaces/canopen_interfaces/srv/detail/can_subscribe__rosidl_typesupport_introspection_c.h
[5.123s] -- Installing: /home/roburoc/PycharmProjects/P9-RobuROC4/install/canopen_interfaces/include/canopen_interfaces/canopen_interfaces/srv/detail/can_periodic_task__rosidl_typesupport_introspection_c.h
[5.123s] -- Installing: /home/roburoc/PycharmProjects/P9-RobuROC4/install/canopen_interfaces/include/canopen_interfaces/canopen_interfaces/srv/detail/can_connection__type_support.c
[5.123s] -- Installing: /home/roburoc/PycharmProjects/P9-RobuROC4/install/canopen_interfaces/include/canopen_interfaces/canopen_interfaces/srv/detail/can_read__type_support.c
[5.123s] -- Installing: /home/roburoc/PycharmProjects/P9-RobuROC4/install/canopen_interfaces/include/canopen_interfaces/canopen_interfaces/srv/detail/can_read__rosidl_typesupport_introspection_c.h
[5.123s] -- Installing: /home/roburoc/PycharmProjects/P9-RobuROC4/install/canopen_interfaces/include/canopen_interfaces/canopen_interfaces/srv/detail/can_subscribe__type_support.c
[5.123s] -- Installing: /home/roburoc/PycharmProjects/P9-RobuROC4/install/canopen_interfaces/include/canopen_interfaces/canopen_interfaces/srv/detail/can_periodic_task__type_support.c
[5.123s] -- Up-to-date: /home/roburoc/PycharmProjects/P9-RobuROC4/install/canopen_interfaces/include/canopen_interfaces/canopen_interfaces/msg
[5.123s] -- Up-to-date: /home/roburoc/PycharmProjects/P9-RobuROC4/install/canopen_interfaces/include/canopen_interfaces/canopen_interfaces/msg/rosidl_typesupport_introspection_c__visibility_control.h
[5.123s] -- Up-to-date: /home/roburoc/PycharmProjects/P9-RobuROC4/install/canopen_interfaces/include/canopen_interfaces/canopen_interfaces/msg/detail
[5.124s] -- Installing: /home/roburoc/PycharmProjects/P9-RobuROC4/install/canopen_interfaces/include/canopen_interfaces/canopen_interfaces/msg/detail/can_write__type_support.c
[5.124s] -- Installing: /home/roburoc/PycharmProjects/P9-RobuROC4/install/canopen_interfaces/include/canopen_interfaces/canopen_interfaces/msg/detail/can_subscription__rosidl_typesupport_introspection_c.h
[5.124s] -- Installing: /home/roburoc/PycharmProjects/P9-RobuROC4/install/canopen_interfaces/include/canopen_interfaces/canopen_interfaces/msg/detail/can_write__rosidl_typesupport_introspection_c.h
[5.124s] -- Installing: /home/roburoc/PycharmProjects/P9-RobuROC4/install/canopen_interfaces/include/canopen_interfaces/canopen_interfaces/msg/detail/can_subscription__type_support.c
[5.124s] -- Installing: /home/roburoc/PycharmProjects/P9-RobuROC4/install/canopen_interfaces/lib/libcanopen_interfaces__rosidl_typesupport_introspection_c.so
[5.124s] -- Set runtime path of "/home/roburoc/PycharmProjects/P9-RobuROC4/install/canopen_interfaces/lib/libcanopen_interfaces__rosidl_typesupport_introspection_c.so" to ""
[5.124s] -- Installing: /home/roburoc/PycharmProjects/P9-RobuROC4/install/canopen_interfaces/lib/libcanopen_interfaces__rosidl_typesupport_c.so
[5.124s] -- Set runtime path of "/home/roburoc/PycharmProjects/P9-RobuROC4/install/canopen_interfaces/lib/libcanopen_interfaces__rosidl_typesupport_c.so" to ""
[5.124s] -- Up-to-date: /home/roburoc/PycharmProjects/P9-RobuROC4/install/canopen_interfaces/include/canopen_interfaces/canopen_interfaces
[5.125s] -- Up-to-date: /home/roburoc/PycharmProjects/P9-RobuROC4/install/canopen_interfaces/include/canopen_interfaces/canopen_interfaces/srv
[5.125s] -- Up-to-date: /home/roburoc/PycharmProjects/P9-RobuROC4/install/canopen_interfaces/include/canopen_interfaces/canopen_interfaces/srv/detail
[5.125s] -- Installing: /home/roburoc/PycharmProjects/P9-RobuROC4/install/canopen_interfaces/include/canopen_interfaces/canopen_interfaces/srv/detail/can_periodic_task__type_support.cpp
[5.125s] -- Installing: /home/roburoc/PycharmProjects/P9-RobuROC4/install/canopen_interfaces/include/canopen_interfaces/canopen_interfaces/srv/detail/can_subscribe__type_support.cpp
[5.125s] -- Installing: /home/roburoc/PycharmProjects/P9-RobuROC4/install/canopen_interfaces/include/canopen_interfaces/canopen_interfaces/srv/detail/can_connection__rosidl_typesupport_introspection_cpp.hpp
[5.125s] -- Installing: /home/roburoc/PycharmProjects/P9-RobuROC4/install/canopen_interfaces/include/canopen_interfaces/canopen_interfaces/srv/detail/can_periodic_task__rosidl_typesupport_introspection_cpp.hpp
[5.125s] -- Installing: /home/roburoc/PycharmProjects/P9-RobuROC4/install/canopen_interfaces/include/canopen_interfaces/canopen_interfaces/srv/detail/can_subscribe__rosidl_typesupport_introspection_cpp.hpp
[5.125s] -- Installing: /home/roburoc/PycharmProjects/P9-RobuROC4/install/canopen_interfaces/include/canopen_interfaces/canopen_interfaces/srv/detail/can_connection__type_support.cpp
[5.125s] -- Installing: /home/roburoc/PycharmProjects/P9-RobuROC4/install/canopen_interfaces/include/canopen_interfaces/canopen_interfaces/srv/detail/can_read__rosidl_typesupport_introspection_cpp.hpp
[5.125s] -- Installing: /home/roburoc/PycharmProjects/P9-RobuROC4/install/canopen_interfaces/include/canopen_interfaces/canopen_interfaces/srv/detail/can_read__type_support.cpp
[5.125s] -- Up-to-date: /home/roburoc/PycharmProjects/P9-RobuROC4/install/canopen_interfaces/include/canopen_interfaces/canopen_interfaces/msg
[5.125s] -- Up-to-date: /home/roburoc/PycharmProjects/P9-RobuROC4/install/canopen_interfaces/include/canopen_interfaces/canopen_interfaces/msg/detail
[5.126s] -- Installing: /home/roburoc/PycharmProjects/P9-RobuROC4/install/canopen_interfaces/include/canopen_interfaces/canopen_interfaces/msg/detail/can_write__type_support.cpp
[5.126s] -- Installing: /home/roburoc/PycharmProjects/P9-RobuROC4/install/canopen_interfaces/include/canopen_interfaces/canopen_interfaces/msg/detail/can_subscription__type_support.cpp
[5.126s] -- Installing: /home/roburoc/PycharmProjects/P9-RobuROC4/install/canopen_interfaces/include/canopen_interfaces/canopen_interfaces/msg/detail/can_subscription__rosidl_typesupport_introspection_cpp.hpp
[5.126s] -- Installing: /home/roburoc/PycharmProjects/P9-RobuROC4/install/canopen_interfaces/include/canopen_interfaces/canopen_interfaces/msg/detail/can_write__rosidl_typesupport_introspection_cpp.hpp
[5.126s] -- Installing: /home/roburoc/PycharmProjects/P9-RobuROC4/install/canopen_interfaces/lib/libcanopen_interfaces__rosidl_typesupport_introspection_cpp.so
[5.126s] -- Set runtime path of "/home/roburoc/PycharmProjects/P9-RobuROC4/install/canopen_interfaces/lib/libcanopen_interfaces__rosidl_typesupport_introspection_cpp.so" to ""
[5.126s] -- Installing: /home/roburoc/PycharmProjects/P9-RobuROC4/install/canopen_interfaces/lib/libcanopen_interfaces__rosidl_typesupport_cpp.so
[5.127s] -- Set runtime path of "/home/roburoc/PycharmProjects/P9-RobuROC4/install/canopen_interfaces/lib/libcanopen_interfaces__rosidl_typesupport_cpp.so" to ""
[5.127s] -- Up-to-date: /home/roburoc/PycharmProjects/P9-RobuROC4/install/canopen_interfaces/share/canopen_interfaces/environment/pythonpath.sh
[5.127s] -- Installing: /home/roburoc/PycharmProjects/P9-RobuROC4/install/canopen_interfaces/share/canopen_interfaces/environment/pythonpath.dsv
[5.127s] -- Up-to-date: /home/roburoc/PycharmProjects/P9-RobuROC4/install/canopen_interfaces/local/lib/python3.10/dist-packages/canopen_interfaces-0.0.0-py3.10.egg-info
[5.127s] -- Installing: /home/roburoc/PycharmProjects/P9-RobuROC4/install/canopen_interfaces/local/lib/python3.10/dist-packages/canopen_interfaces-0.0.0-py3.10.egg-info/SOURCES.txt
[5.127s] -- Installing: /home/roburoc/PycharmProjects/P9-RobuROC4/install/canopen_interfaces/local/lib/python3.10/dist-packages/canopen_interfaces-0.0.0-py3.10.egg-info/dependency_links.txt
[5.127s] -- Installing: /home/roburoc/PycharmProjects/P9-RobuROC4/install/canopen_interfaces/local/lib/python3.10/dist-packages/canopen_interfaces-0.0.0-py3.10.egg-info/top_level.txt
[5.127s] -- Installing: /home/roburoc/PycharmProjects/P9-RobuROC4/install/canopen_interfaces/local/lib/python3.10/dist-packages/canopen_interfaces-0.0.0-py3.10.egg-info/PKG-INFO
[5.127s] -- Up-to-date: /home/roburoc/PycharmProjects/P9-RobuROC4/install/canopen_interfaces/local/lib/python3.10/dist-packages/canopen_interfaces
[5.127s] -- Installing: /home/roburoc/PycharmProjects/P9-RobuROC4/install/canopen_interfaces/local/lib/python3.10/dist-packages/canopen_interfaces/_canopen_interfaces_s.ep.rosidl_typesupport_fastrtps_c.c
[5.127s] -- Installing: /home/roburoc/PycharmProjects/P9-RobuROC4/install/canopen_interfaces/local/lib/python3.10/dist-packages/canopen_interfaces/libcanopen_interfaces__rosidl_generator_py.so
[5.128s] -- Installing: /home/roburoc/PycharmProjects/P9-RobuROC4/install/canopen_interfaces/local/lib/python3.10/dist-packages/canopen_interfaces/_canopen_interfaces_s.ep.rosidl_typesupport_introspection_c.c
[5.128s] -- Up-to-date: /home/roburoc/PycharmProjects/P9-RobuROC4/install/canopen_interfaces/local/lib/python3.10/dist-packages/canopen_interfaces/srv
[5.128s] -- Installing: /home/roburoc/PycharmProjects/P9-RobuROC4/install/canopen_interfaces/local/lib/python3.10/dist-packages/canopen_interfaces/srv/_can_subscribe_s.c
[5.128s] -- Installing: /home/roburoc/PycharmProjects/P9-RobuROC4/install/canopen_interfaces/local/lib/python3.10/dist-packages/canopen_interfaces/srv/_can_connection.py
[5.128s] -- Installing: /home/roburoc/PycharmProjects/P9-RobuROC4/install/canopen_interfaces/local/lib/python3.10/dist-packages/canopen_interfaces/srv/_can_subscribe.py
[5.128s] -- Installing: /home/roburoc/PycharmProjects/P9-RobuROC4/install/canopen_interfaces/local/lib/python3.10/dist-packages/canopen_interfaces/srv/_can_read_s.c
[5.128s] -- Installing: /home/roburoc/PycharmProjects/P9-RobuROC4/install/canopen_interfaces/local/lib/python3.10/dist-packages/canopen_interfaces/srv/_can_read.py
[5.128s] -- Installing: /home/roburoc/PycharmProjects/P9-RobuROC4/install/canopen_interfaces/local/lib/python3.10/dist-packages/canopen_interfaces/srv/_can_connection_s.c
[5.128s] -- Installing: /home/roburoc/PycharmProjects/P9-RobuROC4/install/canopen_interfaces/local/lib/python3.10/dist-packages/canopen_interfaces/srv/__init__.py
[5.128s] -- Installing: /home/roburoc/PycharmProjects/P9-RobuROC4/install/canopen_interfaces/local/lib/python3.10/dist-packages/canopen_interfaces/srv/_can_periodic_task.py
[5.129s] -- Installing: /home/roburoc/PycharmProjects/P9-RobuROC4/install/canopen_interfaces/local/lib/python3.10/dist-packages/canopen_interfaces/srv/_can_periodic_task_s.c
[5.129s] -- Installing: /home/roburoc/PycharmProjects/P9-RobuROC4/install/canopen_interfaces/local/lib/python3.10/dist-packages/canopen_interfaces/canopen_interfaces_s__rosidl_typesupport_c.cpython-310-x86_64-linux-gnu.so
[5.129s] -- Installing: /home/roburoc/PycharmProjects/P9-RobuROC4/install/canopen_interfaces/local/lib/python3.10/dist-packages/canopen_interfaces/_canopen_interfaces_s.ep.rosidl_typesupport_c.c
[5.129s] -- Up-to-date: /home/roburoc/PycharmProjects/P9-RobuROC4/install/canopen_interfaces/local/lib/python3.10/dist-packages/canopen_interfaces/msg
[5.129s] -- Installing: /home/roburoc/PycharmProjects/P9-RobuROC4/install/canopen_interfaces/local/lib/python3.10/dist-packages/canopen_interfaces/msg/_can_subscription.py
[5.129s] -- Installing: /home/roburoc/PycharmProjects/P9-RobuROC4/install/canopen_interfaces/local/lib/python3.10/dist-packages/canopen_interfaces/msg/_can_write_s.c
[5.129s] -- Installing: /home/roburoc/PycharmProjects/P9-RobuROC4/install/canopen_interfaces/local/lib/python3.10/dist-packages/canopen_interfaces/msg/__init__.py
[5.129s] -- Installing: /home/roburoc/PycharmProjects/P9-RobuROC4/install/canopen_interfaces/local/lib/python3.10/dist-packages/canopen_interfaces/msg/_can_subscription_s.c
[5.129s] -- Installing: /home/roburoc/PycharmProjects/P9-RobuROC4/install/canopen_interfaces/local/lib/python3.10/dist-packages/canopen_interfaces/msg/_can_write.py
[5.129s] -- Installing: /home/roburoc/PycharmProjects/P9-RobuROC4/install/canopen_interfaces/local/lib/python3.10/dist-packages/canopen_interfaces/canopen_interfaces_s__rosidl_typesupport_introspection_c.cpython-310-x86_64-linux-gnu.so
[5.130s] -- Installing: /home/roburoc/PycharmProjects/P9-RobuROC4/install/canopen_interfaces/local/lib/python3.10/dist-packages/canopen_interfaces/__init__.py
[5.130s] -- Installing: /home/roburoc/PycharmProjects/P9-RobuROC4/install/canopen_interfaces/local/lib/python3.10/dist-packages/canopen_interfaces/canopen_interfaces_s__rosidl_typesupport_fastrtps_c.cpython-310-x86_64-linux-gnu.so
[5.165s] Listing '/home/roburoc/PycharmProjects/P9-RobuROC4/install/canopen_interfaces/local/lib/python3.10/dist-packages/canopen_interfaces'...
[5.165s] Compiling '/home/roburoc/PycharmProjects/P9-RobuROC4/install/canopen_interfaces/local/lib/python3.10/dist-packages/canopen_interfaces/__init__.py'...
[5.165s] Listing '/home/roburoc/PycharmProjects/P9-RobuROC4/install/canopen_interfaces/local/lib/python3.10/dist-packages/canopen_interfaces/msg'...
[5.165s] Compiling '/home/roburoc/PycharmProjects/P9-RobuROC4/install/canopen_interfaces/local/lib/python3.10/dist-packages/canopen_interfaces/msg/__init__.py'...
[5.165s] Compiling '/home/roburoc/PycharmProjects/P9-RobuROC4/install/canopen_interfaces/local/lib/python3.10/dist-packages/canopen_interfaces/msg/_can_subscription.py'...
[5.165s] Compiling '/home/roburoc/PycharmProjects/P9-RobuROC4/install/canopen_interfaces/local/lib/python3.10/dist-packages/canopen_interfaces/msg/_can_write.py'...
[5.165s] Listing '/home/roburoc/PycharmProjects/P9-RobuROC4/install/canopen_interfaces/local/lib/python3.10/dist-packages/canopen_interfaces/srv'...
[5.165s] Compiling '/home/roburoc/PycharmProjects/P9-RobuROC4/install/canopen_interfaces/local/lib/python3.10/dist-packages/canopen_interfaces/srv/__init__.py'...
[5.165s] Compiling '/home/roburoc/PycharmProjects/P9-RobuROC4/install/canopen_interfaces/local/lib/python3.10/dist-packages/canopen_interfaces/srv/_can_connection.py'...
[5.165s] Compiling '/home/roburoc/PycharmProjects/P9-RobuROC4/install/canopen_interfaces/local/lib/python3.10/dist-packages/canopen_interfaces/srv/_can_periodic_task.py'...
[5.165s] Compiling '/home/roburoc/PycharmProjects/P9-RobuROC4/install/canopen_interfaces/local/lib/python3.10/dist-packages/canopen_interfaces/srv/_can_read.py'...
[5.165s] Compiling '/home/roburoc/PycharmProjects/P9-RobuROC4/install/canopen_interfaces/local/lib/python3.10/dist-packages/canopen_interfaces/srv/_can_subscribe.py'...
[5.168s] -- Installing: /home/roburoc/PycharmProjects/P9-RobuROC4/install/canopen_interfaces/local/lib/python3.10/dist-packages/canopen_interfaces/canopen_interfaces_s__rosidl_typesupport_fastrtps_c.cpython-310-x86_64-linux-gnu.so
[5.168s] -- Set runtime path of "/home/roburoc/PycharmProjects/P9-RobuROC4/install/canopen_interfaces/local/lib/python3.10/dist-packages/canopen_interfaces/canopen_interfaces_s__rosidl_typesupport_fastrtps_c.cpython-310-x86_64-linux-gnu.so" to ""
[5.169s] -- Installing: /home/roburoc/PycharmProjects/P9-RobuROC4/install/canopen_interfaces/local/lib/python3.10/dist-packages/canopen_interfaces/canopen_interfaces_s__rosidl_typesupport_introspection_c.cpython-310-x86_64-linux-gnu.so
[5.169s] -- Set runtime path of "/home/roburoc/PycharmProjects/P9-RobuROC4/install/canopen_interfaces/local/lib/python3.10/dist-packages/canopen_interfaces/canopen_interfaces_s__rosidl_typesupport_introspection_c.cpython-310-x86_64-linux-gnu.so" to ""
[5.169s] -- Installing: /home/roburoc/PycharmProjects/P9-RobuROC4/install/canopen_interfaces/local/lib/python3.10/dist-packages/canopen_interfaces/canopen_interfaces_s__rosidl_typesupport_c.cpython-310-x86_64-linux-gnu.so
[5.169s] -- Set runtime path of "/home/roburoc/PycharmProjects/P9-RobuROC4/install/canopen_interfaces/local/lib/python3.10/dist-packages/canopen_interfaces/canopen_interfaces_s__rosidl_typesupport_c.cpython-310-x86_64-linux-gnu.so" to ""
[5.169s] -- Installing: /home/roburoc/PycharmProjects/P9-RobuROC4/install/canopen_interfaces/lib/libcanopen_interfaces__rosidl_generator_py.so
[5.170s] -- Set runtime path of "/home/roburoc/PycharmProjects/P9-RobuROC4/install/canopen_interfaces/lib/libcanopen_interfaces__rosidl_generator_py.so" to ""
[5.170s] -- Installing: /home/roburoc/PycharmProjects/P9-RobuROC4/install/canopen_interfaces/share/canopen_interfaces/msg/CANWrite.idl
[5.170s] -- Up-to-date: /home/roburoc/PycharmProjects/P9-RobuROC4/install/canopen_interfaces/share/canopen_interfaces/msg/CANSubscription.idl
[5.170s] -- Up-to-date: /home/roburoc/PycharmProjects/P9-RobuROC4/install/canopen_interfaces/share/canopen_interfaces/srv/CANSubscribe.idl
[5.170s] -- Up-to-date: /home/roburoc/PycharmProjects/P9-RobuROC4/install/canopen_interfaces/share/canopen_interfaces/srv/CANPeriodicTask.idl
[5.170s] -- Up-to-date: /home/roburoc/PycharmProjects/P9-RobuROC4/install/canopen_interfaces/share/canopen_interfaces/srv/CANRead.idl
[5.170s] -- Up-to-date: /home/roburoc/PycharmProjects/P9-RobuROC4/install/canopen_interfaces/share/canopen_interfaces/srv/CANConnection.idl
[5.170s] -- Installing: /home/roburoc/PycharmProjects/P9-RobuROC4/install/canopen_interfaces/share/canopen_interfaces/msg/CANWrite.msg
[5.170s] -- Up-to-date: /home/roburoc/PycharmProjects/P9-RobuROC4/install/canopen_interfaces/share/canopen_interfaces/msg/CANSubscription.msg
[5.170s] -- Up-to-date: /home/roburoc/PycharmProjects/P9-RobuROC4/install/canopen_interfaces/share/canopen_interfaces/srv/CANSubscribe.srv
[5.170s] -- Up-to-date: /home/roburoc/PycharmProjects/P9-RobuROC4/install/canopen_interfaces/share/canopen_interfaces/srv/CANSubscribe_Request.msg
[5.170s] -- Up-to-date: /home/roburoc/PycharmProjects/P9-RobuROC4/install/canopen_interfaces/share/canopen_interfaces/srv/CANSubscribe_Response.msg
[5.170s] -- Up-to-date: /home/roburoc/PycharmProjects/P9-RobuROC4/install/canopen_interfaces/share/canopen_interfaces/srv/CANPeriodicTask.srv
[5.171s] -- Up-to-date: /home/roburoc/PycharmProjects/P9-RobuROC4/install/canopen_interfaces/share/canopen_interfaces/srv/CANPeriodicTask_Request.msg
[5.171s] -- Up-to-date: /home/roburoc/PycharmProjects/P9-RobuROC4/install/canopen_interfaces/share/canopen_interfaces/srv/CANPeriodicTask_Response.msg
[5.171s] -- Up-to-date: /home/roburoc/PycharmProjects/P9-RobuROC4/install/canopen_interfaces/share/canopen_interfaces/srv/CANRead.srv
[5.171s] -- Up-to-date: /home/roburoc/PycharmProjects/P9-RobuROC4/install/canopen_interfaces/share/canopen_interfaces/srv/CANRead_Request.msg
[5.171s] -- Up-to-date: /home/roburoc/PycharmProjects/P9-RobuROC4/install/canopen_interfaces/share/canopen_interfaces/srv/CANRead_Response.msg
[5.171s] -- Up-to-date: /home/roburoc/PycharmProjects/P9-RobuROC4/install/canopen_interfaces/share/canopen_interfaces/srv/CANConnection.srv
[5.171s] -- Up-to-date: /home/roburoc/PycharmProjects/P9-RobuROC4/install/canopen_interfaces/share/canopen_interfaces/srv/CANConnection_Request.msg
[5.171s] -- Up-to-date: /home/roburoc/PycharmProjects/P9-RobuROC4/install/canopen_interfaces/share/canopen_interfaces/srv/CANConnection_Response.msg
[5.171s] -- Up-to-date: /home/roburoc/PycharmProjects/P9-RobuROC4/install/canopen_interfaces/share/ament_index/resource_index/package_run_dependencies/canopen_interfaces
[5.171s] -- Up-to-date: /home/roburoc/PycharmProjects/P9-RobuROC4/install/canopen_interfaces/share/ament_index/resource_index/parent_prefix_path/canopen_interfaces
[5.171s] -- Up-to-date: /home/roburoc/PycharmProjects/P9-RobuROC4/install/canopen_interfaces/share/canopen_interfaces/environment/ament_prefix_path.sh
[5.171s] -- Installing: /home/roburoc/PycharmProjects/P9-RobuROC4/install/canopen_interfaces/share/canopen_interfaces/environment/ament_prefix_path.dsv
[5.171s] -- Up-to-date: /home/roburoc/PycharmProjects/P9-RobuROC4/install/canopen_interfaces/share/canopen_interfaces/environment/path.sh
[5.171s] -- Installing: /home/roburoc/PycharmProjects/P9-RobuROC4/install/canopen_interfaces/share/canopen_interfaces/environment/path.dsv
[5.171s] -- Up-to-date: /home/roburoc/PycharmProjects/P9-RobuROC4/install/canopen_interfaces/share/canopen_interfaces/local_setup.bash
[5.172s] -- Up-to-date: /home/roburoc/PycharmProjects/P9-RobuROC4/install/canopen_interfaces/share/canopen_interfaces/local_setup.sh
[5.172s] -- Up-to-date: /home/roburoc/PycharmProjects/P9-RobuROC4/install/canopen_interfaces/share/canopen_interfaces/local_setup.zsh
[5.172s] -- Installing: /home/roburoc/PycharmProjects/P9-RobuROC4/install/canopen_interfaces/share/canopen_interfaces/local_setup.dsv
[5.172s] -- Installing: /home/roburoc/PycharmProjects/P9-RobuROC4/install/canopen_interfaces/share/canopen_interfaces/package.dsv
[5.172s] -- Up-to-date: /home/roburoc/PycharmProjects/P9-RobuROC4/install/canopen_interfaces/share/ament_index/resource_index/packages/canopen_interfaces
[5.172s] -- Up-to-date: /home/roburoc/PycharmProjects/P9-RobuROC4/install/canopen_interfaces/share/canopen_interfaces/cmake/export_canopen_interfaces__rosidl_generator_cExport.cmake
[5.172s] -- Up-to-date: /home/roburoc/PycharmProjects/P9-RobuROC4/install/canopen_interfaces/share/canopen_interfaces/cmake/export_canopen_interfaces__rosidl_generator_cExport-noconfig.cmake
[5.172s] -- Up-to-date: /home/roburoc/PycharmProjects/P9-RobuROC4/install/canopen_interfaces/share/canopen_interfaces/cmake/export_canopen_interfaces__rosidl_typesupport_fastrtps_cExport.cmake
[5.172s] -- Up-to-date: /home/roburoc/PycharmProjects/P9-RobuROC4/install/canopen_interfaces/share/canopen_interfaces/cmake/export_canopen_interfaces__rosidl_typesupport_fastrtps_cExport-noconfig.cmake
[5.172s] -- Up-to-date: /home/roburoc/PycharmProjects/P9-RobuROC4/install/canopen_interfaces/share/canopen_interfaces/cmake/export_canopen_interfaces__rosidl_generator_cppExport.cmake
[5.172s] -- Up-to-date: /home/roburoc/PycharmProjects/P9-RobuROC4/install/canopen_interfaces/share/canopen_interfaces/cmake/export_canopen_interfaces__rosidl_typesupport_fastrtps_cppExport.cmake
[5.172s] -- Up-to-date: /home/roburoc/PycharmProjects/P9-RobuROC4/install/canopen_interfaces/share/canopen_interfaces/cmake/export_canopen_interfaces__rosidl_typesupport_fastrtps_cppExport-noconfig.cmake
[5.172s] -- Up-to-date: /home/roburoc/PycharmProjects/P9-RobuROC4/install/canopen_interfaces/share/canopen_interfaces/cmake/canopen_interfaces__rosidl_typesupport_introspection_cExport.cmake
[5.172s] -- Up-to-date: /home/roburoc/PycharmProjects/P9-RobuROC4/install/canopen_interfaces/share/canopen_interfaces/cmake/canopen_interfaces__rosidl_typesupport_introspection_cExport-noconfig.cmake
[5.172s] -- Up-to-date: /home/roburoc/PycharmProjects/P9-RobuROC4/install/canopen_interfaces/share/canopen_interfaces/cmake/canopen_interfaces__rosidl_typesupport_cExport.cmake
[5.173s] -- Up-to-date: /home/roburoc/PycharmProjects/P9-RobuROC4/install/canopen_interfaces/share/canopen_interfaces/cmake/canopen_interfaces__rosidl_typesupport_cExport-noconfig.cmake
[5.173s] -- Up-to-date: /home/roburoc/PycharmProjects/P9-RobuROC4/install/canopen_interfaces/share/canopen_interfaces/cmake/canopen_interfaces__rosidl_typesupport_introspection_cppExport.cmake
[5.173s] -- Up-to-date: /home/roburoc/PycharmProjects/P9-RobuROC4/install/canopen_interfaces/share/canopen_interfaces/cmake/canopen_interfaces__rosidl_typesupport_introspection_cppExport-noconfig.cmake
[5.173s] -- Up-to-date: /home/roburoc/PycharmProjects/P9-RobuROC4/install/canopen_interfaces/share/canopen_interfaces/cmake/canopen_interfaces__rosidl_typesupport_cppExport.cmake
[5.173s] -- Up-to-date: /home/roburoc/PycharmProjects/P9-RobuROC4/install/canopen_interfaces/share/canopen_interfaces/cmake/canopen_interfaces__rosidl_typesupport_cppExport-noconfig.cmake
[5.173s] -- Up-to-date: /home/roburoc/PycharmProjects/P9-RobuROC4/install/canopen_interfaces/share/canopen_interfaces/cmake/export_canopen_interfaces__rosidl_generator_pyExport.cmake
[5.173s] -- Up-to-date: /home/roburoc/PycharmProjects/P9-RobuROC4/install/canopen_interfaces/share/canopen_interfaces/cmake/export_canopen_interfaces__rosidl_generator_pyExport-noconfig.cmake
[5.173s] -- Up-to-date: /home/roburoc/PycharmProjects/P9-RobuROC4/install/canopen_interfaces/share/canopen_interfaces/cmake/rosidl_cmake-extras.cmake
[5.173s] -- Up-to-date: /home/roburoc/PycharmProjects/P9-RobuROC4/install/canopen_interfaces/share/canopen_interfaces/cmake/ament_cmake_export_dependencies-extras.cmake
[5.173s] -- Up-to-date: /home/roburoc/PycharmProjects/P9-RobuROC4/install/canopen_interfaces/share/canopen_interfaces/cmake/ament_cmake_export_include_directories-extras.cmake
[5.173s] -- Up-to-date: /home/roburoc/PycharmProjects/P9-RobuROC4/install/canopen_interfaces/share/canopen_interfaces/cmake/ament_cmake_export_libraries-extras.cmake
[5.173s] -- Up-to-date: /home/roburoc/PycharmProjects/P9-RobuROC4/install/canopen_interfaces/share/canopen_interfaces/cmake/ament_cmake_export_targets-extras.cmake
[5.173s] -- Up-to-date: /home/roburoc/PycharmProjects/P9-RobuROC4/install/canopen_interfaces/share/canopen_interfaces/cmake/rosidl_cmake_export_typesupport_targets-extras.cmake
[5.173s] -- Up-to-date: /home/roburoc/PycharmProjects/P9-RobuROC4/install/canopen_interfaces/share/canopen_interfaces/cmake/rosidl_cmake_export_typesupport_libraries-extras.cmake
[5.173s] -- Up-to-date: /home/roburoc/PycharmProjects/P9-RobuROC4/install/canopen_interfaces/share/canopen_interfaces/cmake/canopen_interfacesConfig.cmake
[5.173s] -- Up-to-date: /home/roburoc/PycharmProjects/P9-RobuROC4/install/canopen_interfaces/share/canopen_interfaces/cmake/canopen_interfacesConfig-version.cmake
[5.173s] -- Up-to-date: /home/roburoc/PycharmProjects/P9-RobuROC4/install/canopen_interfaces/share/canopen_interfaces/package.xml
[5.175s] Invoked command in '/home/roburoc/PycharmProjects/P9-RobuROC4/build/canopen_interfaces' returned '0': CMAKE_PREFIX_PATH=${CMAKE_PREFIX_PATH}:/opt/ros/humble /usr/bin/cmake --install /home/roburoc/PycharmProjects/P9-RobuROC4/build/canopen_interfaces
