[0.006s] Invoking command in '/home/roburoc/PycharmProjects/P9-RobuROC4/build/roburoc_controller': AMENT_PREFIX_PATH=/home/roburoc/PycharmProjects/P9-RobuROC4/install/roburoc_canopen:/home/roburoc/PycharmProjects/P9-RobuROC4/install/canopen_interfaces:${AMENT_PREFIX_PATH} CMAKE_PREFIX_PATH=/home/roburoc/PycharmProjects/P9-RobuROC4/install/roburoc_canopen:/home/roburoc/PycharmProjects/P9-RobuROC4/install/canopen_interfaces:/opt/ros/humble LD_LIBRARY_PATH=/home/roburoc/PycharmProjects/P9-RobuROC4/install/canopen_interfaces/lib:${LD_LIBRARY_PATH} PYTHONPATH=/home/roburoc/PycharmProjects/P9-RobuROC4/install/roburoc_canopen/local/lib/python3.10/dist-packages:/home/roburoc/PycharmProjects/P9-RobuROC4/install/canopen_interfaces/local/lib/python3.10/dist-packages:${PYTHONPATH} /usr/bin/cmake /home/roburoc/PycharmProjects/P9-RobuROC4/src/roburoc_controller -DCMAKE_INSTALL_PREFIX=/home/roburoc/PycharmProjects/P9-RobuROC4/install/roburoc_controller
[0.048s] -- The C compiler identification is GNU 12.3.0
[0.090s] -- The CXX compiler identification is GNU 11.4.0
[0.095s] -- Detecting C compiler ABI info
[0.147s] -- Detecting C compiler ABI info - done
[0.153s] -- Check for working C compiler: /usr/bin/cc - skipped
[0.154s] -- Detecting C compile features
[0.154s] -- Detecting C compile features - done
[0.156s] -- Detecting CXX compiler ABI info
[0.215s] -- Detecting CXX compiler ABI info - done
[0.221s] -- Check for working CXX compiler: /usr/bin/c++ - skipped
[0.222s] -- Detecting CXX compile features
[0.222s] -- Detecting CXX compile features - done
[0.224s] -- Found ament_cmake: 1.3.10 (/opt/ros/humble/share/ament_cmake/cmake)
[0.345s] -- Found Python3: /usr/bin/python3 (found version "3.10.12") found components: Interpreter 
[0.422s] -- Found rclpy: 3.3.14 (/opt/ros/humble/share/rclpy/cmake)
[0.422s] -- Found canopen_interfaces: 0.0.0 (/home/roburoc/PycharmProjects/P9-RobuROC4/install/canopen_interfaces/share/canopen_interfaces/cmake)
[0.457s] -- Found rosidl_generator_c: 3.1.5 (/opt/ros/humble/share/rosidl_generator_c/cmake)
[0.462s] -- Found rosidl_adapter: 3.1.5 (/opt/ros/humble/share/rosidl_adapter/cmake)
[0.470s] -- Found rosidl_generator_cpp: 3.1.5 (/opt/ros/humble/share/rosidl_generator_cpp/cmake)
[0.481s] -- Using all available rosidl_typesupport_c: rosidl_typesupport_fastrtps_c;rosidl_typesupport_introspection_c
[0.495s] -- Using all available rosidl_typesupport_cpp: rosidl_typesupport_fastrtps_cpp;rosidl_typesupport_introspection_cpp
[0.529s] -- Found roburoc_canopen: 0.0.0 (/home/roburoc/PycharmProjects/P9-RobuROC4/install/roburoc_canopen/share/roburoc_canopen/cmake)
[0.530s] -- Found ament_lint_auto: 0.12.11 (/opt/ros/humble/share/ament_lint_auto/cmake)
[0.597s] -- Added test 'flake8' to check Python code syntax and style conventions
[0.597s] -- Added test 'lint_cmake' to check CMake code style
[0.597s] -- Added test 'pep257' to check Python code against some of the docstring style conventions in PEP 257
[0.598s] -- Added test 'xmllint' to check XML markup files
[0.599s] -- Configuring done
[0.601s] -- Generating done
[0.602s] -- Build files have been written to: /home/roburoc/PycharmProjects/P9-RobuROC4/build/roburoc_controller
[0.609s] Invoked command in '/home/roburoc/PycharmProjects/P9-RobuROC4/build/roburoc_controller' returned '0': AMENT_PREFIX_PATH=/home/roburoc/PycharmProjects/P9-RobuROC4/install/roburoc_canopen:/home/roburoc/PycharmProjects/P9-RobuROC4/install/canopen_interfaces:${AMENT_PREFIX_PATH} CMAKE_PREFIX_PATH=/home/roburoc/PycharmProjects/P9-RobuROC4/install/roburoc_canopen:/home/roburoc/PycharmProjects/P9-RobuROC4/install/canopen_interfaces:/opt/ros/humble LD_LIBRARY_PATH=/home/roburoc/PycharmProjects/P9-RobuROC4/install/canopen_interfaces/lib:${LD_LIBRARY_PATH} PYTHONPATH=/home/roburoc/PycharmProjects/P9-RobuROC4/install/roburoc_canopen/local/lib/python3.10/dist-packages:/home/roburoc/PycharmProjects/P9-RobuROC4/install/canopen_interfaces/local/lib/python3.10/dist-packages:${PYTHONPATH} /usr/bin/cmake /home/roburoc/PycharmProjects/P9-RobuROC4/src/roburoc_controller -DCMAKE_INSTALL_PREFIX=/home/roburoc/PycharmProjects/P9-RobuROC4/install/roburoc_controller
[0.610s] Invoking command in '/home/roburoc/PycharmProjects/P9-RobuROC4/build/roburoc_controller': AMENT_PREFIX_PATH=/home/roburoc/PycharmProjects/P9-RobuROC4/install/roburoc_canopen:/home/roburoc/PycharmProjects/P9-RobuROC4/install/canopen_interfaces:${AMENT_PREFIX_PATH} CMAKE_PREFIX_PATH=/home/roburoc/PycharmProjects/P9-RobuROC4/install/roburoc_canopen:/home/roburoc/PycharmProjects/P9-RobuROC4/install/canopen_interfaces:/opt/ros/humble LD_LIBRARY_PATH=/home/roburoc/PycharmProjects/P9-RobuROC4/install/canopen_interfaces/lib:${LD_LIBRARY_PATH} PYTHONPATH=/home/roburoc/PycharmProjects/P9-RobuROC4/install/roburoc_canopen/local/lib/python3.10/dist-packages:/home/roburoc/PycharmProjects/P9-RobuROC4/install/canopen_interfaces/local/lib/python3.10/dist-packages:${PYTHONPATH} /usr/bin/cmake --build /home/roburoc/PycharmProjects/P9-RobuROC4/build/roburoc_controller -- -j12 -l12
[0.636s] Invoked command in '/home/roburoc/PycharmProjects/P9-RobuROC4/build/roburoc_controller' returned '0': AMENT_PREFIX_PATH=/home/roburoc/PycharmProjects/P9-RobuROC4/install/roburoc_canopen:/home/roburoc/PycharmProjects/P9-RobuROC4/install/canopen_interfaces:${AMENT_PREFIX_PATH} CMAKE_PREFIX_PATH=/home/roburoc/PycharmProjects/P9-RobuROC4/install/roburoc_canopen:/home/roburoc/PycharmProjects/P9-RobuROC4/install/canopen_interfaces:/opt/ros/humble LD_LIBRARY_PATH=/home/roburoc/PycharmProjects/P9-RobuROC4/install/canopen_interfaces/lib:${LD_LIBRARY_PATH} PYTHONPATH=/home/roburoc/PycharmProjects/P9-RobuROC4/install/roburoc_canopen/local/lib/python3.10/dist-packages:/home/roburoc/PycharmProjects/P9-RobuROC4/install/canopen_interfaces/local/lib/python3.10/dist-packages:${PYTHONPATH} /usr/bin/cmake --build /home/roburoc/PycharmProjects/P9-RobuROC4/build/roburoc_controller -- -j12 -l12
[0.652s] Invoking command in '/home/roburoc/PycharmProjects/P9-RobuROC4/build/roburoc_controller': AMENT_PREFIX_PATH=/home/roburoc/PycharmProjects/P9-RobuROC4/install/roburoc_canopen:/home/roburoc/PycharmProjects/P9-RobuROC4/install/canopen_interfaces:${AMENT_PREFIX_PATH} CMAKE_PREFIX_PATH=/home/roburoc/PycharmProjects/P9-RobuROC4/install/roburoc_canopen:/home/roburoc/PycharmProjects/P9-RobuROC4/install/canopen_interfaces:/opt/ros/humble LD_LIBRARY_PATH=/home/roburoc/PycharmProjects/P9-RobuROC4/install/canopen_interfaces/lib:${LD_LIBRARY_PATH} PYTHONPATH=/home/roburoc/PycharmProjects/P9-RobuROC4/install/roburoc_canopen/local/lib/python3.10/dist-packages:/home/roburoc/PycharmProjects/P9-RobuROC4/install/canopen_interfaces/local/lib/python3.10/dist-packages:${PYTHONPATH} /usr/bin/cmake --install /home/roburoc/PycharmProjects/P9-RobuROC4/build/roburoc_controller
[0.657s] -- Install configuration: ""
[0.657s] -- Installing: /home/roburoc/PycharmProjects/P9-RobuROC4/install/roburoc_controller/lib/roburoc_controller/robuROC_CTRL.py
[0.657s] -- Installing: /home/roburoc/PycharmProjects/P9-RobuROC4/install/roburoc_controller/share/roburoc_controller
[0.658s] -- Installing: /home/roburoc/PycharmProjects/P9-RobuROC4/install/roburoc_controller/share/ament_index/resource_index/package_run_dependencies/roburoc_controller
[0.658s] -- Installing: /home/roburoc/PycharmProjects/P9-RobuROC4/install/roburoc_controller/share/ament_index/resource_index/parent_prefix_path/roburoc_controller
[0.658s] -- Installing: /home/roburoc/PycharmProjects/P9-RobuROC4/install/roburoc_controller/share/roburoc_controller/environment/ament_prefix_path.sh
[0.658s] -- Installing: /home/roburoc/PycharmProjects/P9-RobuROC4/install/roburoc_controller/share/roburoc_controller/environment/ament_prefix_path.dsv
[0.658s] -- Installing: /home/roburoc/PycharmProjects/P9-RobuROC4/install/roburoc_controller/share/roburoc_controller/environment/path.sh
[0.658s] -- Installing: /home/roburoc/PycharmProjects/P9-RobuROC4/install/roburoc_controller/share/roburoc_controller/environment/path.dsv
[0.658s] -- Installing: /home/roburoc/PycharmProjects/P9-RobuROC4/install/roburoc_controller/share/roburoc_controller/local_setup.bash
[0.658s] -- Installing: /home/roburoc/PycharmProjects/P9-RobuROC4/install/roburoc_controller/share/roburoc_controller/local_setup.sh
[0.658s] -- Installing: /home/roburoc/PycharmProjects/P9-RobuROC4/install/roburoc_controller/share/roburoc_controller/local_setup.zsh
[0.658s] -- Installing: /home/roburoc/PycharmProjects/P9-RobuROC4/install/roburoc_controller/share/roburoc_controller/local_setup.dsv
[0.658s] -- Installing: /home/roburoc/PycharmProjects/P9-RobuROC4/install/roburoc_controller/share/roburoc_controller/package.dsv
[0.659s] -- Installing: /home/roburoc/PycharmProjects/P9-RobuROC4/install/roburoc_controller/share/ament_index/resource_index/packages/roburoc_controller
[0.659s] -- Installing: /home/roburoc/PycharmProjects/P9-RobuROC4/install/roburoc_controller/share/roburoc_controller/cmake/roburoc_controllerConfig.cmake
[0.659s] -- Installing: /home/roburoc/PycharmProjects/P9-RobuROC4/install/roburoc_controller/share/roburoc_controller/cmake/roburoc_controllerConfig-version.cmake
[0.659s] -- Installing: /home/roburoc/PycharmProjects/P9-RobuROC4/install/roburoc_controller/share/roburoc_controller/package.xml
[0.660s] Invoked command in '/home/roburoc/PycharmProjects/P9-RobuROC4/build/roburoc_controller' returned '0': AMENT_PREFIX_PATH=/home/roburoc/PycharmProjects/P9-RobuROC4/install/roburoc_canopen:/home/roburoc/PycharmProjects/P9-RobuROC4/install/canopen_interfaces:${AMENT_PREFIX_PATH} CMAKE_PREFIX_PATH=/home/roburoc/PycharmProjects/P9-RobuROC4/install/roburoc_canopen:/home/roburoc/PycharmProjects/P9-RobuROC4/install/canopen_interfaces:/opt/ros/humble LD_LIBRARY_PATH=/home/roburoc/PycharmProjects/P9-RobuROC4/install/canopen_interfaces/lib:${LD_LIBRARY_PATH} PYTHONPATH=/home/roburoc/PycharmProjects/P9-RobuROC4/install/roburoc_canopen/local/lib/python3.10/dist-packages:/home/roburoc/PycharmProjects/P9-RobuROC4/install/canopen_interfaces/local/lib/python3.10/dist-packages:${PYTHONPATH} /usr/bin/cmake --install /home/roburoc/PycharmProjects/P9-RobuROC4/build/roburoc_controller
