[0.007s] Invoking command in '/home/roburoc/PycharmProjects/P9-RobuROC4/build/roburoc_canopen': CMAKE_PREFIX_PATH=/home/roburoc/PycharmProjects/P9-RobuROC4/install/canopen_interfaces:/home/roburoc/PycharmProjects/P9-RobuROC4/install/roburoc_gamepad:/home/roburoc/PycharmProjects/P9-RobuROC4/install/roburoc_controller:/home/roburoc/PycharmProjects/P9-RobuROC4/install/roburoc_canopen:/opt/ros/humble /usr/bin/cmake --build /home/roburoc/PycharmProjects/P9-RobuROC4/build/roburoc_canopen -- -j12 -l12
[0.049s] Built target ament_cmake_python_copy_utils
[0.270s] running egg_info
[0.270s] writing utils.egg-info/PKG-INFO
[0.271s] writing dependency_links to utils.egg-info/dependency_links.txt
[0.271s] writing top-level names to utils.egg-info/top_level.txt
[0.272s] reading manifest file 'utils.egg-info/SOURCES.txt'
[0.273s] writing manifest file 'utils.egg-info/SOURCES.txt'
[0.292s] Built target ament_cmake_python_build_utils_egg
[0.299s] Invoked command in '/home/roburoc/PycharmProjects/P9-RobuROC4/build/roburoc_canopen' returned '0': CMAKE_PREFIX_PATH=/home/roburoc/PycharmProjects/P9-RobuROC4/install/canopen_interfaces:/home/roburoc/PycharmProjects/P9-RobuROC4/install/roburoc_gamepad:/home/roburoc/PycharmProjects/P9-RobuROC4/install/roburoc_controller:/home/roburoc/PycharmProjects/P9-RobuROC4/install/roburoc_canopen:/opt/ros/humble /usr/bin/cmake --build /home/roburoc/PycharmProjects/P9-RobuROC4/build/roburoc_canopen -- -j12 -l12
[0.315s] Invoking command in '/home/roburoc/PycharmProjects/P9-RobuROC4/build/roburoc_canopen': CMAKE_PREFIX_PATH=/home/roburoc/PycharmProjects/P9-RobuROC4/install/canopen_interfaces:/home/roburoc/PycharmProjects/P9-RobuROC4/install/roburoc_gamepad:/home/roburoc/PycharmProjects/P9-RobuROC4/install/roburoc_controller:/home/roburoc/PycharmProjects/P9-RobuROC4/install/roburoc_canopen:/opt/ros/humble /usr/bin/cmake --install /home/roburoc/PycharmProjects/P9-RobuROC4/build/roburoc_canopen
[0.320s] -- Install configuration: ""
[0.320s] -- Up-to-date: /home/roburoc/PycharmProjects/P9-RobuROC4/install/roburoc_canopen/lib/roburoc_canopen/robuROC_CANOpen.py
[0.320s] -- Up-to-date: /home/roburoc/PycharmProjects/P9-RobuROC4/install/roburoc_canopen/lib/roburoc_canopen
[0.320s] -- Up-to-date: /home/roburoc/PycharmProjects/P9-RobuROC4/install/roburoc_canopen/lib/roburoc_canopen/gamepad_buttons.py
[0.320s] -- Up-to-date: /home/roburoc/PycharmProjects/P9-RobuROC4/install/roburoc_canopen/lib/roburoc_canopen/COBID.py
[0.320s] -- Up-to-date: /home/roburoc/PycharmProjects/P9-RobuROC4/install/roburoc_canopen/lib/roburoc_canopen/CTW.py
[0.320s] -- Up-to-date: /home/roburoc/PycharmProjects/P9-RobuROC4/install/roburoc_canopen/lib/roburoc_canopen/__pycache__
[0.320s] -- Up-to-date: /home/roburoc/PycharmProjects/P9-RobuROC4/install/roburoc_canopen/lib/roburoc_canopen/__pycache__/gamepad_buttons.cpython-310.pyc
[0.320s] -- Up-to-date: /home/roburoc/PycharmProjects/P9-RobuROC4/install/roburoc_canopen/lib/roburoc_canopen/__pycache__/__init__.cpython-310.pyc
[0.320s] -- Up-to-date: /home/roburoc/PycharmProjects/P9-RobuROC4/install/roburoc_canopen/lib/roburoc_canopen/__init__.py
[0.320s] -- Up-to-date: /home/roburoc/PycharmProjects/P9-RobuROC4/install/roburoc_canopen/lib/roburoc_canopen/AMC_Digiflex_1.0.14.eds
[0.321s] -- Up-to-date: /home/roburoc/PycharmProjects/P9-RobuROC4/install/roburoc_canopen/share/roburoc_canopen
[0.321s] -- Up-to-date: /home/roburoc/PycharmProjects/P9-RobuROC4/install/roburoc_canopen/share/roburoc_canopen/ROC_canopen_launch.py
[0.321s] -- Up-to-date: /home/roburoc/PycharmProjects/P9-RobuROC4/install/roburoc_canopen/share/roburoc_canopen/__init__.py
[0.321s] -- Up-to-date: /home/roburoc/PycharmProjects/P9-RobuROC4/install/roburoc_canopen/share/roburoc_canopen/launch
[0.321s] -- Up-to-date: /home/roburoc/PycharmProjects/P9-RobuROC4/install/roburoc_canopen/share/roburoc_canopen/environment/pythonpath.sh
[0.321s] -- Up-to-date: /home/roburoc/PycharmProjects/P9-RobuROC4/install/roburoc_canopen/share/roburoc_canopen/environment/pythonpath.dsv
[0.321s] -- Up-to-date: /home/roburoc/PycharmProjects/P9-RobuROC4/install/roburoc_canopen/local/lib/python3.10/dist-packages/utils-0.0.0-py3.10.egg-info
[0.321s] -- Installing: /home/roburoc/PycharmProjects/P9-RobuROC4/install/roburoc_canopen/local/lib/python3.10/dist-packages/utils-0.0.0-py3.10.egg-info/SOURCES.txt
[0.321s] -- Installing: /home/roburoc/PycharmProjects/P9-RobuROC4/install/roburoc_canopen/local/lib/python3.10/dist-packages/utils-0.0.0-py3.10.egg-info/dependency_links.txt
[0.321s] -- Installing: /home/roburoc/PycharmProjects/P9-RobuROC4/install/roburoc_canopen/local/lib/python3.10/dist-packages/utils-0.0.0-py3.10.egg-info/top_level.txt
[0.321s] -- Installing: /home/roburoc/PycharmProjects/P9-RobuROC4/install/roburoc_canopen/local/lib/python3.10/dist-packages/utils-0.0.0-py3.10.egg-info/PKG-INFO
[0.321s] -- Up-to-date: /home/roburoc/PycharmProjects/P9-RobuROC4/install/roburoc_canopen/local/lib/python3.10/dist-packages/utils
[0.321s] -- Up-to-date: /home/roburoc/PycharmProjects/P9-RobuROC4/install/roburoc_canopen/local/lib/python3.10/dist-packages/utils/gamepad_buttons.py
[0.321s] -- Up-to-date: /home/roburoc/PycharmProjects/P9-RobuROC4/install/roburoc_canopen/local/lib/python3.10/dist-packages/utils/COBID.py
[0.321s] -- Up-to-date: /home/roburoc/PycharmProjects/P9-RobuROC4/install/roburoc_canopen/local/lib/python3.10/dist-packages/utils/CTW.py
[0.321s] -- Up-to-date: /home/roburoc/PycharmProjects/P9-RobuROC4/install/roburoc_canopen/local/lib/python3.10/dist-packages/utils/__init__.py
[0.321s] -- Up-to-date: /home/roburoc/PycharmProjects/P9-RobuROC4/install/roburoc_canopen/local/lib/python3.10/dist-packages/utils/AMC_Digiflex_1.0.14.eds
[0.346s] Listing '/home/roburoc/PycharmProjects/P9-RobuROC4/install/roburoc_canopen/local/lib/python3.10/dist-packages/utils'...
[0.349s] -- Up-to-date: /home/roburoc/PycharmProjects/P9-RobuROC4/install/roburoc_canopen/share/ament_index/resource_index/package_run_dependencies/roburoc_canopen
[0.349s] -- Up-to-date: /home/roburoc/PycharmProjects/P9-RobuROC4/install/roburoc_canopen/share/ament_index/resource_index/parent_prefix_path/roburoc_canopen
[0.349s] -- Up-to-date: /home/roburoc/PycharmProjects/P9-RobuROC4/install/roburoc_canopen/share/roburoc_canopen/environment/ament_prefix_path.sh
[0.349s] -- Up-to-date: /home/roburoc/PycharmProjects/P9-RobuROC4/install/roburoc_canopen/share/roburoc_canopen/environment/ament_prefix_path.dsv
[0.350s] -- Up-to-date: /home/roburoc/PycharmProjects/P9-RobuROC4/install/roburoc_canopen/share/roburoc_canopen/environment/path.sh
[0.350s] -- Up-to-date: /home/roburoc/PycharmProjects/P9-RobuROC4/install/roburoc_canopen/share/roburoc_canopen/environment/path.dsv
[0.350s] -- Up-to-date: /home/roburoc/PycharmProjects/P9-RobuROC4/install/roburoc_canopen/share/roburoc_canopen/local_setup.bash
[0.350s] -- Up-to-date: /home/roburoc/PycharmProjects/P9-RobuROC4/install/roburoc_canopen/share/roburoc_canopen/local_setup.sh
[0.350s] -- Up-to-date: /home/roburoc/PycharmProjects/P9-RobuROC4/install/roburoc_canopen/share/roburoc_canopen/local_setup.zsh
[0.350s] -- Up-to-date: /home/roburoc/PycharmProjects/P9-RobuROC4/install/roburoc_canopen/share/roburoc_canopen/local_setup.dsv
[0.350s] -- Installing: /home/roburoc/PycharmProjects/P9-RobuROC4/install/roburoc_canopen/share/roburoc_canopen/package.dsv
[0.350s] -- Up-to-date: /home/roburoc/PycharmProjects/P9-RobuROC4/install/roburoc_canopen/share/ament_index/resource_index/packages/roburoc_canopen
[0.350s] -- Up-to-date: /home/roburoc/PycharmProjects/P9-RobuROC4/install/roburoc_canopen/share/roburoc_canopen/cmake/roburoc_canopenConfig.cmake
[0.350s] -- Up-to-date: /home/roburoc/PycharmProjects/P9-RobuROC4/install/roburoc_canopen/share/roburoc_canopen/cmake/roburoc_canopenConfig-version.cmake
[0.350s] -- Up-to-date: /home/roburoc/PycharmProjects/P9-RobuROC4/install/roburoc_canopen/share/roburoc_canopen/package.xml
[0.351s] Invoked command in '/home/roburoc/PycharmProjects/P9-RobuROC4/build/roburoc_canopen' returned '0': CMAKE_PREFIX_PATH=/home/roburoc/PycharmProjects/P9-RobuROC4/install/canopen_interfaces:/home/roburoc/PycharmProjects/P9-RobuROC4/install/roburoc_gamepad:/home/roburoc/PycharmProjects/P9-RobuROC4/install/roburoc_controller:/home/roburoc/PycharmProjects/P9-RobuROC4/install/roburoc_canopen:/opt/ros/humble /usr/bin/cmake --install /home/roburoc/PycharmProjects/P9-RobuROC4/build/roburoc_canopen
