[0.014s] Invoking command in '/home/roburoc/PycharmProjects/P9-RobuROC4/build/canopen_interfaces': CMAKE_PREFIX_PATH=${CMAKE_PREFIX_PATH}:/opt/ros/humble /usr/bin/cmake --build /home/roburoc/PycharmProjects/P9-RobuROC4/build/canopen_interfaces -- -j12 -l12
[0.035s] -- Found ament_cmake: 1.3.10 (/opt/ros/humble/share/ament_cmake/cmake)
[0.148s] -- Found rclcpp: 16.0.10 (/opt/ros/humble/share/rclcpp/cmake)
[0.174s] -- Found rosidl_generator_c: 3.1.5 (/opt/ros/humble/share/rosidl_generator_c/cmake)
[0.176s] -- Found rosidl_adapter: 3.1.5 (/opt/ros/humble/share/rosidl_adapter/cmake)
[0.181s] -- Found rosidl_generator_cpp: 3.1.5 (/opt/ros/humble/share/rosidl_generator_cpp/cmake)
[0.190s] -- Using all available rosidl_typesupport_c: rosidl_typesupport_fastrtps_c;rosidl_typesupport_introspection_c
[0.201s] -- Using all available rosidl_typesupport_cpp: rosidl_typesupport_fastrtps_cpp;rosidl_typesupport_introspection_cpp
[0.230s] -- Found rmw_implementation_cmake: 6.1.2 (/opt/ros/humble/share/rmw_implementation_cmake/cmake)
[0.231s] -- Found rmw_fastrtps_cpp: 6.2.7 (/opt/ros/humble/share/rmw_fastrtps_cpp/cmake)
[0.328s] -- Using RMW implementation 'rmw_fastrtps_cpp' as default
[0.373s] -- Found rclpy: 3.3.14 (/opt/ros/humble/share/rclpy/cmake)
[0.373s] -- Found rosidl_default_generators: 1.2.0 (/opt/ros/humble/share/rosidl_default_generators/cmake)
[0.629s] -- Found ament_cmake_ros: 0.10.0 (/opt/ros/humble/share/ament_cmake_ros/cmake)
[0.920s] -- Using all available rosidl_typesupport_c: rosidl_typesupport_fastrtps_c;rosidl_typesupport_introspection_c
[1.050s] -- Using all available rosidl_typesupport_cpp: rosidl_typesupport_fastrtps_cpp;rosidl_typesupport_introspection_cpp
[1.070s] -- Found python_cmake_module: 0.10.0 (/opt/ros/humble/share/python_cmake_module/cmake)
[1.089s] -- Using PYTHON_EXECUTABLE: /usr/bin/python3
[1.089s] -- Using PYTHON_INCLUDE_DIRS: /usr/include/python3.10
[1.089s] -- Using PYTHON_LIBRARIES: /usr/lib/x86_64-linux-gnu/libpython3.10.so
[1.113s] -- Found ament_lint_auto: 0.12.11 (/opt/ros/humble/share/ament_lint_auto/cmake)
[1.120s] -- Added test 'lint_cmake' to check CMake code style
[1.121s] -- Added test 'xmllint' to check XML markup files
[1.123s] -- Configuring done
[1.158s] -- Generating done
[1.161s] -- Build files have been written to: /home/roburoc/PycharmProjects/P9-RobuROC4/build/canopen_interfaces
[1.182s] [  1%] [34m[1mGenerating C code for ROS interfaces[0m
[1.190s] [  2%] [34m[1mGenerating C++ code for ROS interfaces[0m
[1.198s] [  2%] Built target ament_cmake_python_copy_canopen_interfaces
[1.437s] running egg_info
[1.437s] writing canopen_interfaces.egg-info/PKG-INFO
[1.438s] writing dependency_links to canopen_interfaces.egg-info/dependency_links.txt
[1.438s] writing top-level names to canopen_interfaces.egg-info/top_level.txt
[1.440s] reading manifest file 'canopen_interfaces.egg-info/SOURCES.txt'
[1.441s] writing manifest file 'canopen_interfaces.egg-info/SOURCES.txt'
[1.461s] [  2%] Built target ament_cmake_python_build_canopen_interfaces_egg
[1.721s] [  2%] Built target canopen_interfaces__cpp
[1.733s] [  5%] [34m[1mGenerating C++ type support dispatch for ROS interfaces[0m
[1.733s] [  5%] [34m[1mGenerating C++ type support for eProsima Fast-RTPS[0m
[1.733s] [  7%] [34m[1mGenerating C++ introspection for ROS interfaces[0m
[1.749s] [35m[1mConsolidate compiler generated dependencies of target canopen_interfaces__rosidl_generator_c[0m
[1.760s] [  8%] [32mBuilding C object CMakeFiles/canopen_interfaces__rosidl_generator_c.dir/rosidl_generator_c/canopen_interfaces/srv/detail/can_periodic_task__functions.c.o[0m
[1.761s] [  9%] [32mBuilding C object CMakeFiles/canopen_interfaces__rosidl_generator_c.dir/rosidl_generator_c/canopen_interfaces/srv/detail/can_read__functions.c.o[0m
[1.761s] [ 11%] [32mBuilding C object CMakeFiles/canopen_interfaces__rosidl_generator_c.dir/rosidl_generator_c/canopen_interfaces/srv/detail/can_connection__functions.c.o[0m
[1.762s] [ 14%] [32mBuilding C object CMakeFiles/canopen_interfaces__rosidl_generator_c.dir/rosidl_generator_c/canopen_interfaces/msg/detail/can_subscription__functions.c.o[0m
[1.762s] [ 15%] [32mBuilding C object CMakeFiles/canopen_interfaces__rosidl_generator_c.dir/rosidl_generator_c/canopen_interfaces/srv/detail/can_subscribe__functions.c.o[0m
[1.762s] [ 15%] [32mBuilding C object CMakeFiles/canopen_interfaces__rosidl_generator_c.dir/rosidl_generator_c/canopen_interfaces/msg/detail/can_write__functions.c.o[0m
[1.848s] [ 16%] [32m[1mLinking C shared library libcanopen_interfaces__rosidl_generator_c.so[0m
[1.878s] [ 16%] Built target canopen_interfaces__rosidl_generator_c
[1.886s] [ 21%] [34m[1mGenerating C type support dispatch for ROS interfaces[0m
[1.886s] [ 21%] [34m[1mGenerating C introspection for ROS interfaces[0m
[1.886s] [ 21%] [34m[1mGenerating C type support for eProsima Fast-RTPS[0m
[2.103s] [35m[1mConsolidate compiler generated dependencies of target canopen_interfaces__rosidl_typesupport_cpp[0m
[2.118s] [ 23%] [32mBuilding CXX object CMakeFiles/canopen_interfaces__rosidl_typesupport_cpp.dir/rosidl_typesupport_cpp/canopen_interfaces/msg/can_subscription__type_support.cpp.o[0m
[2.118s] [ 25%] [32mBuilding CXX object CMakeFiles/canopen_interfaces__rosidl_typesupport_cpp.dir/rosidl_typesupport_cpp/canopen_interfaces/srv/can_subscribe__type_support.cpp.o[0m
[2.118s] [ 23%] [32mBuilding CXX object CMakeFiles/canopen_interfaces__rosidl_typesupport_cpp.dir/rosidl_typesupport_cpp/canopen_interfaces/msg/can_write__type_support.cpp.o[0m
[2.119s] [ 26%] [32mBuilding CXX object CMakeFiles/canopen_interfaces__rosidl_typesupport_cpp.dir/rosidl_typesupport_cpp/canopen_interfaces/srv/can_periodic_task__type_support.cpp.o[0m
[2.119s] [ 28%] [32mBuilding CXX object CMakeFiles/canopen_interfaces__rosidl_typesupport_cpp.dir/rosidl_typesupport_cpp/canopen_interfaces/srv/can_read__type_support.cpp.o[0m
[2.120s] [ 29%] [32mBuilding CXX object CMakeFiles/canopen_interfaces__rosidl_typesupport_cpp.dir/rosidl_typesupport_cpp/canopen_interfaces/srv/can_connection__type_support.cpp.o[0m
[2.340s] [35m[1mConsolidate compiler generated dependencies of target canopen_interfaces__rosidl_typesupport_introspection_cpp[0m
[2.362s] [ 32%] [32mBuilding CXX object CMakeFiles/canopen_interfaces__rosidl_typesupport_introspection_cpp.dir/rosidl_typesupport_introspection_cpp/canopen_interfaces/msg/detail/can_subscription__type_support.cpp.o[0m
[2.362s] [ 32%] [32mBuilding CXX object CMakeFiles/canopen_interfaces__rosidl_typesupport_introspection_cpp.dir/rosidl_typesupport_introspection_cpp/canopen_interfaces/msg/detail/can_write__type_support.cpp.o[0m
[2.449s] [ 33%] [32mBuilding CXX object CMakeFiles/canopen_interfaces__rosidl_typesupport_introspection_cpp.dir/rosidl_typesupport_introspection_cpp/canopen_interfaces/srv/detail/can_subscribe__type_support.cpp.o[0m
[2.451s] [35m[1mConsolidate compiler generated dependencies of target canopen_interfaces__rosidl_typesupport_fastrtps_cpp[0m
[2.479s] [ 35%] [32mBuilding CXX object CMakeFiles/canopen_interfaces__rosidl_typesupport_fastrtps_cpp.dir/rosidl_typesupport_fastrtps_cpp/canopen_interfaces/msg/detail/dds_fastrtps/can_write__type_support.cpp.o[0m
[2.490s] [ 36%] [32mBuilding CXX object CMakeFiles/canopen_interfaces__rosidl_typesupport_fastrtps_cpp.dir/rosidl_typesupport_fastrtps_cpp/canopen_interfaces/msg/detail/dds_fastrtps/can_subscription__type_support.cpp.o[0m
[2.504s] [ 38%] [32mBuilding CXX object CMakeFiles/canopen_interfaces__rosidl_typesupport_fastrtps_cpp.dir/rosidl_typesupport_fastrtps_cpp/canopen_interfaces/srv/detail/dds_fastrtps/can_subscribe__type_support.cpp.o[0m
[2.511s] [ 39%] [32mBuilding CXX object CMakeFiles/canopen_interfaces__rosidl_typesupport_fastrtps_cpp.dir/rosidl_typesupport_fastrtps_cpp/canopen_interfaces/srv/detail/dds_fastrtps/can_periodic_task__type_support.cpp.o[0m
[2.528s] [ 40%] [32m[1mLinking CXX shared library libcanopen_interfaces__rosidl_typesupport_cpp.so[0m
[2.540s] [ 42%] [32mBuilding CXX object CMakeFiles/canopen_interfaces__rosidl_typesupport_fastrtps_cpp.dir/rosidl_typesupport_fastrtps_cpp/canopen_interfaces/srv/detail/dds_fastrtps/can_read__type_support.cpp.o[0m
[2.545s] [35m[1mConsolidate compiler generated dependencies of target canopen_interfaces__rosidl_typesupport_c[0m
[2.562s] [ 43%] [32mBuilding CXX object CMakeFiles/canopen_interfaces__rosidl_typesupport_c.dir/rosidl_typesupport_c/canopen_interfaces/msg/can_write__type_support.cpp.o[0m
[2.582s] [ 43%] Built target canopen_interfaces__rosidl_typesupport_cpp
[2.592s] [ 45%] [32mBuilding CXX object CMakeFiles/canopen_interfaces__rosidl_typesupport_fastrtps_cpp.dir/rosidl_typesupport_fastrtps_cpp/canopen_interfaces/srv/detail/dds_fastrtps/can_connection__type_support.cpp.o[0m
[2.598s] [ 46%] [32mBuilding CXX object CMakeFiles/canopen_interfaces__rosidl_typesupport_c.dir/rosidl_typesupport_c/canopen_interfaces/msg/can_subscription__type_support.cpp.o[0m
[2.637s] [ 47%] [32mBuilding CXX object CMakeFiles/canopen_interfaces__rosidl_typesupport_c.dir/rosidl_typesupport_c/canopen_interfaces/srv/can_subscribe__type_support.cpp.o[0m
[2.678s] [ 49%] [32mBuilding CXX object CMakeFiles/canopen_interfaces__rosidl_typesupport_c.dir/rosidl_typesupport_c/canopen_interfaces/srv/can_periodic_task__type_support.cpp.o[0m
[2.698s] [35m[1mConsolidate compiler generated dependencies of target canopen_interfaces__rosidl_typesupport_fastrtps_c[0m
[2.723s] [ 50%] [32mBuilding CXX object CMakeFiles/canopen_interfaces__rosidl_typesupport_fastrtps_c.dir/rosidl_typesupport_fastrtps_c/canopen_interfaces/msg/detail/can_write__type_support_c.cpp.o[0m
[2.724s] [ 52%] [32mBuilding CXX object CMakeFiles/canopen_interfaces__rosidl_typesupport_c.dir/rosidl_typesupport_c/canopen_interfaces/srv/can_read__type_support.cpp.o[0m
[2.766s] [ 53%] [32mBuilding CXX object CMakeFiles/canopen_interfaces__rosidl_typesupport_c.dir/rosidl_typesupport_c/canopen_interfaces/srv/can_connection__type_support.cpp.o[0m
[2.807s] [ 54%] [32m[1mLinking CXX shared library libcanopen_interfaces__rosidl_typesupport_c.so[0m
[2.846s] [35m[1mConsolidate compiler generated dependencies of target canopen_interfaces__rosidl_typesupport_introspection_c[0m
[2.863s] [ 56%] [32mBuilding C object CMakeFiles/canopen_interfaces__rosidl_typesupport_introspection_c.dir/rosidl_typesupport_introspection_c/canopen_interfaces/msg/detail/can_write__type_support.c.o[0m
[2.872s] [ 56%] Built target canopen_interfaces__rosidl_typesupport_c
[2.884s] [ 57%] [32mBuilding CXX object CMakeFiles/canopen_interfaces__rosidl_typesupport_fastrtps_c.dir/rosidl_typesupport_fastrtps_c/canopen_interfaces/msg/detail/can_subscription__type_support_c.cpp.o[0m
[2.929s] [ 59%] [32mBuilding C object CMakeFiles/canopen_interfaces__rosidl_typesupport_introspection_c.dir/rosidl_typesupport_introspection_c/canopen_interfaces/msg/detail/can_subscription__type_support.c.o[0m
[2.950s] [ 60%] [32mBuilding CXX object CMakeFiles/canopen_interfaces__rosidl_typesupport_introspection_cpp.dir/rosidl_typesupport_introspection_cpp/canopen_interfaces/srv/detail/can_periodic_task__type_support.cpp.o[0m
[2.967s] [ 61%] [32mBuilding CXX object CMakeFiles/canopen_interfaces__rosidl_typesupport_introspection_cpp.dir/rosidl_typesupport_introspection_cpp/canopen_interfaces/srv/detail/can_read__type_support.cpp.o[0m
[2.988s] [ 63%] [32mBuilding C object CMakeFiles/canopen_interfaces__rosidl_typesupport_introspection_c.dir/rosidl_typesupport_introspection_c/canopen_interfaces/srv/detail/can_subscribe__type_support.c.o[0m
[3.043s] [ 64%] [32mBuilding CXX object CMakeFiles/canopen_interfaces__rosidl_typesupport_introspection_cpp.dir/rosidl_typesupport_introspection_cpp/canopen_interfaces/srv/detail/can_connection__type_support.cpp.o[0m
[3.047s] [ 66%] [32mBuilding C object CMakeFiles/canopen_interfaces__rosidl_typesupport_introspection_c.dir/rosidl_typesupport_introspection_c/canopen_interfaces/srv/detail/can_periodic_task__type_support.c.o[0m
[3.096s] [ 67%] [32mBuilding C object CMakeFiles/canopen_interfaces__rosidl_typesupport_introspection_c.dir/rosidl_typesupport_introspection_c/canopen_interfaces/srv/detail/can_read__type_support.c.o[0m
[3.108s] [ 69%] [32mBuilding C object CMakeFiles/canopen_interfaces__rosidl_typesupport_introspection_c.dir/rosidl_typesupport_introspection_c/canopen_interfaces/srv/detail/can_connection__type_support.c.o[0m
[3.122s] [ 70%] [32mBuilding CXX object CMakeFiles/canopen_interfaces__rosidl_typesupport_fastrtps_c.dir/rosidl_typesupport_fastrtps_c/canopen_interfaces/srv/detail/can_subscribe__type_support_c.cpp.o[0m
[3.127s] [ 71%] [32mBuilding CXX object CMakeFiles/canopen_interfaces__rosidl_typesupport_fastrtps_c.dir/rosidl_typesupport_fastrtps_c/canopen_interfaces/srv/detail/can_periodic_task__type_support_c.cpp.o[0m
[3.168s] [ 73%] [32mBuilding CXX object CMakeFiles/canopen_interfaces__rosidl_typesupport_fastrtps_c.dir/rosidl_typesupport_fastrtps_c/canopen_interfaces/srv/detail/can_read__type_support_c.cpp.o[0m
[3.168s] [ 74%] [32mBuilding CXX object CMakeFiles/canopen_interfaces__rosidl_typesupport_fastrtps_c.dir/rosidl_typesupport_fastrtps_c/canopen_interfaces/srv/detail/can_connection__type_support_c.cpp.o[0m
[3.173s] [ 76%] [32m[1mLinking C shared library libcanopen_interfaces__rosidl_typesupport_introspection_c.so[0m
[3.214s] [ 76%] Built target canopen_interfaces__rosidl_typesupport_introspection_c
[3.245s] [ 77%] [32m[1mLinking CXX shared library libcanopen_interfaces__rosidl_typesupport_fastrtps_cpp.so[0m
[3.362s] [ 77%] Built target canopen_interfaces__rosidl_typesupport_fastrtps_cpp
[3.536s] [ 78%] [32m[1mLinking CXX shared library libcanopen_interfaces__rosidl_typesupport_introspection_cpp.so[0m
[3.583s] [ 80%] [32m[1mLinking CXX shared library libcanopen_interfaces__rosidl_typesupport_fastrtps_c.so[0m
[3.595s] [ 80%] Built target canopen_interfaces__rosidl_typesupport_introspection_cpp
[3.649s] [ 80%] Built target canopen_interfaces__rosidl_typesupport_fastrtps_c
[3.665s] [ 80%] Built target canopen_interfaces
[3.682s] [ 81%] [34m[1mGenerating Python code for ROS interfaces[0m
[4.590s] [ 81%] Built target canopen_interfaces__py
[4.598s] [35m[1mConsolidate compiler generated dependencies of target canopen_interfaces__rosidl_generator_py[0m
[4.612s] [ 85%] [32mBuilding C object CMakeFiles/canopen_interfaces__rosidl_generator_py.dir/rosidl_generator_py/canopen_interfaces/srv/_can_subscribe_s.c.o[0m
[4.612s] [ 85%] [32mBuilding C object CMakeFiles/canopen_interfaces__rosidl_generator_py.dir/rosidl_generator_py/canopen_interfaces/msg/_can_write_s.c.o[0m
[4.612s] [ 85%] [32mBuilding C object CMakeFiles/canopen_interfaces__rosidl_generator_py.dir/rosidl_generator_py/canopen_interfaces/msg/_can_subscription_s.c.o[0m
[4.612s] [ 87%] [32mBuilding C object CMakeFiles/canopen_interfaces__rosidl_generator_py.dir/rosidl_generator_py/canopen_interfaces/srv/_can_periodic_task_s.c.o[0m
[4.612s] [ 88%] [32mBuilding C object CMakeFiles/canopen_interfaces__rosidl_generator_py.dir/rosidl_generator_py/canopen_interfaces/srv/_can_read_s.c.o[0m
[4.613s] [ 90%] [32mBuilding C object CMakeFiles/canopen_interfaces__rosidl_generator_py.dir/rosidl_generator_py/canopen_interfaces/srv/_can_connection_s.c.o[0m
[4.743s] [ 91%] [32m[1mLinking C shared library rosidl_generator_py/canopen_interfaces/libcanopen_interfaces__rosidl_generator_py.so[0m
[4.780s] [ 91%] Built target canopen_interfaces__rosidl_generator_py
[4.789s] [35m[1mConsolidate compiler generated dependencies of target canopen_interfaces__rosidl_typesupport_introspection_c__pyext[0m
[4.789s] [35m[1mConsolidate compiler generated dependencies of target canopen_interfaces__rosidl_typesupport_fastrtps_c__pyext[0m
[4.789s] [35m[1mConsolidate compiler generated dependencies of target canopen_interfaces__rosidl_typesupport_c__pyext[0m
[4.800s] [ 95%] [32mBuilding C object CMakeFiles/canopen_interfaces__rosidl_typesupport_c__pyext.dir/rosidl_generator_py/canopen_interfaces/_canopen_interfaces_s.ep.rosidl_typesupport_c.c.o[0m
[4.800s] [ 95%] [32mBuilding C object CMakeFiles/canopen_interfaces__rosidl_typesupport_introspection_c__pyext.dir/rosidl_generator_py/canopen_interfaces/_canopen_interfaces_s.ep.rosidl_typesupport_introspection_c.c.o[0m
[4.800s] [ 95%] [32mBuilding C object CMakeFiles/canopen_interfaces__rosidl_typesupport_fastrtps_c__pyext.dir/rosidl_generator_py/canopen_interfaces/_canopen_interfaces_s.ep.rosidl_typesupport_fastrtps_c.c.o[0m
[4.931s] [ 97%] [32m[1mLinking C shared library rosidl_generator_py/canopen_interfaces/canopen_interfaces_s__rosidl_typesupport_introspection_c.cpython-310-x86_64-linux-gnu.so[0m
[4.932s] [ 98%] [32m[1mLinking C shared library rosidl_generator_py/canopen_interfaces/canopen_interfaces_s__rosidl_typesupport_fastrtps_c.cpython-310-x86_64-linux-gnu.so[0m
[4.937s] [100%] [32m[1mLinking C shared library rosidl_generator_py/canopen_interfaces/canopen_interfaces_s__rosidl_typesupport_c.cpython-310-x86_64-linux-gnu.so[0m
[4.964s] [100%] Built target canopen_interfaces__rosidl_typesupport_fastrtps_c__pyext
[4.964s] [100%] Built target canopen_interfaces__rosidl_typesupport_introspection_c__pyext
[4.971s] [100%] Built target canopen_interfaces__rosidl_typesupport_c__pyext
[4.981s] Invoked command in '/home/roburoc/PycharmProjects/P9-RobuROC4/build/canopen_interfaces' returned '0': CMAKE_PREFIX_PATH=${CMAKE_PREFIX_PATH}:/opt/ros/humble /usr/bin/cmake --build /home/roburoc/PycharmProjects/P9-RobuROC4/build/canopen_interfaces -- -j12 -l12
[5.086s] Invoking command in '/home/roburoc/PycharmProjects/P9-RobuROC4/build/canopen_interfaces': CMAKE_PREFIX_PATH=${CMAKE_PREFIX_PATH}:/opt/ros/humble /usr/bin/cmake --install /home/roburoc/PycharmProjects/P9-RobuROC4/build/canopen_interfaces
[5.093s] -- Install configuration: ""
[5.093s] -- Up-to-date: /home/roburoc/PycharmProjects/P9-RobuROC4/install/canopen_interfaces/share/ament_index/resource_index/rosidl_interfaces/canopen_interfaces
[5.093s] -- Up-to-date: /home/roburoc/PycharmProjects/P9-RobuROC4/install/canopen_interfaces/include/canopen_interfaces/canopen_interfaces
[5.093s] -- Up-to-date: /home/roburoc/PycharmProjects/P9-RobuROC4/install/canopen_interfaces/include/canopen_interfaces/canopen_interfaces/srv
[5.093s] -- Installing: /home/roburoc/PycharmProjects/P9-RobuROC4/install/canopen_interfaces/include/canopen_interfaces/canopen_interfaces/srv/can_subscribe.h
[5.093s] -- Installing: /home/roburoc/PycharmProjects/P9-RobuROC4/install/canopen_interfaces/include/canopen_interfaces/canopen_interfaces/srv/can_connection.h
[5.093s] -- Up-to-date: /home/roburoc/PycharmProjects/P9-RobuROC4/install/canopen_interfaces/include/canopen_interfaces/canopen_interfaces/srv/detail
[5.093s] -- Installing: /home/roburoc/PycharmProjects/P9-RobuROC4/install/canopen_interfaces/include/canopen_interfaces/canopen_interfaces/srv/detail/can_subscribe__functions.c
[5.093s] -- Installing: /home/roburoc/PycharmProjects/P9-RobuROC4/install/canopen_interfaces/include/canopen_interfaces/canopen_interfaces/srv/detail/can_subscribe__type_support.h
[5.093s] -- Installing: /home/roburoc/PycharmProjects/P9-RobuROC4/install/canopen_interfaces/include/canopen_interfaces/canopen_interfaces/srv/detail/can_read__struct.h
[5.093s] -- Installing: /home/roburoc/PycharmProjects/P9-RobuROC4/install/canopen_interfaces/include/canopen_interfaces/canopen_interfaces/srv/detail/can_connection__functions.c
[5.094s] -- Installing: /home/roburoc/PycharmProjects/P9-RobuROC4/install/canopen_interfaces/include/canopen_interfaces/canopen_interfaces/srv/detail/can_read__type_support.h
[5.094s] -- Installing: /home/roburoc/PycharmProjects/P9-RobuROC4/install/canopen_interfaces/include/canopen_interfaces/canopen_interfaces/srv/detail/can_periodic_task__functions.c
[5.094s] -- Installing: /home/roburoc/PycharmProjects/P9-RobuROC4/install/canopen_interfaces/include/canopen_interfaces/canopen_interfaces/srv/detail/can_read__functions.h
[5.094s] -- Installing: /home/roburoc/PycharmProjects/P9-RobuROC4/install/canopen_interfaces/include/canopen_interfaces/canopen_interfaces/srv/detail/can_read__functions.c
[5.094s] -- Installing: /home/roburoc/PycharmProjects/P9-RobuROC4/install/canopen_interfaces/include/canopen_interfaces/canopen_interfaces/srv/detail/can_connection__struct.h
[5.094s] -- Installing: /home/roburoc/PycharmProjects/P9-RobuROC4/install/canopen_interfaces/include/canopen_interfaces/canopen_interfaces/srv/detail/can_subscribe__functions.h
[5.094s] -- Installing: /home/roburoc/PycharmProjects/P9-RobuROC4/install/canopen_interfaces/include/canopen_interfaces/canopen_interfaces/srv/detail/can_subscribe__struct.h
[5.094s] -- Installing: /home/roburoc/PycharmProjects/P9-RobuROC4/install/canopen_interfaces/include/canopen_interfaces/canopen_interfaces/srv/detail/can_connection__functions.h
[5.095s] -- Installing: /home/roburoc/PycharmProjects/P9-RobuROC4/install/canopen_interfaces/include/canopen_interfaces/canopen_interfaces/srv/detail/can_connection__type_support.h
[5.095s] -- Installing: /home/roburoc/PycharmProjects/P9-RobuROC4/install/canopen_interfaces/include/canopen_interfaces/canopen_interfaces/srv/detail/can_periodic_task__functions.h
[5.095s] -- Installing: /home/roburoc/PycharmProjects/P9-RobuROC4/install/canopen_interfaces/include/canopen_interfaces/canopen_interfaces/srv/detail/can_periodic_task__type_support.h
[5.095s] -- Installing: /home/roburoc/PycharmProjects/P9-RobuROC4/install/canopen_interfaces/include/canopen_interfaces/canopen_interfaces/srv/detail/can_periodic_task__struct.h
[5.095s] -- Installing: /home/roburoc/PycharmProjects/P9-RobuROC4/install/canopen_interfaces/include/canopen_interfaces/canopen_interfaces/srv/can_read.h
[5.095s] -- Installing: /home/roburoc/PycharmProjects/P9-RobuROC4/install/canopen_interfaces/include/canopen_interfaces/canopen_interfaces/srv/can_periodic_task.h
[5.095s] -- Up-to-date: /home/roburoc/PycharmProjects/P9-RobuROC4/install/canopen_interfaces/include/canopen_interfaces/canopen_interfaces/msg
[5.095s] -- Installing: /home/roburoc/PycharmProjects/P9-RobuROC4/install/canopen_interfaces/include/canopen_interfaces/canopen_interfaces/msg/can_subscription.h
[5.095s] -- Up-to-date: /home/roburoc/PycharmProjects/P9-RobuROC4/install/canopen_interfaces/include/canopen_interfaces/canopen_interfaces/msg/detail
[5.095s] -- Installing: /home/roburoc/PycharmProjects/P9-RobuROC4/install/canopen_interfaces/include/canopen_interfaces/canopen_interfaces/msg/detail/can_write__functions.h
[5.096s] -- Installing: /home/roburoc/PycharmProjects/P9-RobuROC4/install/canopen_interfaces/include/canopen_interfaces/canopen_interfaces/msg/detail/can_write__struct.h
[5.096s] -- Installing: /home/roburoc/PycharmProjects/P9-RobuROC4/install/canopen_interfaces/include/canopen_interfaces/canopen_interfaces/msg/detail/can_subscription__type_support.h
[5.096s] -- Installing: /home/roburoc/PycharmProjects/P9-RobuROC4/install/canopen_interfaces/include/canopen_interfaces/canopen_interfaces/msg/detail/can_write__functions.c
[5.096s] -- Installing: /home/roburoc/PycharmProjects/P9-RobuROC4/install/canopen_interfaces/include/canopen_interfaces/canopen_interfaces/msg/detail/can_subscription__struct.h
[5.096s] -- Installing: /home/roburoc/PycharmProjects/P9-RobuROC4/install/canopen_interfaces/include/canopen_interfaces/canopen_interfaces/msg/detail/can_subscription__functions.h
[5.096s] -- Installing: /home/roburoc/PycharmProjects/P9-RobuROC4/install/canopen_interfaces/include/canopen_interfaces/canopen_interfaces/msg/detail/can_subscription__functions.c
[5.096s] -- Installing: /home/roburoc/PycharmProjects/P9-RobuROC4/install/canopen_interfaces/include/canopen_interfaces/canopen_interfaces/msg/detail/can_write__type_support.h
[5.096s] -- Up-to-date: /home/roburoc/PycharmProjects/P9-RobuROC4/install/canopen_interfaces/include/canopen_interfaces/canopen_interfaces/msg/rosidl_generator_c__visibility_control.h
[5.096s] -- Installing: /home/roburoc/PycharmProjects/P9-RobuROC4/install/canopen_interfaces/include/canopen_interfaces/canopen_interfaces/msg/can_write.h
[5.096s] -- Up-to-date: /home/roburoc/PycharmProjects/P9-RobuROC4/install/canopen_interfaces/share/canopen_interfaces/environment/library_path.sh
[5.096s] -- Installing: /home/roburoc/PycharmProjects/P9-RobuROC4/install/canopen_interfaces/share/canopen_interfaces/environment/library_path.dsv
[5.097s] -- Installing: /home/roburoc/PycharmProjects/P9-RobuROC4/install/canopen_interfaces/lib/libcanopen_interfaces__rosidl_generator_c.so
[5.097s] -- Set runtime path of "/home/roburoc/PycharmProjects/P9-RobuROC4/install/canopen_interfaces/lib/libcanopen_interfaces__rosidl_generator_c.so" to ""
[5.097s] -- Up-to-date: /home/roburoc/PycharmProjects/P9-RobuROC4/install/canopen_interfaces/include/canopen_interfaces/canopen_interfaces
[5.097s] -- Up-to-date: /home/roburoc/PycharmProjects/P9-RobuROC4/install/canopen_interfaces/include/canopen_interfaces/canopen_interfaces/srv
[5.097s] -- Up-to-date: /home/roburoc/PycharmProjects/P9-RobuROC4/install/canopen_interfaces/include/canopen_interfaces/canopen_interfaces/srv/detail
[5.097s] -- Installing: /home/roburoc/PycharmProjects/P9-RobuROC4/install/canopen_interfaces/include/canopen_interfaces/canopen_interfaces/srv/detail/can_periodic_task__rosidl_typesupport_fastrtps_c.h
[5.097s] -- Installing: /home/roburoc/PycharmProjects/P9-RobuROC4/install/canopen_interfaces/include/canopen_interfaces/canopen_interfaces/srv/detail/can_connection__rosidl_typesupport_fastrtps_c.h
[5.097s] -- Installing: /home/roburoc/PycharmProjects/P9-RobuROC4/install/canopen_interfaces/include/canopen_interfaces/canopen_interfaces/srv/detail/can_subscribe__rosidl_typesupport_fastrtps_c.h
[5.098s] -- Installing: /home/roburoc/PycharmProjects/P9-RobuROC4/install/canopen_interfaces/include/canopen_interfaces/canopen_interfaces/srv/detail/can_read__rosidl_typesupport_fastrtps_c.h
[5.098s] -- Up-to-date: /home/roburoc/PycharmProjects/P9-RobuROC4/install/canopen_interfaces/include/canopen_interfaces/canopen_interfaces/msg
[5.098s] -- Up-to-date: /home/roburoc/PycharmProjects/P9-RobuROC4/install/canopen_interfaces/include/canopen_interfaces/canopen_interfaces/msg/rosidl_typesupport_fastrtps_c__visibility_control.h
[5.098s] -- Up-to-date: /home/roburoc/PycharmProjects/P9-RobuROC4/install/canopen_interfaces/include/canopen_interfaces/canopen_interfaces/msg/detail
[5.098s] -- Installing: /home/roburoc/PycharmProjects/P9-RobuROC4/install/canopen_interfaces/include/canopen_interfaces/canopen_interfaces/msg/detail/can_subscription__rosidl_typesupport_fastrtps_c.h
[5.098s] -- Installing: /home/roburoc/PycharmProjects/P9-RobuROC4/install/canopen_interfaces/include/canopen_interfaces/canopen_interfaces/msg/detail/can_write__rosidl_typesupport_fastrtps_c.h
[5.098s] -- Installing: /home/roburoc/PycharmProjects/P9-RobuROC4/install/canopen_interfaces/lib/libcanopen_interfaces__rosidl_typesupport_fastrtps_c.so
[5.098s] -- Set runtime path of "/home/roburoc/PycharmProjects/P9-RobuROC4/install/canopen_interfaces/lib/libcanopen_interfaces__rosidl_typesupport_fastrtps_c.so" to ""
[5.098s] -- Up-to-date: /home/roburoc/PycharmProjects/P9-RobuROC4/install/canopen_interfaces/include/canopen_interfaces/canopen_interfaces
[5.099s] -- Up-to-date: /home/roburoc/PycharmProjects/P9-RobuROC4/install/canopen_interfaces/include/canopen_interfaces/canopen_interfaces/srv
[5.099s] -- Installing: /home/roburoc/PycharmProjects/P9-RobuROC4/install/canopen_interfaces/include/canopen_interfaces/canopen_interfaces/srv/can_connection.hpp
[5.099s] -- Installing: /home/roburoc/PycharmProjects/P9-RobuROC4/install/canopen_interfaces/include/canopen_interfaces/canopen_interfaces/srv/can_subscribe.hpp
[5.099s] -- Up-to-date: /home/roburoc/PycharmProjects/P9-RobuROC4/install/canopen_interfaces/include/canopen_interfaces/canopen_interfaces/srv/detail
[5.099s] -- Installing: /home/roburoc/PycharmProjects/P9-RobuROC4/install/canopen_interfaces/include/canopen_interfaces/canopen_interfaces/srv/detail/can_subscribe__builder.hpp
[5.099s] -- Installing: /home/roburoc/PycharmProjects/P9-RobuROC4/install/canopen_interfaces/include/canopen_interfaces/canopen_interfaces/srv/detail/can_periodic_task__struct.hpp
[5.099s] -- Installing: /home/roburoc/PycharmProjects/P9-RobuROC4/install/canopen_interfaces/include/canopen_interfaces/canopen_interfaces/srv/detail/can_subscribe__traits.hpp
[5.099s] -- Installing: /home/roburoc/PycharmProjects/P9-RobuROC4/install/canopen_interfaces/include/canopen_interfaces/canopen_interfaces/srv/detail/can_read__traits.hpp
[5.099s] -- Installing: /home/roburoc/PycharmProjects/P9-RobuROC4/install/canopen_interfaces/include/canopen_interfaces/canopen_interfaces/srv/detail/can_read__struct.hpp
[5.099s] -- Installing: /home/roburoc/PycharmProjects/P9-RobuROC4/install/canopen_interfaces/include/canopen_interfaces/canopen_interfaces/srv/detail/can_connection__struct.hpp
[5.099s] -- Installing: /home/roburoc/PycharmProjects/P9-RobuROC4/install/canopen_interfaces/include/canopen_interfaces/canopen_interfaces/srv/detail/can_read__builder.hpp
[5.099s] -- Installing: /home/roburoc/PycharmProjects/P9-RobuROC4/install/canopen_interfaces/include/canopen_interfaces/canopen_interfaces/srv/detail/can_connection__builder.hpp
[5.100s] -- Installing: /home/roburoc/PycharmProjects/P9-RobuROC4/install/canopen_interfaces/include/canopen_interfaces/canopen_interfaces/srv/detail/can_connection__traits.hpp
[5.100s] -- Installing: /home/roburoc/PycharmProjects/P9-RobuROC4/install/canopen_interfaces/include/canopen_interfaces/canopen_interfaces/srv/detail/can_periodic_task__builder.hpp
[5.100s] -- Installing: /home/roburoc/PycharmProjects/P9-RobuROC4/install/canopen_interfaces/include/canopen_interfaces/canopen_interfaces/srv/detail/can_subscribe__struct.hpp
[5.100s] -- Installing: /home/roburoc/PycharmProjects/P9-RobuROC4/install/canopen_interfaces/include/canopen_interfaces/canopen_interfaces/srv/detail/can_periodic_task__traits.hpp
[5.100s] -- Installing: /home/roburoc/PycharmProjects/P9-RobuROC4/install/canopen_interfaces/include/canopen_interfaces/canopen_interfaces/srv/can_periodic_task.hpp
[5.100s] -- Installing: /home/roburoc/PycharmProjects/P9-RobuROC4/install/canopen_interfaces/include/canopen_interfaces/canopen_interfaces/srv/can_read.hpp
[5.100s] -- Up-to-date: /home/roburoc/PycharmProjects/P9-RobuROC4/install/canopen_interfaces/include/canopen_interfaces/canopen_interfaces/msg
[5.100s] -- Installing: /home/roburoc/PycharmProjects/P9-RobuROC4/install/canopen_interfaces/include/canopen_interfaces/canopen_interfaces/msg/can_write.hpp
[5.100s] -- Installing: /home/roburoc/PycharmProjects/P9-RobuROC4/install/canopen_interfaces/include/canopen_interfaces/canopen_interfaces/msg/can_subscription.hpp
[5.100s] -- Up-to-date: /home/roburoc/PycharmProjects/P9-RobuROC4/install/canopen_interfaces/include/canopen_interfaces/canopen_interfaces/msg/detail
[5.101s] -- Installing: /home/roburoc/PycharmProjects/P9-RobuROC4/install/canopen_interfaces/include/canopen_interfaces/canopen_interfaces/msg/detail/can_subscription__builder.hpp
[5.101s] -- Installing: /home/roburoc/PycharmProjects/P9-RobuROC4/install/canopen_interfaces/include/canopen_interfaces/canopen_interfaces/msg/detail/can_write__builder.hpp
[5.101s] -- Installing: /home/roburoc/PycharmProjects/P9-RobuROC4/install/canopen_interfaces/include/canopen_interfaces/canopen_interfaces/msg/detail/can_subscription__traits.hpp
[5.101s] -- Installing: /home/roburoc/PycharmProjects/P9-RobuROC4/install/canopen_interfaces/include/canopen_interfaces/canopen_interfaces/msg/detail/can_write__traits.hpp
[5.101s] -- Installing: /home/roburoc/PycharmProjects/P9-RobuROC4/install/canopen_interfaces/include/canopen_interfaces/canopen_interfaces/msg/detail/can_subscription__struct.hpp
[5.101s] -- Installing: /home/roburoc/PycharmProjects/P9-RobuROC4/install/canopen_interfaces/include/canopen_interfaces/canopen_interfaces/msg/detail/can_write__struct.hpp
[5.101s] -- Up-to-date: /home/roburoc/PycharmProjects/P9-RobuROC4/install/canopen_interfaces/include/canopen_interfaces/canopen_interfaces
[5.101s] -- Up-to-date: /home/roburoc/PycharmProjects/P9-RobuROC4/install/canopen_interfaces/include/canopen_interfaces/canopen_interfaces/srv
[5.101s] -- Up-to-date: /home/roburoc/PycharmProjects/P9-RobuROC4/install/canopen_interfaces/include/canopen_interfaces/canopen_interfaces/srv/detail
[5.101s] -- Installing: /home/roburoc/PycharmProjects/P9-RobuROC4/install/canopen_interfaces/include/canopen_interfaces/canopen_interfaces/srv/detail/can_read__rosidl_typesupport_fastrtps_cpp.hpp
[5.101s] -- Up-to-date: /home/roburoc/PycharmProjects/P9-RobuROC4/install/canopen_interfaces/include/canopen_interfaces/canopen_interfaces/srv/detail/dds_fastrtps
[5.102s] -- Installing: /home/roburoc/PycharmProjects/P9-RobuROC4/install/canopen_interfaces/include/canopen_interfaces/canopen_interfaces/srv/detail/can_periodic_task__rosidl_typesupport_fastrtps_cpp.hpp
[5.102s] -- Installing: /home/roburoc/PycharmProjects/P9-RobuROC4/install/canopen_interfaces/include/canopen_interfaces/canopen_interfaces/srv/detail/can_subscribe__rosidl_typesupport_fastrtps_cpp.hpp
[5.102s] -- Installing: /home/roburoc/PycharmProjects/P9-RobuROC4/install/canopen_interfaces/include/canopen_interfaces/canopen_interfaces/srv/detail/can_connection__rosidl_typesupport_fastrtps_cpp.hpp
[5.102s] -- Up-to-date: /home/roburoc/PycharmProjects/P9-RobuROC4/install/canopen_interfaces/include/canopen_interfaces/canopen_interfaces/msg
[5.102s] -- Up-to-date: /home/roburoc/PycharmProjects/P9-RobuROC4/install/canopen_interfaces/include/canopen_interfaces/canopen_interfaces/msg/rosidl_typesupport_fastrtps_cpp__visibility_control.h
[5.102s] -- Up-to-date: /home/roburoc/PycharmProjects/P9-RobuROC4/install/canopen_interfaces/include/canopen_interfaces/canopen_interfaces/msg/detail
[5.102s] -- Up-to-date: /home/roburoc/PycharmProjects/P9-RobuROC4/install/canopen_interfaces/include/canopen_interfaces/canopen_interfaces/msg/detail/dds_fastrtps
[5.102s] -- Installing: /home/roburoc/PycharmProjects/P9-RobuROC4/install/canopen_interfaces/include/canopen_interfaces/canopen_interfaces/msg/detail/can_subscription__rosidl_typesupport_fastrtps_cpp.hpp
[5.102s] -- Installing: /home/roburoc/PycharmProjects/P9-RobuROC4/install/canopen_interfaces/include/canopen_interfaces/canopen_interfaces/msg/detail/can_write__rosidl_typesupport_fastrtps_cpp.hpp
[5.102s] -- Installing: /home/roburoc/PycharmProjects/P9-RobuROC4/install/canopen_interfaces/lib/libcanopen_interfaces__rosidl_typesupport_fastrtps_cpp.so
[5.103s] -- Set runtime path of "/home/roburoc/PycharmProjects/P9-RobuROC4/install/canopen_interfaces/lib/libcanopen_interfaces__rosidl_typesupport_fastrtps_cpp.so" to ""
[5.103s] -- Up-to-date: /home/roburoc/PycharmProjects/P9-RobuROC4/install/canopen_interfaces/include/canopen_interfaces/canopen_interfaces
[5.103s] -- Up-to-date: /home/roburoc/PycharmProjects/P9-RobuROC4/install/canopen_interfaces/include/canopen_interfaces/canopen_interfaces/srv
[5.103s] -- Up-to-date: /home/roburoc/PycharmProjects/P9-RobuROC4/install/canopen_interfaces/include/canopen_interfaces/canopen_interfaces/srv/detail
[5.103s] -- Installing: /home/roburoc/PycharmProjects/P9-RobuROC4/install/canopen_interfaces/include/canopen_interfaces/canopen_interfaces/srv/detail/can_connection__rosidl_typesupport_introspection_c.h
[5.103s] -- Installing: /home/roburoc/PycharmProjects/P9-RobuROC4/install/canopen_interfaces/include/canopen_interfaces/canopen_interfaces/srv/detail/can_subscribe__rosidl_typesupport_introspection_c.h
[5.103s] -- Installing: /home/roburoc/PycharmProjects/P9-RobuROC4/install/canopen_interfaces/include/canopen_interfaces/canopen_interfaces/srv/detail/can_periodic_task__rosidl_typesupport_introspection_c.h
[5.103s] -- Installing: /home/roburoc/PycharmProjects/P9-RobuROC4/install/canopen_interfaces/include/canopen_interfaces/canopen_interfaces/srv/detail/can_connection__type_support.c
[5.103s] -- Installing: /home/roburoc/PycharmProjects/P9-RobuROC4/install/canopen_interfaces/include/canopen_interfaces/canopen_interfaces/srv/detail/can_read__type_support.c
[5.103s] -- Installing: /home/roburoc/PycharmProjects/P9-RobuROC4/install/canopen_interfaces/include/canopen_interfaces/canopen_interfaces/srv/detail/can_read__rosidl_typesupport_introspection_c.h
[5.104s] -- Installing: /home/roburoc/PycharmProjects/P9-RobuROC4/install/canopen_interfaces/include/canopen_interfaces/canopen_interfaces/srv/detail/can_subscribe__type_support.c
[5.104s] -- Installing: /home/roburoc/PycharmProjects/P9-RobuROC4/install/canopen_interfaces/include/canopen_interfaces/canopen_interfaces/srv/detail/can_periodic_task__type_support.c
[5.104s] -- Up-to-date: /home/roburoc/PycharmProjects/P9-RobuROC4/install/canopen_interfaces/include/canopen_interfaces/canopen_interfaces/msg
[5.104s] -- Up-to-date: /home/roburoc/PycharmProjects/P9-RobuROC4/install/canopen_interfaces/include/canopen_interfaces/canopen_interfaces/msg/rosidl_typesupport_introspection_c__visibility_control.h
[5.104s] -- Up-to-date: /home/roburoc/PycharmProjects/P9-RobuROC4/install/canopen_interfaces/include/canopen_interfaces/canopen_interfaces/msg/detail
[5.104s] -- Installing: /home/roburoc/PycharmProjects/P9-RobuROC4/install/canopen_interfaces/include/canopen_interfaces/canopen_interfaces/msg/detail/can_write__type_support.c
[5.104s] -- Installing: /home/roburoc/PycharmProjects/P9-RobuROC4/install/canopen_interfaces/include/canopen_interfaces/canopen_interfaces/msg/detail/can_subscription__rosidl_typesupport_introspection_c.h
[5.104s] -- Installing: /home/roburoc/PycharmProjects/P9-RobuROC4/install/canopen_interfaces/include/canopen_interfaces/canopen_interfaces/msg/detail/can_write__rosidl_typesupport_introspection_c.h
[5.104s] -- Installing: /home/roburoc/PycharmProjects/P9-RobuROC4/install/canopen_interfaces/include/canopen_interfaces/canopen_interfaces/msg/detail/can_subscription__type_support.c
[5.104s] -- Installing: /home/roburoc/PycharmProjects/P9-RobuROC4/install/canopen_interfaces/lib/libcanopen_interfaces__rosidl_typesupport_introspection_c.so
[5.105s] -- Set runtime path of "/home/roburoc/PycharmProjects/P9-RobuROC4/install/canopen_interfaces/lib/libcanopen_interfaces__rosidl_typesupport_introspection_c.so" to ""
[5.105s] -- Installing: /home/roburoc/PycharmProjects/P9-RobuROC4/install/canopen_interfaces/lib/libcanopen_interfaces__rosidl_typesupport_c.so
[5.105s] -- Set runtime path of "/home/roburoc/PycharmProjects/P9-RobuROC4/install/canopen_interfaces/lib/libcanopen_interfaces__rosidl_typesupport_c.so" to ""
[5.105s] -- Up-to-date: /home/roburoc/PycharmProjects/P9-RobuROC4/install/canopen_interfaces/include/canopen_interfaces/canopen_interfaces
[5.105s] -- Up-to-date: /home/roburoc/PycharmProjects/P9-RobuROC4/install/canopen_interfaces/include/canopen_interfaces/canopen_interfaces/srv
[5.105s] -- Up-to-date: /home/roburoc/PycharmProjects/P9-RobuROC4/install/canopen_interfaces/include/canopen_interfaces/canopen_interfaces/srv/detail
[5.105s] -- Installing: /home/roburoc/PycharmProjects/P9-RobuROC4/install/canopen_interfaces/include/canopen_interfaces/canopen_interfaces/srv/detail/can_periodic_task__type_support.cpp
[5.105s] -- Installing: /home/roburoc/PycharmProjects/P9-RobuROC4/install/canopen_interfaces/include/canopen_interfaces/canopen_interfaces/srv/detail/can_subscribe__type_support.cpp
[5.106s] -- Installing: /home/roburoc/PycharmProjects/P9-RobuROC4/install/canopen_interfaces/include/canopen_interfaces/canopen_interfaces/srv/detail/can_connection__rosidl_typesupport_introspection_cpp.hpp
[5.106s] -- Installing: /home/roburoc/PycharmProjects/P9-RobuROC4/install/canopen_interfaces/include/canopen_interfaces/canopen_interfaces/srv/detail/can_periodic_task__rosidl_typesupport_introspection_cpp.hpp
[5.106s] -- Installing: /home/roburoc/PycharmProjects/P9-RobuROC4/install/canopen_interfaces/include/canopen_interfaces/canopen_interfaces/srv/detail/can_subscribe__rosidl_typesupport_introspection_cpp.hpp
[5.106s] -- Installing: /home/roburoc/PycharmProjects/P9-RobuROC4/install/canopen_interfaces/include/canopen_interfaces/canopen_interfaces/srv/detail/can_connection__type_support.cpp
[5.106s] -- Installing: /home/roburoc/PycharmProjects/P9-RobuROC4/install/canopen_interfaces/include/canopen_interfaces/canopen_interfaces/srv/detail/can_read__rosidl_typesupport_introspection_cpp.hpp
[5.106s] -- Installing: /home/roburoc/PycharmProjects/P9-RobuROC4/install/canopen_interfaces/include/canopen_interfaces/canopen_interfaces/srv/detail/can_read__type_support.cpp
[5.106s] -- Up-to-date: /home/roburoc/PycharmProjects/P9-RobuROC4/install/canopen_interfaces/include/canopen_interfaces/canopen_interfaces/msg
[5.106s] -- Up-to-date: /home/roburoc/PycharmProjects/P9-RobuROC4/install/canopen_interfaces/include/canopen_interfaces/canopen_interfaces/msg/detail
[5.106s] -- Installing: /home/roburoc/PycharmProjects/P9-RobuROC4/install/canopen_interfaces/include/canopen_interfaces/canopen_interfaces/msg/detail/can_write__type_support.cpp
[5.106s] -- Installing: /home/roburoc/PycharmProjects/P9-RobuROC4/install/canopen_interfaces/include/canopen_interfaces/canopen_interfaces/msg/detail/can_subscription__type_support.cpp
[5.107s] -- Installing: /home/roburoc/PycharmProjects/P9-RobuROC4/install/canopen_interfaces/include/canopen_interfaces/canopen_interfaces/msg/detail/can_subscription__rosidl_typesupport_introspection_cpp.hpp
[5.107s] -- Installing: /home/roburoc/PycharmProjects/P9-RobuROC4/install/canopen_interfaces/include/canopen_interfaces/canopen_interfaces/msg/detail/can_write__rosidl_typesupport_introspection_cpp.hpp
[5.107s] -- Installing: /home/roburoc/PycharmProjects/P9-RobuROC4/install/canopen_interfaces/lib/libcanopen_interfaces__rosidl_typesupport_introspection_cpp.so
[5.107s] -- Set runtime path of "/home/roburoc/PycharmProjects/P9-RobuROC4/install/canopen_interfaces/lib/libcanopen_interfaces__rosidl_typesupport_introspection_cpp.so" to ""
[5.107s] -- Installing: /home/roburoc/PycharmProjects/P9-RobuROC4/install/canopen_interfaces/lib/libcanopen_interfaces__rosidl_typesupport_cpp.so
[5.108s] -- Set runtime path of "/home/roburoc/PycharmProjects/P9-RobuROC4/install/canopen_interfaces/lib/libcanopen_interfaces__rosidl_typesupport_cpp.so" to ""
[5.108s] -- Up-to-date: /home/roburoc/PycharmProjects/P9-RobuROC4/install/canopen_interfaces/share/canopen_interfaces/environment/pythonpath.sh
[5.108s] -- Installing: /home/roburoc/PycharmProjects/P9-RobuROC4/install/canopen_interfaces/share/canopen_interfaces/environment/pythonpath.dsv
[5.108s] -- Up-to-date: /home/roburoc/PycharmProjects/P9-RobuROC4/install/canopen_interfaces/local/lib/python3.10/dist-packages/canopen_interfaces-0.0.0-py3.10.egg-info
[5.108s] -- Installing: /home/roburoc/PycharmProjects/P9-RobuROC4/install/canopen_interfaces/local/lib/python3.10/dist-packages/canopen_interfaces-0.0.0-py3.10.egg-info/SOURCES.txt
[5.108s] -- Installing: /home/roburoc/PycharmProjects/P9-RobuROC4/install/canopen_interfaces/local/lib/python3.10/dist-packages/canopen_interfaces-0.0.0-py3.10.egg-info/dependency_links.txt
[5.108s] -- Installing: /home/roburoc/PycharmProjects/P9-RobuROC4/install/canopen_interfaces/local/lib/python3.10/dist-packages/canopen_interfaces-0.0.0-py3.10.egg-info/top_level.txt
[5.108s] -- Installing: /home/roburoc/PycharmProjects/P9-RobuROC4/install/canopen_interfaces/local/lib/python3.10/dist-packages/canopen_interfaces-0.0.0-py3.10.egg-info/PKG-INFO
[5.108s] -- Up-to-date: /home/roburoc/PycharmProjects/P9-RobuROC4/install/canopen_interfaces/local/lib/python3.10/dist-packages/canopen_interfaces
[5.108s] -- Installing: /home/roburoc/PycharmProjects/P9-RobuROC4/install/canopen_interfaces/local/lib/python3.10/dist-packages/canopen_interfaces/_canopen_interfaces_s.ep.rosidl_typesupport_fastrtps_c.c
[5.109s] -- Installing: /home/roburoc/PycharmProjects/P9-RobuROC4/install/canopen_interfaces/local/lib/python3.10/dist-packages/canopen_interfaces/libcanopen_interfaces__rosidl_generator_py.so
[5.109s] -- Installing: /home/roburoc/PycharmProjects/P9-RobuROC4/install/canopen_interfaces/local/lib/python3.10/dist-packages/canopen_interfaces/_canopen_interfaces_s.ep.rosidl_typesupport_introspection_c.c
[5.109s] -- Up-to-date: /home/roburoc/PycharmProjects/P9-RobuROC4/install/canopen_interfaces/local/lib/python3.10/dist-packages/canopen_interfaces/srv
[5.109s] -- Installing: /home/roburoc/PycharmProjects/P9-RobuROC4/install/canopen_interfaces/local/lib/python3.10/dist-packages/canopen_interfaces/srv/_can_subscribe_s.c
[5.109s] -- Installing: /home/roburoc/PycharmProjects/P9-RobuROC4/install/canopen_interfaces/local/lib/python3.10/dist-packages/canopen_interfaces/srv/_can_connection.py
[5.109s] -- Installing: /home/roburoc/PycharmProjects/P9-RobuROC4/install/canopen_interfaces/local/lib/python3.10/dist-packages/canopen_interfaces/srv/_can_subscribe.py
[5.109s] -- Installing: /home/roburoc/PycharmProjects/P9-RobuROC4/install/canopen_interfaces/local/lib/python3.10/dist-packages/canopen_interfaces/srv/_can_read_s.c
[5.109s] -- Installing: /home/roburoc/PycharmProjects/P9-RobuROC4/install/canopen_interfaces/local/lib/python3.10/dist-packages/canopen_interfaces/srv/_can_read.py
[5.110s] -- Installing: /home/roburoc/PycharmProjects/P9-RobuROC4/install/canopen_interfaces/local/lib/python3.10/dist-packages/canopen_interfaces/srv/_can_connection_s.c
[5.110s] -- Installing: /home/roburoc/PycharmProjects/P9-RobuROC4/install/canopen_interfaces/local/lib/python3.10/dist-packages/canopen_interfaces/srv/__init__.py
[5.110s] -- Installing: /home/roburoc/PycharmProjects/P9-RobuROC4/install/canopen_interfaces/local/lib/python3.10/dist-packages/canopen_interfaces/srv/_can_periodic_task.py
[5.110s] -- Installing: /home/roburoc/PycharmProjects/P9-RobuROC4/install/canopen_interfaces/local/lib/python3.10/dist-packages/canopen_interfaces/srv/_can_periodic_task_s.c
[5.110s] -- Installing: /home/roburoc/PycharmProjects/P9-RobuROC4/install/canopen_interfaces/local/lib/python3.10/dist-packages/canopen_interfaces/canopen_interfaces_s__rosidl_typesupport_c.cpython-310-x86_64-linux-gnu.so
[5.110s] -- Installing: /home/roburoc/PycharmProjects/P9-RobuROC4/install/canopen_interfaces/local/lib/python3.10/dist-packages/canopen_interfaces/_canopen_interfaces_s.ep.rosidl_typesupport_c.c
[5.110s] -- Up-to-date: /home/roburoc/PycharmProjects/P9-RobuROC4/install/canopen_interfaces/local/lib/python3.10/dist-packages/canopen_interfaces/msg
[5.110s] -- Installing: /home/roburoc/PycharmProjects/P9-RobuROC4/install/canopen_interfaces/local/lib/python3.10/dist-packages/canopen_interfaces/msg/_can_subscription.py
[5.110s] -- Installing: /home/roburoc/PycharmProjects/P9-RobuROC4/install/canopen_interfaces/local/lib/python3.10/dist-packages/canopen_interfaces/msg/_can_write_s.c
[5.111s] -- Installing: /home/roburoc/PycharmProjects/P9-RobuROC4/install/canopen_interfaces/local/lib/python3.10/dist-packages/canopen_interfaces/msg/__init__.py
[5.111s] -- Installing: /home/roburoc/PycharmProjects/P9-RobuROC4/install/canopen_interfaces/local/lib/python3.10/dist-packages/canopen_interfaces/msg/_can_subscription_s.c
[5.111s] -- Installing: /home/roburoc/PycharmProjects/P9-RobuROC4/install/canopen_interfaces/local/lib/python3.10/dist-packages/canopen_interfaces/msg/_can_write.py
[5.111s] -- Installing: /home/roburoc/PycharmProjects/P9-RobuROC4/install/canopen_interfaces/local/lib/python3.10/dist-packages/canopen_interfaces/canopen_interfaces_s__rosidl_typesupport_introspection_c.cpython-310-x86_64-linux-gnu.so
[5.111s] -- Installing: /home/roburoc/PycharmProjects/P9-RobuROC4/install/canopen_interfaces/local/lib/python3.10/dist-packages/canopen_interfaces/__init__.py
[5.111s] -- Installing: /home/roburoc/PycharmProjects/P9-RobuROC4/install/canopen_interfaces/local/lib/python3.10/dist-packages/canopen_interfaces/canopen_interfaces_s__rosidl_typesupport_fastrtps_c.cpython-310-x86_64-linux-gnu.so
[5.149s] Listing '/home/roburoc/PycharmProjects/P9-RobuROC4/install/canopen_interfaces/local/lib/python3.10/dist-packages/canopen_interfaces'...
[5.149s] Compiling '/home/roburoc/PycharmProjects/P9-RobuROC4/install/canopen_interfaces/local/lib/python3.10/dist-packages/canopen_interfaces/__init__.py'...
[5.149s] Listing '/home/roburoc/PycharmProjects/P9-RobuROC4/install/canopen_interfaces/local/lib/python3.10/dist-packages/canopen_interfaces/msg'...
[5.149s] Compiling '/home/roburoc/PycharmProjects/P9-RobuROC4/install/canopen_interfaces/local/lib/python3.10/dist-packages/canopen_interfaces/msg/__init__.py'...
[5.149s] Compiling '/home/roburoc/PycharmProjects/P9-RobuROC4/install/canopen_interfaces/local/lib/python3.10/dist-packages/canopen_interfaces/msg/_can_subscription.py'...
[5.149s] Compiling '/home/roburoc/PycharmProjects/P9-RobuROC4/install/canopen_interfaces/local/lib/python3.10/dist-packages/canopen_interfaces/msg/_can_write.py'...
[5.149s] Listing '/home/roburoc/PycharmProjects/P9-RobuROC4/install/canopen_interfaces/local/lib/python3.10/dist-packages/canopen_interfaces/srv'...
[5.149s] Compiling '/home/roburoc/PycharmProjects/P9-RobuROC4/install/canopen_interfaces/local/lib/python3.10/dist-packages/canopen_interfaces/srv/__init__.py'...
[5.149s] Compiling '/home/roburoc/PycharmProjects/P9-RobuROC4/install/canopen_interfaces/local/lib/python3.10/dist-packages/canopen_interfaces/srv/_can_connection.py'...
[5.149s] Compiling '/home/roburoc/PycharmProjects/P9-RobuROC4/install/canopen_interfaces/local/lib/python3.10/dist-packages/canopen_interfaces/srv/_can_periodic_task.py'...
[5.149s] Compiling '/home/roburoc/PycharmProjects/P9-RobuROC4/install/canopen_interfaces/local/lib/python3.10/dist-packages/canopen_interfaces/srv/_can_read.py'...
[5.149s] Compiling '/home/roburoc/PycharmProjects/P9-RobuROC4/install/canopen_interfaces/local/lib/python3.10/dist-packages/canopen_interfaces/srv/_can_subscribe.py'...
[5.153s] -- Installing: /home/roburoc/PycharmProjects/P9-RobuROC4/install/canopen_interfaces/local/lib/python3.10/dist-packages/canopen_interfaces/canopen_interfaces_s__rosidl_typesupport_fastrtps_c.cpython-310-x86_64-linux-gnu.so
[5.153s] -- Set runtime path of "/home/roburoc/PycharmProjects/P9-RobuROC4/install/canopen_interfaces/local/lib/python3.10/dist-packages/canopen_interfaces/canopen_interfaces_s__rosidl_typesupport_fastrtps_c.cpython-310-x86_64-linux-gnu.so" to ""
[5.153s] -- Installing: /home/roburoc/PycharmProjects/P9-RobuROC4/install/canopen_interfaces/local/lib/python3.10/dist-packages/canopen_interfaces/canopen_interfaces_s__rosidl_typesupport_introspection_c.cpython-310-x86_64-linux-gnu.so
[5.153s] -- Set runtime path of "/home/roburoc/PycharmProjects/P9-RobuROC4/install/canopen_interfaces/local/lib/python3.10/dist-packages/canopen_interfaces/canopen_interfaces_s__rosidl_typesupport_introspection_c.cpython-310-x86_64-linux-gnu.so" to ""
[5.153s] -- Installing: /home/roburoc/PycharmProjects/P9-RobuROC4/install/canopen_interfaces/local/lib/python3.10/dist-packages/canopen_interfaces/canopen_interfaces_s__rosidl_typesupport_c.cpython-310-x86_64-linux-gnu.so
[5.154s] -- Set runtime path of "/home/roburoc/PycharmProjects/P9-RobuROC4/install/canopen_interfaces/local/lib/python3.10/dist-packages/canopen_interfaces/canopen_interfaces_s__rosidl_typesupport_c.cpython-310-x86_64-linux-gnu.so" to ""
[5.154s] -- Installing: /home/roburoc/PycharmProjects/P9-RobuROC4/install/canopen_interfaces/lib/libcanopen_interfaces__rosidl_generator_py.so
[5.154s] -- Set runtime path of "/home/roburoc/PycharmProjects/P9-RobuROC4/install/canopen_interfaces/lib/libcanopen_interfaces__rosidl_generator_py.so" to ""
[5.154s] -- Up-to-date: /home/roburoc/PycharmProjects/P9-RobuROC4/install/canopen_interfaces/share/canopen_interfaces/msg/CANWrite.idl
[5.154s] -- Installing: /home/roburoc/PycharmProjects/P9-RobuROC4/install/canopen_interfaces/share/canopen_interfaces/msg/CANSubscription.idl
[5.155s] -- Up-to-date: /home/roburoc/PycharmProjects/P9-RobuROC4/install/canopen_interfaces/share/canopen_interfaces/srv/CANSubscribe.idl
[5.155s] -- Up-to-date: /home/roburoc/PycharmProjects/P9-RobuROC4/install/canopen_interfaces/share/canopen_interfaces/srv/CANPeriodicTask.idl
[5.155s] -- Up-to-date: /home/roburoc/PycharmProjects/P9-RobuROC4/install/canopen_interfaces/share/canopen_interfaces/srv/CANRead.idl
[5.155s] -- Up-to-date: /home/roburoc/PycharmProjects/P9-RobuROC4/install/canopen_interfaces/share/canopen_interfaces/srv/CANConnection.idl
[5.155s] -- Up-to-date: /home/roburoc/PycharmProjects/P9-RobuROC4/install/canopen_interfaces/share/canopen_interfaces/msg/CANWrite.msg
[5.155s] -- Installing: /home/roburoc/PycharmProjects/P9-RobuROC4/install/canopen_interfaces/share/canopen_interfaces/msg/CANSubscription.msg
[5.155s] -- Up-to-date: /home/roburoc/PycharmProjects/P9-RobuROC4/install/canopen_interfaces/share/canopen_interfaces/srv/CANSubscribe.srv
[5.155s] -- Up-to-date: /home/roburoc/PycharmProjects/P9-RobuROC4/install/canopen_interfaces/share/canopen_interfaces/srv/CANSubscribe_Request.msg
[5.155s] -- Up-to-date: /home/roburoc/PycharmProjects/P9-RobuROC4/install/canopen_interfaces/share/canopen_interfaces/srv/CANSubscribe_Response.msg
[5.155s] -- Up-to-date: /home/roburoc/PycharmProjects/P9-RobuROC4/install/canopen_interfaces/share/canopen_interfaces/srv/CANPeriodicTask.srv
[5.155s] -- Up-to-date: /home/roburoc/PycharmProjects/P9-RobuROC4/install/canopen_interfaces/share/canopen_interfaces/srv/CANPeriodicTask_Request.msg
[5.155s] -- Up-to-date: /home/roburoc/PycharmProjects/P9-RobuROC4/install/canopen_interfaces/share/canopen_interfaces/srv/CANPeriodicTask_Response.msg
[5.156s] -- Up-to-date: /home/roburoc/PycharmProjects/P9-RobuROC4/install/canopen_interfaces/share/canopen_interfaces/srv/CANRead.srv
[5.156s] -- Up-to-date: /home/roburoc/PycharmProjects/P9-RobuROC4/install/canopen_interfaces/share/canopen_interfaces/srv/CANRead_Request.msg
[5.156s] -- Up-to-date: /home/roburoc/PycharmProjects/P9-RobuROC4/install/canopen_interfaces/share/canopen_interfaces/srv/CANRead_Response.msg
[5.156s] -- Up-to-date: /home/roburoc/PycharmProjects/P9-RobuROC4/install/canopen_interfaces/share/canopen_interfaces/srv/CANConnection.srv
[5.156s] -- Up-to-date: /home/roburoc/PycharmProjects/P9-RobuROC4/install/canopen_interfaces/share/canopen_interfaces/srv/CANConnection_Request.msg
[5.156s] -- Up-to-date: /home/roburoc/PycharmProjects/P9-RobuROC4/install/canopen_interfaces/share/canopen_interfaces/srv/CANConnection_Response.msg
[5.156s] -- Up-to-date: /home/roburoc/PycharmProjects/P9-RobuROC4/install/canopen_interfaces/share/ament_index/resource_index/package_run_dependencies/canopen_interfaces
[5.156s] -- Installing: /home/roburoc/PycharmProjects/P9-RobuROC4/install/canopen_interfaces/share/ament_index/resource_index/parent_prefix_path/canopen_interfaces
[5.156s] -- Up-to-date: /home/roburoc/PycharmProjects/P9-RobuROC4/install/canopen_interfaces/share/canopen_interfaces/environment/ament_prefix_path.sh
[5.156s] -- Installing: /home/roburoc/PycharmProjects/P9-RobuROC4/install/canopen_interfaces/share/canopen_interfaces/environment/ament_prefix_path.dsv
[5.156s] -- Up-to-date: /home/roburoc/PycharmProjects/P9-RobuROC4/install/canopen_interfaces/share/canopen_interfaces/environment/path.sh
[5.156s] -- Installing: /home/roburoc/PycharmProjects/P9-RobuROC4/install/canopen_interfaces/share/canopen_interfaces/environment/path.dsv
[5.156s] -- Up-to-date: /home/roburoc/PycharmProjects/P9-RobuROC4/install/canopen_interfaces/share/canopen_interfaces/local_setup.bash
[5.156s] -- Up-to-date: /home/roburoc/PycharmProjects/P9-RobuROC4/install/canopen_interfaces/share/canopen_interfaces/local_setup.sh
[5.156s] -- Up-to-date: /home/roburoc/PycharmProjects/P9-RobuROC4/install/canopen_interfaces/share/canopen_interfaces/local_setup.zsh
[5.156s] -- Installing: /home/roburoc/PycharmProjects/P9-RobuROC4/install/canopen_interfaces/share/canopen_interfaces/local_setup.dsv
[5.157s] -- Installing: /home/roburoc/PycharmProjects/P9-RobuROC4/install/canopen_interfaces/share/canopen_interfaces/package.dsv
[5.157s] -- Up-to-date: /home/roburoc/PycharmProjects/P9-RobuROC4/install/canopen_interfaces/share/ament_index/resource_index/packages/canopen_interfaces
[5.157s] -- Up-to-date: /home/roburoc/PycharmProjects/P9-RobuROC4/install/canopen_interfaces/share/canopen_interfaces/cmake/export_canopen_interfaces__rosidl_generator_cExport.cmake
[5.157s] -- Up-to-date: /home/roburoc/PycharmProjects/P9-RobuROC4/install/canopen_interfaces/share/canopen_interfaces/cmake/export_canopen_interfaces__rosidl_generator_cExport-noconfig.cmake
[5.157s] -- Up-to-date: /home/roburoc/PycharmProjects/P9-RobuROC4/install/canopen_interfaces/share/canopen_interfaces/cmake/export_canopen_interfaces__rosidl_typesupport_fastrtps_cExport.cmake
[5.157s] -- Up-to-date: /home/roburoc/PycharmProjects/P9-RobuROC4/install/canopen_interfaces/share/canopen_interfaces/cmake/export_canopen_interfaces__rosidl_typesupport_fastrtps_cExport-noconfig.cmake
[5.157s] -- Up-to-date: /home/roburoc/PycharmProjects/P9-RobuROC4/install/canopen_interfaces/share/canopen_interfaces/cmake/export_canopen_interfaces__rosidl_generator_cppExport.cmake
[5.157s] -- Up-to-date: /home/roburoc/PycharmProjects/P9-RobuROC4/install/canopen_interfaces/share/canopen_interfaces/cmake/export_canopen_interfaces__rosidl_typesupport_fastrtps_cppExport.cmake
[5.157s] -- Up-to-date: /home/roburoc/PycharmProjects/P9-RobuROC4/install/canopen_interfaces/share/canopen_interfaces/cmake/export_canopen_interfaces__rosidl_typesupport_fastrtps_cppExport-noconfig.cmake
[5.157s] -- Up-to-date: /home/roburoc/PycharmProjects/P9-RobuROC4/install/canopen_interfaces/share/canopen_interfaces/cmake/canopen_interfaces__rosidl_typesupport_introspection_cExport.cmake
[5.157s] -- Up-to-date: /home/roburoc/PycharmProjects/P9-RobuROC4/install/canopen_interfaces/share/canopen_interfaces/cmake/canopen_interfaces__rosidl_typesupport_introspection_cExport-noconfig.cmake
[5.157s] -- Up-to-date: /home/roburoc/PycharmProjects/P9-RobuROC4/install/canopen_interfaces/share/canopen_interfaces/cmake/canopen_interfaces__rosidl_typesupport_cExport.cmake
[5.157s] -- Up-to-date: /home/roburoc/PycharmProjects/P9-RobuROC4/install/canopen_interfaces/share/canopen_interfaces/cmake/canopen_interfaces__rosidl_typesupport_cExport-noconfig.cmake
[5.157s] -- Up-to-date: /home/roburoc/PycharmProjects/P9-RobuROC4/install/canopen_interfaces/share/canopen_interfaces/cmake/canopen_interfaces__rosidl_typesupport_introspection_cppExport.cmake
[5.157s] -- Up-to-date: /home/roburoc/PycharmProjects/P9-RobuROC4/install/canopen_interfaces/share/canopen_interfaces/cmake/canopen_interfaces__rosidl_typesupport_introspection_cppExport-noconfig.cmake
[5.157s] -- Up-to-date: /home/roburoc/PycharmProjects/P9-RobuROC4/install/canopen_interfaces/share/canopen_interfaces/cmake/canopen_interfaces__rosidl_typesupport_cppExport.cmake
[5.158s] -- Up-to-date: /home/roburoc/PycharmProjects/P9-RobuROC4/install/canopen_interfaces/share/canopen_interfaces/cmake/canopen_interfaces__rosidl_typesupport_cppExport-noconfig.cmake
[5.158s] -- Up-to-date: /home/roburoc/PycharmProjects/P9-RobuROC4/install/canopen_interfaces/share/canopen_interfaces/cmake/export_canopen_interfaces__rosidl_generator_pyExport.cmake
[5.158s] -- Up-to-date: /home/roburoc/PycharmProjects/P9-RobuROC4/install/canopen_interfaces/share/canopen_interfaces/cmake/export_canopen_interfaces__rosidl_generator_pyExport-noconfig.cmake
[5.158s] -- Up-to-date: /home/roburoc/PycharmProjects/P9-RobuROC4/install/canopen_interfaces/share/canopen_interfaces/cmake/rosidl_cmake-extras.cmake
[5.158s] -- Up-to-date: /home/roburoc/PycharmProjects/P9-RobuROC4/install/canopen_interfaces/share/canopen_interfaces/cmake/ament_cmake_export_dependencies-extras.cmake
[5.158s] -- Up-to-date: /home/roburoc/PycharmProjects/P9-RobuROC4/install/canopen_interfaces/share/canopen_interfaces/cmake/ament_cmake_export_include_directories-extras.cmake
[5.158s] -- Up-to-date: /home/roburoc/PycharmProjects/P9-RobuROC4/install/canopen_interfaces/share/canopen_interfaces/cmake/ament_cmake_export_libraries-extras.cmake
[5.158s] -- Up-to-date: /home/roburoc/PycharmProjects/P9-RobuROC4/install/canopen_interfaces/share/canopen_interfaces/cmake/ament_cmake_export_targets-extras.cmake
[5.158s] -- Up-to-date: /home/roburoc/PycharmProjects/P9-RobuROC4/install/canopen_interfaces/share/canopen_interfaces/cmake/rosidl_cmake_export_typesupport_targets-extras.cmake
[5.158s] -- Up-to-date: /home/roburoc/PycharmProjects/P9-RobuROC4/install/canopen_interfaces/share/canopen_interfaces/cmake/rosidl_cmake_export_typesupport_libraries-extras.cmake
[5.158s] -- Up-to-date: /home/roburoc/PycharmProjects/P9-RobuROC4/install/canopen_interfaces/share/canopen_interfaces/cmake/canopen_interfacesConfig.cmake
[5.158s] -- Up-to-date: /home/roburoc/PycharmProjects/P9-RobuROC4/install/canopen_interfaces/share/canopen_interfaces/cmake/canopen_interfacesConfig-version.cmake
[5.158s] -- Up-to-date: /home/roburoc/PycharmProjects/P9-RobuROC4/install/canopen_interfaces/share/canopen_interfaces/package.xml
[5.159s] Invoked command in '/home/roburoc/PycharmProjects/P9-RobuROC4/build/canopen_interfaces' returned '0': CMAKE_PREFIX_PATH=${CMAKE_PREFIX_PATH}:/opt/ros/humble /usr/bin/cmake --install /home/roburoc/PycharmProjects/P9-RobuROC4/build/canopen_interfaces
