[0.014s] Invoking command in '/home/roburoc/PycharmProjects/P9-RobuROC4/src/build/velodyne_gazebo_plugins': CMAKE_PREFIX_PATH=/opt/ros/humble /usr/bin/cmake /home/roburoc/PycharmProjects/P9-RobuROC4/src/thirdparty/velodyne_simulator-dashing-devel/velodyne_gazebo_plugins -DCMAKE_INSTALL_PREFIX=/home/roburoc/PycharmProjects/P9-RobuROC4/src/install/velodyne_gazebo_plugins
[0.066s] -- The C compiler identification is GNU 12.3.0
[0.113s] -- The CXX compiler identification is GNU 11.4.0
[0.120s] -- Detecting C compiler ABI info
[0.176s] -- Detecting C compiler ABI info - done
[0.187s] -- Check for working C compiler: /usr/bin/cc - skipped
[0.187s] -- Detecting C compile features
[0.188s] -- Detecting C compile features - done
[0.191s] -- Detecting CXX compiler ABI info
[0.259s] -- Detecting CXX compiler ABI info - done
[0.267s] -- Check for working CXX compiler: /usr/bin/c++ - skipped
[0.267s] -- Detecting CXX compile features
[0.267s] -- Detecting CXX compile features - done
[0.269s] -- Found ament_cmake: 1.3.10 (/opt/ros/humble/share/ament_cmake/cmake)
[0.411s] -- Found Python3: /usr/bin/python3 (found version "3.10.12") found components: Interpreter 
[0.497s] -- Found gazebo_dev: 3.7.0 (/opt/ros/humble/share/gazebo_dev/cmake)
[0.503s] -- Found PkgConfig: /usr/bin/pkg-config (found version "0.29.2") 
[0.507s] -- Checking for module 'bullet>=2.82'
[0.517s] --   Found bullet, version 3.05
[0.595s] -- Found fcl: /usr/include (found suitable version "0.7.0", minimum required is "0.5.0") 
[0.640s] -- Found assimp: /usr/include (found version "5.2.0") 
[0.655s] -- Found DART: /usr/include (Required is at least version "6.6") found components: dart 
[0.817s] -- Found Boost: /usr/lib/x86_64-linux-gnu/cmake/Boost-1.74.0/BoostConfig.cmake (found suitable version "1.74.0", minimum required is "1.40.0") found components: thread system filesystem program_options regex iostreams date_time 
[0.836s] -- Found Protobuf: /usr/lib/x86_64-linux-gnu/libprotobuf.so (found version "3.12.4") 
[0.842s] -- Looking for ignition-math6 -- found version 6.15.1
[0.848s] -- Searching for dependencies of ignition-math6
[0.849s] -- Looking for OGRE...
[0.849s] -- OGRE_PREFIX_WATCH changed.
[0.854s] -- Checking for module 'OGRE'
[0.865s] --   Found OGRE, version 1.9.0
[0.892s] -- Found Ogre Ghadamon (1.9.0)
[0.902s] -- Found OGRE: optimized;/usr/lib/x86_64-linux-gnu/libOgreMain.so;debug;/usr/lib/x86_64-linux-gnu/libOgreMain.so
[0.910s] -- Looking for OGRE_Paging...
[0.918s] -- Found OGRE_Paging: optimized;/usr/lib/x86_64-linux-gnu/libOgrePaging.so;debug;/usr/lib/x86_64-linux-gnu/libOgrePaging.so
[0.918s] -- Looking for OGRE_Terrain...
[0.924s] -- Found OGRE_Terrain: optimized;/usr/lib/x86_64-linux-gnu/libOgreTerrain.so;debug;/usr/lib/x86_64-linux-gnu/libOgreTerrain.so
[0.925s] -- Looking for OGRE_Property...
[0.931s] -- Found OGRE_Property: optimized;/usr/lib/x86_64-linux-gnu/libOgreProperty.so;debug;/usr/lib/x86_64-linux-gnu/libOgreProperty.so
[0.931s] -- Looking for OGRE_RTShaderSystem...
[0.937s] -- Found OGRE_RTShaderSystem: optimized;/usr/lib/x86_64-linux-gnu/libOgreRTShaderSystem.so;debug;/usr/lib/x86_64-linux-gnu/libOgreRTShaderSystem.so
[0.937s] -- Looking for OGRE_Volume...
[0.942s] -- Found OGRE_Volume: optimized;/usr/lib/x86_64-linux-gnu/libOgreVolume.so;debug;/usr/lib/x86_64-linux-gnu/libOgreVolume.so
[0.942s] -- Looking for OGRE_Overlay...
[0.948s] -- Found OGRE_Overlay: optimized;/usr/lib/x86_64-linux-gnu/libOgreOverlay.so;debug;/usr/lib/x86_64-linux-gnu/libOgreOverlay.so
[1.086s] -- Looking for ignition-math6 -- found version 6.15.1
[1.088s] -- Looking for ignition-transport8 -- found version 8.2.1
[1.088s] -- Searching for dependencies of ignition-transport8
[1.106s] -- Found Protobuf: /usr/lib/x86_64-linux-gnu/libprotobuf.so (found suitable version "3.12.4", minimum required is "3") 
[1.118s] -- Config-file not installed for ZeroMQ -- checking for pkg-config
[1.122s] -- Checking for module 'libzmq >= 4'
[1.133s] --   Found libzmq , version 4.3.4
[1.166s] -- Found ZeroMQ: TRUE (Required is at least version "4") 
[1.172s] -- Checking for module 'uuid'
[1.182s] --   Found uuid, version 2.37.2
[1.211s] -- Found UUID: TRUE  
[1.213s] -- Looking for ignition-msgs5 -- found version 5.8.1
[1.213s] -- Searching for dependencies of ignition-msgs5
[1.231s] -- Looking for ignition-math6 -- found version 6.15.1
[1.236s] -- Checking for module 'tinyxml2'
[1.246s] --   Found tinyxml2, version 9.0.0
[1.273s] -- Looking for ignition-msgs5 -- found version 5.8.1
[1.275s] -- Looking for ignition-common3 -- found version 3.14.0
[1.275s] -- Searching for dependencies of ignition-common3
[1.275s] -- Looking for dlfcn.h - found
[1.276s] -- Looking for libdl - found
[1.278s] -- Found DL: TRUE  
[1.289s] -- Found tinyobjloader: /usr/lib/x86_64-linux-gnu/cmake/tinyobjloader/tinyobjloader-config.cmake (found version "2.0.0") 
[1.289s] -- Searching for <ignition-common3> component [graphics]
[1.292s] -- Looking for ignition-common3-graphics -- found version 3.14.0
[1.292s] -- Searching for dependencies of ignition-common3-graphics
[1.293s] -- Looking for ignition-math6 -- found version 6.15.1
[1.296s] -- Looking for ignition-fuel_tools4 -- found version 4.4.0
[1.297s] -- Searching for dependencies of ignition-fuel_tools4
[1.370s] -- Found CURL: /usr/lib/x86_64-linux-gnu/libcurl.so (found version "7.81.0")  
[1.378s] -- Checking for module 'jsoncpp'
[1.388s] --   Found jsoncpp, version 1.9.5
[1.415s] -- Found JSONCPP: TRUE  
[1.420s] -- Checking for module 'libzip'
[1.430s] --   Found libzip, version 1.7.3
[1.455s] -- Found ZIP: TRUE  
[1.456s] -- Looking for ignition-common3 -- found version 3.14.0
[1.456s] -- Looking for ignition-math6 -- found version 6.15.1
[1.456s] -- Looking for ignition-msgs5 -- found version 5.8.1
[1.460s] -- Gazebo version: 11.10
[1.460s] -- Checking for module 'tbb'
[1.470s] --   Found tbb, version 2021.5.0
[1.496s] -- Found gazebo_ros: 3.7.0 (/opt/ros/humble/share/gazebo_ros/cmake)
[1.536s] -- Found rosidl_generator_c: 3.1.5 (/opt/ros/humble/share/rosidl_generator_c/cmake)
[1.542s] -- Found rosidl_adapter: 3.1.5 (/opt/ros/humble/share/rosidl_adapter/cmake)
[1.550s] -- Found rosidl_generator_cpp: 3.1.5 (/opt/ros/humble/share/rosidl_generator_cpp/cmake)
[1.562s] -- Using all available rosidl_typesupport_c: rosidl_typesupport_fastrtps_c;rosidl_typesupport_introspection_c
[1.578s] -- Using all available rosidl_typesupport_cpp: rosidl_typesupport_fastrtps_cpp;rosidl_typesupport_introspection_cpp
[1.623s] -- Found rmw_implementation_cmake: 6.1.2 (/opt/ros/humble/share/rmw_implementation_cmake/cmake)
[1.626s] -- Found rmw_fastrtps_cpp: 6.2.7 (/opt/ros/humble/share/rmw_fastrtps_cpp/cmake)
[1.704s] -- Found OpenSSL: /usr/lib/x86_64-linux-gnu/libcrypto.so (found version "3.0.2")  
[1.728s] -- Found FastRTPS: /opt/ros/humble/include  
[1.768s] -- Using RMW implementation 'rmw_fastrtps_cpp' as default
[1.777s] -- Found Threads: TRUE  
[1.828s] -- Found gazebo_msgs: 3.7.0 (/opt/ros/humble/share/gazebo_msgs/cmake)
[1.879s] -- Found sensor_msgs: 4.2.4 (/opt/ros/humble/share/sensor_msgs/cmake)
[1.895s] -- Found tf2: 0.25.8 (/opt/ros/humble/share/tf2/cmake)
[1.968s] -- Configuring done
[1.992s] -- Generating done
[1.995s] -- Build files have been written to: /home/roburoc/PycharmProjects/P9-RobuROC4/src/build/velodyne_gazebo_plugins
[2.012s] Invoked command in '/home/roburoc/PycharmProjects/P9-RobuROC4/src/build/velodyne_gazebo_plugins' returned '0': CMAKE_PREFIX_PATH=/opt/ros/humble /usr/bin/cmake /home/roburoc/PycharmProjects/P9-RobuROC4/src/thirdparty/velodyne_simulator-dashing-devel/velodyne_gazebo_plugins -DCMAKE_INSTALL_PREFIX=/home/roburoc/PycharmProjects/P9-RobuROC4/src/install/velodyne_gazebo_plugins
[2.013s] Invoking command in '/home/roburoc/PycharmProjects/P9-RobuROC4/src/build/velodyne_gazebo_plugins': CMAKE_PREFIX_PATH=/opt/ros/humble /usr/bin/cmake --build /home/roburoc/PycharmProjects/P9-RobuROC4/src/build/velodyne_gazebo_plugins -- -j12 -l12
[2.053s] [ 50%] [32mBuilding CXX object CMakeFiles/gazebo_ros_velodyne_laser.dir/src/GazeboRosVelodyneLaser.cpp.o[0m
[11.158s] In file included from [01m[K/opt/ros/humble/include/rclcpp/rclcpp/logging.hpp:24[m[K,
[11.159s]                  from [01m[K/opt/ros/humble/include/rclcpp/rclcpp/client.hpp:40[m[K,
[11.159s]                  from [01m[K/opt/ros/humble/include/rclcpp/rclcpp/callback_group.hpp:24[m[K,
[11.159s]                  from [01m[K/opt/ros/humble/include/rclcpp/rclcpp/any_executable.hpp:20[m[K,
[11.159s]                  from [01m[K/opt/ros/humble/include/rclcpp/rclcpp/memory_strategy.hpp:25[m[K,
[11.159s]                  from [01m[K/opt/ros/humble/include/rclcpp/rclcpp/memory_strategies.hpp:18[m[K,
[11.159s]                  from [01m[K/opt/ros/humble/include/rclcpp/rclcpp/executor_options.hpp:20[m[K,
[11.159s]                  from [01m[K/opt/ros/humble/include/rclcpp/rclcpp/executor.hpp:37[m[K,
[11.159s]                  from [01m[K/opt/ros/humble/include/rclcpp/rclcpp/executors/multi_threaded_executor.hpp:25[m[K,
[11.159s]                  from [01m[K/opt/ros/humble/include/rclcpp/rclcpp/executors.hpp:21[m[K,
[11.159s]                  from [01m[K/opt/ros/humble/include/rclcpp/rclcpp/rclcpp.hpp:155[m[K,
[11.159s]                  from [01m[K/opt/ros/humble/include/gazebo_ros/node.hpp:18[m[K,
[11.159s]                  from [01m[K/home/roburoc/PycharmProjects/P9-RobuROC4/src/thirdparty/velodyne_simulator-dashing-devel/velodyne_gazebo_plugins/include/velodyne_gazebo_plugins/GazeboRosVelodyneLaser.h:53[m[K,
[11.159s]                  from [01m[K/home/roburoc/PycharmProjects/P9-RobuROC4/src/thirdparty/velodyne_simulator-dashing-devel/velodyne_gazebo_plugins/src/GazeboRosVelodyneLaser.cpp:35[m[K:
[11.159s] [01m[K/home/roburoc/PycharmProjects/P9-RobuROC4/src/thirdparty/velodyne_simulator-dashing-devel/velodyne_gazebo_plugins/src/GazeboRosVelodyneLaser.cpp:[m[K In member function ‘[01m[Kvirtual void gazebo::GazeboRosVelodyneLaser::Load(gazebo::sensors::SensorPtr, sdf::v9::ElementPtr)[m[K’:
[11.159s] [01m[K/home/roburoc/PycharmProjects/P9-RobuROC4/src/thirdparty/velodyne_simulator-dashing-devel/velodyne_gazebo_plugins/src/GazeboRosVelodyneLaser.cpp:295:40:[m[K [01;35m[Kwarning: [m[Kformat ‘[01m[K%s[m[K’ expects a matching ‘[01m[Kchar*[m[K’ argument [[01;35m[K]8;;https://gcc.gnu.org/onlinedocs/gcc/Warning-Options.html#index-Wformat=-Wformat=]8;;[m[K]
[11.159s]   295 |   RCLCPP_INFO(ros_node_->get_logger(), [01;35m[K"Velodyne %slaser plugin ready"[m[K);
[11.159s]       |                                        [01;35m[K^~~~~~~~~~~~~~~~~~~~~~~~~~~~~~~[m[K
[11.159s] [01m[K/home/roburoc/PycharmProjects/P9-RobuROC4/src/thirdparty/velodyne_simulator-dashing-devel/velodyne_gazebo_plugins/src/GazeboRosVelodyneLaser.cpp:295:51:[m[K [01;36m[Knote: [m[Kformat string is defined here
[11.159s]   295 |   RCLCPP_INFO(ros_node_->get_logger(), "Velodyne [01;36m[K%s[m[Klaser plugin ready");
[11.160s]       |                                                  [01;36m[K~^[m[K
[11.160s]       |                                                   [01;36m[K|[m[K
[11.160s]       |                                                   [01;36m[Kchar*[m[K
[15.828s] [100%] [32m[1mLinking CXX shared library libgazebo_ros_velodyne_laser.so[0m
[16.458s] [100%] Built target gazebo_ros_velodyne_laser
[16.468s] Invoked command in '/home/roburoc/PycharmProjects/P9-RobuROC4/src/build/velodyne_gazebo_plugins' returned '0': CMAKE_PREFIX_PATH=/opt/ros/humble /usr/bin/cmake --build /home/roburoc/PycharmProjects/P9-RobuROC4/src/build/velodyne_gazebo_plugins -- -j12 -l12
[16.495s] Invoking command in '/home/roburoc/PycharmProjects/P9-RobuROC4/src/build/velodyne_gazebo_plugins': CMAKE_PREFIX_PATH=/opt/ros/humble /usr/bin/cmake --install /home/roburoc/PycharmProjects/P9-RobuROC4/src/build/velodyne_gazebo_plugins
[16.501s] -- Install configuration: ""
[16.502s] -- Installing: /home/roburoc/PycharmProjects/P9-RobuROC4/src/install/velodyne_gazebo_plugins/share/velodyne_gazebo_plugins/environment/library_path.sh
[16.502s] -- Installing: /home/roburoc/PycharmProjects/P9-RobuROC4/src/install/velodyne_gazebo_plugins/share/velodyne_gazebo_plugins/environment/library_path.dsv
[16.502s] -- Installing: /home/roburoc/PycharmProjects/P9-RobuROC4/src/install/velodyne_gazebo_plugins/share/ament_index/resource_index/package_run_dependencies/velodyne_gazebo_plugins
[16.502s] -- Installing: /home/roburoc/PycharmProjects/P9-RobuROC4/src/install/velodyne_gazebo_plugins/share/ament_index/resource_index/parent_prefix_path/velodyne_gazebo_plugins
[16.502s] -- Installing: /home/roburoc/PycharmProjects/P9-RobuROC4/src/install/velodyne_gazebo_plugins/share/velodyne_gazebo_plugins/environment/ament_prefix_path.sh
[16.502s] -- Installing: /home/roburoc/PycharmProjects/P9-RobuROC4/src/install/velodyne_gazebo_plugins/share/velodyne_gazebo_plugins/environment/ament_prefix_path.dsv
[16.502s] -- Installing: /home/roburoc/PycharmProjects/P9-RobuROC4/src/install/velodyne_gazebo_plugins/share/velodyne_gazebo_plugins/environment/path.sh
[16.502s] -- Installing: /home/roburoc/PycharmProjects/P9-RobuROC4/src/install/velodyne_gazebo_plugins/share/velodyne_gazebo_plugins/environment/path.dsv
[16.503s] -- Installing: /home/roburoc/PycharmProjects/P9-RobuROC4/src/install/velodyne_gazebo_plugins/share/velodyne_gazebo_plugins/local_setup.bash
[16.503s] -- Installing: /home/roburoc/PycharmProjects/P9-RobuROC4/src/install/velodyne_gazebo_plugins/share/velodyne_gazebo_plugins/local_setup.sh
[16.503s] -- Installing: /home/roburoc/PycharmProjects/P9-RobuROC4/src/install/velodyne_gazebo_plugins/share/velodyne_gazebo_plugins/local_setup.zsh
[16.503s] -- Installing: /home/roburoc/PycharmProjects/P9-RobuROC4/src/install/velodyne_gazebo_plugins/share/velodyne_gazebo_plugins/local_setup.dsv
[16.503s] -- Installing: /home/roburoc/PycharmProjects/P9-RobuROC4/src/install/velodyne_gazebo_plugins/share/velodyne_gazebo_plugins/package.dsv
[16.503s] -- Installing: /home/roburoc/PycharmProjects/P9-RobuROC4/src/install/velodyne_gazebo_plugins/share/ament_index/resource_index/packages/velodyne_gazebo_plugins
[16.503s] -- Installing: /home/roburoc/PycharmProjects/P9-RobuROC4/src/install/velodyne_gazebo_plugins/share/velodyne_gazebo_plugins/cmake/ament_cmake_export_libraries-extras.cmake
[16.503s] -- Installing: /home/roburoc/PycharmProjects/P9-RobuROC4/src/install/velodyne_gazebo_plugins/share/velodyne_gazebo_plugins/cmake/ament_cmake_export_include_directories-extras.cmake
[16.503s] -- Installing: /home/roburoc/PycharmProjects/P9-RobuROC4/src/install/velodyne_gazebo_plugins/share/velodyne_gazebo_plugins/cmake/ament_cmake_export_dependencies-extras.cmake
[16.504s] -- Installing: /home/roburoc/PycharmProjects/P9-RobuROC4/src/install/velodyne_gazebo_plugins/share/velodyne_gazebo_plugins/cmake/velodyne_gazebo_pluginsConfig.cmake
[16.504s] -- Installing: /home/roburoc/PycharmProjects/P9-RobuROC4/src/install/velodyne_gazebo_plugins/share/velodyne_gazebo_plugins/cmake/velodyne_gazebo_pluginsConfig-version.cmake
[16.504s] -- Installing: /home/roburoc/PycharmProjects/P9-RobuROC4/src/install/velodyne_gazebo_plugins/share/velodyne_gazebo_plugins/package.xml
[16.504s] -- Installing: /home/roburoc/PycharmProjects/P9-RobuROC4/src/install/velodyne_gazebo_plugins/include
[16.504s] -- Installing: /home/roburoc/PycharmProjects/P9-RobuROC4/src/install/velodyne_gazebo_plugins/include/velodyne_gazebo_plugins
[16.504s] -- Installing: /home/roburoc/PycharmProjects/P9-RobuROC4/src/install/velodyne_gazebo_plugins/include/velodyne_gazebo_plugins/GazeboRosVelodyneLaser.h
[16.504s] -- Installing: /home/roburoc/PycharmProjects/P9-RobuROC4/src/install/velodyne_gazebo_plugins/lib/libgazebo_ros_velodyne_laser.so
[16.507s] -- Set runtime path of "/home/roburoc/PycharmProjects/P9-RobuROC4/src/install/velodyne_gazebo_plugins/lib/libgazebo_ros_velodyne_laser.so" to ""
[16.509s] Invoked command in '/home/roburoc/PycharmProjects/P9-RobuROC4/src/build/velodyne_gazebo_plugins' returned '0': CMAKE_PREFIX_PATH=/opt/ros/humble /usr/bin/cmake --install /home/roburoc/PycharmProjects/P9-RobuROC4/src/build/velodyne_gazebo_plugins
