[0.009s] Invoking command in '/home/roburoc/PycharmProjects/P9-RobuROC4/build/canopen_interfaces': CMAKE_PREFIX_PATH=${CMAKE_PREFIX_PATH}:/opt/ros/humble /usr/bin/cmake --build /home/roburoc/PycharmProjects/P9-RobuROC4/build/canopen_interfaces --clean-first -- -j12 -l12
[0.183s] [  1%] [34m[1mGenerating C code for ROS interfaces[0m
[0.190s] [  2%] [34m[1mGenerating C++ code for ROS interfaces[0m
[0.196s] [  2%] Built target ament_cmake_python_copy_canopen_interfaces
[0.423s] running egg_info
[0.424s] writing canopen_interfaces.egg-info/PKG-INFO
[0.424s] writing dependency_links to canopen_interfaces.egg-info/dependency_links.txt
[0.424s] writing top-level names to canopen_interfaces.egg-info/top_level.txt
[0.426s] reading manifest file 'canopen_interfaces.egg-info/SOURCES.txt'
[0.427s] writing manifest file 'canopen_interfaces.egg-info/SOURCES.txt'
[0.448s] [  2%] Built target ament_cmake_python_build_canopen_interfaces_egg
[0.737s] [  2%] Built target canopen_interfaces__cpp
[0.749s] [  5%] [34m[1mGenerating C++ type support dispatch for ROS interfaces[0m
[0.749s] [  5%] [34m[1mGenerating C++ type support for eProsima Fast-RTPS[0m
[0.760s] [  7%] [34m[1mGenerating C++ introspection for ROS interfaces[0m
[0.799s] [  8%] [32mBuilding C object CMakeFiles/canopen_interfaces__rosidl_generator_c.dir/rosidl_generator_c/canopen_interfaces/srv/detail/can_read__functions.c.o[0m
[0.800s] [ 11%] [32mBuilding C object CMakeFiles/canopen_interfaces__rosidl_generator_c.dir/rosidl_generator_c/canopen_interfaces/msg/detail/can_write__functions.c.o[0m
[0.800s] [ 11%] [32mBuilding C object CMakeFiles/canopen_interfaces__rosidl_generator_c.dir/rosidl_generator_c/canopen_interfaces/msg/detail/can_subscription__functions.c.o[0m
[0.800s] [ 12%] [32mBuilding C object CMakeFiles/canopen_interfaces__rosidl_generator_c.dir/rosidl_generator_c/canopen_interfaces/srv/detail/can_subscribe__functions.c.o[0m
[0.801s] [ 14%] [32mBuilding C object CMakeFiles/canopen_interfaces__rosidl_generator_c.dir/rosidl_generator_c/canopen_interfaces/srv/detail/can_periodic_task__functions.c.o[0m
[0.801s] [ 15%] [32mBuilding C object CMakeFiles/canopen_interfaces__rosidl_generator_c.dir/rosidl_generator_c/canopen_interfaces/srv/detail/can_connection__functions.c.o[0m
[0.933s] [ 16%] [32m[1mLinking C shared library libcanopen_interfaces__rosidl_generator_c.so[0m
[0.968s] [ 16%] Built target canopen_interfaces__rosidl_generator_c
[0.977s] [ 19%] [34m[1mGenerating C type support dispatch for ROS interfaces[0m
[0.977s] [ 19%] [34m[1mGenerating C introspection for ROS interfaces[0m
[0.977s] [ 21%] [34m[1mGenerating C type support for eProsima Fast-RTPS[0m
[1.189s] [ 22%] [32mBuilding CXX object CMakeFiles/canopen_interfaces__rosidl_typesupport_cpp.dir/rosidl_typesupport_cpp/canopen_interfaces/msg/can_write__type_support.cpp.o[0m
[1.189s] [ 23%] [32mBuilding CXX object CMakeFiles/canopen_interfaces__rosidl_typesupport_cpp.dir/rosidl_typesupport_cpp/canopen_interfaces/msg/can_subscription__type_support.cpp.o[0m
[1.189s] [ 25%] [32mBuilding CXX object CMakeFiles/canopen_interfaces__rosidl_typesupport_cpp.dir/rosidl_typesupport_cpp/canopen_interfaces/srv/can_subscribe__type_support.cpp.o[0m
[1.190s] [ 26%] [32mBuilding CXX object CMakeFiles/canopen_interfaces__rosidl_typesupport_cpp.dir/rosidl_typesupport_cpp/canopen_interfaces/srv/can_periodic_task__type_support.cpp.o[0m
[1.190s] [ 28%] [32mBuilding CXX object CMakeFiles/canopen_interfaces__rosidl_typesupport_cpp.dir/rosidl_typesupport_cpp/canopen_interfaces/srv/can_connection__type_support.cpp.o[0m
[1.191s] [ 29%] [32mBuilding CXX object CMakeFiles/canopen_interfaces__rosidl_typesupport_cpp.dir/rosidl_typesupport_cpp/canopen_interfaces/srv/can_read__type_support.cpp.o[0m
[1.319s] [ 32%] [32mBuilding CXX object CMakeFiles/canopen_interfaces__rosidl_typesupport_introspection_cpp.dir/rosidl_typesupport_introspection_cpp/canopen_interfaces/msg/detail/can_write__type_support.cpp.o[0m
[1.319s] [ 32%] [32mBuilding CXX object CMakeFiles/canopen_interfaces__rosidl_typesupport_introspection_cpp.dir/rosidl_typesupport_introspection_cpp/canopen_interfaces/msg/detail/can_subscription__type_support.cpp.o[0m
[1.494s] [ 33%] [32mBuilding CXX object CMakeFiles/canopen_interfaces__rosidl_typesupport_c.dir/rosidl_typesupport_c/canopen_interfaces/msg/can_write__type_support.cpp.o[0m
[1.512s] [ 35%] [32mBuilding CXX object CMakeFiles/canopen_interfaces__rosidl_typesupport_fastrtps_cpp.dir/rosidl_typesupport_fastrtps_cpp/canopen_interfaces/msg/detail/dds_fastrtps/can_write__type_support.cpp.o[0m
[1.541s] [ 36%] [32mBuilding CXX object CMakeFiles/canopen_interfaces__rosidl_typesupport_c.dir/rosidl_typesupport_c/canopen_interfaces/msg/can_subscription__type_support.cpp.o[0m
[1.579s] [ 38%] [32mBuilding CXX object CMakeFiles/canopen_interfaces__rosidl_typesupport_c.dir/rosidl_typesupport_c/canopen_interfaces/srv/can_subscribe__type_support.cpp.o[0m
[1.583s] [ 39%] [32mBuilding CXX object CMakeFiles/canopen_interfaces__rosidl_typesupport_fastrtps_cpp.dir/rosidl_typesupport_fastrtps_cpp/canopen_interfaces/msg/detail/dds_fastrtps/can_subscription__type_support.cpp.o[0m
[1.595s] [ 42%] [32mBuilding CXX object CMakeFiles/canopen_interfaces__rosidl_typesupport_fastrtps_cpp.dir/rosidl_typesupport_fastrtps_cpp/canopen_interfaces/srv/detail/dds_fastrtps/can_subscribe__type_support.cpp.o[0m
[1.595s] [ 42%] [32mBuilding CXX object CMakeFiles/canopen_interfaces__rosidl_typesupport_c.dir/rosidl_typesupport_c/canopen_interfaces/srv/can_periodic_task__type_support.cpp.o[0m
[1.597s] [ 43%] [32mBuilding CXX object CMakeFiles/canopen_interfaces__rosidl_typesupport_c.dir/rosidl_typesupport_c/canopen_interfaces/srv/can_read__type_support.cpp.o[0m
[1.597s] [ 45%] [32mBuilding CXX object CMakeFiles/canopen_interfaces__rosidl_typesupport_c.dir/rosidl_typesupport_c/canopen_interfaces/srv/can_connection__type_support.cpp.o[0m
[1.598s] [ 46%] [32m[1mLinking CXX shared library libcanopen_interfaces__rosidl_typesupport_cpp.so[0m
[1.621s] [ 47%] [32mBuilding CXX object CMakeFiles/canopen_interfaces__rosidl_typesupport_fastrtps_cpp.dir/rosidl_typesupport_fastrtps_cpp/canopen_interfaces/srv/detail/dds_fastrtps/can_periodic_task__type_support.cpp.o[0m
[1.636s] [ 49%] [32mBuilding CXX object CMakeFiles/canopen_interfaces__rosidl_typesupport_fastrtps_cpp.dir/rosidl_typesupport_fastrtps_cpp/canopen_interfaces/srv/detail/dds_fastrtps/can_read__type_support.cpp.o[0m
[1.637s] [ 50%] [32m[1mLinking CXX shared library libcanopen_interfaces__rosidl_typesupport_c.so[0m
[1.637s] [ 52%] [32mBuilding CXX object CMakeFiles/canopen_interfaces__rosidl_typesupport_fastrtps_cpp.dir/rosidl_typesupport_fastrtps_cpp/canopen_interfaces/srv/detail/dds_fastrtps/can_connection__type_support.cpp.o[0m
[1.657s] [ 52%] Built target canopen_interfaces__rosidl_typesupport_cpp
[1.695s] [ 52%] Built target canopen_interfaces__rosidl_typesupport_c
[1.710s] [ 53%] [32mBuilding CXX object CMakeFiles/canopen_interfaces__rosidl_typesupport_introspection_cpp.dir/rosidl_typesupport_introspection_cpp/canopen_interfaces/srv/detail/can_subscribe__type_support.cpp.o[0m
[1.731s] [ 54%] [32mBuilding C object CMakeFiles/canopen_interfaces__rosidl_typesupport_introspection_c.dir/rosidl_typesupport_introspection_c/canopen_interfaces/msg/detail/can_write__type_support.c.o[0m
[1.752s] [ 56%] [32mBuilding C object CMakeFiles/canopen_interfaces__rosidl_typesupport_introspection_c.dir/rosidl_typesupport_introspection_c/canopen_interfaces/msg/detail/can_subscription__type_support.c.o[0m
[1.778s] [ 57%] [32mBuilding CXX object CMakeFiles/canopen_interfaces__rosidl_typesupport_fastrtps_c.dir/rosidl_typesupport_fastrtps_c/canopen_interfaces/msg/detail/can_write__type_support_c.cpp.o[0m
[1.797s] [ 59%] [32mBuilding C object CMakeFiles/canopen_interfaces__rosidl_typesupport_introspection_c.dir/rosidl_typesupport_introspection_c/canopen_interfaces/srv/detail/can_subscribe__type_support.c.o[0m
[1.814s] [ 60%] [32mBuilding C object CMakeFiles/canopen_interfaces__rosidl_typesupport_introspection_c.dir/rosidl_typesupport_introspection_c/canopen_interfaces/srv/detail/can_periodic_task__type_support.c.o[0m
[1.868s] [ 61%] [32mBuilding C object CMakeFiles/canopen_interfaces__rosidl_typesupport_introspection_c.dir/rosidl_typesupport_introspection_c/canopen_interfaces/srv/detail/can_read__type_support.c.o[0m
[1.914s] [ 63%] [32mBuilding CXX object CMakeFiles/canopen_interfaces__rosidl_typesupport_introspection_cpp.dir/rosidl_typesupport_introspection_cpp/canopen_interfaces/srv/detail/can_periodic_task__type_support.cpp.o[0m
[1.927s] [ 64%] [32mBuilding CXX object CMakeFiles/canopen_interfaces__rosidl_typesupport_introspection_cpp.dir/rosidl_typesupport_introspection_cpp/canopen_interfaces/srv/detail/can_read__type_support.cpp.o[0m
[1.932s] [ 66%] [32mBuilding CXX object CMakeFiles/canopen_interfaces__rosidl_typesupport_introspection_cpp.dir/rosidl_typesupport_introspection_cpp/canopen_interfaces/srv/detail/can_connection__type_support.cpp.o[0m
[1.936s] [ 67%] [32mBuilding C object CMakeFiles/canopen_interfaces__rosidl_typesupport_introspection_c.dir/rosidl_typesupport_introspection_c/canopen_interfaces/srv/detail/can_connection__type_support.c.o[0m
[1.995s] [ 69%] [32m[1mLinking C shared library libcanopen_interfaces__rosidl_typesupport_introspection_c.so[0m
[2.037s] [ 69%] Built target canopen_interfaces__rosidl_typesupport_introspection_c
[2.049s] [ 70%] [32mBuilding CXX object CMakeFiles/canopen_interfaces__rosidl_typesupport_fastrtps_c.dir/rosidl_typesupport_fastrtps_c/canopen_interfaces/msg/detail/can_subscription__type_support_c.cpp.o[0m
[2.176s] [ 71%] [32mBuilding CXX object CMakeFiles/canopen_interfaces__rosidl_typesupport_fastrtps_c.dir/rosidl_typesupport_fastrtps_c/canopen_interfaces/srv/detail/can_subscribe__type_support_c.cpp.o[0m
[2.207s] [ 73%] [32mBuilding CXX object CMakeFiles/canopen_interfaces__rosidl_typesupport_fastrtps_c.dir/rosidl_typesupport_fastrtps_c/canopen_interfaces/srv/detail/can_periodic_task__type_support_c.cpp.o[0m
[2.254s] [ 74%] [32mBuilding CXX object CMakeFiles/canopen_interfaces__rosidl_typesupport_fastrtps_c.dir/rosidl_typesupport_fastrtps_c/canopen_interfaces/srv/detail/can_read__type_support_c.cpp.o[0m
[2.268s] [ 76%] [32mBuilding CXX object CMakeFiles/canopen_interfaces__rosidl_typesupport_fastrtps_c.dir/rosidl_typesupport_fastrtps_c/canopen_interfaces/srv/detail/can_connection__type_support_c.cpp.o[0m
[2.321s] [ 77%] [32m[1mLinking CXX shared library libcanopen_interfaces__rosidl_typesupport_fastrtps_cpp.so[0m
[2.462s] [ 77%] Built target canopen_interfaces__rosidl_typesupport_fastrtps_cpp
[2.579s] [ 78%] [32m[1mLinking CXX shared library libcanopen_interfaces__rosidl_typesupport_introspection_cpp.so[0m
[2.693s] [ 78%] Built target canopen_interfaces__rosidl_typesupport_introspection_cpp
[2.772s] [ 80%] [32m[1mLinking CXX shared library libcanopen_interfaces__rosidl_typesupport_fastrtps_c.so[0m
[2.853s] [ 80%] Built target canopen_interfaces__rosidl_typesupport_fastrtps_c
[2.870s] [ 80%] Built target canopen_interfaces
[2.885s] [ 81%] [34m[1mGenerating Python code for ROS interfaces[0m
[3.962s] [ 81%] Built target canopen_interfaces__py
[3.981s] [ 85%] [32mBuilding C object CMakeFiles/canopen_interfaces__rosidl_generator_py.dir/rosidl_generator_py/canopen_interfaces/msg/_can_write_s.c.o[0m
[3.981s] [ 85%] [32mBuilding C object CMakeFiles/canopen_interfaces__rosidl_generator_py.dir/rosidl_generator_py/canopen_interfaces/srv/_can_subscribe_s.c.o[0m
[3.981s] [ 85%] [32mBuilding C object CMakeFiles/canopen_interfaces__rosidl_generator_py.dir/rosidl_generator_py/canopen_interfaces/srv/_can_periodic_task_s.c.o[0m
[3.981s] [ 87%] [32mBuilding C object CMakeFiles/canopen_interfaces__rosidl_generator_py.dir/rosidl_generator_py/canopen_interfaces/msg/_can_subscription_s.c.o[0m
[3.982s] [ 90%] [32mBuilding C object CMakeFiles/canopen_interfaces__rosidl_generator_py.dir/rosidl_generator_py/canopen_interfaces/srv/_can_connection_s.c.o[0m
[3.982s] [ 90%] [32mBuilding C object CMakeFiles/canopen_interfaces__rosidl_generator_py.dir/rosidl_generator_py/canopen_interfaces/srv/_can_read_s.c.o[0m
[4.156s] [ 91%] [32m[1mLinking C shared library rosidl_generator_py/canopen_interfaces/libcanopen_interfaces__rosidl_generator_py.so[0m
[4.188s] [ 91%] Built target canopen_interfaces__rosidl_generator_py
[4.205s] [ 95%] [32mBuilding C object CMakeFiles/canopen_interfaces__rosidl_typesupport_c__pyext.dir/rosidl_generator_py/canopen_interfaces/_canopen_interfaces_s.ep.rosidl_typesupport_c.c.o[0m
[4.205s] [ 95%] [32mBuilding C object CMakeFiles/canopen_interfaces__rosidl_typesupport_introspection_c__pyext.dir/rosidl_generator_py/canopen_interfaces/_canopen_interfaces_s.ep.rosidl_typesupport_introspection_c.c.o[0m
[4.205s] [ 95%] [32mBuilding C object CMakeFiles/canopen_interfaces__rosidl_typesupport_fastrtps_c__pyext.dir/rosidl_generator_py/canopen_interfaces/_canopen_interfaces_s.ep.rosidl_typesupport_fastrtps_c.c.o[0m
[4.323s] [100%] [32m[1mLinking C shared library rosidl_generator_py/canopen_interfaces/canopen_interfaces_s__rosidl_typesupport_fastrtps_c.cpython-310-x86_64-linux-gnu.so[0m
[4.323s] [100%] [32m[1mLinking C shared library rosidl_generator_py/canopen_interfaces/canopen_interfaces_s__rosidl_typesupport_c.cpython-310-x86_64-linux-gnu.so[0m
[4.323s] [100%] [32m[1mLinking C shared library rosidl_generator_py/canopen_interfaces/canopen_interfaces_s__rosidl_typesupport_introspection_c.cpython-310-x86_64-linux-gnu.so[0m
[4.353s] [100%] Built target canopen_interfaces__rosidl_typesupport_c__pyext
[4.353s] [100%] Built target canopen_interfaces__rosidl_typesupport_fastrtps_c__pyext
[4.354s] [100%] Built target canopen_interfaces__rosidl_typesupport_introspection_c__pyext
[4.362s] Invoked command in '/home/roburoc/PycharmProjects/P9-RobuROC4/build/canopen_interfaces' returned '0': CMAKE_PREFIX_PATH=${CMAKE_PREFIX_PATH}:/opt/ros/humble /usr/bin/cmake --build /home/roburoc/PycharmProjects/P9-RobuROC4/build/canopen_interfaces --clean-first -- -j12 -l12
[4.469s] Invoking command in '/home/roburoc/PycharmProjects/P9-RobuROC4/build/canopen_interfaces': CMAKE_PREFIX_PATH=${CMAKE_PREFIX_PATH}:/opt/ros/humble /usr/bin/cmake --install /home/roburoc/PycharmProjects/P9-RobuROC4/build/canopen_interfaces
[4.475s] -- Install configuration: ""
[4.475s] -- Up-to-date: /home/roburoc/PycharmProjects/P9-RobuROC4/install/canopen_interfaces/share/ament_index/resource_index/rosidl_interfaces/canopen_interfaces
[4.475s] -- Up-to-date: /home/roburoc/PycharmProjects/P9-RobuROC4/install/canopen_interfaces/include/canopen_interfaces/canopen_interfaces
[4.475s] -- Up-to-date: /home/roburoc/PycharmProjects/P9-RobuROC4/install/canopen_interfaces/include/canopen_interfaces/canopen_interfaces/srv
[4.476s] -- Installing: /home/roburoc/PycharmProjects/P9-RobuROC4/install/canopen_interfaces/include/canopen_interfaces/canopen_interfaces/srv/can_subscribe.h
[4.476s] -- Installing: /home/roburoc/PycharmProjects/P9-RobuROC4/install/canopen_interfaces/include/canopen_interfaces/canopen_interfaces/srv/can_connection.h
[4.476s] -- Up-to-date: /home/roburoc/PycharmProjects/P9-RobuROC4/install/canopen_interfaces/include/canopen_interfaces/canopen_interfaces/srv/detail
[4.476s] -- Installing: /home/roburoc/PycharmProjects/P9-RobuROC4/install/canopen_interfaces/include/canopen_interfaces/canopen_interfaces/srv/detail/can_subscribe__functions.c
[4.476s] -- Installing: /home/roburoc/PycharmProjects/P9-RobuROC4/install/canopen_interfaces/include/canopen_interfaces/canopen_interfaces/srv/detail/can_subscribe__type_support.h
[4.476s] -- Installing: /home/roburoc/PycharmProjects/P9-RobuROC4/install/canopen_interfaces/include/canopen_interfaces/canopen_interfaces/srv/detail/can_read__struct.h
[4.476s] -- Installing: /home/roburoc/PycharmProjects/P9-RobuROC4/install/canopen_interfaces/include/canopen_interfaces/canopen_interfaces/srv/detail/can_connection__functions.c
[4.476s] -- Installing: /home/roburoc/PycharmProjects/P9-RobuROC4/install/canopen_interfaces/include/canopen_interfaces/canopen_interfaces/srv/detail/can_read__type_support.h
[4.476s] -- Installing: /home/roburoc/PycharmProjects/P9-RobuROC4/install/canopen_interfaces/include/canopen_interfaces/canopen_interfaces/srv/detail/can_periodic_task__functions.c
[4.476s] -- Installing: /home/roburoc/PycharmProjects/P9-RobuROC4/install/canopen_interfaces/include/canopen_interfaces/canopen_interfaces/srv/detail/can_read__functions.h
[4.477s] -- Installing: /home/roburoc/PycharmProjects/P9-RobuROC4/install/canopen_interfaces/include/canopen_interfaces/canopen_interfaces/srv/detail/can_read__functions.c
[4.477s] -- Installing: /home/roburoc/PycharmProjects/P9-RobuROC4/install/canopen_interfaces/include/canopen_interfaces/canopen_interfaces/srv/detail/can_connection__struct.h
[4.477s] -- Installing: /home/roburoc/PycharmProjects/P9-RobuROC4/install/canopen_interfaces/include/canopen_interfaces/canopen_interfaces/srv/detail/can_subscribe__functions.h
[4.477s] -- Installing: /home/roburoc/PycharmProjects/P9-RobuROC4/install/canopen_interfaces/include/canopen_interfaces/canopen_interfaces/srv/detail/can_subscribe__struct.h
[4.478s] -- Installing: /home/roburoc/PycharmProjects/P9-RobuROC4/install/canopen_interfaces/include/canopen_interfaces/canopen_interfaces/srv/detail/can_connection__functions.h
[4.478s] -- Installing: /home/roburoc/PycharmProjects/P9-RobuROC4/install/canopen_interfaces/include/canopen_interfaces/canopen_interfaces/srv/detail/can_connection__type_support.h
[4.478s] -- Installing: /home/roburoc/PycharmProjects/P9-RobuROC4/install/canopen_interfaces/include/canopen_interfaces/canopen_interfaces/srv/detail/can_periodic_task__functions.h
[4.478s] -- Installing: /home/roburoc/PycharmProjects/P9-RobuROC4/install/canopen_interfaces/include/canopen_interfaces/canopen_interfaces/srv/detail/can_periodic_task__type_support.h
[4.478s] -- Installing: /home/roburoc/PycharmProjects/P9-RobuROC4/install/canopen_interfaces/include/canopen_interfaces/canopen_interfaces/srv/detail/can_periodic_task__struct.h
[4.478s] -- Installing: /home/roburoc/PycharmProjects/P9-RobuROC4/install/canopen_interfaces/include/canopen_interfaces/canopen_interfaces/srv/can_read.h
[4.478s] -- Installing: /home/roburoc/PycharmProjects/P9-RobuROC4/install/canopen_interfaces/include/canopen_interfaces/canopen_interfaces/srv/can_periodic_task.h
[4.478s] -- Up-to-date: /home/roburoc/PycharmProjects/P9-RobuROC4/install/canopen_interfaces/include/canopen_interfaces/canopen_interfaces/msg
[4.478s] -- Installing: /home/roburoc/PycharmProjects/P9-RobuROC4/install/canopen_interfaces/include/canopen_interfaces/canopen_interfaces/msg/can_subscription.h
[4.478s] -- Up-to-date: /home/roburoc/PycharmProjects/P9-RobuROC4/install/canopen_interfaces/include/canopen_interfaces/canopen_interfaces/msg/detail
[4.479s] -- Installing: /home/roburoc/PycharmProjects/P9-RobuROC4/install/canopen_interfaces/include/canopen_interfaces/canopen_interfaces/msg/detail/can_write__functions.h
[4.479s] -- Installing: /home/roburoc/PycharmProjects/P9-RobuROC4/install/canopen_interfaces/include/canopen_interfaces/canopen_interfaces/msg/detail/can_write__struct.h
[4.479s] -- Installing: /home/roburoc/PycharmProjects/P9-RobuROC4/install/canopen_interfaces/include/canopen_interfaces/canopen_interfaces/msg/detail/can_subscription__type_support.h
[4.479s] -- Installing: /home/roburoc/PycharmProjects/P9-RobuROC4/install/canopen_interfaces/include/canopen_interfaces/canopen_interfaces/msg/detail/can_write__functions.c
[4.479s] -- Installing: /home/roburoc/PycharmProjects/P9-RobuROC4/install/canopen_interfaces/include/canopen_interfaces/canopen_interfaces/msg/detail/can_subscription__struct.h
[4.479s] -- Installing: /home/roburoc/PycharmProjects/P9-RobuROC4/install/canopen_interfaces/include/canopen_interfaces/canopen_interfaces/msg/detail/can_subscription__functions.h
[4.479s] -- Installing: /home/roburoc/PycharmProjects/P9-RobuROC4/install/canopen_interfaces/include/canopen_interfaces/canopen_interfaces/msg/detail/can_subscription__functions.c
[4.479s] -- Installing: /home/roburoc/PycharmProjects/P9-RobuROC4/install/canopen_interfaces/include/canopen_interfaces/canopen_interfaces/msg/detail/can_write__type_support.h
[4.479s] -- Up-to-date: /home/roburoc/PycharmProjects/P9-RobuROC4/install/canopen_interfaces/include/canopen_interfaces/canopen_interfaces/msg/rosidl_generator_c__visibility_control.h
[4.479s] -- Installing: /home/roburoc/PycharmProjects/P9-RobuROC4/install/canopen_interfaces/include/canopen_interfaces/canopen_interfaces/msg/can_write.h
[4.479s] -- Up-to-date: /home/roburoc/PycharmProjects/P9-RobuROC4/install/canopen_interfaces/share/canopen_interfaces/environment/library_path.sh
[4.479s] -- Up-to-date: /home/roburoc/PycharmProjects/P9-RobuROC4/install/canopen_interfaces/share/canopen_interfaces/environment/library_path.dsv
[4.480s] -- Installing: /home/roburoc/PycharmProjects/P9-RobuROC4/install/canopen_interfaces/lib/libcanopen_interfaces__rosidl_generator_c.so
[4.480s] -- Set runtime path of "/home/roburoc/PycharmProjects/P9-RobuROC4/install/canopen_interfaces/lib/libcanopen_interfaces__rosidl_generator_c.so" to ""
[4.480s] -- Up-to-date: /home/roburoc/PycharmProjects/P9-RobuROC4/install/canopen_interfaces/include/canopen_interfaces/canopen_interfaces
[4.480s] -- Up-to-date: /home/roburoc/PycharmProjects/P9-RobuROC4/install/canopen_interfaces/include/canopen_interfaces/canopen_interfaces/srv
[4.480s] -- Up-to-date: /home/roburoc/PycharmProjects/P9-RobuROC4/install/canopen_interfaces/include/canopen_interfaces/canopen_interfaces/srv/detail
[4.480s] -- Installing: /home/roburoc/PycharmProjects/P9-RobuROC4/install/canopen_interfaces/include/canopen_interfaces/canopen_interfaces/srv/detail/can_periodic_task__rosidl_typesupport_fastrtps_c.h
[4.480s] -- Installing: /home/roburoc/PycharmProjects/P9-RobuROC4/install/canopen_interfaces/include/canopen_interfaces/canopen_interfaces/srv/detail/can_connection__rosidl_typesupport_fastrtps_c.h
[4.480s] -- Installing: /home/roburoc/PycharmProjects/P9-RobuROC4/install/canopen_interfaces/include/canopen_interfaces/canopen_interfaces/srv/detail/can_subscribe__rosidl_typesupport_fastrtps_c.h
[4.480s] -- Installing: /home/roburoc/PycharmProjects/P9-RobuROC4/install/canopen_interfaces/include/canopen_interfaces/canopen_interfaces/srv/detail/can_read__rosidl_typesupport_fastrtps_c.h
[4.480s] -- Up-to-date: /home/roburoc/PycharmProjects/P9-RobuROC4/install/canopen_interfaces/include/canopen_interfaces/canopen_interfaces/msg
[4.481s] -- Up-to-date: /home/roburoc/PycharmProjects/P9-RobuROC4/install/canopen_interfaces/include/canopen_interfaces/canopen_interfaces/msg/rosidl_typesupport_fastrtps_c__visibility_control.h
[4.481s] -- Up-to-date: /home/roburoc/PycharmProjects/P9-RobuROC4/install/canopen_interfaces/include/canopen_interfaces/canopen_interfaces/msg/detail
[4.481s] -- Installing: /home/roburoc/PycharmProjects/P9-RobuROC4/install/canopen_interfaces/include/canopen_interfaces/canopen_interfaces/msg/detail/can_subscription__rosidl_typesupport_fastrtps_c.h
[4.481s] -- Installing: /home/roburoc/PycharmProjects/P9-RobuROC4/install/canopen_interfaces/include/canopen_interfaces/canopen_interfaces/msg/detail/can_write__rosidl_typesupport_fastrtps_c.h
[4.481s] -- Installing: /home/roburoc/PycharmProjects/P9-RobuROC4/install/canopen_interfaces/lib/libcanopen_interfaces__rosidl_typesupport_fastrtps_c.so
[4.481s] -- Set runtime path of "/home/roburoc/PycharmProjects/P9-RobuROC4/install/canopen_interfaces/lib/libcanopen_interfaces__rosidl_typesupport_fastrtps_c.so" to ""
[4.481s] -- Up-to-date: /home/roburoc/PycharmProjects/P9-RobuROC4/install/canopen_interfaces/include/canopen_interfaces/canopen_interfaces
[4.481s] -- Up-to-date: /home/roburoc/PycharmProjects/P9-RobuROC4/install/canopen_interfaces/include/canopen_interfaces/canopen_interfaces/srv
[4.481s] -- Installing: /home/roburoc/PycharmProjects/P9-RobuROC4/install/canopen_interfaces/include/canopen_interfaces/canopen_interfaces/srv/can_connection.hpp
[4.481s] -- Installing: /home/roburoc/PycharmProjects/P9-RobuROC4/install/canopen_interfaces/include/canopen_interfaces/canopen_interfaces/srv/can_subscribe.hpp
[4.481s] -- Up-to-date: /home/roburoc/PycharmProjects/P9-RobuROC4/install/canopen_interfaces/include/canopen_interfaces/canopen_interfaces/srv/detail
[4.482s] -- Installing: /home/roburoc/PycharmProjects/P9-RobuROC4/install/canopen_interfaces/include/canopen_interfaces/canopen_interfaces/srv/detail/can_subscribe__builder.hpp
[4.482s] -- Installing: /home/roburoc/PycharmProjects/P9-RobuROC4/install/canopen_interfaces/include/canopen_interfaces/canopen_interfaces/srv/detail/can_periodic_task__struct.hpp
[4.482s] -- Installing: /home/roburoc/PycharmProjects/P9-RobuROC4/install/canopen_interfaces/include/canopen_interfaces/canopen_interfaces/srv/detail/can_subscribe__traits.hpp
[4.482s] -- Installing: /home/roburoc/PycharmProjects/P9-RobuROC4/install/canopen_interfaces/include/canopen_interfaces/canopen_interfaces/srv/detail/can_read__traits.hpp
[4.482s] -- Installing: /home/roburoc/PycharmProjects/P9-RobuROC4/install/canopen_interfaces/include/canopen_interfaces/canopen_interfaces/srv/detail/can_read__struct.hpp
[4.482s] -- Installing: /home/roburoc/PycharmProjects/P9-RobuROC4/install/canopen_interfaces/include/canopen_interfaces/canopen_interfaces/srv/detail/can_connection__struct.hpp
[4.482s] -- Installing: /home/roburoc/PycharmProjects/P9-RobuROC4/install/canopen_interfaces/include/canopen_interfaces/canopen_interfaces/srv/detail/can_read__builder.hpp
[4.482s] -- Installing: /home/roburoc/PycharmProjects/P9-RobuROC4/install/canopen_interfaces/include/canopen_interfaces/canopen_interfaces/srv/detail/can_connection__builder.hpp
[4.482s] -- Installing: /home/roburoc/PycharmProjects/P9-RobuROC4/install/canopen_interfaces/include/canopen_interfaces/canopen_interfaces/srv/detail/can_connection__traits.hpp
[4.482s] -- Installing: /home/roburoc/PycharmProjects/P9-RobuROC4/install/canopen_interfaces/include/canopen_interfaces/canopen_interfaces/srv/detail/can_periodic_task__builder.hpp
[4.482s] -- Installing: /home/roburoc/PycharmProjects/P9-RobuROC4/install/canopen_interfaces/include/canopen_interfaces/canopen_interfaces/srv/detail/can_subscribe__struct.hpp
[4.482s] -- Installing: /home/roburoc/PycharmProjects/P9-RobuROC4/install/canopen_interfaces/include/canopen_interfaces/canopen_interfaces/srv/detail/can_periodic_task__traits.hpp
[4.482s] -- Installing: /home/roburoc/PycharmProjects/P9-RobuROC4/install/canopen_interfaces/include/canopen_interfaces/canopen_interfaces/srv/can_periodic_task.hpp
[4.483s] -- Installing: /home/roburoc/PycharmProjects/P9-RobuROC4/install/canopen_interfaces/include/canopen_interfaces/canopen_interfaces/srv/can_read.hpp
[4.483s] -- Up-to-date: /home/roburoc/PycharmProjects/P9-RobuROC4/install/canopen_interfaces/include/canopen_interfaces/canopen_interfaces/msg
[4.483s] -- Installing: /home/roburoc/PycharmProjects/P9-RobuROC4/install/canopen_interfaces/include/canopen_interfaces/canopen_interfaces/msg/can_write.hpp
[4.483s] -- Installing: /home/roburoc/PycharmProjects/P9-RobuROC4/install/canopen_interfaces/include/canopen_interfaces/canopen_interfaces/msg/can_subscription.hpp
[4.483s] -- Up-to-date: /home/roburoc/PycharmProjects/P9-RobuROC4/install/canopen_interfaces/include/canopen_interfaces/canopen_interfaces/msg/detail
[4.483s] -- Installing: /home/roburoc/PycharmProjects/P9-RobuROC4/install/canopen_interfaces/include/canopen_interfaces/canopen_interfaces/msg/detail/can_subscription__builder.hpp
[4.483s] -- Installing: /home/roburoc/PycharmProjects/P9-RobuROC4/install/canopen_interfaces/include/canopen_interfaces/canopen_interfaces/msg/detail/can_write__builder.hpp
[4.483s] -- Installing: /home/roburoc/PycharmProjects/P9-RobuROC4/install/canopen_interfaces/include/canopen_interfaces/canopen_interfaces/msg/detail/can_subscription__traits.hpp
[4.483s] -- Installing: /home/roburoc/PycharmProjects/P9-RobuROC4/install/canopen_interfaces/include/canopen_interfaces/canopen_interfaces/msg/detail/can_write__traits.hpp
[4.483s] -- Installing: /home/roburoc/PycharmProjects/P9-RobuROC4/install/canopen_interfaces/include/canopen_interfaces/canopen_interfaces/msg/detail/can_subscription__struct.hpp
[4.483s] -- Installing: /home/roburoc/PycharmProjects/P9-RobuROC4/install/canopen_interfaces/include/canopen_interfaces/canopen_interfaces/msg/detail/can_write__struct.hpp
[4.483s] -- Up-to-date: /home/roburoc/PycharmProjects/P9-RobuROC4/install/canopen_interfaces/include/canopen_interfaces/canopen_interfaces
[4.484s] -- Up-to-date: /home/roburoc/PycharmProjects/P9-RobuROC4/install/canopen_interfaces/include/canopen_interfaces/canopen_interfaces/srv
[4.484s] -- Up-to-date: /home/roburoc/PycharmProjects/P9-RobuROC4/install/canopen_interfaces/include/canopen_interfaces/canopen_interfaces/srv/detail
[4.484s] -- Installing: /home/roburoc/PycharmProjects/P9-RobuROC4/install/canopen_interfaces/include/canopen_interfaces/canopen_interfaces/srv/detail/can_read__rosidl_typesupport_fastrtps_cpp.hpp
[4.484s] -- Up-to-date: /home/roburoc/PycharmProjects/P9-RobuROC4/install/canopen_interfaces/include/canopen_interfaces/canopen_interfaces/srv/detail/dds_fastrtps
[4.484s] -- Installing: /home/roburoc/PycharmProjects/P9-RobuROC4/install/canopen_interfaces/include/canopen_interfaces/canopen_interfaces/srv/detail/can_periodic_task__rosidl_typesupport_fastrtps_cpp.hpp
[4.484s] -- Installing: /home/roburoc/PycharmProjects/P9-RobuROC4/install/canopen_interfaces/include/canopen_interfaces/canopen_interfaces/srv/detail/can_subscribe__rosidl_typesupport_fastrtps_cpp.hpp
[4.484s] -- Installing: /home/roburoc/PycharmProjects/P9-RobuROC4/install/canopen_interfaces/include/canopen_interfaces/canopen_interfaces/srv/detail/can_connection__rosidl_typesupport_fastrtps_cpp.hpp
[4.484s] -- Up-to-date: /home/roburoc/PycharmProjects/P9-RobuROC4/install/canopen_interfaces/include/canopen_interfaces/canopen_interfaces/msg
[4.484s] -- Up-to-date: /home/roburoc/PycharmProjects/P9-RobuROC4/install/canopen_interfaces/include/canopen_interfaces/canopen_interfaces/msg/rosidl_typesupport_fastrtps_cpp__visibility_control.h
[4.484s] -- Up-to-date: /home/roburoc/PycharmProjects/P9-RobuROC4/install/canopen_interfaces/include/canopen_interfaces/canopen_interfaces/msg/detail
[4.484s] -- Up-to-date: /home/roburoc/PycharmProjects/P9-RobuROC4/install/canopen_interfaces/include/canopen_interfaces/canopen_interfaces/msg/detail/dds_fastrtps
[4.484s] -- Installing: /home/roburoc/PycharmProjects/P9-RobuROC4/install/canopen_interfaces/include/canopen_interfaces/canopen_interfaces/msg/detail/can_subscription__rosidl_typesupport_fastrtps_cpp.hpp
[4.484s] -- Installing: /home/roburoc/PycharmProjects/P9-RobuROC4/install/canopen_interfaces/include/canopen_interfaces/canopen_interfaces/msg/detail/can_write__rosidl_typesupport_fastrtps_cpp.hpp
[4.484s] -- Installing: /home/roburoc/PycharmProjects/P9-RobuROC4/install/canopen_interfaces/lib/libcanopen_interfaces__rosidl_typesupport_fastrtps_cpp.so
[4.485s] -- Set runtime path of "/home/roburoc/PycharmProjects/P9-RobuROC4/install/canopen_interfaces/lib/libcanopen_interfaces__rosidl_typesupport_fastrtps_cpp.so" to ""
[4.485s] -- Up-to-date: /home/roburoc/PycharmProjects/P9-RobuROC4/install/canopen_interfaces/include/canopen_interfaces/canopen_interfaces
[4.485s] -- Up-to-date: /home/roburoc/PycharmProjects/P9-RobuROC4/install/canopen_interfaces/include/canopen_interfaces/canopen_interfaces/srv
[4.485s] -- Up-to-date: /home/roburoc/PycharmProjects/P9-RobuROC4/install/canopen_interfaces/include/canopen_interfaces/canopen_interfaces/srv/detail
[4.485s] -- Installing: /home/roburoc/PycharmProjects/P9-RobuROC4/install/canopen_interfaces/include/canopen_interfaces/canopen_interfaces/srv/detail/can_connection__rosidl_typesupport_introspection_c.h
[4.485s] -- Installing: /home/roburoc/PycharmProjects/P9-RobuROC4/install/canopen_interfaces/include/canopen_interfaces/canopen_interfaces/srv/detail/can_subscribe__rosidl_typesupport_introspection_c.h
[4.485s] -- Installing: /home/roburoc/PycharmProjects/P9-RobuROC4/install/canopen_interfaces/include/canopen_interfaces/canopen_interfaces/srv/detail/can_periodic_task__rosidl_typesupport_introspection_c.h
[4.485s] -- Installing: /home/roburoc/PycharmProjects/P9-RobuROC4/install/canopen_interfaces/include/canopen_interfaces/canopen_interfaces/srv/detail/can_connection__type_support.c
[4.485s] -- Installing: /home/roburoc/PycharmProjects/P9-RobuROC4/install/canopen_interfaces/include/canopen_interfaces/canopen_interfaces/srv/detail/can_read__type_support.c
[4.485s] -- Installing: /home/roburoc/PycharmProjects/P9-RobuROC4/install/canopen_interfaces/include/canopen_interfaces/canopen_interfaces/srv/detail/can_read__rosidl_typesupport_introspection_c.h
[4.486s] -- Installing: /home/roburoc/PycharmProjects/P9-RobuROC4/install/canopen_interfaces/include/canopen_interfaces/canopen_interfaces/srv/detail/can_subscribe__type_support.c
[4.486s] -- Installing: /home/roburoc/PycharmProjects/P9-RobuROC4/install/canopen_interfaces/include/canopen_interfaces/canopen_interfaces/srv/detail/can_periodic_task__type_support.c
[4.486s] -- Up-to-date: /home/roburoc/PycharmProjects/P9-RobuROC4/install/canopen_interfaces/include/canopen_interfaces/canopen_interfaces/msg
[4.486s] -- Up-to-date: /home/roburoc/PycharmProjects/P9-RobuROC4/install/canopen_interfaces/include/canopen_interfaces/canopen_interfaces/msg/rosidl_typesupport_introspection_c__visibility_control.h
[4.486s] -- Up-to-date: /home/roburoc/PycharmProjects/P9-RobuROC4/install/canopen_interfaces/include/canopen_interfaces/canopen_interfaces/msg/detail
[4.486s] -- Installing: /home/roburoc/PycharmProjects/P9-RobuROC4/install/canopen_interfaces/include/canopen_interfaces/canopen_interfaces/msg/detail/can_write__type_support.c
[4.486s] -- Installing: /home/roburoc/PycharmProjects/P9-RobuROC4/install/canopen_interfaces/include/canopen_interfaces/canopen_interfaces/msg/detail/can_subscription__rosidl_typesupport_introspection_c.h
[4.486s] -- Installing: /home/roburoc/PycharmProjects/P9-RobuROC4/install/canopen_interfaces/include/canopen_interfaces/canopen_interfaces/msg/detail/can_write__rosidl_typesupport_introspection_c.h
[4.486s] -- Installing: /home/roburoc/PycharmProjects/P9-RobuROC4/install/canopen_interfaces/include/canopen_interfaces/canopen_interfaces/msg/detail/can_subscription__type_support.c
[4.486s] -- Installing: /home/roburoc/PycharmProjects/P9-RobuROC4/install/canopen_interfaces/lib/libcanopen_interfaces__rosidl_typesupport_introspection_c.so
[4.487s] -- Set runtime path of "/home/roburoc/PycharmProjects/P9-RobuROC4/install/canopen_interfaces/lib/libcanopen_interfaces__rosidl_typesupport_introspection_c.so" to ""
[4.487s] -- Installing: /home/roburoc/PycharmProjects/P9-RobuROC4/install/canopen_interfaces/lib/libcanopen_interfaces__rosidl_typesupport_c.so
[4.487s] -- Set runtime path of "/home/roburoc/PycharmProjects/P9-RobuROC4/install/canopen_interfaces/lib/libcanopen_interfaces__rosidl_typesupport_c.so" to ""
[4.487s] -- Up-to-date: /home/roburoc/PycharmProjects/P9-RobuROC4/install/canopen_interfaces/include/canopen_interfaces/canopen_interfaces
[4.487s] -- Up-to-date: /home/roburoc/PycharmProjects/P9-RobuROC4/install/canopen_interfaces/include/canopen_interfaces/canopen_interfaces/srv
[4.487s] -- Up-to-date: /home/roburoc/PycharmProjects/P9-RobuROC4/install/canopen_interfaces/include/canopen_interfaces/canopen_interfaces/srv/detail
[4.487s] -- Installing: /home/roburoc/PycharmProjects/P9-RobuROC4/install/canopen_interfaces/include/canopen_interfaces/canopen_interfaces/srv/detail/can_periodic_task__type_support.cpp
[4.487s] -- Installing: /home/roburoc/PycharmProjects/P9-RobuROC4/install/canopen_interfaces/include/canopen_interfaces/canopen_interfaces/srv/detail/can_subscribe__type_support.cpp
[4.487s] -- Installing: /home/roburoc/PycharmProjects/P9-RobuROC4/install/canopen_interfaces/include/canopen_interfaces/canopen_interfaces/srv/detail/can_connection__rosidl_typesupport_introspection_cpp.hpp
[4.487s] -- Installing: /home/roburoc/PycharmProjects/P9-RobuROC4/install/canopen_interfaces/include/canopen_interfaces/canopen_interfaces/srv/detail/can_periodic_task__rosidl_typesupport_introspection_cpp.hpp
[4.488s] -- Installing: /home/roburoc/PycharmProjects/P9-RobuROC4/install/canopen_interfaces/include/canopen_interfaces/canopen_interfaces/srv/detail/can_subscribe__rosidl_typesupport_introspection_cpp.hpp
[4.488s] -- Installing: /home/roburoc/PycharmProjects/P9-RobuROC4/install/canopen_interfaces/include/canopen_interfaces/canopen_interfaces/srv/detail/can_connection__type_support.cpp
[4.488s] -- Installing: /home/roburoc/PycharmProjects/P9-RobuROC4/install/canopen_interfaces/include/canopen_interfaces/canopen_interfaces/srv/detail/can_read__rosidl_typesupport_introspection_cpp.hpp
[4.488s] -- Installing: /home/roburoc/PycharmProjects/P9-RobuROC4/install/canopen_interfaces/include/canopen_interfaces/canopen_interfaces/srv/detail/can_read__type_support.cpp
[4.488s] -- Up-to-date: /home/roburoc/PycharmProjects/P9-RobuROC4/install/canopen_interfaces/include/canopen_interfaces/canopen_interfaces/msg
[4.488s] -- Up-to-date: /home/roburoc/PycharmProjects/P9-RobuROC4/install/canopen_interfaces/include/canopen_interfaces/canopen_interfaces/msg/detail
[4.488s] -- Installing: /home/roburoc/PycharmProjects/P9-RobuROC4/install/canopen_interfaces/include/canopen_interfaces/canopen_interfaces/msg/detail/can_write__type_support.cpp
[4.488s] -- Installing: /home/roburoc/PycharmProjects/P9-RobuROC4/install/canopen_interfaces/include/canopen_interfaces/canopen_interfaces/msg/detail/can_subscription__type_support.cpp
[4.488s] -- Installing: /home/roburoc/PycharmProjects/P9-RobuROC4/install/canopen_interfaces/include/canopen_interfaces/canopen_interfaces/msg/detail/can_subscription__rosidl_typesupport_introspection_cpp.hpp
[4.488s] -- Installing: /home/roburoc/PycharmProjects/P9-RobuROC4/install/canopen_interfaces/include/canopen_interfaces/canopen_interfaces/msg/detail/can_write__rosidl_typesupport_introspection_cpp.hpp
[4.489s] -- Installing: /home/roburoc/PycharmProjects/P9-RobuROC4/install/canopen_interfaces/lib/libcanopen_interfaces__rosidl_typesupport_introspection_cpp.so
[4.489s] -- Set runtime path of "/home/roburoc/PycharmProjects/P9-RobuROC4/install/canopen_interfaces/lib/libcanopen_interfaces__rosidl_typesupport_introspection_cpp.so" to ""
[4.489s] -- Installing: /home/roburoc/PycharmProjects/P9-RobuROC4/install/canopen_interfaces/lib/libcanopen_interfaces__rosidl_typesupport_cpp.so
[4.489s] -- Set runtime path of "/home/roburoc/PycharmProjects/P9-RobuROC4/install/canopen_interfaces/lib/libcanopen_interfaces__rosidl_typesupport_cpp.so" to ""
[4.489s] -- Up-to-date: /home/roburoc/PycharmProjects/P9-RobuROC4/install/canopen_interfaces/share/canopen_interfaces/environment/pythonpath.sh
[4.490s] -- Up-to-date: /home/roburoc/PycharmProjects/P9-RobuROC4/install/canopen_interfaces/share/canopen_interfaces/environment/pythonpath.dsv
[4.490s] -- Up-to-date: /home/roburoc/PycharmProjects/P9-RobuROC4/install/canopen_interfaces/local/lib/python3.10/dist-packages/canopen_interfaces-0.0.0-py3.10.egg-info
[4.490s] -- Installing: /home/roburoc/PycharmProjects/P9-RobuROC4/install/canopen_interfaces/local/lib/python3.10/dist-packages/canopen_interfaces-0.0.0-py3.10.egg-info/SOURCES.txt
[4.490s] -- Installing: /home/roburoc/PycharmProjects/P9-RobuROC4/install/canopen_interfaces/local/lib/python3.10/dist-packages/canopen_interfaces-0.0.0-py3.10.egg-info/dependency_links.txt
[4.490s] -- Installing: /home/roburoc/PycharmProjects/P9-RobuROC4/install/canopen_interfaces/local/lib/python3.10/dist-packages/canopen_interfaces-0.0.0-py3.10.egg-info/top_level.txt
[4.490s] -- Installing: /home/roburoc/PycharmProjects/P9-RobuROC4/install/canopen_interfaces/local/lib/python3.10/dist-packages/canopen_interfaces-0.0.0-py3.10.egg-info/PKG-INFO
[4.490s] -- Up-to-date: /home/roburoc/PycharmProjects/P9-RobuROC4/install/canopen_interfaces/local/lib/python3.10/dist-packages/canopen_interfaces
[4.490s] -- Installing: /home/roburoc/PycharmProjects/P9-RobuROC4/install/canopen_interfaces/local/lib/python3.10/dist-packages/canopen_interfaces/_canopen_interfaces_s.ep.rosidl_typesupport_fastrtps_c.c
[4.490s] -- Installing: /home/roburoc/PycharmProjects/P9-RobuROC4/install/canopen_interfaces/local/lib/python3.10/dist-packages/canopen_interfaces/libcanopen_interfaces__rosidl_generator_py.so
[4.490s] -- Installing: /home/roburoc/PycharmProjects/P9-RobuROC4/install/canopen_interfaces/local/lib/python3.10/dist-packages/canopen_interfaces/_canopen_interfaces_s.ep.rosidl_typesupport_introspection_c.c
[4.490s] -- Up-to-date: /home/roburoc/PycharmProjects/P9-RobuROC4/install/canopen_interfaces/local/lib/python3.10/dist-packages/canopen_interfaces/srv
[4.490s] -- Installing: /home/roburoc/PycharmProjects/P9-RobuROC4/install/canopen_interfaces/local/lib/python3.10/dist-packages/canopen_interfaces/srv/_can_subscribe_s.c
[4.491s] -- Installing: /home/roburoc/PycharmProjects/P9-RobuROC4/install/canopen_interfaces/local/lib/python3.10/dist-packages/canopen_interfaces/srv/_can_connection.py
[4.491s] -- Installing: /home/roburoc/PycharmProjects/P9-RobuROC4/install/canopen_interfaces/local/lib/python3.10/dist-packages/canopen_interfaces/srv/_can_subscribe.py
[4.491s] -- Installing: /home/roburoc/PycharmProjects/P9-RobuROC4/install/canopen_interfaces/local/lib/python3.10/dist-packages/canopen_interfaces/srv/_can_read_s.c
[4.491s] -- Installing: /home/roburoc/PycharmProjects/P9-RobuROC4/install/canopen_interfaces/local/lib/python3.10/dist-packages/canopen_interfaces/srv/_can_read.py
[4.491s] -- Installing: /home/roburoc/PycharmProjects/P9-RobuROC4/install/canopen_interfaces/local/lib/python3.10/dist-packages/canopen_interfaces/srv/_can_connection_s.c
[4.491s] -- Installing: /home/roburoc/PycharmProjects/P9-RobuROC4/install/canopen_interfaces/local/lib/python3.10/dist-packages/canopen_interfaces/srv/__init__.py
[4.491s] -- Installing: /home/roburoc/PycharmProjects/P9-RobuROC4/install/canopen_interfaces/local/lib/python3.10/dist-packages/canopen_interfaces/srv/_can_periodic_task.py
[4.491s] -- Installing: /home/roburoc/PycharmProjects/P9-RobuROC4/install/canopen_interfaces/local/lib/python3.10/dist-packages/canopen_interfaces/srv/_can_periodic_task_s.c
[4.491s] -- Installing: /home/roburoc/PycharmProjects/P9-RobuROC4/install/canopen_interfaces/local/lib/python3.10/dist-packages/canopen_interfaces/canopen_interfaces_s__rosidl_typesupport_c.cpython-310-x86_64-linux-gnu.so
[4.491s] -- Installing: /home/roburoc/PycharmProjects/P9-RobuROC4/install/canopen_interfaces/local/lib/python3.10/dist-packages/canopen_interfaces/_canopen_interfaces_s.ep.rosidl_typesupport_c.c
[4.492s] -- Up-to-date: /home/roburoc/PycharmProjects/P9-RobuROC4/install/canopen_interfaces/local/lib/python3.10/dist-packages/canopen_interfaces/msg
[4.492s] -- Installing: /home/roburoc/PycharmProjects/P9-RobuROC4/install/canopen_interfaces/local/lib/python3.10/dist-packages/canopen_interfaces/msg/_can_subscription.py
[4.492s] -- Installing: /home/roburoc/PycharmProjects/P9-RobuROC4/install/canopen_interfaces/local/lib/python3.10/dist-packages/canopen_interfaces/msg/_can_write_s.c
[4.492s] -- Installing: /home/roburoc/PycharmProjects/P9-RobuROC4/install/canopen_interfaces/local/lib/python3.10/dist-packages/canopen_interfaces/msg/__init__.py
[4.492s] -- Installing: /home/roburoc/PycharmProjects/P9-RobuROC4/install/canopen_interfaces/local/lib/python3.10/dist-packages/canopen_interfaces/msg/_can_subscription_s.c
[4.492s] -- Installing: /home/roburoc/PycharmProjects/P9-RobuROC4/install/canopen_interfaces/local/lib/python3.10/dist-packages/canopen_interfaces/msg/_can_write.py
[4.492s] -- Installing: /home/roburoc/PycharmProjects/P9-RobuROC4/install/canopen_interfaces/local/lib/python3.10/dist-packages/canopen_interfaces/canopen_interfaces_s__rosidl_typesupport_introspection_c.cpython-310-x86_64-linux-gnu.so
[4.492s] -- Up-to-date: /home/roburoc/PycharmProjects/P9-RobuROC4/install/canopen_interfaces/local/lib/python3.10/dist-packages/canopen_interfaces/__init__.py
[4.492s] -- Installing: /home/roburoc/PycharmProjects/P9-RobuROC4/install/canopen_interfaces/local/lib/python3.10/dist-packages/canopen_interfaces/canopen_interfaces_s__rosidl_typesupport_fastrtps_c.cpython-310-x86_64-linux-gnu.so
[4.530s] Listing '/home/roburoc/PycharmProjects/P9-RobuROC4/install/canopen_interfaces/local/lib/python3.10/dist-packages/canopen_interfaces'...
[4.530s] Listing '/home/roburoc/PycharmProjects/P9-RobuROC4/install/canopen_interfaces/local/lib/python3.10/dist-packages/canopen_interfaces/msg'...
[4.530s] Compiling '/home/roburoc/PycharmProjects/P9-RobuROC4/install/canopen_interfaces/local/lib/python3.10/dist-packages/canopen_interfaces/msg/__init__.py'...
[4.530s] Compiling '/home/roburoc/PycharmProjects/P9-RobuROC4/install/canopen_interfaces/local/lib/python3.10/dist-packages/canopen_interfaces/msg/_can_subscription.py'...
[4.530s] Compiling '/home/roburoc/PycharmProjects/P9-RobuROC4/install/canopen_interfaces/local/lib/python3.10/dist-packages/canopen_interfaces/msg/_can_write.py'...
[4.530s] Listing '/home/roburoc/PycharmProjects/P9-RobuROC4/install/canopen_interfaces/local/lib/python3.10/dist-packages/canopen_interfaces/srv'...
[4.530s] Compiling '/home/roburoc/PycharmProjects/P9-RobuROC4/install/canopen_interfaces/local/lib/python3.10/dist-packages/canopen_interfaces/srv/__init__.py'...
[4.530s] Compiling '/home/roburoc/PycharmProjects/P9-RobuROC4/install/canopen_interfaces/local/lib/python3.10/dist-packages/canopen_interfaces/srv/_can_connection.py'...
[4.530s] Compiling '/home/roburoc/PycharmProjects/P9-RobuROC4/install/canopen_interfaces/local/lib/python3.10/dist-packages/canopen_interfaces/srv/_can_periodic_task.py'...
[4.530s] Compiling '/home/roburoc/PycharmProjects/P9-RobuROC4/install/canopen_interfaces/local/lib/python3.10/dist-packages/canopen_interfaces/srv/_can_read.py'...
[4.530s] Compiling '/home/roburoc/PycharmProjects/P9-RobuROC4/install/canopen_interfaces/local/lib/python3.10/dist-packages/canopen_interfaces/srv/_can_subscribe.py'...
[4.534s] -- Installing: /home/roburoc/PycharmProjects/P9-RobuROC4/install/canopen_interfaces/local/lib/python3.10/dist-packages/canopen_interfaces/canopen_interfaces_s__rosidl_typesupport_fastrtps_c.cpython-310-x86_64-linux-gnu.so
[4.534s] -- Set runtime path of "/home/roburoc/PycharmProjects/P9-RobuROC4/install/canopen_interfaces/local/lib/python3.10/dist-packages/canopen_interfaces/canopen_interfaces_s__rosidl_typesupport_fastrtps_c.cpython-310-x86_64-linux-gnu.so" to ""
[4.534s] -- Installing: /home/roburoc/PycharmProjects/P9-RobuROC4/install/canopen_interfaces/local/lib/python3.10/dist-packages/canopen_interfaces/canopen_interfaces_s__rosidl_typesupport_introspection_c.cpython-310-x86_64-linux-gnu.so
[4.535s] -- Set runtime path of "/home/roburoc/PycharmProjects/P9-RobuROC4/install/canopen_interfaces/local/lib/python3.10/dist-packages/canopen_interfaces/canopen_interfaces_s__rosidl_typesupport_introspection_c.cpython-310-x86_64-linux-gnu.so" to ""
[4.535s] -- Installing: /home/roburoc/PycharmProjects/P9-RobuROC4/install/canopen_interfaces/local/lib/python3.10/dist-packages/canopen_interfaces/canopen_interfaces_s__rosidl_typesupport_c.cpython-310-x86_64-linux-gnu.so
[4.535s] -- Set runtime path of "/home/roburoc/PycharmProjects/P9-RobuROC4/install/canopen_interfaces/local/lib/python3.10/dist-packages/canopen_interfaces/canopen_interfaces_s__rosidl_typesupport_c.cpython-310-x86_64-linux-gnu.so" to ""
[4.535s] -- Installing: /home/roburoc/PycharmProjects/P9-RobuROC4/install/canopen_interfaces/lib/libcanopen_interfaces__rosidl_generator_py.so
[4.536s] -- Set runtime path of "/home/roburoc/PycharmProjects/P9-RobuROC4/install/canopen_interfaces/lib/libcanopen_interfaces__rosidl_generator_py.so" to ""
[4.536s] -- Up-to-date: /home/roburoc/PycharmProjects/P9-RobuROC4/install/canopen_interfaces/share/canopen_interfaces/msg/CANWrite.idl
[4.536s] -- Up-to-date: /home/roburoc/PycharmProjects/P9-RobuROC4/install/canopen_interfaces/share/canopen_interfaces/msg/CANSubscription.idl
[4.536s] -- Up-to-date: /home/roburoc/PycharmProjects/P9-RobuROC4/install/canopen_interfaces/share/canopen_interfaces/srv/CANSubscribe.idl
[4.536s] -- Up-to-date: /home/roburoc/PycharmProjects/P9-RobuROC4/install/canopen_interfaces/share/canopen_interfaces/srv/CANPeriodicTask.idl
[4.536s] -- Up-to-date: /home/roburoc/PycharmProjects/P9-RobuROC4/install/canopen_interfaces/share/canopen_interfaces/srv/CANRead.idl
[4.536s] -- Up-to-date: /home/roburoc/PycharmProjects/P9-RobuROC4/install/canopen_interfaces/share/canopen_interfaces/srv/CANConnection.idl
[4.536s] -- Up-to-date: /home/roburoc/PycharmProjects/P9-RobuROC4/install/canopen_interfaces/share/canopen_interfaces/msg/CANWrite.msg
[4.536s] -- Up-to-date: /home/roburoc/PycharmProjects/P9-RobuROC4/install/canopen_interfaces/share/canopen_interfaces/msg/CANSubscription.msg
[4.536s] -- Up-to-date: /home/roburoc/PycharmProjects/P9-RobuROC4/install/canopen_interfaces/share/canopen_interfaces/srv/CANSubscribe.srv
[4.536s] -- Up-to-date: /home/roburoc/PycharmProjects/P9-RobuROC4/install/canopen_interfaces/share/canopen_interfaces/srv/CANSubscribe_Request.msg
[4.536s] -- Up-to-date: /home/roburoc/PycharmProjects/P9-RobuROC4/install/canopen_interfaces/share/canopen_interfaces/srv/CANSubscribe_Response.msg
[4.537s] -- Up-to-date: /home/roburoc/PycharmProjects/P9-RobuROC4/install/canopen_interfaces/share/canopen_interfaces/srv/CANPeriodicTask.srv
[4.537s] -- Up-to-date: /home/roburoc/PycharmProjects/P9-RobuROC4/install/canopen_interfaces/share/canopen_interfaces/srv/CANPeriodicTask_Request.msg
[4.537s] -- Up-to-date: /home/roburoc/PycharmProjects/P9-RobuROC4/install/canopen_interfaces/share/canopen_interfaces/srv/CANPeriodicTask_Response.msg
[4.537s] -- Up-to-date: /home/roburoc/PycharmProjects/P9-RobuROC4/install/canopen_interfaces/share/canopen_interfaces/srv/CANRead.srv
[4.537s] -- Up-to-date: /home/roburoc/PycharmProjects/P9-RobuROC4/install/canopen_interfaces/share/canopen_interfaces/srv/CANRead_Request.msg
[4.537s] -- Up-to-date: /home/roburoc/PycharmProjects/P9-RobuROC4/install/canopen_interfaces/share/canopen_interfaces/srv/CANRead_Response.msg
[4.537s] -- Up-to-date: /home/roburoc/PycharmProjects/P9-RobuROC4/install/canopen_interfaces/share/canopen_interfaces/srv/CANConnection.srv
[4.537s] -- Up-to-date: /home/roburoc/PycharmProjects/P9-RobuROC4/install/canopen_interfaces/share/canopen_interfaces/srv/CANConnection_Request.msg
[4.537s] -- Up-to-date: /home/roburoc/PycharmProjects/P9-RobuROC4/install/canopen_interfaces/share/canopen_interfaces/srv/CANConnection_Response.msg
[4.537s] -- Up-to-date: /home/roburoc/PycharmProjects/P9-RobuROC4/install/canopen_interfaces/share/ament_index/resource_index/package_run_dependencies/canopen_interfaces
[4.537s] -- Up-to-date: /home/roburoc/PycharmProjects/P9-RobuROC4/install/canopen_interfaces/share/ament_index/resource_index/parent_prefix_path/canopen_interfaces
[4.537s] -- Up-to-date: /home/roburoc/PycharmProjects/P9-RobuROC4/install/canopen_interfaces/share/canopen_interfaces/environment/ament_prefix_path.sh
[4.537s] -- Up-to-date: /home/roburoc/PycharmProjects/P9-RobuROC4/install/canopen_interfaces/share/canopen_interfaces/environment/ament_prefix_path.dsv
[4.537s] -- Up-to-date: /home/roburoc/PycharmProjects/P9-RobuROC4/install/canopen_interfaces/share/canopen_interfaces/environment/path.sh
[4.538s] -- Up-to-date: /home/roburoc/PycharmProjects/P9-RobuROC4/install/canopen_interfaces/share/canopen_interfaces/environment/path.dsv
[4.538s] -- Up-to-date: /home/roburoc/PycharmProjects/P9-RobuROC4/install/canopen_interfaces/share/canopen_interfaces/local_setup.bash
[4.538s] -- Up-to-date: /home/roburoc/PycharmProjects/P9-RobuROC4/install/canopen_interfaces/share/canopen_interfaces/local_setup.sh
[4.538s] -- Up-to-date: /home/roburoc/PycharmProjects/P9-RobuROC4/install/canopen_interfaces/share/canopen_interfaces/local_setup.zsh
[4.538s] -- Up-to-date: /home/roburoc/PycharmProjects/P9-RobuROC4/install/canopen_interfaces/share/canopen_interfaces/local_setup.dsv
[4.538s] -- Installing: /home/roburoc/PycharmProjects/P9-RobuROC4/install/canopen_interfaces/share/canopen_interfaces/package.dsv
[4.538s] -- Up-to-date: /home/roburoc/PycharmProjects/P9-RobuROC4/install/canopen_interfaces/share/ament_index/resource_index/packages/canopen_interfaces
[4.538s] -- Up-to-date: /home/roburoc/PycharmProjects/P9-RobuROC4/install/canopen_interfaces/share/canopen_interfaces/cmake/export_canopen_interfaces__rosidl_generator_cExport.cmake
[4.538s] -- Up-to-date: /home/roburoc/PycharmProjects/P9-RobuROC4/install/canopen_interfaces/share/canopen_interfaces/cmake/export_canopen_interfaces__rosidl_generator_cExport-noconfig.cmake
[4.538s] -- Up-to-date: /home/roburoc/PycharmProjects/P9-RobuROC4/install/canopen_interfaces/share/canopen_interfaces/cmake/export_canopen_interfaces__rosidl_typesupport_fastrtps_cExport.cmake
[4.538s] -- Up-to-date: /home/roburoc/PycharmProjects/P9-RobuROC4/install/canopen_interfaces/share/canopen_interfaces/cmake/export_canopen_interfaces__rosidl_typesupport_fastrtps_cExport-noconfig.cmake
[4.538s] -- Up-to-date: /home/roburoc/PycharmProjects/P9-RobuROC4/install/canopen_interfaces/share/canopen_interfaces/cmake/export_canopen_interfaces__rosidl_generator_cppExport.cmake
[4.538s] -- Up-to-date: /home/roburoc/PycharmProjects/P9-RobuROC4/install/canopen_interfaces/share/canopen_interfaces/cmake/export_canopen_interfaces__rosidl_typesupport_fastrtps_cppExport.cmake
[4.538s] -- Up-to-date: /home/roburoc/PycharmProjects/P9-RobuROC4/install/canopen_interfaces/share/canopen_interfaces/cmake/export_canopen_interfaces__rosidl_typesupport_fastrtps_cppExport-noconfig.cmake
[4.539s] -- Up-to-date: /home/roburoc/PycharmProjects/P9-RobuROC4/install/canopen_interfaces/share/canopen_interfaces/cmake/canopen_interfaces__rosidl_typesupport_introspection_cExport.cmake
[4.539s] -- Up-to-date: /home/roburoc/PycharmProjects/P9-RobuROC4/install/canopen_interfaces/share/canopen_interfaces/cmake/canopen_interfaces__rosidl_typesupport_introspection_cExport-noconfig.cmake
[4.539s] -- Up-to-date: /home/roburoc/PycharmProjects/P9-RobuROC4/install/canopen_interfaces/share/canopen_interfaces/cmake/canopen_interfaces__rosidl_typesupport_cExport.cmake
[4.539s] -- Up-to-date: /home/roburoc/PycharmProjects/P9-RobuROC4/install/canopen_interfaces/share/canopen_interfaces/cmake/canopen_interfaces__rosidl_typesupport_cExport-noconfig.cmake
[4.539s] -- Up-to-date: /home/roburoc/PycharmProjects/P9-RobuROC4/install/canopen_interfaces/share/canopen_interfaces/cmake/canopen_interfaces__rosidl_typesupport_introspection_cppExport.cmake
[4.539s] -- Up-to-date: /home/roburoc/PycharmProjects/P9-RobuROC4/install/canopen_interfaces/share/canopen_interfaces/cmake/canopen_interfaces__rosidl_typesupport_introspection_cppExport-noconfig.cmake
[4.539s] -- Up-to-date: /home/roburoc/PycharmProjects/P9-RobuROC4/install/canopen_interfaces/share/canopen_interfaces/cmake/canopen_interfaces__rosidl_typesupport_cppExport.cmake
[4.539s] -- Up-to-date: /home/roburoc/PycharmProjects/P9-RobuROC4/install/canopen_interfaces/share/canopen_interfaces/cmake/canopen_interfaces__rosidl_typesupport_cppExport-noconfig.cmake
[4.539s] -- Up-to-date: /home/roburoc/PycharmProjects/P9-RobuROC4/install/canopen_interfaces/share/canopen_interfaces/cmake/export_canopen_interfaces__rosidl_generator_pyExport.cmake
[4.539s] -- Up-to-date: /home/roburoc/PycharmProjects/P9-RobuROC4/install/canopen_interfaces/share/canopen_interfaces/cmake/export_canopen_interfaces__rosidl_generator_pyExport-noconfig.cmake
[4.539s] -- Up-to-date: /home/roburoc/PycharmProjects/P9-RobuROC4/install/canopen_interfaces/share/canopen_interfaces/cmake/rosidl_cmake-extras.cmake
[4.539s] -- Up-to-date: /home/roburoc/PycharmProjects/P9-RobuROC4/install/canopen_interfaces/share/canopen_interfaces/cmake/ament_cmake_export_dependencies-extras.cmake
[4.539s] -- Up-to-date: /home/roburoc/PycharmProjects/P9-RobuROC4/install/canopen_interfaces/share/canopen_interfaces/cmake/ament_cmake_export_include_directories-extras.cmake
[4.539s] -- Up-to-date: /home/roburoc/PycharmProjects/P9-RobuROC4/install/canopen_interfaces/share/canopen_interfaces/cmake/ament_cmake_export_libraries-extras.cmake
[4.539s] -- Up-to-date: /home/roburoc/PycharmProjects/P9-RobuROC4/install/canopen_interfaces/share/canopen_interfaces/cmake/ament_cmake_export_targets-extras.cmake
[4.539s] -- Up-to-date: /home/roburoc/PycharmProjects/P9-RobuROC4/install/canopen_interfaces/share/canopen_interfaces/cmake/rosidl_cmake_export_typesupport_targets-extras.cmake
[4.539s] -- Up-to-date: /home/roburoc/PycharmProjects/P9-RobuROC4/install/canopen_interfaces/share/canopen_interfaces/cmake/rosidl_cmake_export_typesupport_libraries-extras.cmake
[4.540s] -- Up-to-date: /home/roburoc/PycharmProjects/P9-RobuROC4/install/canopen_interfaces/share/canopen_interfaces/cmake/canopen_interfacesConfig.cmake
[4.540s] -- Up-to-date: /home/roburoc/PycharmProjects/P9-RobuROC4/install/canopen_interfaces/share/canopen_interfaces/cmake/canopen_interfacesConfig-version.cmake
[4.540s] -- Up-to-date: /home/roburoc/PycharmProjects/P9-RobuROC4/install/canopen_interfaces/share/canopen_interfaces/package.xml
[4.541s] Invoked command in '/home/roburoc/PycharmProjects/P9-RobuROC4/build/canopen_interfaces' returned '0': CMAKE_PREFIX_PATH=${CMAKE_PREFIX_PATH}:/opt/ros/humble /usr/bin/cmake --install /home/roburoc/PycharmProjects/P9-RobuROC4/build/canopen_interfaces
