[0.021s] Invoking command in '/home/julian/model/P9-RobuROC4/build/velodyne_gazebo_plugins': CMAKE_PREFIX_PATH=${CMAKE_PREFIX_PATH}:/opt/ros/humble /usr/bin/cmake --build /home/julian/model/P9-RobuROC4/build/velodyne_gazebo_plugins -- -j16 -l16
[0.154s] [100%] Built target gazebo_ros_velodyne_laser
[0.175s] Invoked command in '/home/julian/model/P9-RobuROC4/build/velodyne_gazebo_plugins' returned '0': CMAKE_PREFIX_PATH=${CMAKE_PREFIX_PATH}:/opt/ros/humble /usr/bin/cmake --build /home/julian/model/P9-RobuROC4/build/velodyne_gazebo_plugins -- -j16 -l16
[0.263s] Invoking command in '/home/julian/model/P9-RobuROC4/build/velodyne_gazebo_plugins': CMAKE_PREFIX_PATH=${CMAKE_PREFIX_PATH}:/opt/ros/humble /usr/bin/cmake --install /home/julian/model/P9-RobuROC4/build/velodyne_gazebo_plugins
[0.275s] -- Install configuration: ""
[0.275s] -- Up-to-date: /home/julian/model/P9-RobuROC4/install/velodyne_gazebo_plugins/share/velodyne_gazebo_plugins/environment/library_path.sh
[0.275s] -- Up-to-date: /home/julian/model/P9-RobuROC4/install/velodyne_gazebo_plugins/share/velodyne_gazebo_plugins/environment/library_path.dsv
[0.275s] -- Up-to-date: /home/julian/model/P9-RobuROC4/install/velodyne_gazebo_plugins/share/ament_index/resource_index/package_run_dependencies/velodyne_gazebo_plugins
[0.276s] -- Up-to-date: /home/julian/model/P9-RobuROC4/install/velodyne_gazebo_plugins/share/ament_index/resource_index/parent_prefix_path/velodyne_gazebo_plugins
[0.276s] -- Up-to-date: /home/julian/model/P9-RobuROC4/install/velodyne_gazebo_plugins/share/velodyne_gazebo_plugins/environment/ament_prefix_path.sh
[0.277s] -- Up-to-date: /home/julian/model/P9-RobuROC4/install/velodyne_gazebo_plugins/share/velodyne_gazebo_plugins/environment/ament_prefix_path.dsv
[0.277s] -- Up-to-date: /home/julian/model/P9-RobuROC4/install/velodyne_gazebo_plugins/share/velodyne_gazebo_plugins/environment/path.sh
[0.277s] -- Up-to-date: /home/julian/model/P9-RobuROC4/install/velodyne_gazebo_plugins/share/velodyne_gazebo_plugins/environment/path.dsv
[0.277s] -- Up-to-date: /home/julian/model/P9-RobuROC4/install/velodyne_gazebo_plugins/share/velodyne_gazebo_plugins/local_setup.bash
[0.277s] -- Up-to-date: /home/julian/model/P9-RobuROC4/install/velodyne_gazebo_plugins/share/velodyne_gazebo_plugins/local_setup.sh
[0.278s] -- Up-to-date: /home/julian/model/P9-RobuROC4/install/velodyne_gazebo_plugins/share/velodyne_gazebo_plugins/local_setup.zsh
[0.278s] -- Up-to-date: /home/julian/model/P9-RobuROC4/install/velodyne_gazebo_plugins/share/velodyne_gazebo_plugins/local_setup.dsv
[0.278s] -- Installing: /home/julian/model/P9-RobuROC4/install/velodyne_gazebo_plugins/share/velodyne_gazebo_plugins/package.dsv
[0.278s] -- Up-to-date: /home/julian/model/P9-RobuROC4/install/velodyne_gazebo_plugins/share/ament_index/resource_index/packages/velodyne_gazebo_plugins
[0.278s] -- Up-to-date: /home/julian/model/P9-RobuROC4/install/velodyne_gazebo_plugins/share/velodyne_gazebo_plugins/cmake/ament_cmake_export_libraries-extras.cmake
[0.278s] -- Up-to-date: /home/julian/model/P9-RobuROC4/install/velodyne_gazebo_plugins/share/velodyne_gazebo_plugins/cmake/ament_cmake_export_include_directories-extras.cmake
[0.278s] -- Up-to-date: /home/julian/model/P9-RobuROC4/install/velodyne_gazebo_plugins/share/velodyne_gazebo_plugins/cmake/ament_cmake_export_dependencies-extras.cmake
[0.279s] -- Up-to-date: /home/julian/model/P9-RobuROC4/install/velodyne_gazebo_plugins/share/velodyne_gazebo_plugins/cmake/velodyne_gazebo_pluginsConfig.cmake
[0.279s] -- Up-to-date: /home/julian/model/P9-RobuROC4/install/velodyne_gazebo_plugins/share/velodyne_gazebo_plugins/cmake/velodyne_gazebo_pluginsConfig-version.cmake
[0.279s] -- Up-to-date: /home/julian/model/P9-RobuROC4/install/velodyne_gazebo_plugins/share/velodyne_gazebo_plugins/package.xml
[0.279s] -- Up-to-date: /home/julian/model/P9-RobuROC4/install/velodyne_gazebo_plugins/include
[0.279s] -- Up-to-date: /home/julian/model/P9-RobuROC4/install/velodyne_gazebo_plugins/include/velodyne_gazebo_plugins
[0.279s] -- Up-to-date: /home/julian/model/P9-RobuROC4/install/velodyne_gazebo_plugins/include/velodyne_gazebo_plugins/GazeboRosVelodyneLaser.h
[0.280s] -- Up-to-date: /home/julian/model/P9-RobuROC4/install/velodyne_gazebo_plugins/lib/libgazebo_ros_velodyne_laser.so
[0.283s] Invoked command in '/home/julian/model/P9-RobuROC4/build/velodyne_gazebo_plugins' returned '0': CMAKE_PREFIX_PATH=${CMAKE_PREFIX_PATH}:/opt/ros/humble /usr/bin/cmake --install /home/julian/model/P9-RobuROC4/build/velodyne_gazebo_plugins
