[0.010s] Invoking command in '/home/roburoc/PycharmProjects/P9-RobuROC4/build/canopen_interfaces': CMAKE_PREFIX_PATH=${CMAKE_PREFIX_PATH}:/opt/ros/humble /usr/bin/cmake --build /home/roburoc/PycharmProjects/P9-RobuROC4/build/canopen_interfaces --clean-first -- -j12 -l12
[0.207s] [  1%] [34m[1mGenerating C code for ROS interfaces[0m
[0.216s] [  2%] [34m[1mGenerating C++ code for ROS interfaces[0m
[0.222s] [  2%] Built target ament_cmake_python_copy_canopen_interfaces
[0.470s] running egg_info
[0.470s] writing canopen_interfaces.egg-info/PKG-INFO
[0.471s] writing dependency_links to canopen_interfaces.egg-info/dependency_links.txt
[0.471s] writing top-level names to canopen_interfaces.egg-info/top_level.txt
[0.473s] reading manifest file 'canopen_interfaces.egg-info/SOURCES.txt'
[0.474s] writing manifest file 'canopen_interfaces.egg-info/SOURCES.txt'
[0.495s] [  2%] Built target ament_cmake_python_build_canopen_interfaces_egg
[0.768s] [  2%] Built target canopen_interfaces__cpp
[0.778s] [  5%] [34m[1mGenerating C++ introspection for ROS interfaces[0m
[0.778s] [  5%] [34m[1mGenerating C++ type support dispatch for ROS interfaces[0m
[0.778s] [  7%] [34m[1mGenerating C++ type support for eProsima Fast-RTPS[0m
[0.836s] [  8%] [32mBuilding C object CMakeFiles/canopen_interfaces__rosidl_generator_c.dir/rosidl_generator_c/canopen_interfaces/srv/detail/can_subscribe__functions.c.o[0m
[0.837s] [ 11%] [32mBuilding C object CMakeFiles/canopen_interfaces__rosidl_generator_c.dir/rosidl_generator_c/canopen_interfaces/msg/detail/can_subscription__functions.c.o[0m
[0.837s] [ 11%] [32mBuilding C object CMakeFiles/canopen_interfaces__rosidl_generator_c.dir/rosidl_generator_c/canopen_interfaces/srv/detail/can_periodic_task__functions.c.o[0m
[0.837s] [ 12%] [32mBuilding C object CMakeFiles/canopen_interfaces__rosidl_generator_c.dir/rosidl_generator_c/canopen_interfaces/msg/detail/can_write__functions.c.o[0m
[0.837s] [ 14%] [32mBuilding C object CMakeFiles/canopen_interfaces__rosidl_generator_c.dir/rosidl_generator_c/canopen_interfaces/srv/detail/can_read__functions.c.o[0m
[0.840s] [ 15%] [32mBuilding C object CMakeFiles/canopen_interfaces__rosidl_generator_c.dir/rosidl_generator_c/canopen_interfaces/srv/detail/can_connection__functions.c.o[0m
[0.933s] [ 16%] [32m[1mLinking C shared library libcanopen_interfaces__rosidl_generator_c.so[0m
[0.962s] [ 16%] Built target canopen_interfaces__rosidl_generator_c
[0.971s] [ 19%] [34m[1mGenerating C introspection for ROS interfaces[0m
[0.971s] [ 19%] [34m[1mGenerating C type support dispatch for ROS interfaces[0m
[0.971s] [ 21%] [34m[1mGenerating C type support for eProsima Fast-RTPS[0m
[1.202s] [ 22%] [32mBuilding CXX object CMakeFiles/canopen_interfaces__rosidl_typesupport_cpp.dir/rosidl_typesupport_cpp/canopen_interfaces/srv/can_periodic_task__type_support.cpp.o[0m
[1.204s] [ 23%] [32mBuilding CXX object CMakeFiles/canopen_interfaces__rosidl_typesupport_cpp.dir/rosidl_typesupport_cpp/canopen_interfaces/msg/can_write__type_support.cpp.o[0m
[1.204s] [ 26%] [32mBuilding CXX object CMakeFiles/canopen_interfaces__rosidl_typesupport_cpp.dir/rosidl_typesupport_cpp/canopen_interfaces/srv/can_subscribe__type_support.cpp.o[0m
[1.204s] [ 28%] [32mBuilding CXX object CMakeFiles/canopen_interfaces__rosidl_typesupport_cpp.dir/rosidl_typesupport_cpp/canopen_interfaces/msg/can_subscription__type_support.cpp.o[0m
[1.204s] [ 28%] [32mBuilding CXX object CMakeFiles/canopen_interfaces__rosidl_typesupport_cpp.dir/rosidl_typesupport_cpp/canopen_interfaces/srv/can_read__type_support.cpp.o[0m
[1.205s] [ 29%] [32mBuilding CXX object CMakeFiles/canopen_interfaces__rosidl_typesupport_cpp.dir/rosidl_typesupport_cpp/canopen_interfaces/srv/can_connection__type_support.cpp.o[0m
[1.366s] [ 30%] [32mBuilding CXX object CMakeFiles/canopen_interfaces__rosidl_typesupport_introspection_cpp.dir/rosidl_typesupport_introspection_cpp/canopen_interfaces/msg/detail/can_write__type_support.cpp.o[0m
[1.372s] [ 32%] [32mBuilding CXX object CMakeFiles/canopen_interfaces__rosidl_typesupport_introspection_cpp.dir/rosidl_typesupport_introspection_cpp/canopen_interfaces/msg/detail/can_subscription__type_support.cpp.o[0m
[1.487s] [ 33%] [32mBuilding CXX object CMakeFiles/canopen_interfaces__rosidl_typesupport_c.dir/rosidl_typesupport_c/canopen_interfaces/msg/can_write__type_support.cpp.o[0m
[1.539s] [ 35%] [32mBuilding CXX object CMakeFiles/canopen_interfaces__rosidl_typesupport_c.dir/rosidl_typesupport_c/canopen_interfaces/msg/can_subscription__type_support.cpp.o[0m
[1.583s] [ 36%] [32mBuilding CXX object CMakeFiles/canopen_interfaces__rosidl_typesupport_c.dir/rosidl_typesupport_c/canopen_interfaces/srv/can_subscribe__type_support.cpp.o[0m
[1.586s] [ 38%] [32mBuilding CXX object CMakeFiles/canopen_interfaces__rosidl_typesupport_introspection_cpp.dir/rosidl_typesupport_introspection_cpp/canopen_interfaces/srv/detail/can_subscribe__type_support.cpp.o[0m
[1.589s] [ 39%] [32mBuilding CXX object CMakeFiles/canopen_interfaces__rosidl_typesupport_introspection_cpp.dir/rosidl_typesupport_introspection_cpp/canopen_interfaces/srv/detail/can_periodic_task__type_support.cpp.o[0m
[1.590s] [ 40%] [32mBuilding CXX object CMakeFiles/canopen_interfaces__rosidl_typesupport_introspection_cpp.dir/rosidl_typesupport_introspection_cpp/canopen_interfaces/srv/detail/can_read__type_support.cpp.o[0m
[1.597s] [ 42%] [32mBuilding CXX object CMakeFiles/canopen_interfaces__rosidl_typesupport_fastrtps_cpp.dir/rosidl_typesupport_fastrtps_cpp/canopen_interfaces/msg/detail/dds_fastrtps/can_write__type_support.cpp.o[0m
[1.599s] [ 43%] [32mBuilding CXX object CMakeFiles/canopen_interfaces__rosidl_typesupport_introspection_cpp.dir/rosidl_typesupport_introspection_cpp/canopen_interfaces/srv/detail/can_connection__type_support.cpp.o[0m
[1.615s] [ 45%] [32mBuilding CXX object CMakeFiles/canopen_interfaces__rosidl_typesupport_c.dir/rosidl_typesupport_c/canopen_interfaces/srv/can_periodic_task__type_support.cpp.o[0m
[1.620s] [ 46%] [32m[1mLinking CXX shared library libcanopen_interfaces__rosidl_typesupport_cpp.so[0m
[1.637s] [ 47%] [32mBuilding CXX object CMakeFiles/canopen_interfaces__rosidl_typesupport_c.dir/rosidl_typesupport_c/canopen_interfaces/srv/can_read__type_support.cpp.o[0m
[1.681s] [ 49%] [32mBuilding CXX object CMakeFiles/canopen_interfaces__rosidl_typesupport_c.dir/rosidl_typesupport_c/canopen_interfaces/srv/can_connection__type_support.cpp.o[0m
[1.690s] [ 49%] Built target canopen_interfaces__rosidl_typesupport_cpp
[1.691s] [ 50%] [32mBuilding CXX object CMakeFiles/canopen_interfaces__rosidl_typesupport_fastrtps_cpp.dir/rosidl_typesupport_fastrtps_cpp/canopen_interfaces/msg/detail/dds_fastrtps/can_subscription__type_support.cpp.o[0m
[1.691s] [ 52%] [32mBuilding C object CMakeFiles/canopen_interfaces__rosidl_typesupport_introspection_c.dir/rosidl_typesupport_introspection_c/canopen_interfaces/msg/detail/can_write__type_support.c.o[0m
[1.701s] [ 53%] [32mBuilding C object CMakeFiles/canopen_interfaces__rosidl_typesupport_introspection_c.dir/rosidl_typesupport_introspection_c/canopen_interfaces/msg/detail/can_subscription__type_support.c.o[0m
[1.722s] [ 54%] [32m[1mLinking CXX shared library libcanopen_interfaces__rosidl_typesupport_c.so[0m
[1.751s] [ 56%] [32mBuilding CXX object CMakeFiles/canopen_interfaces__rosidl_typesupport_fastrtps_cpp.dir/rosidl_typesupport_fastrtps_cpp/canopen_interfaces/srv/detail/dds_fastrtps/can_subscribe__type_support.cpp.o[0m
[1.761s] [ 57%] [32mBuilding C object CMakeFiles/canopen_interfaces__rosidl_typesupport_introspection_c.dir/rosidl_typesupport_introspection_c/canopen_interfaces/srv/detail/can_subscribe__type_support.c.o[0m
[1.776s] [ 57%] Built target canopen_interfaces__rosidl_typesupport_c
[1.787s] [ 59%] [32mBuilding C object CMakeFiles/canopen_interfaces__rosidl_typesupport_introspection_c.dir/rosidl_typesupport_introspection_c/canopen_interfaces/srv/detail/can_periodic_task__type_support.c.o[0m
[1.803s] [ 60%] [32mBuilding CXX object CMakeFiles/canopen_interfaces__rosidl_typesupport_fastrtps_c.dir/rosidl_typesupport_fastrtps_c/canopen_interfaces/msg/detail/can_write__type_support_c.cpp.o[0m
[1.813s] [ 61%] [32mBuilding C object CMakeFiles/canopen_interfaces__rosidl_typesupport_introspection_c.dir/rosidl_typesupport_introspection_c/canopen_interfaces/srv/detail/can_read__type_support.c.o[0m
[1.847s] [ 63%] [32mBuilding C object CMakeFiles/canopen_interfaces__rosidl_typesupport_introspection_c.dir/rosidl_typesupport_introspection_c/canopen_interfaces/srv/detail/can_connection__type_support.c.o[0m
[1.880s] [ 64%] [32mBuilding CXX object CMakeFiles/canopen_interfaces__rosidl_typesupport_fastrtps_c.dir/rosidl_typesupport_fastrtps_c/canopen_interfaces/msg/detail/can_subscription__type_support_c.cpp.o[0m
[1.906s] [ 66%] [32m[1mLinking C shared library libcanopen_interfaces__rosidl_typesupport_introspection_c.so[0m
[1.947s] [ 66%] Built target canopen_interfaces__rosidl_typesupport_introspection_c
[1.958s] [ 67%] [32mBuilding CXX object CMakeFiles/canopen_interfaces__rosidl_typesupport_fastrtps_c.dir/rosidl_typesupport_fastrtps_c/canopen_interfaces/srv/detail/can_subscribe__type_support_c.cpp.o[0m
[1.968s] [ 69%] [32mBuilding CXX object CMakeFiles/canopen_interfaces__rosidl_typesupport_fastrtps_c.dir/rosidl_typesupport_fastrtps_c/canopen_interfaces/srv/detail/can_periodic_task__type_support_c.cpp.o[0m
[1.987s] [ 70%] [32mBuilding CXX object CMakeFiles/canopen_interfaces__rosidl_typesupport_fastrtps_c.dir/rosidl_typesupport_fastrtps_c/canopen_interfaces/srv/detail/can_read__type_support_c.cpp.o[0m
[2.161s] [ 71%] [32mBuilding CXX object CMakeFiles/canopen_interfaces__rosidl_typesupport_fastrtps_c.dir/rosidl_typesupport_fastrtps_c/canopen_interfaces/srv/detail/can_connection__type_support_c.cpp.o[0m
[2.201s] [ 73%] [32mBuilding CXX object CMakeFiles/canopen_interfaces__rosidl_typesupport_fastrtps_cpp.dir/rosidl_typesupport_fastrtps_cpp/canopen_interfaces/srv/detail/dds_fastrtps/can_periodic_task__type_support.cpp.o[0m
[2.247s] [ 74%] [32mBuilding CXX object CMakeFiles/canopen_interfaces__rosidl_typesupport_fastrtps_cpp.dir/rosidl_typesupport_fastrtps_cpp/canopen_interfaces/srv/detail/dds_fastrtps/can_read__type_support.cpp.o[0m
[2.258s] [ 76%] [32mBuilding CXX object CMakeFiles/canopen_interfaces__rosidl_typesupport_fastrtps_cpp.dir/rosidl_typesupport_fastrtps_cpp/canopen_interfaces/srv/detail/dds_fastrtps/can_connection__type_support.cpp.o[0m
[2.273s] [ 77%] [32m[1mLinking CXX shared library libcanopen_interfaces__rosidl_typesupport_introspection_cpp.so[0m
[2.385s] [ 77%] Built target canopen_interfaces__rosidl_typesupport_introspection_cpp
[2.544s] [ 78%] [32m[1mLinking CXX shared library libcanopen_interfaces__rosidl_typesupport_fastrtps_c.so[0m
[2.606s] [ 78%] Built target canopen_interfaces__rosidl_typesupport_fastrtps_c
[2.731s] [ 80%] [32m[1mLinking CXX shared library libcanopen_interfaces__rosidl_typesupport_fastrtps_cpp.so[0m
[2.789s] [ 80%] Built target canopen_interfaces__rosidl_typesupport_fastrtps_cpp
[2.804s] [ 80%] Built target canopen_interfaces
[2.818s] [ 81%] [34m[1mGenerating Python code for ROS interfaces[0m
[3.664s] [ 81%] Built target canopen_interfaces__py
[3.682s] [ 84%] [32mBuilding C object CMakeFiles/canopen_interfaces__rosidl_generator_py.dir/rosidl_generator_py/canopen_interfaces/msg/_can_subscription_s.c.o[0m
[3.682s] [ 84%] [32mBuilding C object CMakeFiles/canopen_interfaces__rosidl_generator_py.dir/rosidl_generator_py/canopen_interfaces/msg/_can_write_s.c.o[0m
[3.682s] [ 85%] [32mBuilding C object CMakeFiles/canopen_interfaces__rosidl_generator_py.dir/rosidl_generator_py/canopen_interfaces/srv/_can_subscribe_s.c.o[0m
[3.682s] [ 87%] [32mBuilding C object CMakeFiles/canopen_interfaces__rosidl_generator_py.dir/rosidl_generator_py/canopen_interfaces/srv/_can_periodic_task_s.c.o[0m
[3.683s] [ 88%] [32mBuilding C object CMakeFiles/canopen_interfaces__rosidl_generator_py.dir/rosidl_generator_py/canopen_interfaces/srv/_can_read_s.c.o[0m
[3.683s] [ 90%] [32mBuilding C object CMakeFiles/canopen_interfaces__rosidl_generator_py.dir/rosidl_generator_py/canopen_interfaces/srv/_can_connection_s.c.o[0m
[3.804s] [ 91%] [32m[1mLinking C shared library rosidl_generator_py/canopen_interfaces/libcanopen_interfaces__rosidl_generator_py.so[0m
[3.837s] [ 91%] Built target canopen_interfaces__rosidl_generator_py
[3.856s] [ 95%] [32mBuilding C object CMakeFiles/canopen_interfaces__rosidl_typesupport_introspection_c__pyext.dir/rosidl_generator_py/canopen_interfaces/_canopen_interfaces_s.ep.rosidl_typesupport_introspection_c.c.o[0m
[3.856s] [ 95%] [32mBuilding C object CMakeFiles/canopen_interfaces__rosidl_typesupport_c__pyext.dir/rosidl_generator_py/canopen_interfaces/_canopen_interfaces_s.ep.rosidl_typesupport_c.c.o[0m
[3.856s] [ 95%] [32mBuilding C object CMakeFiles/canopen_interfaces__rosidl_typesupport_fastrtps_c__pyext.dir/rosidl_generator_py/canopen_interfaces/_canopen_interfaces_s.ep.rosidl_typesupport_fastrtps_c.c.o[0m
[3.977s] [100%] [32m[1mLinking C shared library rosidl_generator_py/canopen_interfaces/canopen_interfaces_s__rosidl_typesupport_c.cpython-310-x86_64-linux-gnu.so[0m
[3.977s] [100%] [32m[1mLinking C shared library rosidl_generator_py/canopen_interfaces/canopen_interfaces_s__rosidl_typesupport_introspection_c.cpython-310-x86_64-linux-gnu.so[0m
[3.977s] [100%] [32m[1mLinking C shared library rosidl_generator_py/canopen_interfaces/canopen_interfaces_s__rosidl_typesupport_fastrtps_c.cpython-310-x86_64-linux-gnu.so[0m
[4.010s] [100%] Built target canopen_interfaces__rosidl_typesupport_fastrtps_c__pyext
[4.010s] [100%] Built target canopen_interfaces__rosidl_typesupport_introspection_c__pyext
[4.010s] [100%] Built target canopen_interfaces__rosidl_typesupport_c__pyext
[4.020s] Invoked command in '/home/roburoc/PycharmProjects/P9-RobuROC4/build/canopen_interfaces' returned '0': CMAKE_PREFIX_PATH=${CMAKE_PREFIX_PATH}:/opt/ros/humble /usr/bin/cmake --build /home/roburoc/PycharmProjects/P9-RobuROC4/build/canopen_interfaces --clean-first -- -j12 -l12
[4.126s] Invoking command in '/home/roburoc/PycharmProjects/P9-RobuROC4/build/canopen_interfaces': CMAKE_PREFIX_PATH=${CMAKE_PREFIX_PATH}:/opt/ros/humble /usr/bin/cmake --install /home/roburoc/PycharmProjects/P9-RobuROC4/build/canopen_interfaces
[4.133s] -- Install configuration: ""
[4.133s] -- Up-to-date: /home/roburoc/PycharmProjects/P9-RobuROC4/install/canopen_interfaces/share/ament_index/resource_index/rosidl_interfaces/canopen_interfaces
[4.133s] -- Up-to-date: /home/roburoc/PycharmProjects/P9-RobuROC4/install/canopen_interfaces/include/canopen_interfaces/canopen_interfaces
[4.133s] -- Up-to-date: /home/roburoc/PycharmProjects/P9-RobuROC4/install/canopen_interfaces/include/canopen_interfaces/canopen_interfaces/srv
[4.133s] -- Installing: /home/roburoc/PycharmProjects/P9-RobuROC4/install/canopen_interfaces/include/canopen_interfaces/canopen_interfaces/srv/can_subscribe.h
[4.133s] -- Installing: /home/roburoc/PycharmProjects/P9-RobuROC4/install/canopen_interfaces/include/canopen_interfaces/canopen_interfaces/srv/can_connection.h
[4.134s] -- Up-to-date: /home/roburoc/PycharmProjects/P9-RobuROC4/install/canopen_interfaces/include/canopen_interfaces/canopen_interfaces/srv/detail
[4.134s] -- Installing: /home/roburoc/PycharmProjects/P9-RobuROC4/install/canopen_interfaces/include/canopen_interfaces/canopen_interfaces/srv/detail/can_subscribe__functions.c
[4.134s] -- Installing: /home/roburoc/PycharmProjects/P9-RobuROC4/install/canopen_interfaces/include/canopen_interfaces/canopen_interfaces/srv/detail/can_subscribe__type_support.h
[4.134s] -- Installing: /home/roburoc/PycharmProjects/P9-RobuROC4/install/canopen_interfaces/include/canopen_interfaces/canopen_interfaces/srv/detail/can_read__struct.h
[4.134s] -- Installing: /home/roburoc/PycharmProjects/P9-RobuROC4/install/canopen_interfaces/include/canopen_interfaces/canopen_interfaces/srv/detail/can_connection__functions.c
[4.134s] -- Installing: /home/roburoc/PycharmProjects/P9-RobuROC4/install/canopen_interfaces/include/canopen_interfaces/canopen_interfaces/srv/detail/can_read__type_support.h
[4.134s] -- Installing: /home/roburoc/PycharmProjects/P9-RobuROC4/install/canopen_interfaces/include/canopen_interfaces/canopen_interfaces/srv/detail/can_periodic_task__functions.c
[4.134s] -- Installing: /home/roburoc/PycharmProjects/P9-RobuROC4/install/canopen_interfaces/include/canopen_interfaces/canopen_interfaces/srv/detail/can_read__functions.h
[4.134s] -- Installing: /home/roburoc/PycharmProjects/P9-RobuROC4/install/canopen_interfaces/include/canopen_interfaces/canopen_interfaces/srv/detail/can_read__functions.c
[4.135s] -- Installing: /home/roburoc/PycharmProjects/P9-RobuROC4/install/canopen_interfaces/include/canopen_interfaces/canopen_interfaces/srv/detail/can_connection__struct.h
[4.135s] -- Installing: /home/roburoc/PycharmProjects/P9-RobuROC4/install/canopen_interfaces/include/canopen_interfaces/canopen_interfaces/srv/detail/can_subscribe__functions.h
[4.135s] -- Installing: /home/roburoc/PycharmProjects/P9-RobuROC4/install/canopen_interfaces/include/canopen_interfaces/canopen_interfaces/srv/detail/can_subscribe__struct.h
[4.135s] -- Installing: /home/roburoc/PycharmProjects/P9-RobuROC4/install/canopen_interfaces/include/canopen_interfaces/canopen_interfaces/srv/detail/can_connection__functions.h
[4.135s] -- Installing: /home/roburoc/PycharmProjects/P9-RobuROC4/install/canopen_interfaces/include/canopen_interfaces/canopen_interfaces/srv/detail/can_connection__type_support.h
[4.135s] -- Installing: /home/roburoc/PycharmProjects/P9-RobuROC4/install/canopen_interfaces/include/canopen_interfaces/canopen_interfaces/srv/detail/can_periodic_task__functions.h
[4.136s] -- Installing: /home/roburoc/PycharmProjects/P9-RobuROC4/install/canopen_interfaces/include/canopen_interfaces/canopen_interfaces/srv/detail/can_periodic_task__type_support.h
[4.136s] -- Installing: /home/roburoc/PycharmProjects/P9-RobuROC4/install/canopen_interfaces/include/canopen_interfaces/canopen_interfaces/srv/detail/can_periodic_task__struct.h
[4.136s] -- Installing: /home/roburoc/PycharmProjects/P9-RobuROC4/install/canopen_interfaces/include/canopen_interfaces/canopen_interfaces/srv/can_read.h
[4.136s] -- Installing: /home/roburoc/PycharmProjects/P9-RobuROC4/install/canopen_interfaces/include/canopen_interfaces/canopen_interfaces/srv/can_periodic_task.h
[4.136s] -- Up-to-date: /home/roburoc/PycharmProjects/P9-RobuROC4/install/canopen_interfaces/include/canopen_interfaces/canopen_interfaces/msg
[4.136s] -- Installing: /home/roburoc/PycharmProjects/P9-RobuROC4/install/canopen_interfaces/include/canopen_interfaces/canopen_interfaces/msg/can_subscription.h
[4.136s] -- Up-to-date: /home/roburoc/PycharmProjects/P9-RobuROC4/install/canopen_interfaces/include/canopen_interfaces/canopen_interfaces/msg/detail
[4.137s] -- Installing: /home/roburoc/PycharmProjects/P9-RobuROC4/install/canopen_interfaces/include/canopen_interfaces/canopen_interfaces/msg/detail/can_write__functions.h
[4.137s] -- Installing: /home/roburoc/PycharmProjects/P9-RobuROC4/install/canopen_interfaces/include/canopen_interfaces/canopen_interfaces/msg/detail/can_write__struct.h
[4.137s] -- Installing: /home/roburoc/PycharmProjects/P9-RobuROC4/install/canopen_interfaces/include/canopen_interfaces/canopen_interfaces/msg/detail/can_subscription__type_support.h
[4.137s] -- Installing: /home/roburoc/PycharmProjects/P9-RobuROC4/install/canopen_interfaces/include/canopen_interfaces/canopen_interfaces/msg/detail/can_write__functions.c
[4.137s] -- Installing: /home/roburoc/PycharmProjects/P9-RobuROC4/install/canopen_interfaces/include/canopen_interfaces/canopen_interfaces/msg/detail/can_subscription__struct.h
[4.137s] -- Installing: /home/roburoc/PycharmProjects/P9-RobuROC4/install/canopen_interfaces/include/canopen_interfaces/canopen_interfaces/msg/detail/can_subscription__functions.h
[4.137s] -- Installing: /home/roburoc/PycharmProjects/P9-RobuROC4/install/canopen_interfaces/include/canopen_interfaces/canopen_interfaces/msg/detail/can_subscription__functions.c
[4.137s] -- Installing: /home/roburoc/PycharmProjects/P9-RobuROC4/install/canopen_interfaces/include/canopen_interfaces/canopen_interfaces/msg/detail/can_write__type_support.h
[4.138s] -- Up-to-date: /home/roburoc/PycharmProjects/P9-RobuROC4/install/canopen_interfaces/include/canopen_interfaces/canopen_interfaces/msg/rosidl_generator_c__visibility_control.h
[4.138s] -- Installing: /home/roburoc/PycharmProjects/P9-RobuROC4/install/canopen_interfaces/include/canopen_interfaces/canopen_interfaces/msg/can_write.h
[4.138s] -- Up-to-date: /home/roburoc/PycharmProjects/P9-RobuROC4/install/canopen_interfaces/share/canopen_interfaces/environment/library_path.sh
[4.138s] -- Up-to-date: /home/roburoc/PycharmProjects/P9-RobuROC4/install/canopen_interfaces/share/canopen_interfaces/environment/library_path.dsv
[4.138s] -- Installing: /home/roburoc/PycharmProjects/P9-RobuROC4/install/canopen_interfaces/lib/libcanopen_interfaces__rosidl_generator_c.so
[4.138s] -- Set runtime path of "/home/roburoc/PycharmProjects/P9-RobuROC4/install/canopen_interfaces/lib/libcanopen_interfaces__rosidl_generator_c.so" to ""
[4.139s] -- Up-to-date: /home/roburoc/PycharmProjects/P9-RobuROC4/install/canopen_interfaces/include/canopen_interfaces/canopen_interfaces
[4.139s] -- Up-to-date: /home/roburoc/PycharmProjects/P9-RobuROC4/install/canopen_interfaces/include/canopen_interfaces/canopen_interfaces/srv
[4.139s] -- Up-to-date: /home/roburoc/PycharmProjects/P9-RobuROC4/install/canopen_interfaces/include/canopen_interfaces/canopen_interfaces/srv/detail
[4.139s] -- Installing: /home/roburoc/PycharmProjects/P9-RobuROC4/install/canopen_interfaces/include/canopen_interfaces/canopen_interfaces/srv/detail/can_periodic_task__rosidl_typesupport_fastrtps_c.h
[4.139s] -- Installing: /home/roburoc/PycharmProjects/P9-RobuROC4/install/canopen_interfaces/include/canopen_interfaces/canopen_interfaces/srv/detail/can_connection__rosidl_typesupport_fastrtps_c.h
[4.139s] -- Installing: /home/roburoc/PycharmProjects/P9-RobuROC4/install/canopen_interfaces/include/canopen_interfaces/canopen_interfaces/srv/detail/can_subscribe__rosidl_typesupport_fastrtps_c.h
[4.139s] -- Installing: /home/roburoc/PycharmProjects/P9-RobuROC4/install/canopen_interfaces/include/canopen_interfaces/canopen_interfaces/srv/detail/can_read__rosidl_typesupport_fastrtps_c.h
[4.139s] -- Up-to-date: /home/roburoc/PycharmProjects/P9-RobuROC4/install/canopen_interfaces/include/canopen_interfaces/canopen_interfaces/msg
[4.140s] -- Up-to-date: /home/roburoc/PycharmProjects/P9-RobuROC4/install/canopen_interfaces/include/canopen_interfaces/canopen_interfaces/msg/rosidl_typesupport_fastrtps_c__visibility_control.h
[4.140s] -- Up-to-date: /home/roburoc/PycharmProjects/P9-RobuROC4/install/canopen_interfaces/include/canopen_interfaces/canopen_interfaces/msg/detail
[4.140s] -- Installing: /home/roburoc/PycharmProjects/P9-RobuROC4/install/canopen_interfaces/include/canopen_interfaces/canopen_interfaces/msg/detail/can_subscription__rosidl_typesupport_fastrtps_c.h
[4.140s] -- Installing: /home/roburoc/PycharmProjects/P9-RobuROC4/install/canopen_interfaces/include/canopen_interfaces/canopen_interfaces/msg/detail/can_write__rosidl_typesupport_fastrtps_c.h
[4.140s] -- Installing: /home/roburoc/PycharmProjects/P9-RobuROC4/install/canopen_interfaces/lib/libcanopen_interfaces__rosidl_typesupport_fastrtps_c.so
[4.140s] -- Set runtime path of "/home/roburoc/PycharmProjects/P9-RobuROC4/install/canopen_interfaces/lib/libcanopen_interfaces__rosidl_typesupport_fastrtps_c.so" to ""
[4.140s] -- Up-to-date: /home/roburoc/PycharmProjects/P9-RobuROC4/install/canopen_interfaces/include/canopen_interfaces/canopen_interfaces
[4.140s] -- Up-to-date: /home/roburoc/PycharmProjects/P9-RobuROC4/install/canopen_interfaces/include/canopen_interfaces/canopen_interfaces/srv
[4.141s] -- Installing: /home/roburoc/PycharmProjects/P9-RobuROC4/install/canopen_interfaces/include/canopen_interfaces/canopen_interfaces/srv/can_connection.hpp
[4.141s] -- Installing: /home/roburoc/PycharmProjects/P9-RobuROC4/install/canopen_interfaces/include/canopen_interfaces/canopen_interfaces/srv/can_subscribe.hpp
[4.141s] -- Up-to-date: /home/roburoc/PycharmProjects/P9-RobuROC4/install/canopen_interfaces/include/canopen_interfaces/canopen_interfaces/srv/detail
[4.141s] -- Installing: /home/roburoc/PycharmProjects/P9-RobuROC4/install/canopen_interfaces/include/canopen_interfaces/canopen_interfaces/srv/detail/can_subscribe__builder.hpp
[4.141s] -- Installing: /home/roburoc/PycharmProjects/P9-RobuROC4/install/canopen_interfaces/include/canopen_interfaces/canopen_interfaces/srv/detail/can_periodic_task__struct.hpp
[4.141s] -- Installing: /home/roburoc/PycharmProjects/P9-RobuROC4/install/canopen_interfaces/include/canopen_interfaces/canopen_interfaces/srv/detail/can_subscribe__traits.hpp
[4.141s] -- Installing: /home/roburoc/PycharmProjects/P9-RobuROC4/install/canopen_interfaces/include/canopen_interfaces/canopen_interfaces/srv/detail/can_read__traits.hpp
[4.141s] -- Installing: /home/roburoc/PycharmProjects/P9-RobuROC4/install/canopen_interfaces/include/canopen_interfaces/canopen_interfaces/srv/detail/can_read__struct.hpp
[4.142s] -- Installing: /home/roburoc/PycharmProjects/P9-RobuROC4/install/canopen_interfaces/include/canopen_interfaces/canopen_interfaces/srv/detail/can_connection__struct.hpp
[4.142s] -- Installing: /home/roburoc/PycharmProjects/P9-RobuROC4/install/canopen_interfaces/include/canopen_interfaces/canopen_interfaces/srv/detail/can_read__builder.hpp
[4.142s] -- Installing: /home/roburoc/PycharmProjects/P9-RobuROC4/install/canopen_interfaces/include/canopen_interfaces/canopen_interfaces/srv/detail/can_connection__builder.hpp
[4.142s] -- Installing: /home/roburoc/PycharmProjects/P9-RobuROC4/install/canopen_interfaces/include/canopen_interfaces/canopen_interfaces/srv/detail/can_connection__traits.hpp
[4.142s] -- Installing: /home/roburoc/PycharmProjects/P9-RobuROC4/install/canopen_interfaces/include/canopen_interfaces/canopen_interfaces/srv/detail/can_periodic_task__builder.hpp
[4.142s] -- Installing: /home/roburoc/PycharmProjects/P9-RobuROC4/install/canopen_interfaces/include/canopen_interfaces/canopen_interfaces/srv/detail/can_subscribe__struct.hpp
[4.142s] -- Installing: /home/roburoc/PycharmProjects/P9-RobuROC4/install/canopen_interfaces/include/canopen_interfaces/canopen_interfaces/srv/detail/can_periodic_task__traits.hpp
[4.143s] -- Installing: /home/roburoc/PycharmProjects/P9-RobuROC4/install/canopen_interfaces/include/canopen_interfaces/canopen_interfaces/srv/can_periodic_task.hpp
[4.143s] -- Installing: /home/roburoc/PycharmProjects/P9-RobuROC4/install/canopen_interfaces/include/canopen_interfaces/canopen_interfaces/srv/can_read.hpp
[4.143s] -- Up-to-date: /home/roburoc/PycharmProjects/P9-RobuROC4/install/canopen_interfaces/include/canopen_interfaces/canopen_interfaces/msg
[4.143s] -- Installing: /home/roburoc/PycharmProjects/P9-RobuROC4/install/canopen_interfaces/include/canopen_interfaces/canopen_interfaces/msg/can_write.hpp
[4.143s] -- Installing: /home/roburoc/PycharmProjects/P9-RobuROC4/install/canopen_interfaces/include/canopen_interfaces/canopen_interfaces/msg/can_subscription.hpp
[4.143s] -- Up-to-date: /home/roburoc/PycharmProjects/P9-RobuROC4/install/canopen_interfaces/include/canopen_interfaces/canopen_interfaces/msg/detail
[4.143s] -- Installing: /home/roburoc/PycharmProjects/P9-RobuROC4/install/canopen_interfaces/include/canopen_interfaces/canopen_interfaces/msg/detail/can_subscription__builder.hpp
[4.144s] -- Installing: /home/roburoc/PycharmProjects/P9-RobuROC4/install/canopen_interfaces/include/canopen_interfaces/canopen_interfaces/msg/detail/can_write__builder.hpp
[4.144s] -- Installing: /home/roburoc/PycharmProjects/P9-RobuROC4/install/canopen_interfaces/include/canopen_interfaces/canopen_interfaces/msg/detail/can_subscription__traits.hpp
[4.144s] -- Installing: /home/roburoc/PycharmProjects/P9-RobuROC4/install/canopen_interfaces/include/canopen_interfaces/canopen_interfaces/msg/detail/can_write__traits.hpp
[4.144s] -- Installing: /home/roburoc/PycharmProjects/P9-RobuROC4/install/canopen_interfaces/include/canopen_interfaces/canopen_interfaces/msg/detail/can_subscription__struct.hpp
[4.144s] -- Installing: /home/roburoc/PycharmProjects/P9-RobuROC4/install/canopen_interfaces/include/canopen_interfaces/canopen_interfaces/msg/detail/can_write__struct.hpp
[4.144s] -- Up-to-date: /home/roburoc/PycharmProjects/P9-RobuROC4/install/canopen_interfaces/include/canopen_interfaces/canopen_interfaces
[4.144s] -- Up-to-date: /home/roburoc/PycharmProjects/P9-RobuROC4/install/canopen_interfaces/include/canopen_interfaces/canopen_interfaces/srv
[4.145s] -- Up-to-date: /home/roburoc/PycharmProjects/P9-RobuROC4/install/canopen_interfaces/include/canopen_interfaces/canopen_interfaces/srv/detail
[4.145s] -- Installing: /home/roburoc/PycharmProjects/P9-RobuROC4/install/canopen_interfaces/include/canopen_interfaces/canopen_interfaces/srv/detail/can_read__rosidl_typesupport_fastrtps_cpp.hpp
[4.145s] -- Up-to-date: /home/roburoc/PycharmProjects/P9-RobuROC4/install/canopen_interfaces/include/canopen_interfaces/canopen_interfaces/srv/detail/dds_fastrtps
[4.145s] -- Installing: /home/roburoc/PycharmProjects/P9-RobuROC4/install/canopen_interfaces/include/canopen_interfaces/canopen_interfaces/srv/detail/can_periodic_task__rosidl_typesupport_fastrtps_cpp.hpp
[4.145s] -- Installing: /home/roburoc/PycharmProjects/P9-RobuROC4/install/canopen_interfaces/include/canopen_interfaces/canopen_interfaces/srv/detail/can_subscribe__rosidl_typesupport_fastrtps_cpp.hpp
[4.145s] -- Installing: /home/roburoc/PycharmProjects/P9-RobuROC4/install/canopen_interfaces/include/canopen_interfaces/canopen_interfaces/srv/detail/can_connection__rosidl_typesupport_fastrtps_cpp.hpp
[4.145s] -- Up-to-date: /home/roburoc/PycharmProjects/P9-RobuROC4/install/canopen_interfaces/include/canopen_interfaces/canopen_interfaces/msg
[4.145s] -- Up-to-date: /home/roburoc/PycharmProjects/P9-RobuROC4/install/canopen_interfaces/include/canopen_interfaces/canopen_interfaces/msg/rosidl_typesupport_fastrtps_cpp__visibility_control.h
[4.145s] -- Up-to-date: /home/roburoc/PycharmProjects/P9-RobuROC4/install/canopen_interfaces/include/canopen_interfaces/canopen_interfaces/msg/detail
[4.146s] -- Up-to-date: /home/roburoc/PycharmProjects/P9-RobuROC4/install/canopen_interfaces/include/canopen_interfaces/canopen_interfaces/msg/detail/dds_fastrtps
[4.146s] -- Installing: /home/roburoc/PycharmProjects/P9-RobuROC4/install/canopen_interfaces/include/canopen_interfaces/canopen_interfaces/msg/detail/can_subscription__rosidl_typesupport_fastrtps_cpp.hpp
[4.146s] -- Installing: /home/roburoc/PycharmProjects/P9-RobuROC4/install/canopen_interfaces/include/canopen_interfaces/canopen_interfaces/msg/detail/can_write__rosidl_typesupport_fastrtps_cpp.hpp
[4.146s] -- Installing: /home/roburoc/PycharmProjects/P9-RobuROC4/install/canopen_interfaces/lib/libcanopen_interfaces__rosidl_typesupport_fastrtps_cpp.so
[4.146s] -- Set runtime path of "/home/roburoc/PycharmProjects/P9-RobuROC4/install/canopen_interfaces/lib/libcanopen_interfaces__rosidl_typesupport_fastrtps_cpp.so" to ""
[4.146s] -- Up-to-date: /home/roburoc/PycharmProjects/P9-RobuROC4/install/canopen_interfaces/include/canopen_interfaces/canopen_interfaces
[4.146s] -- Up-to-date: /home/roburoc/PycharmProjects/P9-RobuROC4/install/canopen_interfaces/include/canopen_interfaces/canopen_interfaces/srv
[4.147s] -- Up-to-date: /home/roburoc/PycharmProjects/P9-RobuROC4/install/canopen_interfaces/include/canopen_interfaces/canopen_interfaces/srv/detail
[4.147s] -- Installing: /home/roburoc/PycharmProjects/P9-RobuROC4/install/canopen_interfaces/include/canopen_interfaces/canopen_interfaces/srv/detail/can_connection__rosidl_typesupport_introspection_c.h
[4.147s] -- Installing: /home/roburoc/PycharmProjects/P9-RobuROC4/install/canopen_interfaces/include/canopen_interfaces/canopen_interfaces/srv/detail/can_subscribe__rosidl_typesupport_introspection_c.h
[4.147s] -- Installing: /home/roburoc/PycharmProjects/P9-RobuROC4/install/canopen_interfaces/include/canopen_interfaces/canopen_interfaces/srv/detail/can_periodic_task__rosidl_typesupport_introspection_c.h
[4.147s] -- Installing: /home/roburoc/PycharmProjects/P9-RobuROC4/install/canopen_interfaces/include/canopen_interfaces/canopen_interfaces/srv/detail/can_connection__type_support.c
[4.147s] -- Installing: /home/roburoc/PycharmProjects/P9-RobuROC4/install/canopen_interfaces/include/canopen_interfaces/canopen_interfaces/srv/detail/can_read__type_support.c
[4.147s] -- Installing: /home/roburoc/PycharmProjects/P9-RobuROC4/install/canopen_interfaces/include/canopen_interfaces/canopen_interfaces/srv/detail/can_read__rosidl_typesupport_introspection_c.h
[4.147s] -- Installing: /home/roburoc/PycharmProjects/P9-RobuROC4/install/canopen_interfaces/include/canopen_interfaces/canopen_interfaces/srv/detail/can_subscribe__type_support.c
[4.148s] -- Installing: /home/roburoc/PycharmProjects/P9-RobuROC4/install/canopen_interfaces/include/canopen_interfaces/canopen_interfaces/srv/detail/can_periodic_task__type_support.c
[4.148s] -- Up-to-date: /home/roburoc/PycharmProjects/P9-RobuROC4/install/canopen_interfaces/include/canopen_interfaces/canopen_interfaces/msg
[4.148s] -- Up-to-date: /home/roburoc/PycharmProjects/P9-RobuROC4/install/canopen_interfaces/include/canopen_interfaces/canopen_interfaces/msg/rosidl_typesupport_introspection_c__visibility_control.h
[4.148s] -- Up-to-date: /home/roburoc/PycharmProjects/P9-RobuROC4/install/canopen_interfaces/include/canopen_interfaces/canopen_interfaces/msg/detail
[4.148s] -- Installing: /home/roburoc/PycharmProjects/P9-RobuROC4/install/canopen_interfaces/include/canopen_interfaces/canopen_interfaces/msg/detail/can_write__type_support.c
[4.148s] -- Installing: /home/roburoc/PycharmProjects/P9-RobuROC4/install/canopen_interfaces/include/canopen_interfaces/canopen_interfaces/msg/detail/can_subscription__rosidl_typesupport_introspection_c.h
[4.148s] -- Installing: /home/roburoc/PycharmProjects/P9-RobuROC4/install/canopen_interfaces/include/canopen_interfaces/canopen_interfaces/msg/detail/can_write__rosidl_typesupport_introspection_c.h
[4.148s] -- Installing: /home/roburoc/PycharmProjects/P9-RobuROC4/install/canopen_interfaces/include/canopen_interfaces/canopen_interfaces/msg/detail/can_subscription__type_support.c
[4.149s] -- Installing: /home/roburoc/PycharmProjects/P9-RobuROC4/install/canopen_interfaces/lib/libcanopen_interfaces__rosidl_typesupport_introspection_c.so
[4.149s] -- Set runtime path of "/home/roburoc/PycharmProjects/P9-RobuROC4/install/canopen_interfaces/lib/libcanopen_interfaces__rosidl_typesupport_introspection_c.so" to ""
[4.149s] -- Installing: /home/roburoc/PycharmProjects/P9-RobuROC4/install/canopen_interfaces/lib/libcanopen_interfaces__rosidl_typesupport_c.so
[4.150s] -- Set runtime path of "/home/roburoc/PycharmProjects/P9-RobuROC4/install/canopen_interfaces/lib/libcanopen_interfaces__rosidl_typesupport_c.so" to ""
[4.150s] -- Up-to-date: /home/roburoc/PycharmProjects/P9-RobuROC4/install/canopen_interfaces/include/canopen_interfaces/canopen_interfaces
[4.150s] -- Up-to-date: /home/roburoc/PycharmProjects/P9-RobuROC4/install/canopen_interfaces/include/canopen_interfaces/canopen_interfaces/srv
[4.150s] -- Up-to-date: /home/roburoc/PycharmProjects/P9-RobuROC4/install/canopen_interfaces/include/canopen_interfaces/canopen_interfaces/srv/detail
[4.150s] -- Installing: /home/roburoc/PycharmProjects/P9-RobuROC4/install/canopen_interfaces/include/canopen_interfaces/canopen_interfaces/srv/detail/can_periodic_task__type_support.cpp
[4.150s] -- Installing: /home/roburoc/PycharmProjects/P9-RobuROC4/install/canopen_interfaces/include/canopen_interfaces/canopen_interfaces/srv/detail/can_subscribe__type_support.cpp
[4.151s] -- Installing: /home/roburoc/PycharmProjects/P9-RobuROC4/install/canopen_interfaces/include/canopen_interfaces/canopen_interfaces/srv/detail/can_connection__rosidl_typesupport_introspection_cpp.hpp
[4.151s] -- Installing: /home/roburoc/PycharmProjects/P9-RobuROC4/install/canopen_interfaces/include/canopen_interfaces/canopen_interfaces/srv/detail/can_periodic_task__rosidl_typesupport_introspection_cpp.hpp
[4.151s] -- Installing: /home/roburoc/PycharmProjects/P9-RobuROC4/install/canopen_interfaces/include/canopen_interfaces/canopen_interfaces/srv/detail/can_subscribe__rosidl_typesupport_introspection_cpp.hpp
[4.151s] -- Installing: /home/roburoc/PycharmProjects/P9-RobuROC4/install/canopen_interfaces/include/canopen_interfaces/canopen_interfaces/srv/detail/can_connection__type_support.cpp
[4.151s] -- Installing: /home/roburoc/PycharmProjects/P9-RobuROC4/install/canopen_interfaces/include/canopen_interfaces/canopen_interfaces/srv/detail/can_read__rosidl_typesupport_introspection_cpp.hpp
[4.151s] -- Installing: /home/roburoc/PycharmProjects/P9-RobuROC4/install/canopen_interfaces/include/canopen_interfaces/canopen_interfaces/srv/detail/can_read__type_support.cpp
[4.152s] -- Up-to-date: /home/roburoc/PycharmProjects/P9-RobuROC4/install/canopen_interfaces/include/canopen_interfaces/canopen_interfaces/msg
[4.152s] -- Up-to-date: /home/roburoc/PycharmProjects/P9-RobuROC4/install/canopen_interfaces/include/canopen_interfaces/canopen_interfaces/msg/detail
[4.152s] -- Installing: /home/roburoc/PycharmProjects/P9-RobuROC4/install/canopen_interfaces/include/canopen_interfaces/canopen_interfaces/msg/detail/can_write__type_support.cpp
[4.152s] -- Installing: /home/roburoc/PycharmProjects/P9-RobuROC4/install/canopen_interfaces/include/canopen_interfaces/canopen_interfaces/msg/detail/can_subscription__type_support.cpp
[4.152s] -- Installing: /home/roburoc/PycharmProjects/P9-RobuROC4/install/canopen_interfaces/include/canopen_interfaces/canopen_interfaces/msg/detail/can_subscription__rosidl_typesupport_introspection_cpp.hpp
[4.152s] -- Installing: /home/roburoc/PycharmProjects/P9-RobuROC4/install/canopen_interfaces/include/canopen_interfaces/canopen_interfaces/msg/detail/can_write__rosidl_typesupport_introspection_cpp.hpp
[4.152s] -- Installing: /home/roburoc/PycharmProjects/P9-RobuROC4/install/canopen_interfaces/lib/libcanopen_interfaces__rosidl_typesupport_introspection_cpp.so
[4.152s] -- Set runtime path of "/home/roburoc/PycharmProjects/P9-RobuROC4/install/canopen_interfaces/lib/libcanopen_interfaces__rosidl_typesupport_introspection_cpp.so" to ""
[4.152s] -- Installing: /home/roburoc/PycharmProjects/P9-RobuROC4/install/canopen_interfaces/lib/libcanopen_interfaces__rosidl_typesupport_cpp.so
[4.153s] -- Set runtime path of "/home/roburoc/PycharmProjects/P9-RobuROC4/install/canopen_interfaces/lib/libcanopen_interfaces__rosidl_typesupport_cpp.so" to ""
[4.153s] -- Up-to-date: /home/roburoc/PycharmProjects/P9-RobuROC4/install/canopen_interfaces/share/canopen_interfaces/environment/pythonpath.sh
[4.153s] -- Up-to-date: /home/roburoc/PycharmProjects/P9-RobuROC4/install/canopen_interfaces/share/canopen_interfaces/environment/pythonpath.dsv
[4.153s] -- Up-to-date: /home/roburoc/PycharmProjects/P9-RobuROC4/install/canopen_interfaces/local/lib/python3.10/dist-packages/canopen_interfaces-0.0.0-py3.10.egg-info
[4.153s] -- Installing: /home/roburoc/PycharmProjects/P9-RobuROC4/install/canopen_interfaces/local/lib/python3.10/dist-packages/canopen_interfaces-0.0.0-py3.10.egg-info/SOURCES.txt
[4.153s] -- Installing: /home/roburoc/PycharmProjects/P9-RobuROC4/install/canopen_interfaces/local/lib/python3.10/dist-packages/canopen_interfaces-0.0.0-py3.10.egg-info/dependency_links.txt
[4.153s] -- Installing: /home/roburoc/PycharmProjects/P9-RobuROC4/install/canopen_interfaces/local/lib/python3.10/dist-packages/canopen_interfaces-0.0.0-py3.10.egg-info/top_level.txt
[4.153s] -- Installing: /home/roburoc/PycharmProjects/P9-RobuROC4/install/canopen_interfaces/local/lib/python3.10/dist-packages/canopen_interfaces-0.0.0-py3.10.egg-info/PKG-INFO
[4.153s] -- Up-to-date: /home/roburoc/PycharmProjects/P9-RobuROC4/install/canopen_interfaces/local/lib/python3.10/dist-packages/canopen_interfaces
[4.153s] -- Installing: /home/roburoc/PycharmProjects/P9-RobuROC4/install/canopen_interfaces/local/lib/python3.10/dist-packages/canopen_interfaces/_canopen_interfaces_s.ep.rosidl_typesupport_fastrtps_c.c
[4.153s] -- Installing: /home/roburoc/PycharmProjects/P9-RobuROC4/install/canopen_interfaces/local/lib/python3.10/dist-packages/canopen_interfaces/libcanopen_interfaces__rosidl_generator_py.so
[4.154s] -- Installing: /home/roburoc/PycharmProjects/P9-RobuROC4/install/canopen_interfaces/local/lib/python3.10/dist-packages/canopen_interfaces/_canopen_interfaces_s.ep.rosidl_typesupport_introspection_c.c
[4.154s] -- Up-to-date: /home/roburoc/PycharmProjects/P9-RobuROC4/install/canopen_interfaces/local/lib/python3.10/dist-packages/canopen_interfaces/srv
[4.154s] -- Installing: /home/roburoc/PycharmProjects/P9-RobuROC4/install/canopen_interfaces/local/lib/python3.10/dist-packages/canopen_interfaces/srv/_can_subscribe_s.c
[4.154s] -- Installing: /home/roburoc/PycharmProjects/P9-RobuROC4/install/canopen_interfaces/local/lib/python3.10/dist-packages/canopen_interfaces/srv/_can_connection.py
[4.154s] -- Installing: /home/roburoc/PycharmProjects/P9-RobuROC4/install/canopen_interfaces/local/lib/python3.10/dist-packages/canopen_interfaces/srv/_can_subscribe.py
[4.154s] -- Installing: /home/roburoc/PycharmProjects/P9-RobuROC4/install/canopen_interfaces/local/lib/python3.10/dist-packages/canopen_interfaces/srv/_can_read_s.c
[4.154s] -- Installing: /home/roburoc/PycharmProjects/P9-RobuROC4/install/canopen_interfaces/local/lib/python3.10/dist-packages/canopen_interfaces/srv/_can_read.py
[4.154s] -- Installing: /home/roburoc/PycharmProjects/P9-RobuROC4/install/canopen_interfaces/local/lib/python3.10/dist-packages/canopen_interfaces/srv/_can_connection_s.c
[4.154s] -- Installing: /home/roburoc/PycharmProjects/P9-RobuROC4/install/canopen_interfaces/local/lib/python3.10/dist-packages/canopen_interfaces/srv/__init__.py
[4.154s] -- Installing: /home/roburoc/PycharmProjects/P9-RobuROC4/install/canopen_interfaces/local/lib/python3.10/dist-packages/canopen_interfaces/srv/_can_periodic_task.py
[4.155s] -- Installing: /home/roburoc/PycharmProjects/P9-RobuROC4/install/canopen_interfaces/local/lib/python3.10/dist-packages/canopen_interfaces/srv/_can_periodic_task_s.c
[4.155s] -- Installing: /home/roburoc/PycharmProjects/P9-RobuROC4/install/canopen_interfaces/local/lib/python3.10/dist-packages/canopen_interfaces/canopen_interfaces_s__rosidl_typesupport_c.cpython-310-x86_64-linux-gnu.so
[4.155s] -- Installing: /home/roburoc/PycharmProjects/P9-RobuROC4/install/canopen_interfaces/local/lib/python3.10/dist-packages/canopen_interfaces/_canopen_interfaces_s.ep.rosidl_typesupport_c.c
[4.155s] -- Up-to-date: /home/roburoc/PycharmProjects/P9-RobuROC4/install/canopen_interfaces/local/lib/python3.10/dist-packages/canopen_interfaces/msg
[4.155s] -- Installing: /home/roburoc/PycharmProjects/P9-RobuROC4/install/canopen_interfaces/local/lib/python3.10/dist-packages/canopen_interfaces/msg/_can_subscription.py
[4.155s] -- Installing: /home/roburoc/PycharmProjects/P9-RobuROC4/install/canopen_interfaces/local/lib/python3.10/dist-packages/canopen_interfaces/msg/_can_write_s.c
[4.155s] -- Installing: /home/roburoc/PycharmProjects/P9-RobuROC4/install/canopen_interfaces/local/lib/python3.10/dist-packages/canopen_interfaces/msg/__init__.py
[4.155s] -- Installing: /home/roburoc/PycharmProjects/P9-RobuROC4/install/canopen_interfaces/local/lib/python3.10/dist-packages/canopen_interfaces/msg/_can_subscription_s.c
[4.155s] -- Installing: /home/roburoc/PycharmProjects/P9-RobuROC4/install/canopen_interfaces/local/lib/python3.10/dist-packages/canopen_interfaces/msg/_can_write.py
[4.156s] -- Installing: /home/roburoc/PycharmProjects/P9-RobuROC4/install/canopen_interfaces/local/lib/python3.10/dist-packages/canopen_interfaces/canopen_interfaces_s__rosidl_typesupport_introspection_c.cpython-310-x86_64-linux-gnu.so
[4.156s] -- Up-to-date: /home/roburoc/PycharmProjects/P9-RobuROC4/install/canopen_interfaces/local/lib/python3.10/dist-packages/canopen_interfaces/__init__.py
[4.156s] -- Installing: /home/roburoc/PycharmProjects/P9-RobuROC4/install/canopen_interfaces/local/lib/python3.10/dist-packages/canopen_interfaces/canopen_interfaces_s__rosidl_typesupport_fastrtps_c.cpython-310-x86_64-linux-gnu.so
[4.193s] Listing '/home/roburoc/PycharmProjects/P9-RobuROC4/install/canopen_interfaces/local/lib/python3.10/dist-packages/canopen_interfaces'...
[4.194s] Listing '/home/roburoc/PycharmProjects/P9-RobuROC4/install/canopen_interfaces/local/lib/python3.10/dist-packages/canopen_interfaces/msg'...
[4.194s] Compiling '/home/roburoc/PycharmProjects/P9-RobuROC4/install/canopen_interfaces/local/lib/python3.10/dist-packages/canopen_interfaces/msg/__init__.py'...
[4.194s] Compiling '/home/roburoc/PycharmProjects/P9-RobuROC4/install/canopen_interfaces/local/lib/python3.10/dist-packages/canopen_interfaces/msg/_can_subscription.py'...
[4.194s] Compiling '/home/roburoc/PycharmProjects/P9-RobuROC4/install/canopen_interfaces/local/lib/python3.10/dist-packages/canopen_interfaces/msg/_can_write.py'...
[4.194s] Listing '/home/roburoc/PycharmProjects/P9-RobuROC4/install/canopen_interfaces/local/lib/python3.10/dist-packages/canopen_interfaces/srv'...
[4.194s] Compiling '/home/roburoc/PycharmProjects/P9-RobuROC4/install/canopen_interfaces/local/lib/python3.10/dist-packages/canopen_interfaces/srv/__init__.py'...
[4.194s] Compiling '/home/roburoc/PycharmProjects/P9-RobuROC4/install/canopen_interfaces/local/lib/python3.10/dist-packages/canopen_interfaces/srv/_can_connection.py'...
[4.194s] Compiling '/home/roburoc/PycharmProjects/P9-RobuROC4/install/canopen_interfaces/local/lib/python3.10/dist-packages/canopen_interfaces/srv/_can_periodic_task.py'...
[4.194s] Compiling '/home/roburoc/PycharmProjects/P9-RobuROC4/install/canopen_interfaces/local/lib/python3.10/dist-packages/canopen_interfaces/srv/_can_read.py'...
[4.194s] Compiling '/home/roburoc/PycharmProjects/P9-RobuROC4/install/canopen_interfaces/local/lib/python3.10/dist-packages/canopen_interfaces/srv/_can_subscribe.py'...
[4.198s] -- Installing: /home/roburoc/PycharmProjects/P9-RobuROC4/install/canopen_interfaces/local/lib/python3.10/dist-packages/canopen_interfaces/canopen_interfaces_s__rosidl_typesupport_fastrtps_c.cpython-310-x86_64-linux-gnu.so
[4.198s] -- Set runtime path of "/home/roburoc/PycharmProjects/P9-RobuROC4/install/canopen_interfaces/local/lib/python3.10/dist-packages/canopen_interfaces/canopen_interfaces_s__rosidl_typesupport_fastrtps_c.cpython-310-x86_64-linux-gnu.so" to ""
[4.198s] -- Installing: /home/roburoc/PycharmProjects/P9-RobuROC4/install/canopen_interfaces/local/lib/python3.10/dist-packages/canopen_interfaces/canopen_interfaces_s__rosidl_typesupport_introspection_c.cpython-310-x86_64-linux-gnu.so
[4.198s] -- Set runtime path of "/home/roburoc/PycharmProjects/P9-RobuROC4/install/canopen_interfaces/local/lib/python3.10/dist-packages/canopen_interfaces/canopen_interfaces_s__rosidl_typesupport_introspection_c.cpython-310-x86_64-linux-gnu.so" to ""
[4.198s] -- Installing: /home/roburoc/PycharmProjects/P9-RobuROC4/install/canopen_interfaces/local/lib/python3.10/dist-packages/canopen_interfaces/canopen_interfaces_s__rosidl_typesupport_c.cpython-310-x86_64-linux-gnu.so
[4.199s] -- Set runtime path of "/home/roburoc/PycharmProjects/P9-RobuROC4/install/canopen_interfaces/local/lib/python3.10/dist-packages/canopen_interfaces/canopen_interfaces_s__rosidl_typesupport_c.cpython-310-x86_64-linux-gnu.so" to ""
[4.199s] -- Installing: /home/roburoc/PycharmProjects/P9-RobuROC4/install/canopen_interfaces/lib/libcanopen_interfaces__rosidl_generator_py.so
[4.199s] -- Set runtime path of "/home/roburoc/PycharmProjects/P9-RobuROC4/install/canopen_interfaces/lib/libcanopen_interfaces__rosidl_generator_py.so" to ""
[4.199s] -- Up-to-date: /home/roburoc/PycharmProjects/P9-RobuROC4/install/canopen_interfaces/share/canopen_interfaces/msg/CANWrite.idl
[4.199s] -- Up-to-date: /home/roburoc/PycharmProjects/P9-RobuROC4/install/canopen_interfaces/share/canopen_interfaces/msg/CANSubscription.idl
[4.199s] -- Up-to-date: /home/roburoc/PycharmProjects/P9-RobuROC4/install/canopen_interfaces/share/canopen_interfaces/srv/CANSubscribe.idl
[4.199s] -- Up-to-date: /home/roburoc/PycharmProjects/P9-RobuROC4/install/canopen_interfaces/share/canopen_interfaces/srv/CANPeriodicTask.idl
[4.200s] -- Up-to-date: /home/roburoc/PycharmProjects/P9-RobuROC4/install/canopen_interfaces/share/canopen_interfaces/srv/CANRead.idl
[4.200s] -- Up-to-date: /home/roburoc/PycharmProjects/P9-RobuROC4/install/canopen_interfaces/share/canopen_interfaces/srv/CANConnection.idl
[4.200s] -- Up-to-date: /home/roburoc/PycharmProjects/P9-RobuROC4/install/canopen_interfaces/share/canopen_interfaces/msg/CANWrite.msg
[4.200s] -- Up-to-date: /home/roburoc/PycharmProjects/P9-RobuROC4/install/canopen_interfaces/share/canopen_interfaces/msg/CANSubscription.msg
[4.200s] -- Up-to-date: /home/roburoc/PycharmProjects/P9-RobuROC4/install/canopen_interfaces/share/canopen_interfaces/srv/CANSubscribe.srv
[4.200s] -- Up-to-date: /home/roburoc/PycharmProjects/P9-RobuROC4/install/canopen_interfaces/share/canopen_interfaces/srv/CANSubscribe_Request.msg
[4.200s] -- Up-to-date: /home/roburoc/PycharmProjects/P9-RobuROC4/install/canopen_interfaces/share/canopen_interfaces/srv/CANSubscribe_Response.msg
[4.200s] -- Up-to-date: /home/roburoc/PycharmProjects/P9-RobuROC4/install/canopen_interfaces/share/canopen_interfaces/srv/CANPeriodicTask.srv
[4.200s] -- Up-to-date: /home/roburoc/PycharmProjects/P9-RobuROC4/install/canopen_interfaces/share/canopen_interfaces/srv/CANPeriodicTask_Request.msg
[4.201s] -- Up-to-date: /home/roburoc/PycharmProjects/P9-RobuROC4/install/canopen_interfaces/share/canopen_interfaces/srv/CANPeriodicTask_Response.msg
[4.201s] -- Up-to-date: /home/roburoc/PycharmProjects/P9-RobuROC4/install/canopen_interfaces/share/canopen_interfaces/srv/CANRead.srv
[4.201s] -- Up-to-date: /home/roburoc/PycharmProjects/P9-RobuROC4/install/canopen_interfaces/share/canopen_interfaces/srv/CANRead_Request.msg
[4.201s] -- Up-to-date: /home/roburoc/PycharmProjects/P9-RobuROC4/install/canopen_interfaces/share/canopen_interfaces/srv/CANRead_Response.msg
[4.201s] -- Up-to-date: /home/roburoc/PycharmProjects/P9-RobuROC4/install/canopen_interfaces/share/canopen_interfaces/srv/CANConnection.srv
[4.201s] -- Up-to-date: /home/roburoc/PycharmProjects/P9-RobuROC4/install/canopen_interfaces/share/canopen_interfaces/srv/CANConnection_Request.msg
[4.201s] -- Up-to-date: /home/roburoc/PycharmProjects/P9-RobuROC4/install/canopen_interfaces/share/canopen_interfaces/srv/CANConnection_Response.msg
[4.201s] -- Up-to-date: /home/roburoc/PycharmProjects/P9-RobuROC4/install/canopen_interfaces/share/ament_index/resource_index/package_run_dependencies/canopen_interfaces
[4.201s] -- Up-to-date: /home/roburoc/PycharmProjects/P9-RobuROC4/install/canopen_interfaces/share/ament_index/resource_index/parent_prefix_path/canopen_interfaces
[4.201s] -- Up-to-date: /home/roburoc/PycharmProjects/P9-RobuROC4/install/canopen_interfaces/share/canopen_interfaces/environment/ament_prefix_path.sh
[4.201s] -- Up-to-date: /home/roburoc/PycharmProjects/P9-RobuROC4/install/canopen_interfaces/share/canopen_interfaces/environment/ament_prefix_path.dsv
[4.201s] -- Up-to-date: /home/roburoc/PycharmProjects/P9-RobuROC4/install/canopen_interfaces/share/canopen_interfaces/environment/path.sh
[4.202s] -- Up-to-date: /home/roburoc/PycharmProjects/P9-RobuROC4/install/canopen_interfaces/share/canopen_interfaces/environment/path.dsv
[4.202s] -- Up-to-date: /home/roburoc/PycharmProjects/P9-RobuROC4/install/canopen_interfaces/share/canopen_interfaces/local_setup.bash
[4.202s] -- Up-to-date: /home/roburoc/PycharmProjects/P9-RobuROC4/install/canopen_interfaces/share/canopen_interfaces/local_setup.sh
[4.202s] -- Up-to-date: /home/roburoc/PycharmProjects/P9-RobuROC4/install/canopen_interfaces/share/canopen_interfaces/local_setup.zsh
[4.202s] -- Up-to-date: /home/roburoc/PycharmProjects/P9-RobuROC4/install/canopen_interfaces/share/canopen_interfaces/local_setup.dsv
[4.202s] -- Installing: /home/roburoc/PycharmProjects/P9-RobuROC4/install/canopen_interfaces/share/canopen_interfaces/package.dsv
[4.202s] -- Up-to-date: /home/roburoc/PycharmProjects/P9-RobuROC4/install/canopen_interfaces/share/ament_index/resource_index/packages/canopen_interfaces
[4.202s] -- Up-to-date: /home/roburoc/PycharmProjects/P9-RobuROC4/install/canopen_interfaces/share/canopen_interfaces/cmake/export_canopen_interfaces__rosidl_generator_cExport.cmake
[4.202s] -- Up-to-date: /home/roburoc/PycharmProjects/P9-RobuROC4/install/canopen_interfaces/share/canopen_interfaces/cmake/export_canopen_interfaces__rosidl_generator_cExport-noconfig.cmake
[4.202s] -- Up-to-date: /home/roburoc/PycharmProjects/P9-RobuROC4/install/canopen_interfaces/share/canopen_interfaces/cmake/export_canopen_interfaces__rosidl_typesupport_fastrtps_cExport.cmake
[4.202s] -- Up-to-date: /home/roburoc/PycharmProjects/P9-RobuROC4/install/canopen_interfaces/share/canopen_interfaces/cmake/export_canopen_interfaces__rosidl_typesupport_fastrtps_cExport-noconfig.cmake
[4.202s] -- Up-to-date: /home/roburoc/PycharmProjects/P9-RobuROC4/install/canopen_interfaces/share/canopen_interfaces/cmake/export_canopen_interfaces__rosidl_generator_cppExport.cmake
[4.202s] -- Up-to-date: /home/roburoc/PycharmProjects/P9-RobuROC4/install/canopen_interfaces/share/canopen_interfaces/cmake/export_canopen_interfaces__rosidl_typesupport_fastrtps_cppExport.cmake
[4.202s] -- Up-to-date: /home/roburoc/PycharmProjects/P9-RobuROC4/install/canopen_interfaces/share/canopen_interfaces/cmake/export_canopen_interfaces__rosidl_typesupport_fastrtps_cppExport-noconfig.cmake
[4.203s] -- Up-to-date: /home/roburoc/PycharmProjects/P9-RobuROC4/install/canopen_interfaces/share/canopen_interfaces/cmake/canopen_interfaces__rosidl_typesupport_introspection_cExport.cmake
[4.203s] -- Up-to-date: /home/roburoc/PycharmProjects/P9-RobuROC4/install/canopen_interfaces/share/canopen_interfaces/cmake/canopen_interfaces__rosidl_typesupport_introspection_cExport-noconfig.cmake
[4.203s] -- Up-to-date: /home/roburoc/PycharmProjects/P9-RobuROC4/install/canopen_interfaces/share/canopen_interfaces/cmake/canopen_interfaces__rosidl_typesupport_cExport.cmake
[4.203s] -- Up-to-date: /home/roburoc/PycharmProjects/P9-RobuROC4/install/canopen_interfaces/share/canopen_interfaces/cmake/canopen_interfaces__rosidl_typesupport_cExport-noconfig.cmake
[4.203s] -- Up-to-date: /home/roburoc/PycharmProjects/P9-RobuROC4/install/canopen_interfaces/share/canopen_interfaces/cmake/canopen_interfaces__rosidl_typesupport_introspection_cppExport.cmake
[4.203s] -- Up-to-date: /home/roburoc/PycharmProjects/P9-RobuROC4/install/canopen_interfaces/share/canopen_interfaces/cmake/canopen_interfaces__rosidl_typesupport_introspection_cppExport-noconfig.cmake
[4.203s] -- Up-to-date: /home/roburoc/PycharmProjects/P9-RobuROC4/install/canopen_interfaces/share/canopen_interfaces/cmake/canopen_interfaces__rosidl_typesupport_cppExport.cmake
[4.203s] -- Up-to-date: /home/roburoc/PycharmProjects/P9-RobuROC4/install/canopen_interfaces/share/canopen_interfaces/cmake/canopen_interfaces__rosidl_typesupport_cppExport-noconfig.cmake
[4.203s] -- Up-to-date: /home/roburoc/PycharmProjects/P9-RobuROC4/install/canopen_interfaces/share/canopen_interfaces/cmake/export_canopen_interfaces__rosidl_generator_pyExport.cmake
[4.203s] -- Up-to-date: /home/roburoc/PycharmProjects/P9-RobuROC4/install/canopen_interfaces/share/canopen_interfaces/cmake/export_canopen_interfaces__rosidl_generator_pyExport-noconfig.cmake
[4.203s] -- Up-to-date: /home/roburoc/PycharmProjects/P9-RobuROC4/install/canopen_interfaces/share/canopen_interfaces/cmake/rosidl_cmake-extras.cmake
[4.204s] -- Up-to-date: /home/roburoc/PycharmProjects/P9-RobuROC4/install/canopen_interfaces/share/canopen_interfaces/cmake/ament_cmake_export_dependencies-extras.cmake
[4.204s] -- Up-to-date: /home/roburoc/PycharmProjects/P9-RobuROC4/install/canopen_interfaces/share/canopen_interfaces/cmake/ament_cmake_export_include_directories-extras.cmake
[4.204s] -- Up-to-date: /home/roburoc/PycharmProjects/P9-RobuROC4/install/canopen_interfaces/share/canopen_interfaces/cmake/ament_cmake_export_libraries-extras.cmake
[4.204s] -- Up-to-date: /home/roburoc/PycharmProjects/P9-RobuROC4/install/canopen_interfaces/share/canopen_interfaces/cmake/ament_cmake_export_targets-extras.cmake
[4.204s] -- Up-to-date: /home/roburoc/PycharmProjects/P9-RobuROC4/install/canopen_interfaces/share/canopen_interfaces/cmake/rosidl_cmake_export_typesupport_targets-extras.cmake
[4.204s] -- Up-to-date: /home/roburoc/PycharmProjects/P9-RobuROC4/install/canopen_interfaces/share/canopen_interfaces/cmake/rosidl_cmake_export_typesupport_libraries-extras.cmake
[4.205s] -- Up-to-date: /home/roburoc/PycharmProjects/P9-RobuROC4/install/canopen_interfaces/share/canopen_interfaces/cmake/canopen_interfacesConfig.cmake
[4.205s] -- Up-to-date: /home/roburoc/PycharmProjects/P9-RobuROC4/install/canopen_interfaces/share/canopen_interfaces/cmake/canopen_interfacesConfig-version.cmake
[4.205s] -- Up-to-date: /home/roburoc/PycharmProjects/P9-RobuROC4/install/canopen_interfaces/share/canopen_interfaces/package.xml
[4.205s] Invoked command in '/home/roburoc/PycharmProjects/P9-RobuROC4/build/canopen_interfaces' returned '0': CMAKE_PREFIX_PATH=${CMAKE_PREFIX_PATH}:/opt/ros/humble /usr/bin/cmake --install /home/roburoc/PycharmProjects/P9-RobuROC4/build/canopen_interfaces
