[0.093s] DEBUG:colcon:Command line arguments: ['/usr/bin/colcon', 'build']
[0.093s] DEBUG:colcon:Parsed command line arguments: Namespace(log_base=None, log_level=None, verb_name='build', build_base='build', install_base='install', merge_install=False, symlink_install=False, test_result_base=None, continue_on_error=False, executor='parallel', parallel_workers=12, event_handlers=None, ignore_user_meta=False, metas=['./colcon.meta'], base_paths=['.'], packages_ignore=None, packages_ignore_regex=None, paths=None, packages_up_to=None, packages_up_to_regex=None, packages_above=None, packages_above_and_dependencies=None, packages_above_depth=None, packages_select_by_dep=None, packages_skip_by_dep=None, packages_skip_up_to=None, packages_select_build_failed=False, packages_skip_build_finished=False, packages_select_test_failures=False, packages_skip_test_passed=False, packages_select=None, packages_skip=None, packages_select_regex=None, packages_skip_regex=None, packages_start=None, packages_end=None, allow_overriding=[], cmake_args=None, cmake_target=None, cmake_target_skip_unavailable=False, cmake_clean_cache=False, cmake_clean_first=False, cmake_force_configure=False, ament_cmake_args=None, catkin_cmake_args=None, catkin_skip_building_tests=False, mixin_files=None, mixin=None, verb_parser=<colcon_mixin.mixin.mixin_argument.MixinArgumentDecorator object at 0x70b67274ee60>, verb_extension=<colcon_core.verb.build.BuildVerb object at 0x70b672857b20>, main=<bound method BuildVerb.main of <colcon_core.verb.build.BuildVerb object at 0x70b672857b20>>, mixin_verb=('build',))
[0.273s] Level 1:colcon.colcon_core.package_discovery:discover_packages(colcon_meta) check parameters
[0.273s] Level 1:colcon.colcon_core.package_discovery:discover_packages(recursive) check parameters
[0.273s] Level 1:colcon.colcon_core.package_discovery:discover_packages(ignore) check parameters
[0.273s] Level 1:colcon.colcon_core.package_discovery:discover_packages(path) check parameters
[0.273s] Level 1:colcon.colcon_core.package_discovery:discover_packages(colcon_meta) discover
[0.273s] Level 1:colcon.colcon_core.package_discovery:discover_packages(recursive) discover
[0.273s] INFO:colcon.colcon_core.package_discovery:Crawling recursively for packages in '/home/roburoc/PycharmProjects/P9-RobuROC4'
[0.273s] Level 1:colcon.colcon_core.package_identification:_identify(.) by extensions ['ignore', 'ignore_ament_install']
[0.273s] Level 1:colcon.colcon_core.package_identification:_identify(.) by extension 'ignore'
[0.273s] Level 1:colcon.colcon_core.package_identification:_identify(.) by extension 'ignore_ament_install'
[0.273s] Level 1:colcon.colcon_core.package_identification:_identify(.) by extensions ['colcon_pkg']
[0.274s] Level 1:colcon.colcon_core.package_identification:_identify(.) by extension 'colcon_pkg'
[0.274s] Level 1:colcon.colcon_core.package_identification:_identify(.) by extensions ['colcon_meta']
[0.274s] Level 1:colcon.colcon_core.package_identification:_identify(.) by extension 'colcon_meta'
[0.274s] Level 1:colcon.colcon_core.package_identification:_identify(.) by extensions ['ros']
[0.274s] Level 1:colcon.colcon_core.package_identification:_identify(.) by extension 'ros'
[0.283s] Level 1:colcon.colcon_core.package_identification:_identify(.) by extensions ['cmake', 'python']
[0.283s] Level 1:colcon.colcon_core.package_identification:_identify(.) by extension 'cmake'
[0.283s] Level 1:colcon.colcon_core.package_identification:_identify(.) by extension 'python'
[0.283s] Level 1:colcon.colcon_core.package_identification:_identify(.) by extensions ['python_setup_py']
[0.283s] Level 1:colcon.colcon_core.package_identification:_identify(.) by extension 'python_setup_py'
[0.284s] Level 1:colcon.colcon_core.package_identification:_identify(RobuROC4-Backup) by extensions ['ignore', 'ignore_ament_install']
[0.284s] Level 1:colcon.colcon_core.package_identification:_identify(RobuROC4-Backup) by extension 'ignore'
[0.284s] Level 1:colcon.colcon_core.package_identification:_identify(RobuROC4-Backup) by extension 'ignore_ament_install'
[0.284s] Level 1:colcon.colcon_core.package_identification:_identify(RobuROC4-Backup) by extensions ['colcon_pkg']
[0.284s] Level 1:colcon.colcon_core.package_identification:_identify(RobuROC4-Backup) by extension 'colcon_pkg'
[0.284s] Level 1:colcon.colcon_core.package_identification:_identify(RobuROC4-Backup) by extensions ['colcon_meta']
[0.284s] Level 1:colcon.colcon_core.package_identification:_identify(RobuROC4-Backup) by extension 'colcon_meta'
[0.284s] Level 1:colcon.colcon_core.package_identification:_identify(RobuROC4-Backup) by extensions ['ros']
[0.284s] Level 1:colcon.colcon_core.package_identification:_identify(RobuROC4-Backup) by extension 'ros'
[0.284s] Level 1:colcon.colcon_core.package_identification:_identify(RobuROC4-Backup) by extensions ['cmake', 'python']
[0.284s] Level 1:colcon.colcon_core.package_identification:_identify(RobuROC4-Backup) by extension 'cmake'
[0.284s] Level 1:colcon.colcon_core.package_identification:_identify(RobuROC4-Backup) by extension 'python'
[0.284s] Level 1:colcon.colcon_core.package_identification:_identify(RobuROC4-Backup) by extensions ['python_setup_py']
[0.284s] Level 1:colcon.colcon_core.package_identification:_identify(RobuROC4-Backup) by extension 'python_setup_py'
[0.284s] Level 1:colcon.colcon_core.package_identification:_identify(RobuROC4-Backup/system) by extensions ['ignore', 'ignore_ament_install']
[0.284s] Level 1:colcon.colcon_core.package_identification:_identify(RobuROC4-Backup/system) by extension 'ignore'
[0.284s] Level 1:colcon.colcon_core.package_identification:_identify(RobuROC4-Backup/system) by extension 'ignore_ament_install'
[0.284s] Level 1:colcon.colcon_core.package_identification:_identify(RobuROC4-Backup/system) by extensions ['colcon_pkg']
[0.284s] Level 1:colcon.colcon_core.package_identification:_identify(RobuROC4-Backup/system) by extension 'colcon_pkg'
[0.285s] Level 1:colcon.colcon_core.package_identification:_identify(RobuROC4-Backup/system) by extensions ['colcon_meta']
[0.285s] Level 1:colcon.colcon_core.package_identification:_identify(RobuROC4-Backup/system) by extension 'colcon_meta'
[0.285s] Level 1:colcon.colcon_core.package_identification:_identify(RobuROC4-Backup/system) by extensions ['ros']
[0.285s] Level 1:colcon.colcon_core.package_identification:_identify(RobuROC4-Backup/system) by extension 'ros'
[0.285s] Level 1:colcon.colcon_core.package_identification:_identify(RobuROC4-Backup/system) by extensions ['cmake', 'python']
[0.285s] Level 1:colcon.colcon_core.package_identification:_identify(RobuROC4-Backup/system) by extension 'cmake'
[0.285s] Level 1:colcon.colcon_core.package_identification:_identify(RobuROC4-Backup/system) by extension 'python'
[0.285s] Level 1:colcon.colcon_core.package_identification:_identify(RobuROC4-Backup/system) by extensions ['python_setup_py']
[0.285s] Level 1:colcon.colcon_core.package_identification:_identify(RobuROC4-Backup/system) by extension 'python_setup_py'
[0.285s] Level 1:colcon.colcon_core.package_identification:_identify(RobuROC4-Backup/system/__pycache__) by extensions ['ignore', 'ignore_ament_install']
[0.285s] Level 1:colcon.colcon_core.package_identification:_identify(RobuROC4-Backup/system/__pycache__) by extension 'ignore'
[0.285s] Level 1:colcon.colcon_core.package_identification:_identify(RobuROC4-Backup/system/__pycache__) by extension 'ignore_ament_install'
[0.285s] Level 1:colcon.colcon_core.package_identification:_identify(RobuROC4-Backup/system/__pycache__) by extensions ['colcon_pkg']
[0.285s] Level 1:colcon.colcon_core.package_identification:_identify(RobuROC4-Backup/system/__pycache__) by extension 'colcon_pkg'
[0.285s] Level 1:colcon.colcon_core.package_identification:_identify(RobuROC4-Backup/system/__pycache__) by extensions ['colcon_meta']
[0.285s] Level 1:colcon.colcon_core.package_identification:_identify(RobuROC4-Backup/system/__pycache__) by extension 'colcon_meta'
[0.285s] Level 1:colcon.colcon_core.package_identification:_identify(RobuROC4-Backup/system/__pycache__) by extensions ['ros']
[0.285s] Level 1:colcon.colcon_core.package_identification:_identify(RobuROC4-Backup/system/__pycache__) by extension 'ros'
[0.285s] Level 1:colcon.colcon_core.package_identification:_identify(RobuROC4-Backup/system/__pycache__) by extensions ['cmake', 'python']
[0.285s] Level 1:colcon.colcon_core.package_identification:_identify(RobuROC4-Backup/system/__pycache__) by extension 'cmake'
[0.285s] Level 1:colcon.colcon_core.package_identification:_identify(RobuROC4-Backup/system/__pycache__) by extension 'python'
[0.285s] Level 1:colcon.colcon_core.package_identification:_identify(RobuROC4-Backup/system/__pycache__) by extensions ['python_setup_py']
[0.286s] Level 1:colcon.colcon_core.package_identification:_identify(RobuROC4-Backup/system/__pycache__) by extension 'python_setup_py'
[0.286s] Level 1:colcon.colcon_core.package_identification:_identify(__pycache__) by extensions ['ignore', 'ignore_ament_install']
[0.286s] Level 1:colcon.colcon_core.package_identification:_identify(__pycache__) by extension 'ignore'
[0.286s] Level 1:colcon.colcon_core.package_identification:_identify(__pycache__) by extension 'ignore_ament_install'
[0.286s] Level 1:colcon.colcon_core.package_identification:_identify(__pycache__) by extensions ['colcon_pkg']
[0.286s] Level 1:colcon.colcon_core.package_identification:_identify(__pycache__) by extension 'colcon_pkg'
[0.286s] Level 1:colcon.colcon_core.package_identification:_identify(__pycache__) by extensions ['colcon_meta']
[0.286s] Level 1:colcon.colcon_core.package_identification:_identify(__pycache__) by extension 'colcon_meta'
[0.286s] Level 1:colcon.colcon_core.package_identification:_identify(__pycache__) by extensions ['ros']
[0.286s] Level 1:colcon.colcon_core.package_identification:_identify(__pycache__) by extension 'ros'
[0.286s] Level 1:colcon.colcon_core.package_identification:_identify(__pycache__) by extensions ['cmake', 'python']
[0.286s] Level 1:colcon.colcon_core.package_identification:_identify(__pycache__) by extension 'cmake'
[0.286s] Level 1:colcon.colcon_core.package_identification:_identify(__pycache__) by extension 'python'
[0.286s] Level 1:colcon.colcon_core.package_identification:_identify(__pycache__) by extensions ['python_setup_py']
[0.286s] Level 1:colcon.colcon_core.package_identification:_identify(__pycache__) by extension 'python_setup_py'
[0.286s] Level 1:colcon.colcon_core.package_identification:_identify(build) by extensions ['ignore', 'ignore_ament_install']
[0.286s] Level 1:colcon.colcon_core.package_identification:_identify(build) by extension 'ignore'
[0.286s] Level 1:colcon.colcon_core.package_identification:_identify(build) ignored
[0.286s] Level 1:colcon.colcon_core.package_identification:_identify(install) by extensions ['ignore', 'ignore_ament_install']
[0.287s] Level 1:colcon.colcon_core.package_identification:_identify(install) by extension 'ignore'
[0.287s] Level 1:colcon.colcon_core.package_identification:_identify(install) ignored
[0.287s] Level 1:colcon.colcon_core.package_identification:_identify(log) by extensions ['ignore', 'ignore_ament_install']
[0.287s] Level 1:colcon.colcon_core.package_identification:_identify(log) by extension 'ignore'
[0.287s] Level 1:colcon.colcon_core.package_identification:_identify(log) ignored
[0.287s] Level 1:colcon.colcon_core.package_identification:_identify(src) by extensions ['ignore', 'ignore_ament_install']
[0.287s] Level 1:colcon.colcon_core.package_identification:_identify(src) by extension 'ignore'
[0.287s] Level 1:colcon.colcon_core.package_identification:_identify(src) by extension 'ignore_ament_install'
[0.287s] Level 1:colcon.colcon_core.package_identification:_identify(src) by extensions ['colcon_pkg']
[0.287s] Level 1:colcon.colcon_core.package_identification:_identify(src) by extension 'colcon_pkg'
[0.287s] Level 1:colcon.colcon_core.package_identification:_identify(src) by extensions ['colcon_meta']
[0.287s] Level 1:colcon.colcon_core.package_identification:_identify(src) by extension 'colcon_meta'
[0.287s] Level 1:colcon.colcon_core.package_identification:_identify(src) by extensions ['ros']
[0.287s] Level 1:colcon.colcon_core.package_identification:_identify(src) by extension 'ros'
[0.287s] Level 1:colcon.colcon_core.package_identification:_identify(src) by extensions ['cmake', 'python']
[0.287s] Level 1:colcon.colcon_core.package_identification:_identify(src) by extension 'cmake'
[0.287s] Level 1:colcon.colcon_core.package_identification:_identify(src) by extension 'python'
[0.287s] Level 1:colcon.colcon_core.package_identification:_identify(src) by extensions ['python_setup_py']
[0.287s] Level 1:colcon.colcon_core.package_identification:_identify(src) by extension 'python_setup_py'
[0.288s] Level 1:colcon.colcon_core.package_identification:_identify(src/canopen_interfaces) by extensions ['ignore', 'ignore_ament_install']
[0.288s] Level 1:colcon.colcon_core.package_identification:_identify(src/canopen_interfaces) by extension 'ignore'
[0.288s] Level 1:colcon.colcon_core.package_identification:_identify(src/canopen_interfaces) by extension 'ignore_ament_install'
[0.288s] Level 1:colcon.colcon_core.package_identification:_identify(src/canopen_interfaces) by extensions ['colcon_pkg']
[0.288s] Level 1:colcon.colcon_core.package_identification:_identify(src/canopen_interfaces) by extension 'colcon_pkg'
[0.288s] Level 1:colcon.colcon_core.package_identification:_identify(src/canopen_interfaces) by extensions ['colcon_meta']
[0.288s] Level 1:colcon.colcon_core.package_identification:_identify(src/canopen_interfaces) by extension 'colcon_meta'
[0.288s] Level 1:colcon.colcon_core.package_identification:_identify(src/canopen_interfaces) by extensions ['ros']
[0.288s] Level 1:colcon.colcon_core.package_identification:_identify(src/canopen_interfaces) by extension 'ros'
[0.290s] DEBUG:colcon.colcon_core.package_identification:Package 'src/canopen_interfaces' with type 'ros.ament_cmake' and name 'canopen_interfaces'
[0.290s] Level 1:colcon.colcon_core.package_identification:_identify(src/roburoc_canopen) by extensions ['ignore', 'ignore_ament_install']
[0.290s] Level 1:colcon.colcon_core.package_identification:_identify(src/roburoc_canopen) by extension 'ignore'
[0.290s] Level 1:colcon.colcon_core.package_identification:_identify(src/roburoc_canopen) by extension 'ignore_ament_install'
[0.290s] Level 1:colcon.colcon_core.package_identification:_identify(src/roburoc_canopen) by extensions ['colcon_pkg']
[0.290s] Level 1:colcon.colcon_core.package_identification:_identify(src/roburoc_canopen) by extension 'colcon_pkg'
[0.290s] Level 1:colcon.colcon_core.package_identification:_identify(src/roburoc_canopen) by extensions ['colcon_meta']
[0.291s] Level 1:colcon.colcon_core.package_identification:_identify(src/roburoc_canopen) by extension 'colcon_meta'
[0.291s] Level 1:colcon.colcon_core.package_identification:_identify(src/roburoc_canopen) by extensions ['ros']
[0.291s] Level 1:colcon.colcon_core.package_identification:_identify(src/roburoc_canopen) by extension 'ros'
[0.291s] DEBUG:colcon.colcon_core.package_identification:Package 'src/roburoc_canopen' with type 'ros.ament_cmake' and name 'roburoc_canopen'
[0.291s] Level 1:colcon.colcon_core.package_identification:_identify(src/roburoc_controller) by extensions ['ignore', 'ignore_ament_install']
[0.291s] Level 1:colcon.colcon_core.package_identification:_identify(src/roburoc_controller) by extension 'ignore'
[0.292s] Level 1:colcon.colcon_core.package_identification:_identify(src/roburoc_controller) by extension 'ignore_ament_install'
[0.292s] Level 1:colcon.colcon_core.package_identification:_identify(src/roburoc_controller) by extensions ['colcon_pkg']
[0.292s] Level 1:colcon.colcon_core.package_identification:_identify(src/roburoc_controller) by extension 'colcon_pkg'
[0.292s] Level 1:colcon.colcon_core.package_identification:_identify(src/roburoc_controller) by extensions ['colcon_meta']
[0.292s] Level 1:colcon.colcon_core.package_identification:_identify(src/roburoc_controller) by extension 'colcon_meta'
[0.292s] Level 1:colcon.colcon_core.package_identification:_identify(src/roburoc_controller) by extensions ['ros']
[0.292s] Level 1:colcon.colcon_core.package_identification:_identify(src/roburoc_controller) by extension 'ros'
[0.292s] DEBUG:colcon.colcon_core.package_identification:Package 'src/roburoc_controller' with type 'ros.ament_cmake' and name 'roburoc_controller'
[0.292s] Level 1:colcon.colcon_core.package_identification:_identify(src/roburoc_gamepad) by extensions ['ignore', 'ignore_ament_install']
[0.293s] Level 1:colcon.colcon_core.package_identification:_identify(src/roburoc_gamepad) by extension 'ignore'
[0.293s] Level 1:colcon.colcon_core.package_identification:_identify(src/roburoc_gamepad) by extension 'ignore_ament_install'
[0.293s] Level 1:colcon.colcon_core.package_identification:_identify(src/roburoc_gamepad) by extensions ['colcon_pkg']
[0.293s] Level 1:colcon.colcon_core.package_identification:_identify(src/roburoc_gamepad) by extension 'colcon_pkg'
[0.293s] Level 1:colcon.colcon_core.package_identification:_identify(src/roburoc_gamepad) by extensions ['colcon_meta']
[0.293s] Level 1:colcon.colcon_core.package_identification:_identify(src/roburoc_gamepad) by extension 'colcon_meta'
[0.293s] Level 1:colcon.colcon_core.package_identification:_identify(src/roburoc_gamepad) by extensions ['ros']
[0.293s] Level 1:colcon.colcon_core.package_identification:_identify(src/roburoc_gamepad) by extension 'ros'
[0.293s] DEBUG:colcon.colcon_core.package_identification:Package 'src/roburoc_gamepad' with type 'ros.ament_cmake' and name 'roburoc_gamepad'
[0.293s] Level 1:colcon.colcon_core.package_discovery:discover_packages(recursive) using defaults
[0.293s] Level 1:colcon.colcon_core.package_discovery:discover_packages(ignore) discover
[0.293s] Level 1:colcon.colcon_core.package_discovery:discover_packages(ignore) using defaults
[0.294s] Level 1:colcon.colcon_core.package_discovery:discover_packages(path) discover
[0.294s] Level 1:colcon.colcon_core.package_discovery:discover_packages(path) using defaults
[0.320s] Level 1:colcon.colcon_core.package_discovery:discover_packages(prefix_path) check parameters
[0.320s] Level 1:colcon.colcon_core.package_discovery:discover_packages(prefix_path) discover
[0.321s] DEBUG:colcon.colcon_installed_package_information.package_discovery:Found 4 installed packages in /home/roburoc/PycharmProjects/P9-RobuROC4/install
[0.323s] DEBUG:colcon.colcon_installed_package_information.package_discovery:Found 473 installed packages in /opt/ros/humble
[0.325s] Level 1:colcon.colcon_core.package_discovery:discover_packages(prefix_path) using defaults
[0.373s] Level 5:colcon.colcon_core.verb:set package 'canopen_interfaces' build argument 'cmake_args' from command line to 'None'
[0.373s] Level 5:colcon.colcon_core.verb:set package 'canopen_interfaces' build argument 'cmake_target' from command line to 'None'
[0.373s] Level 5:colcon.colcon_core.verb:set package 'canopen_interfaces' build argument 'cmake_target_skip_unavailable' from command line to 'False'
[0.373s] Level 5:colcon.colcon_core.verb:set package 'canopen_interfaces' build argument 'cmake_clean_cache' from command line to 'False'
[0.373s] Level 5:colcon.colcon_core.verb:set package 'canopen_interfaces' build argument 'cmake_clean_first' from command line to 'False'
[0.373s] Level 5:colcon.colcon_core.verb:set package 'canopen_interfaces' build argument 'cmake_force_configure' from command line to 'False'
[0.373s] Level 5:colcon.colcon_core.verb:set package 'canopen_interfaces' build argument 'ament_cmake_args' from command line to 'None'
[0.373s] Level 5:colcon.colcon_core.verb:set package 'canopen_interfaces' build argument 'catkin_cmake_args' from command line to 'None'
[0.373s] Level 5:colcon.colcon_core.verb:set package 'canopen_interfaces' build argument 'catkin_skip_building_tests' from command line to 'False'
[0.373s] DEBUG:colcon.colcon_core.verb:Building package 'canopen_interfaces' with the following arguments: {'ament_cmake_args': None, 'build_base': '/home/roburoc/PycharmProjects/P9-RobuROC4/build/canopen_interfaces', 'catkin_cmake_args': None, 'catkin_skip_building_tests': False, 'cmake_args': None, 'cmake_clean_cache': False, 'cmake_clean_first': False, 'cmake_force_configure': False, 'cmake_target': None, 'cmake_target_skip_unavailable': False, 'install_base': '/home/roburoc/PycharmProjects/P9-RobuROC4/install/canopen_interfaces', 'merge_install': False, 'path': '/home/roburoc/PycharmProjects/P9-RobuROC4/src/canopen_interfaces', 'symlink_install': False, 'test_result_base': None}
[0.373s] Level 5:colcon.colcon_core.verb:set package 'roburoc_gamepad' build argument 'cmake_args' from command line to 'None'
[0.373s] Level 5:colcon.colcon_core.verb:set package 'roburoc_gamepad' build argument 'cmake_target' from command line to 'None'
[0.373s] Level 5:colcon.colcon_core.verb:set package 'roburoc_gamepad' build argument 'cmake_target_skip_unavailable' from command line to 'False'
[0.373s] Level 5:colcon.colcon_core.verb:set package 'roburoc_gamepad' build argument 'cmake_clean_cache' from command line to 'False'
[0.373s] Level 5:colcon.colcon_core.verb:set package 'roburoc_gamepad' build argument 'cmake_clean_first' from command line to 'False'
[0.373s] Level 5:colcon.colcon_core.verb:set package 'roburoc_gamepad' build argument 'cmake_force_configure' from command line to 'False'
[0.373s] Level 5:colcon.colcon_core.verb:set package 'roburoc_gamepad' build argument 'ament_cmake_args' from command line to 'None'
[0.373s] Level 5:colcon.colcon_core.verb:set package 'roburoc_gamepad' build argument 'catkin_cmake_args' from command line to 'None'
[0.373s] Level 5:colcon.colcon_core.verb:set package 'roburoc_gamepad' build argument 'catkin_skip_building_tests' from command line to 'False'
[0.373s] DEBUG:colcon.colcon_core.verb:Building package 'roburoc_gamepad' with the following arguments: {'ament_cmake_args': None, 'build_base': '/home/roburoc/PycharmProjects/P9-RobuROC4/build/roburoc_gamepad', 'catkin_cmake_args': None, 'catkin_skip_building_tests': False, 'cmake_args': None, 'cmake_clean_cache': False, 'cmake_clean_first': False, 'cmake_force_configure': False, 'cmake_target': None, 'cmake_target_skip_unavailable': False, 'install_base': '/home/roburoc/PycharmProjects/P9-RobuROC4/install/roburoc_gamepad', 'merge_install': False, 'path': '/home/roburoc/PycharmProjects/P9-RobuROC4/src/roburoc_gamepad', 'symlink_install': False, 'test_result_base': None}
[0.374s] Level 5:colcon.colcon_core.verb:set package 'roburoc_canopen' build argument 'cmake_args' from command line to 'None'
[0.374s] Level 5:colcon.colcon_core.verb:set package 'roburoc_canopen' build argument 'cmake_target' from command line to 'None'
[0.374s] Level 5:colcon.colcon_core.verb:set package 'roburoc_canopen' build argument 'cmake_target_skip_unavailable' from command line to 'False'
[0.374s] Level 5:colcon.colcon_core.verb:set package 'roburoc_canopen' build argument 'cmake_clean_cache' from command line to 'False'
[0.374s] Level 5:colcon.colcon_core.verb:set package 'roburoc_canopen' build argument 'cmake_clean_first' from command line to 'False'
[0.374s] Level 5:colcon.colcon_core.verb:set package 'roburoc_canopen' build argument 'cmake_force_configure' from command line to 'False'
[0.374s] Level 5:colcon.colcon_core.verb:set package 'roburoc_canopen' build argument 'ament_cmake_args' from command line to 'None'
[0.374s] Level 5:colcon.colcon_core.verb:set package 'roburoc_canopen' build argument 'catkin_cmake_args' from command line to 'None'
[0.374s] Level 5:colcon.colcon_core.verb:set package 'roburoc_canopen' build argument 'catkin_skip_building_tests' from command line to 'False'
[0.374s] DEBUG:colcon.colcon_core.verb:Building package 'roburoc_canopen' with the following arguments: {'ament_cmake_args': None, 'build_base': '/home/roburoc/PycharmProjects/P9-RobuROC4/build/roburoc_canopen', 'catkin_cmake_args': None, 'catkin_skip_building_tests': False, 'cmake_args': None, 'cmake_clean_cache': False, 'cmake_clean_first': False, 'cmake_force_configure': False, 'cmake_target': None, 'cmake_target_skip_unavailable': False, 'install_base': '/home/roburoc/PycharmProjects/P9-RobuROC4/install/roburoc_canopen', 'merge_install': False, 'path': '/home/roburoc/PycharmProjects/P9-RobuROC4/src/roburoc_canopen', 'symlink_install': False, 'test_result_base': None}
[0.374s] Level 5:colcon.colcon_core.verb:set package 'roburoc_controller' build argument 'cmake_args' from command line to 'None'
[0.374s] Level 5:colcon.colcon_core.verb:set package 'roburoc_controller' build argument 'cmake_target' from command line to 'None'
[0.374s] Level 5:colcon.colcon_core.verb:set package 'roburoc_controller' build argument 'cmake_target_skip_unavailable' from command line to 'False'
[0.374s] Level 5:colcon.colcon_core.verb:set package 'roburoc_controller' build argument 'cmake_clean_cache' from command line to 'False'
[0.374s] Level 5:colcon.colcon_core.verb:set package 'roburoc_controller' build argument 'cmake_clean_first' from command line to 'False'
[0.374s] Level 5:colcon.colcon_core.verb:set package 'roburoc_controller' build argument 'cmake_force_configure' from command line to 'False'
[0.374s] Level 5:colcon.colcon_core.verb:set package 'roburoc_controller' build argument 'ament_cmake_args' from command line to 'None'
[0.374s] Level 5:colcon.colcon_core.verb:set package 'roburoc_controller' build argument 'catkin_cmake_args' from command line to 'None'
[0.374s] Level 5:colcon.colcon_core.verb:set package 'roburoc_controller' build argument 'catkin_skip_building_tests' from command line to 'False'
[0.375s] DEBUG:colcon.colcon_core.verb:Building package 'roburoc_controller' with the following arguments: {'ament_cmake_args': None, 'build_base': '/home/roburoc/PycharmProjects/P9-RobuROC4/build/roburoc_controller', 'catkin_cmake_args': None, 'catkin_skip_building_tests': False, 'cmake_args': None, 'cmake_clean_cache': False, 'cmake_clean_first': False, 'cmake_force_configure': False, 'cmake_target': None, 'cmake_target_skip_unavailable': False, 'install_base': '/home/roburoc/PycharmProjects/P9-RobuROC4/install/roburoc_controller', 'merge_install': False, 'path': '/home/roburoc/PycharmProjects/P9-RobuROC4/src/roburoc_controller', 'symlink_install': False, 'test_result_base': None}
[0.375s] INFO:colcon.colcon_core.executor:Executing jobs using 'parallel' executor
[0.375s] DEBUG:colcon.colcon_parallel_executor.executor.parallel:run_until_complete
[0.376s] INFO:colcon.colcon_ros.task.ament_cmake.build:Building ROS package in '/home/roburoc/PycharmProjects/P9-RobuROC4/src/canopen_interfaces' with build type 'ament_cmake'
[0.376s] INFO:colcon.colcon_cmake.task.cmake.build:Building CMake package in '/home/roburoc/PycharmProjects/P9-RobuROC4/src/canopen_interfaces'
[0.377s] INFO:colcon.colcon_core.plugin_system:Skipping extension 'colcon_core.shell.bat': Not used on non-Windows systems
[0.377s] INFO:colcon.colcon_core.shell:Skip shell extension 'powershell' for command environment: Not usable outside of PowerShell
[0.378s] DEBUG:colcon.colcon_core.shell:Skip shell extension 'dsv' for command environment
[0.381s] INFO:colcon.colcon_ros.task.ament_cmake.build:Building ROS package in '/home/roburoc/PycharmProjects/P9-RobuROC4/src/roburoc_gamepad' with build type 'ament_cmake'
[0.381s] INFO:colcon.colcon_cmake.task.cmake.build:Building CMake package in '/home/roburoc/PycharmProjects/P9-RobuROC4/src/roburoc_gamepad'
[0.381s] INFO:colcon.colcon_core.shell:Skip shell extension 'powershell' for command environment: Not usable outside of PowerShell
[0.381s] DEBUG:colcon.colcon_core.shell:Skip shell extension 'dsv' for command environment
[0.388s] DEBUG:colcon.colcon_core.event_handler.log_command:Invoking command in '/home/roburoc/PycharmProjects/P9-RobuROC4/build/canopen_interfaces': CMAKE_PREFIX_PATH=${CMAKE_PREFIX_PATH}:/opt/ros/humble /usr/bin/cmake --build /home/roburoc/PycharmProjects/P9-RobuROC4/build/canopen_interfaces -- -j12 -l12
[0.392s] DEBUG:colcon.colcon_core.event_handler.log_command:Invoking command in '/home/roburoc/PycharmProjects/P9-RobuROC4/build/roburoc_gamepad': CMAKE_PREFIX_PATH=${CMAKE_PREFIX_PATH}:/opt/ros/humble /usr/bin/cmake --build /home/roburoc/PycharmProjects/P9-RobuROC4/build/roburoc_gamepad -- -j12 -l12
[0.419s] DEBUG:colcon.colcon_core.event_handler.log_command:Invoked command in '/home/roburoc/PycharmProjects/P9-RobuROC4/build/roburoc_gamepad' returned '0': CMAKE_PREFIX_PATH=${CMAKE_PREFIX_PATH}:/opt/ros/humble /usr/bin/cmake --build /home/roburoc/PycharmProjects/P9-RobuROC4/build/roburoc_gamepad -- -j12 -l12
[0.447s] DEBUG:colcon.colcon_core.event_handler.log_command:Invoking command in '/home/roburoc/PycharmProjects/P9-RobuROC4/build/roburoc_gamepad': CMAKE_PREFIX_PATH=${CMAKE_PREFIX_PATH}:/opt/ros/humble /usr/bin/cmake --install /home/roburoc/PycharmProjects/P9-RobuROC4/build/roburoc_gamepad
[0.456s] Level 1:colcon.colcon_core.environment:create_environment_scripts_only(roburoc_gamepad)
[0.456s] DEBUG:colcon.colcon_core.event_handler.log_command:Invoked command in '/home/roburoc/PycharmProjects/P9-RobuROC4/build/roburoc_gamepad' returned '0': CMAKE_PREFIX_PATH=${CMAKE_PREFIX_PATH}:/opt/ros/humble /usr/bin/cmake --install /home/roburoc/PycharmProjects/P9-RobuROC4/build/roburoc_gamepad
[0.459s] Level 1:colcon.colcon_core.environment:checking '/home/roburoc/PycharmProjects/P9-RobuROC4/install/roburoc_gamepad' for CMake module files
[0.459s] Level 1:colcon.colcon_core.environment:checking '/home/roburoc/PycharmProjects/P9-RobuROC4/install/roburoc_gamepad' for CMake config files
[0.460s] Level 1:colcon.colcon_core.shell:create_environment_hook('roburoc_gamepad', 'cmake_prefix_path')
[0.460s] INFO:colcon.colcon_core.shell:Creating environment hook '/home/roburoc/PycharmProjects/P9-RobuROC4/install/roburoc_gamepad/share/roburoc_gamepad/hook/cmake_prefix_path.ps1'
[0.461s] INFO:colcon.colcon_core.shell:Creating environment descriptor '/home/roburoc/PycharmProjects/P9-RobuROC4/install/roburoc_gamepad/share/roburoc_gamepad/hook/cmake_prefix_path.dsv'
[0.461s] INFO:colcon.colcon_core.shell:Creating environment hook '/home/roburoc/PycharmProjects/P9-RobuROC4/install/roburoc_gamepad/share/roburoc_gamepad/hook/cmake_prefix_path.sh'
[0.463s] Level 1:colcon.colcon_core.environment:checking '/home/roburoc/PycharmProjects/P9-RobuROC4/install/roburoc_gamepad/lib'
[0.463s] Level 1:colcon.colcon_core.environment:checking '/home/roburoc/PycharmProjects/P9-RobuROC4/install/roburoc_gamepad/bin'
[0.463s] Level 1:colcon.colcon_core.environment:checking '/home/roburoc/PycharmProjects/P9-RobuROC4/install/roburoc_gamepad/lib/pkgconfig/roburoc_gamepad.pc'
[0.463s] Level 1:colcon.colcon_core.environment:checking '/home/roburoc/PycharmProjects/P9-RobuROC4/install/roburoc_gamepad/lib/python3.10/site-packages'
[0.464s] Level 1:colcon.colcon_core.environment:checking '/home/roburoc/PycharmProjects/P9-RobuROC4/install/roburoc_gamepad/bin'
[0.464s] INFO:colcon.colcon_core.shell:Creating package script '/home/roburoc/PycharmProjects/P9-RobuROC4/install/roburoc_gamepad/share/roburoc_gamepad/package.ps1'
[0.465s] INFO:colcon.colcon_core.shell:Creating package descriptor '/home/roburoc/PycharmProjects/P9-RobuROC4/install/roburoc_gamepad/share/roburoc_gamepad/package.dsv'
[0.466s] INFO:colcon.colcon_core.shell:Creating package script '/home/roburoc/PycharmProjects/P9-RobuROC4/install/roburoc_gamepad/share/roburoc_gamepad/package.sh'
[0.467s] INFO:colcon.colcon_core.shell:Creating package script '/home/roburoc/PycharmProjects/P9-RobuROC4/install/roburoc_gamepad/share/roburoc_gamepad/package.bash'
[0.468s] INFO:colcon.colcon_core.shell:Creating package script '/home/roburoc/PycharmProjects/P9-RobuROC4/install/roburoc_gamepad/share/roburoc_gamepad/package.zsh'
[0.469s] Level 1:colcon.colcon_core.environment:create_file_with_runtime_dependencies(/home/roburoc/PycharmProjects/P9-RobuROC4/install/roburoc_gamepad/share/colcon-core/packages/roburoc_gamepad)
[0.485s] Level 1:colcon.colcon_core.environment:create_environment_scripts_only(roburoc_gamepad)
[0.485s] Level 1:colcon.colcon_core.environment:checking '/home/roburoc/PycharmProjects/P9-RobuROC4/install/roburoc_gamepad' for CMake module files
[0.486s] Level 1:colcon.colcon_core.environment:checking '/home/roburoc/PycharmProjects/P9-RobuROC4/install/roburoc_gamepad' for CMake config files
[0.486s] Level 1:colcon.colcon_core.shell:create_environment_hook('roburoc_gamepad', 'cmake_prefix_path')
[0.487s] INFO:colcon.colcon_core.shell:Creating environment hook '/home/roburoc/PycharmProjects/P9-RobuROC4/install/roburoc_gamepad/share/roburoc_gamepad/hook/cmake_prefix_path.ps1'
[0.487s] INFO:colcon.colcon_core.shell:Creating environment descriptor '/home/roburoc/PycharmProjects/P9-RobuROC4/install/roburoc_gamepad/share/roburoc_gamepad/hook/cmake_prefix_path.dsv'
[0.488s] INFO:colcon.colcon_core.shell:Creating environment hook '/home/roburoc/PycharmProjects/P9-RobuROC4/install/roburoc_gamepad/share/roburoc_gamepad/hook/cmake_prefix_path.sh'
[0.488s] Level 1:colcon.colcon_core.environment:checking '/home/roburoc/PycharmProjects/P9-RobuROC4/install/roburoc_gamepad/lib'
[0.488s] Level 1:colcon.colcon_core.environment:checking '/home/roburoc/PycharmProjects/P9-RobuROC4/install/roburoc_gamepad/bin'
[0.488s] Level 1:colcon.colcon_core.environment:checking '/home/roburoc/PycharmProjects/P9-RobuROC4/install/roburoc_gamepad/lib/pkgconfig/roburoc_gamepad.pc'
[0.489s] Level 1:colcon.colcon_core.environment:checking '/home/roburoc/PycharmProjects/P9-RobuROC4/install/roburoc_gamepad/lib/python3.10/site-packages'
[0.489s] Level 1:colcon.colcon_core.environment:checking '/home/roburoc/PycharmProjects/P9-RobuROC4/install/roburoc_gamepad/bin'
[0.490s] INFO:colcon.colcon_core.shell:Creating package script '/home/roburoc/PycharmProjects/P9-RobuROC4/install/roburoc_gamepad/share/roburoc_gamepad/package.ps1'
[0.490s] INFO:colcon.colcon_core.shell:Creating package descriptor '/home/roburoc/PycharmProjects/P9-RobuROC4/install/roburoc_gamepad/share/roburoc_gamepad/package.dsv'
[0.491s] INFO:colcon.colcon_core.shell:Creating package script '/home/roburoc/PycharmProjects/P9-RobuROC4/install/roburoc_gamepad/share/roburoc_gamepad/package.sh'
[0.491s] INFO:colcon.colcon_core.shell:Creating package script '/home/roburoc/PycharmProjects/P9-RobuROC4/install/roburoc_gamepad/share/roburoc_gamepad/package.bash'
[0.492s] INFO:colcon.colcon_core.shell:Creating package script '/home/roburoc/PycharmProjects/P9-RobuROC4/install/roburoc_gamepad/share/roburoc_gamepad/package.zsh'
[0.492s] Level 1:colcon.colcon_core.environment:create_file_with_runtime_dependencies(/home/roburoc/PycharmProjects/P9-RobuROC4/install/roburoc_gamepad/share/colcon-core/packages/roburoc_gamepad)
[0.711s] DEBUG:colcon.colcon_core.event_handler.log_command:Invoked command in '/home/roburoc/PycharmProjects/P9-RobuROC4/build/canopen_interfaces' returned '0': CMAKE_PREFIX_PATH=${CMAKE_PREFIX_PATH}:/opt/ros/humble /usr/bin/cmake --build /home/roburoc/PycharmProjects/P9-RobuROC4/build/canopen_interfaces -- -j12 -l12
[0.807s] DEBUG:colcon.colcon_core.event_handler.log_command:Invoking command in '/home/roburoc/PycharmProjects/P9-RobuROC4/build/canopen_interfaces': CMAKE_PREFIX_PATH=${CMAKE_PREFIX_PATH}:/opt/ros/humble /usr/bin/cmake --install /home/roburoc/PycharmProjects/P9-RobuROC4/build/canopen_interfaces
[0.852s] Level 1:colcon.colcon_core.environment:create_environment_scripts_only(canopen_interfaces)
[0.852s] Level 1:colcon.colcon_core.environment:checking '/home/roburoc/PycharmProjects/P9-RobuROC4/install/canopen_interfaces' for CMake module files
[0.852s] DEBUG:colcon.colcon_core.event_handler.log_command:Invoked command in '/home/roburoc/PycharmProjects/P9-RobuROC4/build/canopen_interfaces' returned '0': CMAKE_PREFIX_PATH=${CMAKE_PREFIX_PATH}:/opt/ros/humble /usr/bin/cmake --install /home/roburoc/PycharmProjects/P9-RobuROC4/build/canopen_interfaces
[0.853s] Level 1:colcon.colcon_core.environment:checking '/home/roburoc/PycharmProjects/P9-RobuROC4/install/canopen_interfaces' for CMake config files
[0.853s] Level 1:colcon.colcon_core.shell:create_environment_hook('canopen_interfaces', 'cmake_prefix_path')
[0.853s] INFO:colcon.colcon_core.shell:Creating environment hook '/home/roburoc/PycharmProjects/P9-RobuROC4/install/canopen_interfaces/share/canopen_interfaces/hook/cmake_prefix_path.ps1'
[0.854s] INFO:colcon.colcon_core.shell:Creating environment descriptor '/home/roburoc/PycharmProjects/P9-RobuROC4/install/canopen_interfaces/share/canopen_interfaces/hook/cmake_prefix_path.dsv'
[0.854s] INFO:colcon.colcon_core.shell:Creating environment hook '/home/roburoc/PycharmProjects/P9-RobuROC4/install/canopen_interfaces/share/canopen_interfaces/hook/cmake_prefix_path.sh'
[0.854s] Level 1:colcon.colcon_core.environment:checking '/home/roburoc/PycharmProjects/P9-RobuROC4/install/canopen_interfaces/lib'
[0.854s] Level 1:colcon.colcon_core.shell:create_environment_hook('canopen_interfaces', 'ld_library_path_lib')
[0.855s] INFO:colcon.colcon_core.shell:Creating environment hook '/home/roburoc/PycharmProjects/P9-RobuROC4/install/canopen_interfaces/share/canopen_interfaces/hook/ld_library_path_lib.ps1'
[0.855s] INFO:colcon.colcon_core.shell:Creating environment descriptor '/home/roburoc/PycharmProjects/P9-RobuROC4/install/canopen_interfaces/share/canopen_interfaces/hook/ld_library_path_lib.dsv'
[0.855s] INFO:colcon.colcon_core.shell:Creating environment hook '/home/roburoc/PycharmProjects/P9-RobuROC4/install/canopen_interfaces/share/canopen_interfaces/hook/ld_library_path_lib.sh'
[0.855s] Level 1:colcon.colcon_core.environment:checking '/home/roburoc/PycharmProjects/P9-RobuROC4/install/canopen_interfaces/bin'
[0.855s] Level 1:colcon.colcon_core.environment:checking '/home/roburoc/PycharmProjects/P9-RobuROC4/install/canopen_interfaces/lib/pkgconfig/canopen_interfaces.pc'
[0.856s] Level 1:colcon.colcon_core.environment:checking '/home/roburoc/PycharmProjects/P9-RobuROC4/install/canopen_interfaces/lib/python3.10/site-packages'
[0.856s] Level 1:colcon.colcon_core.environment:checking '/home/roburoc/PycharmProjects/P9-RobuROC4/install/canopen_interfaces/bin'
[0.856s] INFO:colcon.colcon_core.shell:Creating package script '/home/roburoc/PycharmProjects/P9-RobuROC4/install/canopen_interfaces/share/canopen_interfaces/package.ps1'
[0.856s] INFO:colcon.colcon_core.shell:Creating package descriptor '/home/roburoc/PycharmProjects/P9-RobuROC4/install/canopen_interfaces/share/canopen_interfaces/package.dsv'
[0.857s] INFO:colcon.colcon_core.shell:Creating package script '/home/roburoc/PycharmProjects/P9-RobuROC4/install/canopen_interfaces/share/canopen_interfaces/package.sh'
[0.857s] INFO:colcon.colcon_core.shell:Creating package script '/home/roburoc/PycharmProjects/P9-RobuROC4/install/canopen_interfaces/share/canopen_interfaces/package.bash'
[0.857s] INFO:colcon.colcon_core.shell:Creating package script '/home/roburoc/PycharmProjects/P9-RobuROC4/install/canopen_interfaces/share/canopen_interfaces/package.zsh'
[0.858s] Level 1:colcon.colcon_core.environment:create_file_with_runtime_dependencies(/home/roburoc/PycharmProjects/P9-RobuROC4/install/canopen_interfaces/share/colcon-core/packages/canopen_interfaces)
[0.956s] Level 1:colcon.colcon_core.environment:create_environment_scripts_only(canopen_interfaces)
[0.956s] Level 1:colcon.colcon_core.environment:checking '/home/roburoc/PycharmProjects/P9-RobuROC4/install/canopen_interfaces' for CMake module files
[0.956s] Level 1:colcon.colcon_core.environment:checking '/home/roburoc/PycharmProjects/P9-RobuROC4/install/canopen_interfaces' for CMake config files
[0.957s] Level 1:colcon.colcon_core.shell:create_environment_hook('canopen_interfaces', 'cmake_prefix_path')
[0.957s] INFO:colcon.colcon_core.shell:Creating environment hook '/home/roburoc/PycharmProjects/P9-RobuROC4/install/canopen_interfaces/share/canopen_interfaces/hook/cmake_prefix_path.ps1'
[0.957s] INFO:colcon.colcon_core.shell:Creating environment descriptor '/home/roburoc/PycharmProjects/P9-RobuROC4/install/canopen_interfaces/share/canopen_interfaces/hook/cmake_prefix_path.dsv'
[0.957s] INFO:colcon.colcon_core.shell:Creating environment hook '/home/roburoc/PycharmProjects/P9-RobuROC4/install/canopen_interfaces/share/canopen_interfaces/hook/cmake_prefix_path.sh'
[0.958s] Level 1:colcon.colcon_core.environment:checking '/home/roburoc/PycharmProjects/P9-RobuROC4/install/canopen_interfaces/lib'
[0.958s] Level 1:colcon.colcon_core.shell:create_environment_hook('canopen_interfaces', 'ld_library_path_lib')
[0.958s] INFO:colcon.colcon_core.shell:Creating environment hook '/home/roburoc/PycharmProjects/P9-RobuROC4/install/canopen_interfaces/share/canopen_interfaces/hook/ld_library_path_lib.ps1'
[0.958s] INFO:colcon.colcon_core.shell:Creating environment descriptor '/home/roburoc/PycharmProjects/P9-RobuROC4/install/canopen_interfaces/share/canopen_interfaces/hook/ld_library_path_lib.dsv'
[0.959s] INFO:colcon.colcon_core.shell:Creating environment hook '/home/roburoc/PycharmProjects/P9-RobuROC4/install/canopen_interfaces/share/canopen_interfaces/hook/ld_library_path_lib.sh'
[0.959s] Level 1:colcon.colcon_core.environment:checking '/home/roburoc/PycharmProjects/P9-RobuROC4/install/canopen_interfaces/bin'
[0.959s] Level 1:colcon.colcon_core.environment:checking '/home/roburoc/PycharmProjects/P9-RobuROC4/install/canopen_interfaces/lib/pkgconfig/canopen_interfaces.pc'
[0.959s] Level 1:colcon.colcon_core.environment:checking '/home/roburoc/PycharmProjects/P9-RobuROC4/install/canopen_interfaces/lib/python3.10/site-packages'
[0.959s] Level 1:colcon.colcon_core.environment:checking '/home/roburoc/PycharmProjects/P9-RobuROC4/install/canopen_interfaces/bin'
[0.959s] INFO:colcon.colcon_core.shell:Creating package script '/home/roburoc/PycharmProjects/P9-RobuROC4/install/canopen_interfaces/share/canopen_interfaces/package.ps1'
[0.960s] INFO:colcon.colcon_core.shell:Creating package descriptor '/home/roburoc/PycharmProjects/P9-RobuROC4/install/canopen_interfaces/share/canopen_interfaces/package.dsv'
[0.960s] INFO:colcon.colcon_core.shell:Creating package script '/home/roburoc/PycharmProjects/P9-RobuROC4/install/canopen_interfaces/share/canopen_interfaces/package.sh'
[0.961s] INFO:colcon.colcon_core.shell:Creating package script '/home/roburoc/PycharmProjects/P9-RobuROC4/install/canopen_interfaces/share/canopen_interfaces/package.bash'
[0.961s] INFO:colcon.colcon_core.shell:Creating package script '/home/roburoc/PycharmProjects/P9-RobuROC4/install/canopen_interfaces/share/canopen_interfaces/package.zsh'
[0.961s] Level 1:colcon.colcon_core.environment:create_file_with_runtime_dependencies(/home/roburoc/PycharmProjects/P9-RobuROC4/install/canopen_interfaces/share/colcon-core/packages/canopen_interfaces)
[0.961s] INFO:colcon.colcon_ros.task.ament_cmake.build:Building ROS package in '/home/roburoc/PycharmProjects/P9-RobuROC4/src/roburoc_canopen' with build type 'ament_cmake'
[0.961s] INFO:colcon.colcon_cmake.task.cmake.build:Building CMake package in '/home/roburoc/PycharmProjects/P9-RobuROC4/src/roburoc_canopen'
[0.962s] INFO:colcon.colcon_core.shell:Skip shell extension 'powershell' for command environment: Not usable outside of PowerShell
[0.962s] DEBUG:colcon.colcon_core.shell:Skip shell extension 'dsv' for command environment
[0.969s] DEBUG:colcon.colcon_core.event_handler.log_command:Invoking command in '/home/roburoc/PycharmProjects/P9-RobuROC4/build/roburoc_canopen': CMAKE_PREFIX_PATH=/home/roburoc/PycharmProjects/P9-RobuROC4/install/canopen_interfaces:/home/roburoc/PycharmProjects/P9-RobuROC4/install/roburoc_gamepad:/home/roburoc/PycharmProjects/P9-RobuROC4/install/roburoc_controller:/home/roburoc/PycharmProjects/P9-RobuROC4/install/roburoc_canopen:/opt/ros/humble /usr/bin/cmake --build /home/roburoc/PycharmProjects/P9-RobuROC4/build/roburoc_canopen -- -j12 -l12
[1.294s] DEBUG:colcon.colcon_core.event_handler.log_command:Invoked command in '/home/roburoc/PycharmProjects/P9-RobuROC4/build/roburoc_canopen' returned '0': CMAKE_PREFIX_PATH=/home/roburoc/PycharmProjects/P9-RobuROC4/install/canopen_interfaces:/home/roburoc/PycharmProjects/P9-RobuROC4/install/roburoc_gamepad:/home/roburoc/PycharmProjects/P9-RobuROC4/install/roburoc_controller:/home/roburoc/PycharmProjects/P9-RobuROC4/install/roburoc_canopen:/opt/ros/humble /usr/bin/cmake --build /home/roburoc/PycharmProjects/P9-RobuROC4/build/roburoc_canopen -- -j12 -l12
[1.312s] DEBUG:colcon.colcon_core.event_handler.log_command:Invoking command in '/home/roburoc/PycharmProjects/P9-RobuROC4/build/roburoc_canopen': CMAKE_PREFIX_PATH=/home/roburoc/PycharmProjects/P9-RobuROC4/install/canopen_interfaces:/home/roburoc/PycharmProjects/P9-RobuROC4/install/roburoc_gamepad:/home/roburoc/PycharmProjects/P9-RobuROC4/install/roburoc_controller:/home/roburoc/PycharmProjects/P9-RobuROC4/install/roburoc_canopen:/opt/ros/humble /usr/bin/cmake --install /home/roburoc/PycharmProjects/P9-RobuROC4/build/roburoc_canopen
[1.351s] Level 1:colcon.colcon_core.environment:create_environment_scripts_only(roburoc_canopen)
[1.351s] Level 1:colcon.colcon_core.environment:checking '/home/roburoc/PycharmProjects/P9-RobuROC4/install/roburoc_canopen' for CMake module files
[1.352s] DEBUG:colcon.colcon_core.event_handler.log_command:Invoked command in '/home/roburoc/PycharmProjects/P9-RobuROC4/build/roburoc_canopen' returned '0': CMAKE_PREFIX_PATH=/home/roburoc/PycharmProjects/P9-RobuROC4/install/canopen_interfaces:/home/roburoc/PycharmProjects/P9-RobuROC4/install/roburoc_gamepad:/home/roburoc/PycharmProjects/P9-RobuROC4/install/roburoc_controller:/home/roburoc/PycharmProjects/P9-RobuROC4/install/roburoc_canopen:/opt/ros/humble /usr/bin/cmake --install /home/roburoc/PycharmProjects/P9-RobuROC4/build/roburoc_canopen
[1.352s] Level 1:colcon.colcon_core.environment:checking '/home/roburoc/PycharmProjects/P9-RobuROC4/install/roburoc_canopen' for CMake config files
[1.352s] Level 1:colcon.colcon_core.shell:create_environment_hook('roburoc_canopen', 'cmake_prefix_path')
[1.352s] INFO:colcon.colcon_core.shell:Creating environment hook '/home/roburoc/PycharmProjects/P9-RobuROC4/install/roburoc_canopen/share/roburoc_canopen/hook/cmake_prefix_path.ps1'
[1.353s] INFO:colcon.colcon_core.shell:Creating environment descriptor '/home/roburoc/PycharmProjects/P9-RobuROC4/install/roburoc_canopen/share/roburoc_canopen/hook/cmake_prefix_path.dsv'
[1.353s] INFO:colcon.colcon_core.shell:Creating environment hook '/home/roburoc/PycharmProjects/P9-RobuROC4/install/roburoc_canopen/share/roburoc_canopen/hook/cmake_prefix_path.sh'
[1.353s] Level 1:colcon.colcon_core.environment:checking '/home/roburoc/PycharmProjects/P9-RobuROC4/install/roburoc_canopen/lib'
[1.353s] Level 1:colcon.colcon_core.environment:checking '/home/roburoc/PycharmProjects/P9-RobuROC4/install/roburoc_canopen/bin'
[1.354s] Level 1:colcon.colcon_core.environment:checking '/home/roburoc/PycharmProjects/P9-RobuROC4/install/roburoc_canopen/lib/pkgconfig/roburoc_canopen.pc'
[1.354s] Level 1:colcon.colcon_core.environment:checking '/home/roburoc/PycharmProjects/P9-RobuROC4/install/roburoc_canopen/lib/python3.10/site-packages'
[1.354s] Level 1:colcon.colcon_core.environment:checking '/home/roburoc/PycharmProjects/P9-RobuROC4/install/roburoc_canopen/bin'
[1.354s] INFO:colcon.colcon_core.shell:Creating package script '/home/roburoc/PycharmProjects/P9-RobuROC4/install/roburoc_canopen/share/roburoc_canopen/package.ps1'
[1.355s] INFO:colcon.colcon_core.shell:Creating package descriptor '/home/roburoc/PycharmProjects/P9-RobuROC4/install/roburoc_canopen/share/roburoc_canopen/package.dsv'
[1.355s] INFO:colcon.colcon_core.shell:Creating package script '/home/roburoc/PycharmProjects/P9-RobuROC4/install/roburoc_canopen/share/roburoc_canopen/package.sh'
[1.355s] INFO:colcon.colcon_core.shell:Creating package script '/home/roburoc/PycharmProjects/P9-RobuROC4/install/roburoc_canopen/share/roburoc_canopen/package.bash'
[1.355s] INFO:colcon.colcon_core.shell:Creating package script '/home/roburoc/PycharmProjects/P9-RobuROC4/install/roburoc_canopen/share/roburoc_canopen/package.zsh'
[1.356s] Level 1:colcon.colcon_core.environment:create_file_with_runtime_dependencies(/home/roburoc/PycharmProjects/P9-RobuROC4/install/roburoc_canopen/share/colcon-core/packages/roburoc_canopen)
[1.372s] Level 1:colcon.colcon_core.environment:create_environment_scripts_only(roburoc_canopen)
[1.373s] Level 1:colcon.colcon_core.environment:checking '/home/roburoc/PycharmProjects/P9-RobuROC4/install/roburoc_canopen' for CMake module files
[1.373s] Level 1:colcon.colcon_core.environment:checking '/home/roburoc/PycharmProjects/P9-RobuROC4/install/roburoc_canopen' for CMake config files
[1.373s] Level 1:colcon.colcon_core.shell:create_environment_hook('roburoc_canopen', 'cmake_prefix_path')
[1.373s] INFO:colcon.colcon_core.shell:Creating environment hook '/home/roburoc/PycharmProjects/P9-RobuROC4/install/roburoc_canopen/share/roburoc_canopen/hook/cmake_prefix_path.ps1'
[1.374s] INFO:colcon.colcon_core.shell:Creating environment descriptor '/home/roburoc/PycharmProjects/P9-RobuROC4/install/roburoc_canopen/share/roburoc_canopen/hook/cmake_prefix_path.dsv'
[1.374s] INFO:colcon.colcon_core.shell:Creating environment hook '/home/roburoc/PycharmProjects/P9-RobuROC4/install/roburoc_canopen/share/roburoc_canopen/hook/cmake_prefix_path.sh'
[1.374s] Level 1:colcon.colcon_core.environment:checking '/home/roburoc/PycharmProjects/P9-RobuROC4/install/roburoc_canopen/lib'
[1.374s] Level 1:colcon.colcon_core.environment:checking '/home/roburoc/PycharmProjects/P9-RobuROC4/install/roburoc_canopen/bin'
[1.374s] Level 1:colcon.colcon_core.environment:checking '/home/roburoc/PycharmProjects/P9-RobuROC4/install/roburoc_canopen/lib/pkgconfig/roburoc_canopen.pc'
[1.375s] Level 1:colcon.colcon_core.environment:checking '/home/roburoc/PycharmProjects/P9-RobuROC4/install/roburoc_canopen/lib/python3.10/site-packages'
[1.375s] Level 1:colcon.colcon_core.environment:checking '/home/roburoc/PycharmProjects/P9-RobuROC4/install/roburoc_canopen/bin'
[1.375s] INFO:colcon.colcon_core.shell:Creating package script '/home/roburoc/PycharmProjects/P9-RobuROC4/install/roburoc_canopen/share/roburoc_canopen/package.ps1'
[1.375s] INFO:colcon.colcon_core.shell:Creating package descriptor '/home/roburoc/PycharmProjects/P9-RobuROC4/install/roburoc_canopen/share/roburoc_canopen/package.dsv'
[1.376s] INFO:colcon.colcon_core.shell:Creating package script '/home/roburoc/PycharmProjects/P9-RobuROC4/install/roburoc_canopen/share/roburoc_canopen/package.sh'
[1.376s] INFO:colcon.colcon_core.shell:Creating package script '/home/roburoc/PycharmProjects/P9-RobuROC4/install/roburoc_canopen/share/roburoc_canopen/package.bash'
[1.376s] INFO:colcon.colcon_core.shell:Creating package script '/home/roburoc/PycharmProjects/P9-RobuROC4/install/roburoc_canopen/share/roburoc_canopen/package.zsh'
[1.377s] Level 1:colcon.colcon_core.environment:create_file_with_runtime_dependencies(/home/roburoc/PycharmProjects/P9-RobuROC4/install/roburoc_canopen/share/colcon-core/packages/roburoc_canopen)
[1.377s] INFO:colcon.colcon_ros.task.ament_cmake.build:Building ROS package in '/home/roburoc/PycharmProjects/P9-RobuROC4/src/roburoc_controller' with build type 'ament_cmake'
[1.377s] INFO:colcon.colcon_cmake.task.cmake.build:Building CMake package in '/home/roburoc/PycharmProjects/P9-RobuROC4/src/roburoc_controller'
[1.378s] INFO:colcon.colcon_core.shell:Skip shell extension 'powershell' for command environment: Not usable outside of PowerShell
[1.378s] DEBUG:colcon.colcon_core.shell:Skip shell extension 'dsv' for command environment
[1.386s] DEBUG:colcon.colcon_core.event_handler.log_command:Invoking command in '/home/roburoc/PycharmProjects/P9-RobuROC4/build/roburoc_controller': CMAKE_PREFIX_PATH=/home/roburoc/PycharmProjects/P9-RobuROC4/install/roburoc_canopen:/home/roburoc/PycharmProjects/P9-RobuROC4/install/canopen_interfaces:/home/roburoc/PycharmProjects/P9-RobuROC4/install/roburoc_gamepad:/home/roburoc/PycharmProjects/P9-RobuROC4/install/roburoc_controller:/opt/ros/humble /usr/bin/cmake --build /home/roburoc/PycharmProjects/P9-RobuROC4/build/roburoc_controller -- -j12 -l12
[1.417s] DEBUG:colcon.colcon_core.event_handler.log_command:Invoked command in '/home/roburoc/PycharmProjects/P9-RobuROC4/build/roburoc_controller' returned '0': CMAKE_PREFIX_PATH=/home/roburoc/PycharmProjects/P9-RobuROC4/install/roburoc_canopen:/home/roburoc/PycharmProjects/P9-RobuROC4/install/canopen_interfaces:/home/roburoc/PycharmProjects/P9-RobuROC4/install/roburoc_gamepad:/home/roburoc/PycharmProjects/P9-RobuROC4/install/roburoc_controller:/opt/ros/humble /usr/bin/cmake --build /home/roburoc/PycharmProjects/P9-RobuROC4/build/roburoc_controller -- -j12 -l12
[1.433s] DEBUG:colcon.colcon_core.event_handler.log_command:Invoking command in '/home/roburoc/PycharmProjects/P9-RobuROC4/build/roburoc_controller': CMAKE_PREFIX_PATH=/home/roburoc/PycharmProjects/P9-RobuROC4/install/roburoc_canopen:/home/roburoc/PycharmProjects/P9-RobuROC4/install/canopen_interfaces:/home/roburoc/PycharmProjects/P9-RobuROC4/install/roburoc_gamepad:/home/roburoc/PycharmProjects/P9-RobuROC4/install/roburoc_controller:/opt/ros/humble /usr/bin/cmake --install /home/roburoc/PycharmProjects/P9-RobuROC4/build/roburoc_controller
[1.441s] Level 1:colcon.colcon_core.environment:create_environment_scripts_only(roburoc_controller)
[1.441s] Level 1:colcon.colcon_core.environment:checking '/home/roburoc/PycharmProjects/P9-RobuROC4/install/roburoc_controller' for CMake module files
[1.441s] DEBUG:colcon.colcon_core.event_handler.log_command:Invoked command in '/home/roburoc/PycharmProjects/P9-RobuROC4/build/roburoc_controller' returned '0': CMAKE_PREFIX_PATH=/home/roburoc/PycharmProjects/P9-RobuROC4/install/roburoc_canopen:/home/roburoc/PycharmProjects/P9-RobuROC4/install/canopen_interfaces:/home/roburoc/PycharmProjects/P9-RobuROC4/install/roburoc_gamepad:/home/roburoc/PycharmProjects/P9-RobuROC4/install/roburoc_controller:/opt/ros/humble /usr/bin/cmake --install /home/roburoc/PycharmProjects/P9-RobuROC4/build/roburoc_controller
[1.442s] Level 1:colcon.colcon_core.environment:checking '/home/roburoc/PycharmProjects/P9-RobuROC4/install/roburoc_controller' for CMake config files
[1.442s] Level 1:colcon.colcon_core.shell:create_environment_hook('roburoc_controller', 'cmake_prefix_path')
[1.442s] INFO:colcon.colcon_core.shell:Creating environment hook '/home/roburoc/PycharmProjects/P9-RobuROC4/install/roburoc_controller/share/roburoc_controller/hook/cmake_prefix_path.ps1'
[1.442s] INFO:colcon.colcon_core.shell:Creating environment descriptor '/home/roburoc/PycharmProjects/P9-RobuROC4/install/roburoc_controller/share/roburoc_controller/hook/cmake_prefix_path.dsv'
[1.443s] INFO:colcon.colcon_core.shell:Creating environment hook '/home/roburoc/PycharmProjects/P9-RobuROC4/install/roburoc_controller/share/roburoc_controller/hook/cmake_prefix_path.sh'
[1.443s] Level 1:colcon.colcon_core.environment:checking '/home/roburoc/PycharmProjects/P9-RobuROC4/install/roburoc_controller/lib'
[1.443s] Level 1:colcon.colcon_core.environment:checking '/home/roburoc/PycharmProjects/P9-RobuROC4/install/roburoc_controller/bin'
[1.443s] Level 1:colcon.colcon_core.environment:checking '/home/roburoc/PycharmProjects/P9-RobuROC4/install/roburoc_controller/lib/pkgconfig/roburoc_controller.pc'
[1.443s] Level 1:colcon.colcon_core.environment:checking '/home/roburoc/PycharmProjects/P9-RobuROC4/install/roburoc_controller/lib/python3.10/site-packages'
[1.443s] Level 1:colcon.colcon_core.environment:checking '/home/roburoc/PycharmProjects/P9-RobuROC4/install/roburoc_controller/bin'
[1.444s] INFO:colcon.colcon_core.shell:Creating package script '/home/roburoc/PycharmProjects/P9-RobuROC4/install/roburoc_controller/share/roburoc_controller/package.ps1'
[1.444s] INFO:colcon.colcon_core.shell:Creating package descriptor '/home/roburoc/PycharmProjects/P9-RobuROC4/install/roburoc_controller/share/roburoc_controller/package.dsv'
[1.444s] INFO:colcon.colcon_core.shell:Creating package script '/home/roburoc/PycharmProjects/P9-RobuROC4/install/roburoc_controller/share/roburoc_controller/package.sh'
[1.445s] INFO:colcon.colcon_core.shell:Creating package script '/home/roburoc/PycharmProjects/P9-RobuROC4/install/roburoc_controller/share/roburoc_controller/package.bash'
[1.445s] INFO:colcon.colcon_core.shell:Creating package script '/home/roburoc/PycharmProjects/P9-RobuROC4/install/roburoc_controller/share/roburoc_controller/package.zsh'
[1.445s] Level 1:colcon.colcon_core.environment:create_file_with_runtime_dependencies(/home/roburoc/PycharmProjects/P9-RobuROC4/install/roburoc_controller/share/colcon-core/packages/roburoc_controller)
[1.460s] Level 1:colcon.colcon_core.environment:create_environment_scripts_only(roburoc_controller)
[1.461s] Level 1:colcon.colcon_core.environment:checking '/home/roburoc/PycharmProjects/P9-RobuROC4/install/roburoc_controller' for CMake module files
[1.461s] Level 1:colcon.colcon_core.environment:checking '/home/roburoc/PycharmProjects/P9-RobuROC4/install/roburoc_controller' for CMake config files
[1.461s] Level 1:colcon.colcon_core.shell:create_environment_hook('roburoc_controller', 'cmake_prefix_path')
[1.461s] INFO:colcon.colcon_core.shell:Creating environment hook '/home/roburoc/PycharmProjects/P9-RobuROC4/install/roburoc_controller/share/roburoc_controller/hook/cmake_prefix_path.ps1'
[1.462s] INFO:colcon.colcon_core.shell:Creating environment descriptor '/home/roburoc/PycharmProjects/P9-RobuROC4/install/roburoc_controller/share/roburoc_controller/hook/cmake_prefix_path.dsv'
[1.462s] INFO:colcon.colcon_core.shell:Creating environment hook '/home/roburoc/PycharmProjects/P9-RobuROC4/install/roburoc_controller/share/roburoc_controller/hook/cmake_prefix_path.sh'
[1.462s] Level 1:colcon.colcon_core.environment:checking '/home/roburoc/PycharmProjects/P9-RobuROC4/install/roburoc_controller/lib'
[1.462s] Level 1:colcon.colcon_core.environment:checking '/home/roburoc/PycharmProjects/P9-RobuROC4/install/roburoc_controller/bin'
[1.462s] Level 1:colcon.colcon_core.environment:checking '/home/roburoc/PycharmProjects/P9-RobuROC4/install/roburoc_controller/lib/pkgconfig/roburoc_controller.pc'
[1.463s] Level 1:colcon.colcon_core.environment:checking '/home/roburoc/PycharmProjects/P9-RobuROC4/install/roburoc_controller/lib/python3.10/site-packages'
[1.463s] Level 1:colcon.colcon_core.environment:checking '/home/roburoc/PycharmProjects/P9-RobuROC4/install/roburoc_controller/bin'
[1.463s] INFO:colcon.colcon_core.shell:Creating package script '/home/roburoc/PycharmProjects/P9-RobuROC4/install/roburoc_controller/share/roburoc_controller/package.ps1'
[1.463s] INFO:colcon.colcon_core.shell:Creating package descriptor '/home/roburoc/PycharmProjects/P9-RobuROC4/install/roburoc_controller/share/roburoc_controller/package.dsv'
[1.464s] INFO:colcon.colcon_core.shell:Creating package script '/home/roburoc/PycharmProjects/P9-RobuROC4/install/roburoc_controller/share/roburoc_controller/package.sh'
[1.464s] INFO:colcon.colcon_core.shell:Creating package script '/home/roburoc/PycharmProjects/P9-RobuROC4/install/roburoc_controller/share/roburoc_controller/package.bash'
[1.464s] INFO:colcon.colcon_core.shell:Creating package script '/home/roburoc/PycharmProjects/P9-RobuROC4/install/roburoc_controller/share/roburoc_controller/package.zsh'
[1.465s] Level 1:colcon.colcon_core.environment:create_file_with_runtime_dependencies(/home/roburoc/PycharmProjects/P9-RobuROC4/install/roburoc_controller/share/colcon-core/packages/roburoc_controller)
[1.465s] DEBUG:colcon.colcon_parallel_executor.executor.parallel:closing loop
[1.465s] DEBUG:colcon.colcon_parallel_executor.executor.parallel:loop closed
[1.465s] DEBUG:colcon.colcon_parallel_executor.executor.parallel:run_until_complete finished with '0'
[1.465s] DEBUG:colcon.colcon_core.event_reactor:joining thread
[1.469s] INFO:colcon.colcon_core.plugin_system:Skipping extension 'colcon_notification.desktop_notification.terminal_notifier': Not used on non-Darwin systems
[1.469s] INFO:colcon.colcon_core.plugin_system:Skipping extension 'colcon_notification.desktop_notification.win32': Not used on non-Windows systems
[1.470s] INFO:colcon.colcon_notification.desktop_notification:Sending desktop notification using 'notify2'
[1.480s] DEBUG:colcon.colcon_core.event_reactor:joined thread
[1.480s] INFO:colcon.colcon_core.shell:Creating prefix script '/home/roburoc/PycharmProjects/P9-RobuROC4/install/local_setup.ps1'
[1.481s] INFO:colcon.colcon_core.shell:Creating prefix util module '/home/roburoc/PycharmProjects/P9-RobuROC4/install/_local_setup_util_ps1.py'
[1.482s] INFO:colcon.colcon_core.shell:Creating prefix chain script '/home/roburoc/PycharmProjects/P9-RobuROC4/install/setup.ps1'
[1.483s] INFO:colcon.colcon_core.shell:Creating prefix script '/home/roburoc/PycharmProjects/P9-RobuROC4/install/local_setup.sh'
[1.484s] INFO:colcon.colcon_core.shell:Creating prefix util module '/home/roburoc/PycharmProjects/P9-RobuROC4/install/_local_setup_util_sh.py'
[1.484s] INFO:colcon.colcon_core.shell:Creating prefix chain script '/home/roburoc/PycharmProjects/P9-RobuROC4/install/setup.sh'
[1.485s] INFO:colcon.colcon_core.shell:Creating prefix script '/home/roburoc/PycharmProjects/P9-RobuROC4/install/local_setup.bash'
[1.485s] INFO:colcon.colcon_core.shell:Creating prefix chain script '/home/roburoc/PycharmProjects/P9-RobuROC4/install/setup.bash'
[1.486s] INFO:colcon.colcon_core.shell:Creating prefix script '/home/roburoc/PycharmProjects/P9-RobuROC4/install/local_setup.zsh'
[1.487s] INFO:colcon.colcon_core.shell:Creating prefix chain script '/home/roburoc/PycharmProjects/P9-RobuROC4/install/setup.zsh'
