[0.097s] DEBUG:colcon:Command line arguments: ['/usr/bin/colcon', 'build']
[0.097s] DEBUG:colcon:Parsed command line arguments: Namespace(log_base=None, log_level=None, verb_name='build', build_base='build', install_base='install', merge_install=False, symlink_install=False, test_result_base=None, continue_on_error=False, executor='parallel', parallel_workers=16, event_handlers=None, ignore_user_meta=False, metas=['./colcon.meta'], base_paths=['.'], packages_ignore=None, packages_ignore_regex=None, paths=None, packages_up_to=None, packages_up_to_regex=None, packages_above=None, packages_above_and_dependencies=None, packages_above_depth=None, packages_select_by_dep=None, packages_skip_by_dep=None, packages_skip_up_to=None, packages_select_build_failed=False, packages_skip_build_finished=False, packages_select_test_failures=False, packages_skip_test_passed=False, packages_select=None, packages_skip=None, packages_select_regex=None, packages_skip_regex=None, packages_start=None, packages_end=None, allow_overriding=[], cmake_args=None, cmake_target=None, cmake_target_skip_unavailable=False, cmake_clean_cache=False, cmake_clean_first=False, cmake_force_configure=False, ament_cmake_args=None, catkin_cmake_args=None, catkin_skip_building_tests=False, mixin_files=None, mixin=None, verb_parser=<colcon_mixin.mixin.mixin_argument.MixinArgumentDecorator object at 0x72a6c3a120e0>, verb_extension=<colcon_core.verb.build.BuildVerb object at 0x72a6c3b426b0>, main=<bound method BuildVerb.main of <colcon_core.verb.build.BuildVerb object at 0x72a6c3b426b0>>, mixin_verb=('build',))
[0.225s] Level 1:colcon.colcon_core.package_discovery:discover_packages(colcon_meta) check parameters
[0.225s] Level 1:colcon.colcon_core.package_discovery:discover_packages(recursive) check parameters
[0.225s] Level 1:colcon.colcon_core.package_discovery:discover_packages(ignore) check parameters
[0.225s] Level 1:colcon.colcon_core.package_discovery:discover_packages(path) check parameters
[0.225s] Level 1:colcon.colcon_core.package_discovery:discover_packages(colcon_meta) discover
[0.225s] Level 1:colcon.colcon_core.package_discovery:discover_packages(recursive) discover
[0.225s] INFO:colcon.colcon_core.package_discovery:Crawling recursively for packages in '/home/julian/model/P9-RobuROC4'
[0.225s] Level 1:colcon.colcon_core.package_identification:_identify(.) by extensions ['ignore', 'ignore_ament_install']
[0.226s] Level 1:colcon.colcon_core.package_identification:_identify(.) by extension 'ignore'
[0.226s] Level 1:colcon.colcon_core.package_identification:_identify(.) by extension 'ignore_ament_install'
[0.226s] Level 1:colcon.colcon_core.package_identification:_identify(.) by extensions ['colcon_pkg']
[0.226s] Level 1:colcon.colcon_core.package_identification:_identify(.) by extension 'colcon_pkg'
[0.226s] Level 1:colcon.colcon_core.package_identification:_identify(.) by extensions ['colcon_meta']
[0.226s] Level 1:colcon.colcon_core.package_identification:_identify(.) by extension 'colcon_meta'
[0.226s] Level 1:colcon.colcon_core.package_identification:_identify(.) by extensions ['ros']
[0.226s] Level 1:colcon.colcon_core.package_identification:_identify(.) by extension 'ros'
[0.239s] Level 1:colcon.colcon_core.package_identification:_identify(.) by extensions ['cmake', 'python']
[0.239s] Level 1:colcon.colcon_core.package_identification:_identify(.) by extension 'cmake'
[0.239s] Level 1:colcon.colcon_core.package_identification:_identify(.) by extension 'python'
[0.239s] Level 1:colcon.colcon_core.package_identification:_identify(.) by extensions ['python_setup_py']
[0.239s] Level 1:colcon.colcon_core.package_identification:_identify(.) by extension 'python_setup_py'
[0.239s] Level 1:colcon.colcon_core.package_identification:_identify(build) by extensions ['ignore', 'ignore_ament_install']
[0.239s] Level 1:colcon.colcon_core.package_identification:_identify(build) by extension 'ignore'
[0.239s] Level 1:colcon.colcon_core.package_identification:_identify(build) ignored
[0.239s] Level 1:colcon.colcon_core.package_identification:_identify(install) by extensions ['ignore', 'ignore_ament_install']
[0.239s] Level 1:colcon.colcon_core.package_identification:_identify(install) by extension 'ignore'
[0.239s] Level 1:colcon.colcon_core.package_identification:_identify(install) ignored
[0.239s] Level 1:colcon.colcon_core.package_identification:_identify(log) by extensions ['ignore', 'ignore_ament_install']
[0.240s] Level 1:colcon.colcon_core.package_identification:_identify(log) by extension 'ignore'
[0.240s] Level 1:colcon.colcon_core.package_identification:_identify(log) ignored
[0.240s] Level 1:colcon.colcon_core.package_identification:_identify(src) by extensions ['ignore', 'ignore_ament_install']
[0.240s] Level 1:colcon.colcon_core.package_identification:_identify(src) by extension 'ignore'
[0.240s] Level 1:colcon.colcon_core.package_identification:_identify(src) by extension 'ignore_ament_install'
[0.240s] Level 1:colcon.colcon_core.package_identification:_identify(src) by extensions ['colcon_pkg']
[0.240s] Level 1:colcon.colcon_core.package_identification:_identify(src) by extension 'colcon_pkg'
[0.240s] Level 1:colcon.colcon_core.package_identification:_identify(src) by extensions ['colcon_meta']
[0.240s] Level 1:colcon.colcon_core.package_identification:_identify(src) by extension 'colcon_meta'
[0.240s] Level 1:colcon.colcon_core.package_identification:_identify(src) by extensions ['ros']
[0.240s] Level 1:colcon.colcon_core.package_identification:_identify(src) by extension 'ros'
[0.240s] Level 1:colcon.colcon_core.package_identification:_identify(src) by extensions ['cmake', 'python']
[0.240s] Level 1:colcon.colcon_core.package_identification:_identify(src) by extension 'cmake'
[0.240s] Level 1:colcon.colcon_core.package_identification:_identify(src) by extension 'python'
[0.240s] Level 1:colcon.colcon_core.package_identification:_identify(src) by extensions ['python_setup_py']
[0.240s] Level 1:colcon.colcon_core.package_identification:_identify(src) by extension 'python_setup_py'
[0.240s] Level 1:colcon.colcon_core.package_identification:_identify(src/RobuROC_sim) by extensions ['ignore', 'ignore_ament_install']
[0.240s] Level 1:colcon.colcon_core.package_identification:_identify(src/RobuROC_sim) by extension 'ignore'
[0.240s] Level 1:colcon.colcon_core.package_identification:_identify(src/RobuROC_sim) by extension 'ignore_ament_install'
[0.241s] Level 1:colcon.colcon_core.package_identification:_identify(src/RobuROC_sim) by extensions ['colcon_pkg']
[0.241s] Level 1:colcon.colcon_core.package_identification:_identify(src/RobuROC_sim) by extension 'colcon_pkg'
[0.241s] Level 1:colcon.colcon_core.package_identification:_identify(src/RobuROC_sim) by extensions ['colcon_meta']
[0.241s] Level 1:colcon.colcon_core.package_identification:_identify(src/RobuROC_sim) by extension 'colcon_meta'
[0.241s] Level 1:colcon.colcon_core.package_identification:_identify(src/RobuROC_sim) by extensions ['ros']
[0.241s] Level 1:colcon.colcon_core.package_identification:_identify(src/RobuROC_sim) by extension 'ros'
[0.241s] Level 1:colcon.colcon_core.package_identification:_identify(src/RobuROC_sim) by extensions ['cmake', 'python']
[0.241s] Level 1:colcon.colcon_core.package_identification:_identify(src/RobuROC_sim) by extension 'cmake'
[0.241s] Level 1:colcon.colcon_core.package_identification:_identify(src/RobuROC_sim) by extension 'python'
[0.241s] Level 1:colcon.colcon_core.package_identification:_identify(src/RobuROC_sim) by extensions ['python_setup_py']
[0.241s] Level 1:colcon.colcon_core.package_identification:_identify(src/RobuROC_sim) by extension 'python_setup_py'
[0.241s] Level 1:colcon.colcon_core.package_identification:_identify(src/RobuROC_sim/include) by extensions ['ignore', 'ignore_ament_install']
[0.241s] Level 1:colcon.colcon_core.package_identification:_identify(src/RobuROC_sim/include) by extension 'ignore'
[0.241s] Level 1:colcon.colcon_core.package_identification:_identify(src/RobuROC_sim/include) by extension 'ignore_ament_install'
[0.241s] Level 1:colcon.colcon_core.package_identification:_identify(src/RobuROC_sim/include) by extensions ['colcon_pkg']
[0.241s] Level 1:colcon.colcon_core.package_identification:_identify(src/RobuROC_sim/include) by extension 'colcon_pkg'
[0.241s] Level 1:colcon.colcon_core.package_identification:_identify(src/RobuROC_sim/include) by extensions ['colcon_meta']
[0.241s] Level 1:colcon.colcon_core.package_identification:_identify(src/RobuROC_sim/include) by extension 'colcon_meta'
[0.241s] Level 1:colcon.colcon_core.package_identification:_identify(src/RobuROC_sim/include) by extensions ['ros']
[0.241s] Level 1:colcon.colcon_core.package_identification:_identify(src/RobuROC_sim/include) by extension 'ros'
[0.242s] Level 1:colcon.colcon_core.package_identification:_identify(src/RobuROC_sim/include) by extensions ['cmake', 'python']
[0.242s] Level 1:colcon.colcon_core.package_identification:_identify(src/RobuROC_sim/include) by extension 'cmake'
[0.242s] Level 1:colcon.colcon_core.package_identification:_identify(src/RobuROC_sim/include) by extension 'python'
[0.242s] Level 1:colcon.colcon_core.package_identification:_identify(src/RobuROC_sim/include) by extensions ['python_setup_py']
[0.242s] Level 1:colcon.colcon_core.package_identification:_identify(src/RobuROC_sim/include) by extension 'python_setup_py'
[0.242s] Level 1:colcon.colcon_core.package_identification:_identify(src/RobuROC_sim/include/RobuROC_sim) by extensions ['ignore', 'ignore_ament_install']
[0.242s] Level 1:colcon.colcon_core.package_identification:_identify(src/RobuROC_sim/include/RobuROC_sim) by extension 'ignore'
[0.242s] Level 1:colcon.colcon_core.package_identification:_identify(src/RobuROC_sim/include/RobuROC_sim) by extension 'ignore_ament_install'
[0.242s] Level 1:colcon.colcon_core.package_identification:_identify(src/RobuROC_sim/include/RobuROC_sim) by extensions ['colcon_pkg']
[0.242s] Level 1:colcon.colcon_core.package_identification:_identify(src/RobuROC_sim/include/RobuROC_sim) by extension 'colcon_pkg'
[0.242s] Level 1:colcon.colcon_core.package_identification:_identify(src/RobuROC_sim/include/RobuROC_sim) by extensions ['colcon_meta']
[0.242s] Level 1:colcon.colcon_core.package_identification:_identify(src/RobuROC_sim/include/RobuROC_sim) by extension 'colcon_meta'
[0.242s] Level 1:colcon.colcon_core.package_identification:_identify(src/RobuROC_sim/include/RobuROC_sim) by extensions ['ros']
[0.242s] Level 1:colcon.colcon_core.package_identification:_identify(src/RobuROC_sim/include/RobuROC_sim) by extension 'ros'
[0.242s] Level 1:colcon.colcon_core.package_identification:_identify(src/RobuROC_sim/include/RobuROC_sim) by extensions ['cmake', 'python']
[0.242s] Level 1:colcon.colcon_core.package_identification:_identify(src/RobuROC_sim/include/RobuROC_sim) by extension 'cmake'
[0.242s] Level 1:colcon.colcon_core.package_identification:_identify(src/RobuROC_sim/include/RobuROC_sim) by extension 'python'
[0.242s] Level 1:colcon.colcon_core.package_identification:_identify(src/RobuROC_sim/include/RobuROC_sim) by extensions ['python_setup_py']
[0.242s] Level 1:colcon.colcon_core.package_identification:_identify(src/RobuROC_sim/include/RobuROC_sim) by extension 'python_setup_py'
[0.243s] Level 1:colcon.colcon_core.package_identification:_identify(src/RobuROC_sim/src) by extensions ['ignore', 'ignore_ament_install']
[0.243s] Level 1:colcon.colcon_core.package_identification:_identify(src/RobuROC_sim/src) by extension 'ignore'
[0.243s] Level 1:colcon.colcon_core.package_identification:_identify(src/RobuROC_sim/src) by extension 'ignore_ament_install'
[0.243s] Level 1:colcon.colcon_core.package_identification:_identify(src/RobuROC_sim/src) by extensions ['colcon_pkg']
[0.243s] Level 1:colcon.colcon_core.package_identification:_identify(src/RobuROC_sim/src) by extension 'colcon_pkg'
[0.243s] Level 1:colcon.colcon_core.package_identification:_identify(src/RobuROC_sim/src) by extensions ['colcon_meta']
[0.243s] Level 1:colcon.colcon_core.package_identification:_identify(src/RobuROC_sim/src) by extension 'colcon_meta'
[0.243s] Level 1:colcon.colcon_core.package_identification:_identify(src/RobuROC_sim/src) by extensions ['ros']
[0.243s] Level 1:colcon.colcon_core.package_identification:_identify(src/RobuROC_sim/src) by extension 'ros'
[0.246s] DEBUG:colcon.colcon_core.package_identification:Package 'src/RobuROC_sim/src' with type 'ros.ament_cmake' and name 'RobuROC_sim'
[0.246s] Level 1:colcon.colcon_core.package_identification:_identify(src/articubot_one-humble) by extensions ['ignore', 'ignore_ament_install']
[0.246s] Level 1:colcon.colcon_core.package_identification:_identify(src/articubot_one-humble) by extension 'ignore'
[0.246s] Level 1:colcon.colcon_core.package_identification:_identify(src/articubot_one-humble) by extension 'ignore_ament_install'
[0.246s] Level 1:colcon.colcon_core.package_identification:_identify(src/articubot_one-humble) by extensions ['colcon_pkg']
[0.246s] Level 1:colcon.colcon_core.package_identification:_identify(src/articubot_one-humble) by extension 'colcon_pkg'
[0.246s] Level 1:colcon.colcon_core.package_identification:_identify(src/articubot_one-humble) by extensions ['colcon_meta']
[0.246s] Level 1:colcon.colcon_core.package_identification:_identify(src/articubot_one-humble) by extension 'colcon_meta'
[0.246s] Level 1:colcon.colcon_core.package_identification:_identify(src/articubot_one-humble) by extensions ['ros']
[0.246s] Level 1:colcon.colcon_core.package_identification:_identify(src/articubot_one-humble) by extension 'ros'
[0.246s] Level 1:colcon.colcon_core.package_identification:_identify(src/articubot_one-humble) by extensions ['cmake', 'python']
[0.246s] Level 1:colcon.colcon_core.package_identification:_identify(src/articubot_one-humble) by extension 'cmake'
[0.247s] Level 1:colcon.colcon_core.package_identification:_identify(src/articubot_one-humble) by extension 'python'
[0.247s] Level 1:colcon.colcon_core.package_identification:_identify(src/articubot_one-humble) by extensions ['python_setup_py']
[0.247s] Level 1:colcon.colcon_core.package_identification:_identify(src/articubot_one-humble) by extension 'python_setup_py'
[0.247s] Level 1:colcon.colcon_core.package_identification:_identify(src/articubot_one-humble/config) by extensions ['ignore', 'ignore_ament_install']
[0.247s] Level 1:colcon.colcon_core.package_identification:_identify(src/articubot_one-humble/config) by extension 'ignore'
[0.247s] Level 1:colcon.colcon_core.package_identification:_identify(src/articubot_one-humble/config) by extension 'ignore_ament_install'
[0.247s] Level 1:colcon.colcon_core.package_identification:_identify(src/articubot_one-humble/config) by extensions ['colcon_pkg']
[0.247s] Level 1:colcon.colcon_core.package_identification:_identify(src/articubot_one-humble/config) by extension 'colcon_pkg'
[0.247s] Level 1:colcon.colcon_core.package_identification:_identify(src/articubot_one-humble/config) by extensions ['colcon_meta']
[0.247s] Level 1:colcon.colcon_core.package_identification:_identify(src/articubot_one-humble/config) by extension 'colcon_meta'
[0.247s] Level 1:colcon.colcon_core.package_identification:_identify(src/articubot_one-humble/config) by extensions ['ros']
[0.247s] Level 1:colcon.colcon_core.package_identification:_identify(src/articubot_one-humble/config) by extension 'ros'
[0.247s] Level 1:colcon.colcon_core.package_identification:_identify(src/articubot_one-humble/config) by extensions ['cmake', 'python']
[0.247s] Level 1:colcon.colcon_core.package_identification:_identify(src/articubot_one-humble/config) by extension 'cmake'
[0.247s] Level 1:colcon.colcon_core.package_identification:_identify(src/articubot_one-humble/config) by extension 'python'
[0.247s] Level 1:colcon.colcon_core.package_identification:_identify(src/articubot_one-humble/config) by extensions ['python_setup_py']
[0.247s] Level 1:colcon.colcon_core.package_identification:_identify(src/articubot_one-humble/config) by extension 'python_setup_py'
[0.247s] Level 1:colcon.colcon_core.package_identification:_identify(src/articubot_one-humble/description) by extensions ['ignore', 'ignore_ament_install']
[0.248s] Level 1:colcon.colcon_core.package_identification:_identify(src/articubot_one-humble/description) by extension 'ignore'
[0.248s] Level 1:colcon.colcon_core.package_identification:_identify(src/articubot_one-humble/description) by extension 'ignore_ament_install'
[0.248s] Level 1:colcon.colcon_core.package_identification:_identify(src/articubot_one-humble/description) by extensions ['colcon_pkg']
[0.248s] Level 1:colcon.colcon_core.package_identification:_identify(src/articubot_one-humble/description) by extension 'colcon_pkg'
[0.248s] Level 1:colcon.colcon_core.package_identification:_identify(src/articubot_one-humble/description) by extensions ['colcon_meta']
[0.248s] Level 1:colcon.colcon_core.package_identification:_identify(src/articubot_one-humble/description) by extension 'colcon_meta'
[0.248s] Level 1:colcon.colcon_core.package_identification:_identify(src/articubot_one-humble/description) by extensions ['ros']
[0.248s] Level 1:colcon.colcon_core.package_identification:_identify(src/articubot_one-humble/description) by extension 'ros'
[0.248s] Level 1:colcon.colcon_core.package_identification:_identify(src/articubot_one-humble/description) by extensions ['cmake', 'python']
[0.248s] Level 1:colcon.colcon_core.package_identification:_identify(src/articubot_one-humble/description) by extension 'cmake'
[0.248s] Level 1:colcon.colcon_core.package_identification:_identify(src/articubot_one-humble/description) by extension 'python'
[0.248s] Level 1:colcon.colcon_core.package_identification:_identify(src/articubot_one-humble/description) by extensions ['python_setup_py']
[0.248s] Level 1:colcon.colcon_core.package_identification:_identify(src/articubot_one-humble/description) by extension 'python_setup_py'
[0.248s] Level 1:colcon.colcon_core.package_identification:_identify(src/articubot_one-humble/launch) by extensions ['ignore', 'ignore_ament_install']
[0.248s] Level 1:colcon.colcon_core.package_identification:_identify(src/articubot_one-humble/launch) by extension 'ignore'
[0.248s] Level 1:colcon.colcon_core.package_identification:_identify(src/articubot_one-humble/launch) by extension 'ignore_ament_install'
[0.248s] Level 1:colcon.colcon_core.package_identification:_identify(src/articubot_one-humble/launch) by extensions ['colcon_pkg']
[0.248s] Level 1:colcon.colcon_core.package_identification:_identify(src/articubot_one-humble/launch) by extension 'colcon_pkg'
[0.248s] Level 1:colcon.colcon_core.package_identification:_identify(src/articubot_one-humble/launch) by extensions ['colcon_meta']
[0.249s] Level 1:colcon.colcon_core.package_identification:_identify(src/articubot_one-humble/launch) by extension 'colcon_meta'
[0.249s] Level 1:colcon.colcon_core.package_identification:_identify(src/articubot_one-humble/launch) by extensions ['ros']
[0.249s] Level 1:colcon.colcon_core.package_identification:_identify(src/articubot_one-humble/launch) by extension 'ros'
[0.249s] Level 1:colcon.colcon_core.package_identification:_identify(src/articubot_one-humble/launch) by extensions ['cmake', 'python']
[0.249s] Level 1:colcon.colcon_core.package_identification:_identify(src/articubot_one-humble/launch) by extension 'cmake'
[0.249s] Level 1:colcon.colcon_core.package_identification:_identify(src/articubot_one-humble/launch) by extension 'python'
[0.249s] Level 1:colcon.colcon_core.package_identification:_identify(src/articubot_one-humble/launch) by extensions ['python_setup_py']
[0.249s] Level 1:colcon.colcon_core.package_identification:_identify(src/articubot_one-humble/launch) by extension 'python_setup_py'
[0.249s] Level 1:colcon.colcon_core.package_identification:_identify(src/articubot_one-humble/worlds) by extensions ['ignore', 'ignore_ament_install']
[0.249s] Level 1:colcon.colcon_core.package_identification:_identify(src/articubot_one-humble/worlds) by extension 'ignore'
[0.249s] Level 1:colcon.colcon_core.package_identification:_identify(src/articubot_one-humble/worlds) by extension 'ignore_ament_install'
[0.249s] Level 1:colcon.colcon_core.package_identification:_identify(src/articubot_one-humble/worlds) by extensions ['colcon_pkg']
[0.249s] Level 1:colcon.colcon_core.package_identification:_identify(src/articubot_one-humble/worlds) by extension 'colcon_pkg'
[0.249s] Level 1:colcon.colcon_core.package_identification:_identify(src/articubot_one-humble/worlds) by extensions ['colcon_meta']
[0.249s] Level 1:colcon.colcon_core.package_identification:_identify(src/articubot_one-humble/worlds) by extension 'colcon_meta'
[0.249s] Level 1:colcon.colcon_core.package_identification:_identify(src/articubot_one-humble/worlds) by extensions ['ros']
[0.249s] Level 1:colcon.colcon_core.package_identification:_identify(src/articubot_one-humble/worlds) by extension 'ros'
[0.249s] Level 1:colcon.colcon_core.package_identification:_identify(src/articubot_one-humble/worlds) by extensions ['cmake', 'python']
[0.249s] Level 1:colcon.colcon_core.package_identification:_identify(src/articubot_one-humble/worlds) by extension 'cmake'
[0.250s] Level 1:colcon.colcon_core.package_identification:_identify(src/articubot_one-humble/worlds) by extension 'python'
[0.250s] Level 1:colcon.colcon_core.package_identification:_identify(src/articubot_one-humble/worlds) by extensions ['python_setup_py']
[0.250s] Level 1:colcon.colcon_core.package_identification:_identify(src/articubot_one-humble/worlds) by extension 'python_setup_py'
[0.250s] Level 1:colcon.colcon_core.package_identification:_identify(src/thirdparty) by extensions ['ignore', 'ignore_ament_install']
[0.250s] Level 1:colcon.colcon_core.package_identification:_identify(src/thirdparty) by extension 'ignore'
[0.250s] Level 1:colcon.colcon_core.package_identification:_identify(src/thirdparty) by extension 'ignore_ament_install'
[0.250s] Level 1:colcon.colcon_core.package_identification:_identify(src/thirdparty) by extensions ['colcon_pkg']
[0.250s] Level 1:colcon.colcon_core.package_identification:_identify(src/thirdparty) by extension 'colcon_pkg'
[0.250s] Level 1:colcon.colcon_core.package_identification:_identify(src/thirdparty) by extensions ['colcon_meta']
[0.250s] Level 1:colcon.colcon_core.package_identification:_identify(src/thirdparty) by extension 'colcon_meta'
[0.250s] Level 1:colcon.colcon_core.package_identification:_identify(src/thirdparty) by extensions ['ros']
[0.250s] Level 1:colcon.colcon_core.package_identification:_identify(src/thirdparty) by extension 'ros'
[0.250s] Level 1:colcon.colcon_core.package_identification:_identify(src/thirdparty) by extensions ['cmake', 'python']
[0.250s] Level 1:colcon.colcon_core.package_identification:_identify(src/thirdparty) by extension 'cmake'
[0.250s] Level 1:colcon.colcon_core.package_identification:_identify(src/thirdparty) by extension 'python'
[0.250s] Level 1:colcon.colcon_core.package_identification:_identify(src/thirdparty) by extensions ['python_setup_py']
[0.250s] Level 1:colcon.colcon_core.package_identification:_identify(src/thirdparty) by extension 'python_setup_py'
[0.250s] Level 1:colcon.colcon_core.package_identification:_identify(src/thirdparty/velodyne_simulator-dashing-devel) by extensions ['ignore', 'ignore_ament_install']
[0.250s] Level 1:colcon.colcon_core.package_identification:_identify(src/thirdparty/velodyne_simulator-dashing-devel) by extension 'ignore'
[0.251s] Level 1:colcon.colcon_core.package_identification:_identify(src/thirdparty/velodyne_simulator-dashing-devel) by extension 'ignore_ament_install'
[0.251s] Level 1:colcon.colcon_core.package_identification:_identify(src/thirdparty/velodyne_simulator-dashing-devel) by extensions ['colcon_pkg']
[0.251s] Level 1:colcon.colcon_core.package_identification:_identify(src/thirdparty/velodyne_simulator-dashing-devel) by extension 'colcon_pkg'
[0.251s] Level 1:colcon.colcon_core.package_identification:_identify(src/thirdparty/velodyne_simulator-dashing-devel) by extensions ['colcon_meta']
[0.251s] Level 1:colcon.colcon_core.package_identification:_identify(src/thirdparty/velodyne_simulator-dashing-devel) by extension 'colcon_meta'
[0.251s] Level 1:colcon.colcon_core.package_identification:_identify(src/thirdparty/velodyne_simulator-dashing-devel) by extensions ['ros']
[0.251s] Level 1:colcon.colcon_core.package_identification:_identify(src/thirdparty/velodyne_simulator-dashing-devel) by extension 'ros'
[0.251s] Level 1:colcon.colcon_core.package_identification:_identify(src/thirdparty/velodyne_simulator-dashing-devel) by extensions ['cmake', 'python']
[0.251s] Level 1:colcon.colcon_core.package_identification:_identify(src/thirdparty/velodyne_simulator-dashing-devel) by extension 'cmake'
[0.251s] Level 1:colcon.colcon_core.package_identification:_identify(src/thirdparty/velodyne_simulator-dashing-devel) by extension 'python'
[0.251s] Level 1:colcon.colcon_core.package_identification:_identify(src/thirdparty/velodyne_simulator-dashing-devel) by extensions ['python_setup_py']
[0.251s] Level 1:colcon.colcon_core.package_identification:_identify(src/thirdparty/velodyne_simulator-dashing-devel) by extension 'python_setup_py'
[0.251s] Level 1:colcon.colcon_core.package_identification:_identify(src/thirdparty/velodyne_simulator-dashing-devel/velodyne_gazebo_plugins) by extensions ['ignore', 'ignore_ament_install']
[0.251s] Level 1:colcon.colcon_core.package_identification:_identify(src/thirdparty/velodyne_simulator-dashing-devel/velodyne_gazebo_plugins) by extension 'ignore'
[0.251s] Level 1:colcon.colcon_core.package_identification:_identify(src/thirdparty/velodyne_simulator-dashing-devel/velodyne_gazebo_plugins) by extension 'ignore_ament_install'
[0.251s] Level 1:colcon.colcon_core.package_identification:_identify(src/thirdparty/velodyne_simulator-dashing-devel/velodyne_gazebo_plugins) by extensions ['colcon_pkg']
[0.251s] Level 1:colcon.colcon_core.package_identification:_identify(src/thirdparty/velodyne_simulator-dashing-devel/velodyne_gazebo_plugins) by extension 'colcon_pkg'
[0.251s] Level 1:colcon.colcon_core.package_identification:_identify(src/thirdparty/velodyne_simulator-dashing-devel/velodyne_gazebo_plugins) by extensions ['colcon_meta']
[0.251s] Level 1:colcon.colcon_core.package_identification:_identify(src/thirdparty/velodyne_simulator-dashing-devel/velodyne_gazebo_plugins) by extension 'colcon_meta'
[0.252s] Level 1:colcon.colcon_core.package_identification:_identify(src/thirdparty/velodyne_simulator-dashing-devel/velodyne_gazebo_plugins) by extensions ['ros']
[0.252s] Level 1:colcon.colcon_core.package_identification:_identify(src/thirdparty/velodyne_simulator-dashing-devel/velodyne_gazebo_plugins) by extension 'ros'
[0.252s] DEBUG:colcon.colcon_core.package_identification:Package 'src/thirdparty/velodyne_simulator-dashing-devel/velodyne_gazebo_plugins' with type 'ros.ament_cmake' and name 'velodyne_gazebo_plugins'
[0.252s] Level 1:colcon.colcon_core.package_discovery:discover_packages(recursive) using defaults
[0.252s] Level 1:colcon.colcon_core.package_discovery:discover_packages(ignore) discover
[0.252s] Level 1:colcon.colcon_core.package_discovery:discover_packages(ignore) using defaults
[0.252s] Level 1:colcon.colcon_core.package_discovery:discover_packages(path) discover
[0.252s] Level 1:colcon.colcon_core.package_discovery:discover_packages(path) using defaults
[0.288s] Level 1:colcon.colcon_core.package_discovery:discover_packages(prefix_path) check parameters
[0.288s] Level 1:colcon.colcon_core.package_discovery:discover_packages(prefix_path) discover
[0.291s] DEBUG:colcon.colcon_installed_package_information.package_discovery:Found 299 installed packages in /opt/ros/humble
[0.292s] Level 1:colcon.colcon_core.package_discovery:discover_packages(prefix_path) using defaults
[0.323s] Level 5:colcon.colcon_core.verb:set package 'velodyne_gazebo_plugins' build argument 'cmake_args' from command line to 'None'
[0.323s] Level 5:colcon.colcon_core.verb:set package 'velodyne_gazebo_plugins' build argument 'cmake_target' from command line to 'None'
[0.323s] Level 5:colcon.colcon_core.verb:set package 'velodyne_gazebo_plugins' build argument 'cmake_target_skip_unavailable' from command line to 'False'
[0.323s] Level 5:colcon.colcon_core.verb:set package 'velodyne_gazebo_plugins' build argument 'cmake_clean_cache' from command line to 'False'
[0.323s] Level 5:colcon.colcon_core.verb:set package 'velodyne_gazebo_plugins' build argument 'cmake_clean_first' from command line to 'False'
[0.323s] Level 5:colcon.colcon_core.verb:set package 'velodyne_gazebo_plugins' build argument 'cmake_force_configure' from command line to 'False'
[0.323s] Level 5:colcon.colcon_core.verb:set package 'velodyne_gazebo_plugins' build argument 'ament_cmake_args' from command line to 'None'
[0.323s] Level 5:colcon.colcon_core.verb:set package 'velodyne_gazebo_plugins' build argument 'catkin_cmake_args' from command line to 'None'
[0.323s] Level 5:colcon.colcon_core.verb:set package 'velodyne_gazebo_plugins' build argument 'catkin_skip_building_tests' from command line to 'False'
[0.323s] DEBUG:colcon.colcon_core.verb:Building package 'velodyne_gazebo_plugins' with the following arguments: {'ament_cmake_args': None, 'build_base': '/home/julian/model/P9-RobuROC4/build/velodyne_gazebo_plugins', 'catkin_cmake_args': None, 'catkin_skip_building_tests': False, 'cmake_args': None, 'cmake_clean_cache': False, 'cmake_clean_first': False, 'cmake_force_configure': False, 'cmake_target': None, 'cmake_target_skip_unavailable': False, 'install_base': '/home/julian/model/P9-RobuROC4/install/velodyne_gazebo_plugins', 'merge_install': False, 'path': '/home/julian/model/P9-RobuROC4/src/thirdparty/velodyne_simulator-dashing-devel/velodyne_gazebo_plugins', 'symlink_install': False, 'test_result_base': None}
[0.324s] Level 5:colcon.colcon_core.verb:set package 'RobuROC_sim' build argument 'cmake_args' from command line to 'None'
[0.324s] Level 5:colcon.colcon_core.verb:set package 'RobuROC_sim' build argument 'cmake_target' from command line to 'None'
[0.324s] Level 5:colcon.colcon_core.verb:set package 'RobuROC_sim' build argument 'cmake_target_skip_unavailable' from command line to 'False'
[0.324s] Level 5:colcon.colcon_core.verb:set package 'RobuROC_sim' build argument 'cmake_clean_cache' from command line to 'False'
[0.324s] Level 5:colcon.colcon_core.verb:set package 'RobuROC_sim' build argument 'cmake_clean_first' from command line to 'False'
[0.324s] Level 5:colcon.colcon_core.verb:set package 'RobuROC_sim' build argument 'cmake_force_configure' from command line to 'False'
[0.324s] Level 5:colcon.colcon_core.verb:set package 'RobuROC_sim' build argument 'ament_cmake_args' from command line to 'None'
[0.324s] Level 5:colcon.colcon_core.verb:set package 'RobuROC_sim' build argument 'catkin_cmake_args' from command line to 'None'
[0.324s] Level 5:colcon.colcon_core.verb:set package 'RobuROC_sim' build argument 'catkin_skip_building_tests' from command line to 'False'
[0.324s] DEBUG:colcon.colcon_core.verb:Building package 'RobuROC_sim' with the following arguments: {'ament_cmake_args': None, 'build_base': '/home/julian/model/P9-RobuROC4/build/RobuROC_sim', 'catkin_cmake_args': None, 'catkin_skip_building_tests': False, 'cmake_args': None, 'cmake_clean_cache': False, 'cmake_clean_first': False, 'cmake_force_configure': False, 'cmake_target': None, 'cmake_target_skip_unavailable': False, 'install_base': '/home/julian/model/P9-RobuROC4/install/RobuROC_sim', 'merge_install': False, 'path': '/home/julian/model/P9-RobuROC4/src/RobuROC_sim/src', 'symlink_install': False, 'test_result_base': None}
[0.325s] INFO:colcon.colcon_core.executor:Executing jobs using 'parallel' executor
[0.326s] DEBUG:colcon.colcon_parallel_executor.executor.parallel:run_until_complete
[0.326s] INFO:colcon.colcon_ros.task.ament_cmake.build:Building ROS package in '/home/julian/model/P9-RobuROC4/src/thirdparty/velodyne_simulator-dashing-devel/velodyne_gazebo_plugins' with build type 'ament_cmake'
[0.326s] INFO:colcon.colcon_cmake.task.cmake.build:Building CMake package in '/home/julian/model/P9-RobuROC4/src/thirdparty/velodyne_simulator-dashing-devel/velodyne_gazebo_plugins'
[0.329s] INFO:colcon.colcon_core.plugin_system:Skipping extension 'colcon_core.shell.bat': Not used on non-Windows systems
[0.329s] INFO:colcon.colcon_core.shell:Skip shell extension 'powershell' for command environment: Not usable outside of PowerShell
[0.329s] DEBUG:colcon.colcon_core.shell:Skip shell extension 'dsv' for command environment
[0.341s] DEBUG:colcon.colcon_core.event_handler.log_command:Invoking command in '/home/julian/model/P9-RobuROC4/build/velodyne_gazebo_plugins': CMAKE_PREFIX_PATH=/opt/ros/humble /usr/bin/cmake --build /home/julian/model/P9-RobuROC4/build/velodyne_gazebo_plugins -- -j16 -l16
[0.485s] DEBUG:colcon.colcon_core.event_handler.log_command:Invoked command in '/home/julian/model/P9-RobuROC4/build/velodyne_gazebo_plugins' returned '0': CMAKE_PREFIX_PATH=/opt/ros/humble /usr/bin/cmake --build /home/julian/model/P9-RobuROC4/build/velodyne_gazebo_plugins -- -j16 -l16
[0.528s] DEBUG:colcon.colcon_core.event_handler.log_command:Invoking command in '/home/julian/model/P9-RobuROC4/build/velodyne_gazebo_plugins': CMAKE_PREFIX_PATH=/opt/ros/humble /usr/bin/cmake --install /home/julian/model/P9-RobuROC4/build/velodyne_gazebo_plugins
[0.539s] Level 1:colcon.colcon_core.environment:create_environment_scripts_only(velodyne_gazebo_plugins)
[0.540s] DEBUG:colcon.colcon_core.event_handler.log_command:Invoked command in '/home/julian/model/P9-RobuROC4/build/velodyne_gazebo_plugins' returned '0': CMAKE_PREFIX_PATH=/opt/ros/humble /usr/bin/cmake --install /home/julian/model/P9-RobuROC4/build/velodyne_gazebo_plugins
[0.542s] Level 1:colcon.colcon_core.environment:checking '/home/julian/model/P9-RobuROC4/install/velodyne_gazebo_plugins' for CMake module files
[0.543s] Level 1:colcon.colcon_core.environment:checking '/home/julian/model/P9-RobuROC4/install/velodyne_gazebo_plugins' for CMake config files
[0.543s] Level 1:colcon.colcon_core.shell:create_environment_hook('velodyne_gazebo_plugins', 'cmake_prefix_path')
[0.543s] INFO:colcon.colcon_core.shell:Creating environment hook '/home/julian/model/P9-RobuROC4/install/velodyne_gazebo_plugins/share/velodyne_gazebo_plugins/hook/cmake_prefix_path.ps1'
[0.544s] INFO:colcon.colcon_core.shell:Creating environment descriptor '/home/julian/model/P9-RobuROC4/install/velodyne_gazebo_plugins/share/velodyne_gazebo_plugins/hook/cmake_prefix_path.dsv'
[0.544s] INFO:colcon.colcon_core.shell:Creating environment hook '/home/julian/model/P9-RobuROC4/install/velodyne_gazebo_plugins/share/velodyne_gazebo_plugins/hook/cmake_prefix_path.sh'
[0.545s] Level 1:colcon.colcon_core.environment:checking '/home/julian/model/P9-RobuROC4/install/velodyne_gazebo_plugins/lib'
[0.545s] Level 1:colcon.colcon_core.shell:create_environment_hook('velodyne_gazebo_plugins', 'ld_library_path_lib')
[0.545s] INFO:colcon.colcon_core.shell:Creating environment hook '/home/julian/model/P9-RobuROC4/install/velodyne_gazebo_plugins/share/velodyne_gazebo_plugins/hook/ld_library_path_lib.ps1'
[0.546s] INFO:colcon.colcon_core.shell:Creating environment descriptor '/home/julian/model/P9-RobuROC4/install/velodyne_gazebo_plugins/share/velodyne_gazebo_plugins/hook/ld_library_path_lib.dsv'
[0.546s] INFO:colcon.colcon_core.shell:Creating environment hook '/home/julian/model/P9-RobuROC4/install/velodyne_gazebo_plugins/share/velodyne_gazebo_plugins/hook/ld_library_path_lib.sh'
[0.546s] Level 1:colcon.colcon_core.environment:checking '/home/julian/model/P9-RobuROC4/install/velodyne_gazebo_plugins/bin'
[0.546s] Level 1:colcon.colcon_core.environment:checking '/home/julian/model/P9-RobuROC4/install/velodyne_gazebo_plugins/lib/pkgconfig/velodyne_gazebo_plugins.pc'
[0.546s] Level 1:colcon.colcon_core.environment:checking '/home/julian/model/P9-RobuROC4/install/velodyne_gazebo_plugins/lib/python3.10/site-packages'
[0.546s] Level 1:colcon.colcon_core.environment:checking '/home/julian/model/P9-RobuROC4/install/velodyne_gazebo_plugins/bin'
[0.547s] INFO:colcon.colcon_core.shell:Creating package script '/home/julian/model/P9-RobuROC4/install/velodyne_gazebo_plugins/share/velodyne_gazebo_plugins/package.ps1'
[0.547s] INFO:colcon.colcon_core.shell:Creating package descriptor '/home/julian/model/P9-RobuROC4/install/velodyne_gazebo_plugins/share/velodyne_gazebo_plugins/package.dsv'
[0.548s] INFO:colcon.colcon_core.shell:Creating package script '/home/julian/model/P9-RobuROC4/install/velodyne_gazebo_plugins/share/velodyne_gazebo_plugins/package.sh'
[0.549s] INFO:colcon.colcon_core.shell:Creating package script '/home/julian/model/P9-RobuROC4/install/velodyne_gazebo_plugins/share/velodyne_gazebo_plugins/package.bash'
[0.549s] INFO:colcon.colcon_core.shell:Creating package script '/home/julian/model/P9-RobuROC4/install/velodyne_gazebo_plugins/share/velodyne_gazebo_plugins/package.zsh'
[0.550s] Level 1:colcon.colcon_core.environment:create_file_with_runtime_dependencies(/home/julian/model/P9-RobuROC4/install/velodyne_gazebo_plugins/share/colcon-core/packages/velodyne_gazebo_plugins)
[0.595s] Level 1:colcon.colcon_core.environment:create_environment_scripts_only(velodyne_gazebo_plugins)
[0.595s] Level 1:colcon.colcon_core.environment:checking '/home/julian/model/P9-RobuROC4/install/velodyne_gazebo_plugins' for CMake module files
[0.595s] Level 1:colcon.colcon_core.environment:checking '/home/julian/model/P9-RobuROC4/install/velodyne_gazebo_plugins' for CMake config files
[0.596s] Level 1:colcon.colcon_core.shell:create_environment_hook('velodyne_gazebo_plugins', 'cmake_prefix_path')
[0.596s] INFO:colcon.colcon_core.shell:Creating environment hook '/home/julian/model/P9-RobuROC4/install/velodyne_gazebo_plugins/share/velodyne_gazebo_plugins/hook/cmake_prefix_path.ps1'
[0.596s] INFO:colcon.colcon_core.shell:Creating environment descriptor '/home/julian/model/P9-RobuROC4/install/velodyne_gazebo_plugins/share/velodyne_gazebo_plugins/hook/cmake_prefix_path.dsv'
[0.596s] INFO:colcon.colcon_core.shell:Creating environment hook '/home/julian/model/P9-RobuROC4/install/velodyne_gazebo_plugins/share/velodyne_gazebo_plugins/hook/cmake_prefix_path.sh'
[0.597s] Level 1:colcon.colcon_core.environment:checking '/home/julian/model/P9-RobuROC4/install/velodyne_gazebo_plugins/lib'
[0.597s] Level 1:colcon.colcon_core.shell:create_environment_hook('velodyne_gazebo_plugins', 'ld_library_path_lib')
[0.597s] INFO:colcon.colcon_core.shell:Creating environment hook '/home/julian/model/P9-RobuROC4/install/velodyne_gazebo_plugins/share/velodyne_gazebo_plugins/hook/ld_library_path_lib.ps1'
[0.597s] INFO:colcon.colcon_core.shell:Creating environment descriptor '/home/julian/model/P9-RobuROC4/install/velodyne_gazebo_plugins/share/velodyne_gazebo_plugins/hook/ld_library_path_lib.dsv'
[0.598s] INFO:colcon.colcon_core.shell:Creating environment hook '/home/julian/model/P9-RobuROC4/install/velodyne_gazebo_plugins/share/velodyne_gazebo_plugins/hook/ld_library_path_lib.sh'
[0.598s] Level 1:colcon.colcon_core.environment:checking '/home/julian/model/P9-RobuROC4/install/velodyne_gazebo_plugins/bin'
[0.598s] Level 1:colcon.colcon_core.environment:checking '/home/julian/model/P9-RobuROC4/install/velodyne_gazebo_plugins/lib/pkgconfig/velodyne_gazebo_plugins.pc'
[0.598s] Level 1:colcon.colcon_core.environment:checking '/home/julian/model/P9-RobuROC4/install/velodyne_gazebo_plugins/lib/python3.10/site-packages'
[0.598s] Level 1:colcon.colcon_core.environment:checking '/home/julian/model/P9-RobuROC4/install/velodyne_gazebo_plugins/bin'
[0.599s] INFO:colcon.colcon_core.shell:Creating package script '/home/julian/model/P9-RobuROC4/install/velodyne_gazebo_plugins/share/velodyne_gazebo_plugins/package.ps1'
[0.599s] INFO:colcon.colcon_core.shell:Creating package descriptor '/home/julian/model/P9-RobuROC4/install/velodyne_gazebo_plugins/share/velodyne_gazebo_plugins/package.dsv'
[0.599s] INFO:colcon.colcon_core.shell:Creating package script '/home/julian/model/P9-RobuROC4/install/velodyne_gazebo_plugins/share/velodyne_gazebo_plugins/package.sh'
[0.600s] INFO:colcon.colcon_core.shell:Creating package script '/home/julian/model/P9-RobuROC4/install/velodyne_gazebo_plugins/share/velodyne_gazebo_plugins/package.bash'
[0.600s] INFO:colcon.colcon_core.shell:Creating package script '/home/julian/model/P9-RobuROC4/install/velodyne_gazebo_plugins/share/velodyne_gazebo_plugins/package.zsh'
[0.600s] Level 1:colcon.colcon_core.environment:create_file_with_runtime_dependencies(/home/julian/model/P9-RobuROC4/install/velodyne_gazebo_plugins/share/colcon-core/packages/velodyne_gazebo_plugins)
[0.601s] INFO:colcon.colcon_ros.task.ament_cmake.build:Building ROS package in '/home/julian/model/P9-RobuROC4/src/RobuROC_sim/src' with build type 'ament_cmake'
[0.601s] INFO:colcon.colcon_cmake.task.cmake.build:Building CMake package in '/home/julian/model/P9-RobuROC4/src/RobuROC_sim/src'
[0.601s] INFO:colcon.colcon_core.shell:Skip shell extension 'powershell' for command environment: Not usable outside of PowerShell
[0.601s] DEBUG:colcon.colcon_core.shell:Skip shell extension 'dsv' for command environment
[0.615s] DEBUG:colcon.colcon_core.event_handler.log_command:Invoking command in '/home/julian/model/P9-RobuROC4/build/RobuROC_sim': AMENT_PREFIX_PATH=/home/julian/model/P9-RobuROC4/install/velodyne_gazebo_plugins:${AMENT_PREFIX_PATH} CMAKE_PREFIX_PATH=/home/julian/model/P9-RobuROC4/install/velodyne_gazebo_plugins:/opt/ros/humble LD_LIBRARY_PATH=/home/julian/model/P9-RobuROC4/install/velodyne_gazebo_plugins/lib:${LD_LIBRARY_PATH} /usr/bin/cmake --build /home/julian/model/P9-RobuROC4/build/RobuROC_sim -- -j16 -l16
[0.973s] DEBUG:colcon.colcon_core.event_handler.log_command:Invoked command in '/home/julian/model/P9-RobuROC4/build/RobuROC_sim' returned '0': AMENT_PREFIX_PATH=/home/julian/model/P9-RobuROC4/install/velodyne_gazebo_plugins:${AMENT_PREFIX_PATH} CMAKE_PREFIX_PATH=/home/julian/model/P9-RobuROC4/install/velodyne_gazebo_plugins:/opt/ros/humble LD_LIBRARY_PATH=/home/julian/model/P9-RobuROC4/install/velodyne_gazebo_plugins/lib:${LD_LIBRARY_PATH} /usr/bin/cmake --build /home/julian/model/P9-RobuROC4/build/RobuROC_sim -- -j16 -l16
[1.011s] DEBUG:colcon.colcon_core.event_handler.log_command:Invoking command in '/home/julian/model/P9-RobuROC4/build/RobuROC_sim': AMENT_PREFIX_PATH=/home/julian/model/P9-RobuROC4/install/velodyne_gazebo_plugins:${AMENT_PREFIX_PATH} CMAKE_PREFIX_PATH=/home/julian/model/P9-RobuROC4/install/velodyne_gazebo_plugins:/opt/ros/humble LD_LIBRARY_PATH=/home/julian/model/P9-RobuROC4/install/velodyne_gazebo_plugins/lib:${LD_LIBRARY_PATH} /usr/bin/cmake --install /home/julian/model/P9-RobuROC4/build/RobuROC_sim
[1.063s] Level 1:colcon.colcon_core.environment:create_environment_scripts_only(RobuROC_sim)
[1.064s] Level 1:colcon.colcon_core.environment:checking '/home/julian/model/P9-RobuROC4/install/RobuROC_sim' for CMake module files
[1.065s] DEBUG:colcon.colcon_core.event_handler.log_command:Invoked command in '/home/julian/model/P9-RobuROC4/build/RobuROC_sim' returned '0': AMENT_PREFIX_PATH=/home/julian/model/P9-RobuROC4/install/velodyne_gazebo_plugins:${AMENT_PREFIX_PATH} CMAKE_PREFIX_PATH=/home/julian/model/P9-RobuROC4/install/velodyne_gazebo_plugins:/opt/ros/humble LD_LIBRARY_PATH=/home/julian/model/P9-RobuROC4/install/velodyne_gazebo_plugins/lib:${LD_LIBRARY_PATH} /usr/bin/cmake --install /home/julian/model/P9-RobuROC4/build/RobuROC_sim
[1.066s] Level 1:colcon.colcon_core.environment:checking '/home/julian/model/P9-RobuROC4/install/RobuROC_sim' for CMake config files
[1.066s] Level 1:colcon.colcon_core.shell:create_environment_hook('RobuROC_sim', 'cmake_prefix_path')
[1.066s] INFO:colcon.colcon_core.shell:Creating environment hook '/home/julian/model/P9-RobuROC4/install/RobuROC_sim/share/RobuROC_sim/hook/cmake_prefix_path.ps1'
[1.067s] INFO:colcon.colcon_core.shell:Creating environment descriptor '/home/julian/model/P9-RobuROC4/install/RobuROC_sim/share/RobuROC_sim/hook/cmake_prefix_path.dsv'
[1.068s] INFO:colcon.colcon_core.shell:Creating environment hook '/home/julian/model/P9-RobuROC4/install/RobuROC_sim/share/RobuROC_sim/hook/cmake_prefix_path.sh'
[1.068s] Level 1:colcon.colcon_core.environment:checking '/home/julian/model/P9-RobuROC4/install/RobuROC_sim/lib'
[1.069s] Level 1:colcon.colcon_core.environment:checking '/home/julian/model/P9-RobuROC4/install/RobuROC_sim/bin'
[1.069s] Level 1:colcon.colcon_core.environment:checking '/home/julian/model/P9-RobuROC4/install/RobuROC_sim/lib/pkgconfig/RobuROC_sim.pc'
[1.069s] Level 1:colcon.colcon_core.environment:checking '/home/julian/model/P9-RobuROC4/install/RobuROC_sim/lib/python3.10/site-packages'
[1.069s] Level 1:colcon.colcon_core.environment:checking '/home/julian/model/P9-RobuROC4/install/RobuROC_sim/bin'
[1.070s] INFO:colcon.colcon_core.shell:Creating package script '/home/julian/model/P9-RobuROC4/install/RobuROC_sim/share/RobuROC_sim/package.ps1'
[1.071s] INFO:colcon.colcon_core.shell:Creating package descriptor '/home/julian/model/P9-RobuROC4/install/RobuROC_sim/share/RobuROC_sim/package.dsv'
[1.072s] INFO:colcon.colcon_core.shell:Creating package script '/home/julian/model/P9-RobuROC4/install/RobuROC_sim/share/RobuROC_sim/package.sh'
[1.073s] INFO:colcon.colcon_core.shell:Creating package script '/home/julian/model/P9-RobuROC4/install/RobuROC_sim/share/RobuROC_sim/package.bash'
[1.073s] INFO:colcon.colcon_core.shell:Creating package script '/home/julian/model/P9-RobuROC4/install/RobuROC_sim/share/RobuROC_sim/package.zsh'
[1.074s] Level 1:colcon.colcon_core.environment:create_file_with_runtime_dependencies(/home/julian/model/P9-RobuROC4/install/RobuROC_sim/share/colcon-core/packages/RobuROC_sim)
[1.129s] Level 1:colcon.colcon_core.environment:create_environment_scripts_only(RobuROC_sim)
[1.130s] Level 1:colcon.colcon_core.environment:checking '/home/julian/model/P9-RobuROC4/install/RobuROC_sim' for CMake module files
[1.131s] Level 1:colcon.colcon_core.environment:checking '/home/julian/model/P9-RobuROC4/install/RobuROC_sim' for CMake config files
[1.131s] Level 1:colcon.colcon_core.shell:create_environment_hook('RobuROC_sim', 'cmake_prefix_path')
[1.132s] INFO:colcon.colcon_core.shell:Creating environment hook '/home/julian/model/P9-RobuROC4/install/RobuROC_sim/share/RobuROC_sim/hook/cmake_prefix_path.ps1'
[1.132s] INFO:colcon.colcon_core.shell:Creating environment descriptor '/home/julian/model/P9-RobuROC4/install/RobuROC_sim/share/RobuROC_sim/hook/cmake_prefix_path.dsv'
[1.133s] INFO:colcon.colcon_core.shell:Creating environment hook '/home/julian/model/P9-RobuROC4/install/RobuROC_sim/share/RobuROC_sim/hook/cmake_prefix_path.sh'
[1.134s] Level 1:colcon.colcon_core.environment:checking '/home/julian/model/P9-RobuROC4/install/RobuROC_sim/lib'
[1.134s] Level 1:colcon.colcon_core.environment:checking '/home/julian/model/P9-RobuROC4/install/RobuROC_sim/bin'
[1.135s] Level 1:colcon.colcon_core.environment:checking '/home/julian/model/P9-RobuROC4/install/RobuROC_sim/lib/pkgconfig/RobuROC_sim.pc'
[1.135s] Level 1:colcon.colcon_core.environment:checking '/home/julian/model/P9-RobuROC4/install/RobuROC_sim/lib/python3.10/site-packages'
[1.135s] Level 1:colcon.colcon_core.environment:checking '/home/julian/model/P9-RobuROC4/install/RobuROC_sim/bin'
[1.136s] INFO:colcon.colcon_core.shell:Creating package script '/home/julian/model/P9-RobuROC4/install/RobuROC_sim/share/RobuROC_sim/package.ps1'
[1.137s] INFO:colcon.colcon_core.shell:Creating package descriptor '/home/julian/model/P9-RobuROC4/install/RobuROC_sim/share/RobuROC_sim/package.dsv'
[1.138s] INFO:colcon.colcon_core.shell:Creating package script '/home/julian/model/P9-RobuROC4/install/RobuROC_sim/share/RobuROC_sim/package.sh'
[1.139s] INFO:colcon.colcon_core.shell:Creating package script '/home/julian/model/P9-RobuROC4/install/RobuROC_sim/share/RobuROC_sim/package.bash'
[1.140s] INFO:colcon.colcon_core.shell:Creating package script '/home/julian/model/P9-RobuROC4/install/RobuROC_sim/share/RobuROC_sim/package.zsh'
[1.141s] Level 1:colcon.colcon_core.environment:create_file_with_runtime_dependencies(/home/julian/model/P9-RobuROC4/install/RobuROC_sim/share/colcon-core/packages/RobuROC_sim)
[1.141s] DEBUG:colcon.colcon_parallel_executor.executor.parallel:closing loop
[1.142s] DEBUG:colcon.colcon_parallel_executor.executor.parallel:loop closed
[1.142s] DEBUG:colcon.colcon_parallel_executor.executor.parallel:run_until_complete finished with '0'
[1.142s] DEBUG:colcon.colcon_core.event_reactor:joining thread
[1.147s] INFO:colcon.colcon_core.plugin_system:Skipping extension 'colcon_notification.desktop_notification.terminal_notifier': Not used on non-Darwin systems
[1.147s] INFO:colcon.colcon_core.plugin_system:Skipping extension 'colcon_notification.desktop_notification.win32': Not used on non-Windows systems
[1.147s] INFO:colcon.colcon_notification.desktop_notification:Sending desktop notification using 'notify2'
[1.168s] DEBUG:colcon.colcon_core.event_reactor:joined thread
[1.168s] INFO:colcon.colcon_core.shell:Creating prefix script '/home/julian/model/P9-RobuROC4/install/local_setup.ps1'
[1.171s] INFO:colcon.colcon_core.shell:Creating prefix util module '/home/julian/model/P9-RobuROC4/install/_local_setup_util_ps1.py'
[1.174s] INFO:colcon.colcon_core.shell:Creating prefix chain script '/home/julian/model/P9-RobuROC4/install/setup.ps1'
[1.176s] INFO:colcon.colcon_core.shell:Creating prefix script '/home/julian/model/P9-RobuROC4/install/local_setup.sh'
[1.178s] INFO:colcon.colcon_core.shell:Creating prefix util module '/home/julian/model/P9-RobuROC4/install/_local_setup_util_sh.py'
[1.179s] INFO:colcon.colcon_core.shell:Creating prefix chain script '/home/julian/model/P9-RobuROC4/install/setup.sh'
[1.181s] INFO:colcon.colcon_core.shell:Creating prefix script '/home/julian/model/P9-RobuROC4/install/local_setup.bash'
[1.182s] INFO:colcon.colcon_core.shell:Creating prefix chain script '/home/julian/model/P9-RobuROC4/install/setup.bash'
[1.184s] INFO:colcon.colcon_core.shell:Creating prefix script '/home/julian/model/P9-RobuROC4/install/local_setup.zsh'
[1.186s] INFO:colcon.colcon_core.shell:Creating prefix chain script '/home/julian/model/P9-RobuROC4/install/setup.zsh'
