[0.083s] DEBUG:colcon:Command line arguments: ['/usr/bin/colcon', 'build']
[0.083s] DEBUG:colcon:Parsed command line arguments: Namespace(log_base=None, log_level=None, verb_name='build', build_base='build', install_base='install', merge_install=False, symlink_install=False, test_result_base=None, continue_on_error=False, executor='parallel', parallel_workers=16, event_handlers=None, ignore_user_meta=False, metas=['./colcon.meta'], base_paths=['.'], packages_ignore=None, packages_ignore_regex=None, paths=None, packages_up_to=None, packages_up_to_regex=None, packages_above=None, packages_above_and_dependencies=None, packages_above_depth=None, packages_select_by_dep=None, packages_skip_by_dep=None, packages_skip_up_to=None, packages_select_build_failed=False, packages_skip_build_finished=False, packages_select_test_failures=False, packages_skip_test_passed=False, packages_select=None, packages_skip=None, packages_select_regex=None, packages_skip_regex=None, packages_start=None, packages_end=None, allow_overriding=[], cmake_args=None, cmake_target=None, cmake_target_skip_unavailable=False, cmake_clean_cache=False, cmake_clean_first=False, cmake_force_configure=False, ament_cmake_args=None, catkin_cmake_args=None, catkin_skip_building_tests=False, mixin_files=None, mixin=None, verb_parser=<colcon_mixin.mixin.mixin_argument.MixinArgumentDecorator object at 0x719b80612110>, verb_extension=<colcon_core.verb.build.BuildVerb object at 0x719b807426e0>, main=<bound method BuildVerb.main of <colcon_core.verb.build.BuildVerb object at 0x719b807426e0>>, mixin_verb=('build',))
[0.211s] Level 1:colcon.colcon_core.package_discovery:discover_packages(colcon_meta) check parameters
[0.211s] Level 1:colcon.colcon_core.package_discovery:discover_packages(recursive) check parameters
[0.211s] Level 1:colcon.colcon_core.package_discovery:discover_packages(ignore) check parameters
[0.211s] Level 1:colcon.colcon_core.package_discovery:discover_packages(path) check parameters
[0.211s] Level 1:colcon.colcon_core.package_discovery:discover_packages(colcon_meta) discover
[0.211s] Level 1:colcon.colcon_core.package_discovery:discover_packages(recursive) discover
[0.211s] INFO:colcon.colcon_core.package_discovery:Crawling recursively for packages in '/home/julian/model/P9-RobuROC4'
[0.211s] Level 1:colcon.colcon_core.package_identification:_identify(.) by extensions ['ignore', 'ignore_ament_install']
[0.211s] Level 1:colcon.colcon_core.package_identification:_identify(.) by extension 'ignore'
[0.211s] Level 1:colcon.colcon_core.package_identification:_identify(.) by extension 'ignore_ament_install'
[0.212s] Level 1:colcon.colcon_core.package_identification:_identify(.) by extensions ['colcon_pkg']
[0.212s] Level 1:colcon.colcon_core.package_identification:_identify(.) by extension 'colcon_pkg'
[0.212s] Level 1:colcon.colcon_core.package_identification:_identify(.) by extensions ['colcon_meta']
[0.212s] Level 1:colcon.colcon_core.package_identification:_identify(.) by extension 'colcon_meta'
[0.212s] Level 1:colcon.colcon_core.package_identification:_identify(.) by extensions ['ros']
[0.212s] Level 1:colcon.colcon_core.package_identification:_identify(.) by extension 'ros'
[0.224s] Level 1:colcon.colcon_core.package_identification:_identify(.) by extensions ['cmake', 'python']
[0.224s] Level 1:colcon.colcon_core.package_identification:_identify(.) by extension 'cmake'
[0.224s] Level 1:colcon.colcon_core.package_identification:_identify(.) by extension 'python'
[0.224s] Level 1:colcon.colcon_core.package_identification:_identify(.) by extensions ['python_setup_py']
[0.224s] Level 1:colcon.colcon_core.package_identification:_identify(.) by extension 'python_setup_py'
[0.224s] Level 1:colcon.colcon_core.package_identification:_identify(build) by extensions ['ignore', 'ignore_ament_install']
[0.224s] Level 1:colcon.colcon_core.package_identification:_identify(build) by extension 'ignore'
[0.224s] Level 1:colcon.colcon_core.package_identification:_identify(build) ignored
[0.225s] Level 1:colcon.colcon_core.package_identification:_identify(install) by extensions ['ignore', 'ignore_ament_install']
[0.225s] Level 1:colcon.colcon_core.package_identification:_identify(install) by extension 'ignore'
[0.225s] Level 1:colcon.colcon_core.package_identification:_identify(install) ignored
[0.225s] Level 1:colcon.colcon_core.package_identification:_identify(log) by extensions ['ignore', 'ignore_ament_install']
[0.225s] Level 1:colcon.colcon_core.package_identification:_identify(log) by extension 'ignore'
[0.225s] Level 1:colcon.colcon_core.package_identification:_identify(log) ignored
[0.225s] Level 1:colcon.colcon_core.package_identification:_identify(src) by extensions ['ignore', 'ignore_ament_install']
[0.225s] Level 1:colcon.colcon_core.package_identification:_identify(src) by extension 'ignore'
[0.225s] Level 1:colcon.colcon_core.package_identification:_identify(src) by extension 'ignore_ament_install'
[0.225s] Level 1:colcon.colcon_core.package_identification:_identify(src) by extensions ['colcon_pkg']
[0.225s] Level 1:colcon.colcon_core.package_identification:_identify(src) by extension 'colcon_pkg'
[0.225s] Level 1:colcon.colcon_core.package_identification:_identify(src) by extensions ['colcon_meta']
[0.225s] Level 1:colcon.colcon_core.package_identification:_identify(src) by extension 'colcon_meta'
[0.225s] Level 1:colcon.colcon_core.package_identification:_identify(src) by extensions ['ros']
[0.225s] Level 1:colcon.colcon_core.package_identification:_identify(src) by extension 'ros'
[0.225s] Level 1:colcon.colcon_core.package_identification:_identify(src) by extensions ['cmake', 'python']
[0.225s] Level 1:colcon.colcon_core.package_identification:_identify(src) by extension 'cmake'
[0.225s] Level 1:colcon.colcon_core.package_identification:_identify(src) by extension 'python'
[0.225s] Level 1:colcon.colcon_core.package_identification:_identify(src) by extensions ['python_setup_py']
[0.225s] Level 1:colcon.colcon_core.package_identification:_identify(src) by extension 'python_setup_py'
[0.225s] Level 1:colcon.colcon_core.package_identification:_identify(src/RobuROC_sim) by extensions ['ignore', 'ignore_ament_install']
[0.225s] Level 1:colcon.colcon_core.package_identification:_identify(src/RobuROC_sim) by extension 'ignore'
[0.225s] Level 1:colcon.colcon_core.package_identification:_identify(src/RobuROC_sim) by extension 'ignore_ament_install'
[0.225s] Level 1:colcon.colcon_core.package_identification:_identify(src/RobuROC_sim) by extensions ['colcon_pkg']
[0.226s] Level 1:colcon.colcon_core.package_identification:_identify(src/RobuROC_sim) by extension 'colcon_pkg'
[0.226s] Level 1:colcon.colcon_core.package_identification:_identify(src/RobuROC_sim) by extensions ['colcon_meta']
[0.226s] Level 1:colcon.colcon_core.package_identification:_identify(src/RobuROC_sim) by extension 'colcon_meta'
[0.226s] Level 1:colcon.colcon_core.package_identification:_identify(src/RobuROC_sim) by extensions ['ros']
[0.226s] Level 1:colcon.colcon_core.package_identification:_identify(src/RobuROC_sim) by extension 'ros'
[0.226s] Level 1:colcon.colcon_core.package_identification:_identify(src/RobuROC_sim) by extensions ['cmake', 'python']
[0.226s] Level 1:colcon.colcon_core.package_identification:_identify(src/RobuROC_sim) by extension 'cmake'
[0.226s] Level 1:colcon.colcon_core.package_identification:_identify(src/RobuROC_sim) by extension 'python'
[0.226s] Level 1:colcon.colcon_core.package_identification:_identify(src/RobuROC_sim) by extensions ['python_setup_py']
[0.226s] Level 1:colcon.colcon_core.package_identification:_identify(src/RobuROC_sim) by extension 'python_setup_py'
[0.226s] Level 1:colcon.colcon_core.package_identification:_identify(src/RobuROC_sim/include) by extensions ['ignore', 'ignore_ament_install']
[0.226s] Level 1:colcon.colcon_core.package_identification:_identify(src/RobuROC_sim/include) by extension 'ignore'
[0.226s] Level 1:colcon.colcon_core.package_identification:_identify(src/RobuROC_sim/include) by extension 'ignore_ament_install'
[0.226s] Level 1:colcon.colcon_core.package_identification:_identify(src/RobuROC_sim/include) by extensions ['colcon_pkg']
[0.226s] Level 1:colcon.colcon_core.package_identification:_identify(src/RobuROC_sim/include) by extension 'colcon_pkg'
[0.226s] Level 1:colcon.colcon_core.package_identification:_identify(src/RobuROC_sim/include) by extensions ['colcon_meta']
[0.226s] Level 1:colcon.colcon_core.package_identification:_identify(src/RobuROC_sim/include) by extension 'colcon_meta'
[0.226s] Level 1:colcon.colcon_core.package_identification:_identify(src/RobuROC_sim/include) by extensions ['ros']
[0.226s] Level 1:colcon.colcon_core.package_identification:_identify(src/RobuROC_sim/include) by extension 'ros'
[0.226s] Level 1:colcon.colcon_core.package_identification:_identify(src/RobuROC_sim/include) by extensions ['cmake', 'python']
[0.226s] Level 1:colcon.colcon_core.package_identification:_identify(src/RobuROC_sim/include) by extension 'cmake'
[0.226s] Level 1:colcon.colcon_core.package_identification:_identify(src/RobuROC_sim/include) by extension 'python'
[0.226s] Level 1:colcon.colcon_core.package_identification:_identify(src/RobuROC_sim/include) by extensions ['python_setup_py']
[0.226s] Level 1:colcon.colcon_core.package_identification:_identify(src/RobuROC_sim/include) by extension 'python_setup_py'
[0.226s] Level 1:colcon.colcon_core.package_identification:_identify(src/RobuROC_sim/include/RobuROC_sim) by extensions ['ignore', 'ignore_ament_install']
[0.226s] Level 1:colcon.colcon_core.package_identification:_identify(src/RobuROC_sim/include/RobuROC_sim) by extension 'ignore'
[0.227s] Level 1:colcon.colcon_core.package_identification:_identify(src/RobuROC_sim/include/RobuROC_sim) by extension 'ignore_ament_install'
[0.227s] Level 1:colcon.colcon_core.package_identification:_identify(src/RobuROC_sim/include/RobuROC_sim) by extensions ['colcon_pkg']
[0.227s] Level 1:colcon.colcon_core.package_identification:_identify(src/RobuROC_sim/include/RobuROC_sim) by extension 'colcon_pkg'
[0.227s] Level 1:colcon.colcon_core.package_identification:_identify(src/RobuROC_sim/include/RobuROC_sim) by extensions ['colcon_meta']
[0.227s] Level 1:colcon.colcon_core.package_identification:_identify(src/RobuROC_sim/include/RobuROC_sim) by extension 'colcon_meta'
[0.227s] Level 1:colcon.colcon_core.package_identification:_identify(src/RobuROC_sim/include/RobuROC_sim) by extensions ['ros']
[0.227s] Level 1:colcon.colcon_core.package_identification:_identify(src/RobuROC_sim/include/RobuROC_sim) by extension 'ros'
[0.227s] Level 1:colcon.colcon_core.package_identification:_identify(src/RobuROC_sim/include/RobuROC_sim) by extensions ['cmake', 'python']
[0.227s] Level 1:colcon.colcon_core.package_identification:_identify(src/RobuROC_sim/include/RobuROC_sim) by extension 'cmake'
[0.227s] Level 1:colcon.colcon_core.package_identification:_identify(src/RobuROC_sim/include/RobuROC_sim) by extension 'python'
[0.227s] Level 1:colcon.colcon_core.package_identification:_identify(src/RobuROC_sim/include/RobuROC_sim) by extensions ['python_setup_py']
[0.227s] Level 1:colcon.colcon_core.package_identification:_identify(src/RobuROC_sim/include/RobuROC_sim) by extension 'python_setup_py'
[0.227s] Level 1:colcon.colcon_core.package_identification:_identify(src/RobuROC_sim/src) by extensions ['ignore', 'ignore_ament_install']
[0.227s] Level 1:colcon.colcon_core.package_identification:_identify(src/RobuROC_sim/src) by extension 'ignore'
[0.227s] Level 1:colcon.colcon_core.package_identification:_identify(src/RobuROC_sim/src) by extension 'ignore_ament_install'
[0.227s] Level 1:colcon.colcon_core.package_identification:_identify(src/RobuROC_sim/src) by extensions ['colcon_pkg']
[0.227s] Level 1:colcon.colcon_core.package_identification:_identify(src/RobuROC_sim/src) by extension 'colcon_pkg'
[0.227s] Level 1:colcon.colcon_core.package_identification:_identify(src/RobuROC_sim/src) by extensions ['colcon_meta']
[0.227s] Level 1:colcon.colcon_core.package_identification:_identify(src/RobuROC_sim/src) by extension 'colcon_meta'
[0.227s] Level 1:colcon.colcon_core.package_identification:_identify(src/RobuROC_sim/src) by extensions ['ros']
[0.227s] Level 1:colcon.colcon_core.package_identification:_identify(src/RobuROC_sim/src) by extension 'ros'
[0.230s] DEBUG:colcon.colcon_core.package_identification:Package 'src/RobuROC_sim/src' with type 'ros.ament_cmake' and name 'RobuROC_sim'
[0.230s] Level 1:colcon.colcon_core.package_discovery:discover_packages(recursive) using defaults
[0.230s] Level 1:colcon.colcon_core.package_discovery:discover_packages(ignore) discover
[0.230s] Level 1:colcon.colcon_core.package_discovery:discover_packages(ignore) using defaults
[0.230s] Level 1:colcon.colcon_core.package_discovery:discover_packages(path) discover
[0.230s] Level 1:colcon.colcon_core.package_discovery:discover_packages(path) using defaults
[0.256s] Level 1:colcon.colcon_core.package_discovery:discover_packages(prefix_path) check parameters
[0.257s] Level 1:colcon.colcon_core.package_discovery:discover_packages(prefix_path) discover
[0.259s] DEBUG:colcon.colcon_installed_package_information.package_discovery:Found 294 installed packages in /opt/ros/humble
[0.260s] Level 1:colcon.colcon_core.package_discovery:discover_packages(prefix_path) using defaults
[0.290s] Level 5:colcon.colcon_core.verb:set package 'RobuROC_sim' build argument 'cmake_args' from command line to 'None'
[0.290s] Level 5:colcon.colcon_core.verb:set package 'RobuROC_sim' build argument 'cmake_target' from command line to 'None'
[0.290s] Level 5:colcon.colcon_core.verb:set package 'RobuROC_sim' build argument 'cmake_target_skip_unavailable' from command line to 'False'
[0.290s] Level 5:colcon.colcon_core.verb:set package 'RobuROC_sim' build argument 'cmake_clean_cache' from command line to 'False'
[0.290s] Level 5:colcon.colcon_core.verb:set package 'RobuROC_sim' build argument 'cmake_clean_first' from command line to 'False'
[0.290s] Level 5:colcon.colcon_core.verb:set package 'RobuROC_sim' build argument 'cmake_force_configure' from command line to 'False'
[0.290s] Level 5:colcon.colcon_core.verb:set package 'RobuROC_sim' build argument 'ament_cmake_args' from command line to 'None'
[0.290s] Level 5:colcon.colcon_core.verb:set package 'RobuROC_sim' build argument 'catkin_cmake_args' from command line to 'None'
[0.290s] Level 5:colcon.colcon_core.verb:set package 'RobuROC_sim' build argument 'catkin_skip_building_tests' from command line to 'False'
[0.290s] DEBUG:colcon.colcon_core.verb:Building package 'RobuROC_sim' with the following arguments: {'ament_cmake_args': None, 'build_base': '/home/julian/model/P9-RobuROC4/build/RobuROC_sim', 'catkin_cmake_args': None, 'catkin_skip_building_tests': False, 'cmake_args': None, 'cmake_clean_cache': False, 'cmake_clean_first': False, 'cmake_force_configure': False, 'cmake_target': None, 'cmake_target_skip_unavailable': False, 'install_base': '/home/julian/model/P9-RobuROC4/install/RobuROC_sim', 'merge_install': False, 'path': '/home/julian/model/P9-RobuROC4/src/RobuROC_sim/src', 'symlink_install': False, 'test_result_base': None}
[0.291s] INFO:colcon.colcon_core.executor:Executing jobs using 'parallel' executor
[0.292s] DEBUG:colcon.colcon_parallel_executor.executor.parallel:run_until_complete
[0.292s] INFO:colcon.colcon_ros.task.ament_cmake.build:Building ROS package in '/home/julian/model/P9-RobuROC4/src/RobuROC_sim/src' with build type 'ament_cmake'
[0.292s] INFO:colcon.colcon_cmake.task.cmake.build:Building CMake package in '/home/julian/model/P9-RobuROC4/src/RobuROC_sim/src'
[0.294s] INFO:colcon.colcon_core.plugin_system:Skipping extension 'colcon_core.shell.bat': Not used on non-Windows systems
[0.294s] INFO:colcon.colcon_core.shell:Skip shell extension 'powershell' for command environment: Not usable outside of PowerShell
[0.294s] DEBUG:colcon.colcon_core.shell:Skip shell extension 'dsv' for command environment
[0.303s] DEBUG:colcon.colcon_core.event_handler.log_command:Invoking command in '/home/julian/model/P9-RobuROC4/build/RobuROC_sim': CMAKE_PREFIX_PATH=/opt/ros/humble /usr/bin/cmake /home/julian/model/P9-RobuROC4/src/RobuROC_sim/src -DCMAKE_INSTALL_PREFIX=/home/julian/model/P9-RobuROC4/install/RobuROC_sim
[0.988s] DEBUG:colcon.colcon_core.event_handler.log_command:Invoked command in '/home/julian/model/P9-RobuROC4/build/RobuROC_sim' returned '0': CMAKE_PREFIX_PATH=/opt/ros/humble /usr/bin/cmake /home/julian/model/P9-RobuROC4/src/RobuROC_sim/src -DCMAKE_INSTALL_PREFIX=/home/julian/model/P9-RobuROC4/install/RobuROC_sim
[0.992s] DEBUG:colcon.colcon_core.event_handler.log_command:Invoking command in '/home/julian/model/P9-RobuROC4/build/RobuROC_sim': CMAKE_PREFIX_PATH=/opt/ros/humble /usr/bin/cmake --build /home/julian/model/P9-RobuROC4/build/RobuROC_sim -- -j16 -l16
[1.051s] DEBUG:colcon.colcon_core.event_handler.log_command:Invoked command in '/home/julian/model/P9-RobuROC4/build/RobuROC_sim' returned '0': CMAKE_PREFIX_PATH=/opt/ros/humble /usr/bin/cmake --build /home/julian/model/P9-RobuROC4/build/RobuROC_sim -- -j16 -l16
[1.092s] DEBUG:colcon.colcon_core.event_handler.log_command:Invoking command in '/home/julian/model/P9-RobuROC4/build/RobuROC_sim': CMAKE_PREFIX_PATH=/opt/ros/humble /usr/bin/cmake --install /home/julian/model/P9-RobuROC4/build/RobuROC_sim
[1.105s] Level 1:colcon.colcon_core.environment:create_environment_scripts_only(RobuROC_sim)
[1.106s] DEBUG:colcon.colcon_core.event_handler.log_command:Invoked command in '/home/julian/model/P9-RobuROC4/build/RobuROC_sim' returned '0': CMAKE_PREFIX_PATH=/opt/ros/humble /usr/bin/cmake --install /home/julian/model/P9-RobuROC4/build/RobuROC_sim
[1.110s] Level 1:colcon.colcon_core.environment:checking '/home/julian/model/P9-RobuROC4/install/RobuROC_sim' for CMake module files
[1.111s] Level 1:colcon.colcon_core.environment:checking '/home/julian/model/P9-RobuROC4/install/RobuROC_sim' for CMake config files
[1.111s] Level 1:colcon.colcon_core.shell:create_environment_hook('RobuROC_sim', 'cmake_prefix_path')
[1.112s] INFO:colcon.colcon_core.shell:Creating environment hook '/home/julian/model/P9-RobuROC4/install/RobuROC_sim/share/RobuROC_sim/hook/cmake_prefix_path.ps1'
[1.113s] INFO:colcon.colcon_core.shell:Creating environment descriptor '/home/julian/model/P9-RobuROC4/install/RobuROC_sim/share/RobuROC_sim/hook/cmake_prefix_path.dsv'
[1.113s] INFO:colcon.colcon_core.shell:Creating environment hook '/home/julian/model/P9-RobuROC4/install/RobuROC_sim/share/RobuROC_sim/hook/cmake_prefix_path.sh'
[1.114s] Level 1:colcon.colcon_core.environment:checking '/home/julian/model/P9-RobuROC4/install/RobuROC_sim/bin'
[1.115s] Level 1:colcon.colcon_core.environment:checking '/home/julian/model/P9-RobuROC4/install/RobuROC_sim/lib/pkgconfig/RobuROC_sim.pc'
[1.115s] Level 1:colcon.colcon_core.environment:checking '/home/julian/model/P9-RobuROC4/install/RobuROC_sim/lib/python3.10/site-packages'
[1.115s] Level 1:colcon.colcon_core.environment:checking '/home/julian/model/P9-RobuROC4/install/RobuROC_sim/bin'
[1.116s] INFO:colcon.colcon_core.shell:Creating package script '/home/julian/model/P9-RobuROC4/install/RobuROC_sim/share/RobuROC_sim/package.ps1'
[1.117s] INFO:colcon.colcon_core.shell:Creating package descriptor '/home/julian/model/P9-RobuROC4/install/RobuROC_sim/share/RobuROC_sim/package.dsv'
[1.119s] INFO:colcon.colcon_core.shell:Creating package script '/home/julian/model/P9-RobuROC4/install/RobuROC_sim/share/RobuROC_sim/package.sh'
[1.120s] INFO:colcon.colcon_core.shell:Creating package script '/home/julian/model/P9-RobuROC4/install/RobuROC_sim/share/RobuROC_sim/package.bash'
[1.122s] INFO:colcon.colcon_core.shell:Creating package script '/home/julian/model/P9-RobuROC4/install/RobuROC_sim/share/RobuROC_sim/package.zsh'
[1.123s] Level 1:colcon.colcon_core.environment:create_file_with_runtime_dependencies(/home/julian/model/P9-RobuROC4/install/RobuROC_sim/share/colcon-core/packages/RobuROC_sim)
[1.163s] Level 1:colcon.colcon_core.environment:create_environment_scripts_only(RobuROC_sim)
[1.164s] Level 1:colcon.colcon_core.environment:checking '/home/julian/model/P9-RobuROC4/install/RobuROC_sim' for CMake module files
[1.164s] Level 1:colcon.colcon_core.environment:checking '/home/julian/model/P9-RobuROC4/install/RobuROC_sim' for CMake config files
[1.165s] Level 1:colcon.colcon_core.shell:create_environment_hook('RobuROC_sim', 'cmake_prefix_path')
[1.165s] INFO:colcon.colcon_core.shell:Creating environment hook '/home/julian/model/P9-RobuROC4/install/RobuROC_sim/share/RobuROC_sim/hook/cmake_prefix_path.ps1'
[1.166s] INFO:colcon.colcon_core.shell:Creating environment descriptor '/home/julian/model/P9-RobuROC4/install/RobuROC_sim/share/RobuROC_sim/hook/cmake_prefix_path.dsv'
[1.167s] INFO:colcon.colcon_core.shell:Creating environment hook '/home/julian/model/P9-RobuROC4/install/RobuROC_sim/share/RobuROC_sim/hook/cmake_prefix_path.sh'
[1.168s] Level 1:colcon.colcon_core.environment:checking '/home/julian/model/P9-RobuROC4/install/RobuROC_sim/bin'
[1.168s] Level 1:colcon.colcon_core.environment:checking '/home/julian/model/P9-RobuROC4/install/RobuROC_sim/lib/pkgconfig/RobuROC_sim.pc'
[1.168s] Level 1:colcon.colcon_core.environment:checking '/home/julian/model/P9-RobuROC4/install/RobuROC_sim/lib/python3.10/site-packages'
[1.169s] Level 1:colcon.colcon_core.environment:checking '/home/julian/model/P9-RobuROC4/install/RobuROC_sim/bin'
[1.169s] INFO:colcon.colcon_core.shell:Creating package script '/home/julian/model/P9-RobuROC4/install/RobuROC_sim/share/RobuROC_sim/package.ps1'
[1.171s] INFO:colcon.colcon_core.shell:Creating package descriptor '/home/julian/model/P9-RobuROC4/install/RobuROC_sim/share/RobuROC_sim/package.dsv'
[1.171s] INFO:colcon.colcon_core.shell:Creating package script '/home/julian/model/P9-RobuROC4/install/RobuROC_sim/share/RobuROC_sim/package.sh'
[1.172s] INFO:colcon.colcon_core.shell:Creating package script '/home/julian/model/P9-RobuROC4/install/RobuROC_sim/share/RobuROC_sim/package.bash'
[1.173s] INFO:colcon.colcon_core.shell:Creating package script '/home/julian/model/P9-RobuROC4/install/RobuROC_sim/share/RobuROC_sim/package.zsh'
[1.174s] Level 1:colcon.colcon_core.environment:create_file_with_runtime_dependencies(/home/julian/model/P9-RobuROC4/install/RobuROC_sim/share/colcon-core/packages/RobuROC_sim)
[1.174s] DEBUG:colcon.colcon_parallel_executor.executor.parallel:closing loop
[1.175s] DEBUG:colcon.colcon_parallel_executor.executor.parallel:loop closed
[1.175s] DEBUG:colcon.colcon_parallel_executor.executor.parallel:run_until_complete finished with '0'
[1.175s] DEBUG:colcon.colcon_core.event_reactor:joining thread
[1.180s] INFO:colcon.colcon_core.plugin_system:Skipping extension 'colcon_notification.desktop_notification.terminal_notifier': Not used on non-Darwin systems
[1.180s] INFO:colcon.colcon_core.plugin_system:Skipping extension 'colcon_notification.desktop_notification.win32': Not used on non-Windows systems
[1.180s] INFO:colcon.colcon_notification.desktop_notification:Sending desktop notification using 'notify2'
[1.195s] DEBUG:colcon.colcon_core.event_reactor:joined thread
[1.195s] INFO:colcon.colcon_core.shell:Creating prefix script '/home/julian/model/P9-RobuROC4/install/local_setup.ps1'
[1.197s] INFO:colcon.colcon_core.shell:Creating prefix util module '/home/julian/model/P9-RobuROC4/install/_local_setup_util_ps1.py'
[1.199s] INFO:colcon.colcon_core.shell:Creating prefix chain script '/home/julian/model/P9-RobuROC4/install/setup.ps1'
[1.201s] INFO:colcon.colcon_core.shell:Creating prefix script '/home/julian/model/P9-RobuROC4/install/local_setup.sh'
[1.202s] INFO:colcon.colcon_core.shell:Creating prefix util module '/home/julian/model/P9-RobuROC4/install/_local_setup_util_sh.py'
[1.203s] INFO:colcon.colcon_core.shell:Creating prefix chain script '/home/julian/model/P9-RobuROC4/install/setup.sh'
[1.205s] INFO:colcon.colcon_core.shell:Creating prefix script '/home/julian/model/P9-RobuROC4/install/local_setup.bash'
[1.205s] INFO:colcon.colcon_core.shell:Creating prefix chain script '/home/julian/model/P9-RobuROC4/install/setup.bash'
[1.207s] INFO:colcon.colcon_core.shell:Creating prefix script '/home/julian/model/P9-RobuROC4/install/local_setup.zsh'
[1.207s] INFO:colcon.colcon_core.shell:Creating prefix chain script '/home/julian/model/P9-RobuROC4/install/setup.zsh'
