Built target ament_cmake_python_copy_utils
running egg_info
writing utils.egg-info/PKG-INFO
writing dependency_links to utils.egg-info/dependency_links.txt
writing top-level names to utils.egg-info/top_level.txt
reading manifest file 'utils.egg-info/SOURCES.txt'
writing manifest file 'utils.egg-info/SOURCES.txt'
Built target ament_cmake_python_build_utils_egg
-- Install configuration: ""
-- Installing: /home/roburoc/PycharmProjects/P9-RobuROC4/install/roburoc_canopen/lib/roburoc_canopen/robuROC_CANOpen.py
-- Up-to-date: /home/roburoc/PycharmProjects/P9-RobuROC4/install/roburoc_canopen/lib/roburoc_canopen
-- Up-to-date: /home/roburoc/PycharmProjects/P9-RobuROC4/install/roburoc_canopen/lib/roburoc_canopen/gamepad_buttons.py
-- Up-to-date: /home/roburoc/PycharmProjects/P9-RobuROC4/install/roburoc_canopen/lib/roburoc_canopen/COBID.py
-- Up-to-date: /home/roburoc/PycharmProjects/P9-RobuROC4/install/roburoc_canopen/lib/roburoc_canopen/CTW.py
-- Up-to-date: /home/roburoc/PycharmProjects/P9-RobuROC4/install/roburoc_canopen/lib/roburoc_canopen/__pycache__
-- Up-to-date: /home/roburoc/PycharmProjects/P9-RobuROC4/install/roburoc_canopen/lib/roburoc_canopen/__pycache__/gamepad_buttons.cpython-310.pyc
-- Up-to-date: /home/roburoc/PycharmProjects/P9-RobuROC4/install/roburoc_canopen/lib/roburoc_canopen/__pycache__/__init__.cpython-310.pyc
-- Up-to-date: /home/roburoc/PycharmProjects/P9-RobuROC4/install/roburoc_canopen/lib/roburoc_canopen/__init__.py
-- Up-to-date: /home/roburoc/PycharmProjects/P9-RobuROC4/install/roburoc_canopen/lib/roburoc_canopen/AMC_Digiflex_1.0.14.eds
-- Up-to-date: /home/roburoc/PycharmProjects/P9-RobuROC4/install/roburoc_canopen/share/roburoc_canopen
-- Installing: /home/roburoc/PycharmProjects/P9-RobuROC4/install/roburoc_canopen/share/roburoc_canopen/ROC_canopen_launch.py
-- Up-to-date: /home/roburoc/PycharmProjects/P9-RobuROC4/install/roburoc_canopen/share/roburoc_canopen/__init__.py
-- Up-to-date: /home/roburoc/PycharmProjects/P9-RobuROC4/install/roburoc_canopen/share/roburoc_canopen/launch
-- Up-to-date: /home/roburoc/PycharmProjects/P9-RobuROC4/install/roburoc_canopen/share/roburoc_canopen/environment/pythonpath.sh
-- Up-to-date: /home/roburoc/PycharmProjects/P9-RobuROC4/install/roburoc_canopen/share/roburoc_canopen/environment/pythonpath.dsv
-- Up-to-date: /home/roburoc/PycharmProjects/P9-RobuROC4/install/roburoc_canopen/local/lib/python3.10/dist-packages/utils-0.0.0-py3.10.egg-info
-- Installing: /home/roburoc/PycharmProjects/P9-RobuROC4/install/roburoc_canopen/local/lib/python3.10/dist-packages/utils-0.0.0-py3.10.egg-info/SOURCES.txt
-- Installing: /home/roburoc/PycharmProjects/P9-RobuROC4/install/roburoc_canopen/local/lib/python3.10/dist-packages/utils-0.0.0-py3.10.egg-info/dependency_links.txt
-- Installing: /home/roburoc/PycharmProjects/P9-RobuROC4/install/roburoc_canopen/local/lib/python3.10/dist-packages/utils-0.0.0-py3.10.egg-info/top_level.txt
-- Installing: /home/roburoc/PycharmProjects/P9-RobuROC4/install/roburoc_canopen/local/lib/python3.10/dist-packages/utils-0.0.0-py3.10.egg-info/PKG-INFO
-- Up-to-date: /home/roburoc/PycharmProjects/P9-RobuROC4/install/roburoc_canopen/local/lib/python3.10/dist-packages/utils
-- Up-to-date: /home/roburoc/PycharmProjects/P9-RobuROC4/install/roburoc_canopen/local/lib/python3.10/dist-packages/utils/gamepad_buttons.py
-- Up-to-date: /home/roburoc/PycharmProjects/P9-RobuROC4/install/roburoc_canopen/local/lib/python3.10/dist-packages/utils/COBID.py
-- Up-to-date: /home/roburoc/PycharmProjects/P9-RobuROC4/install/roburoc_canopen/local/lib/python3.10/dist-packages/utils/CTW.py
-- Up-to-date: /home/roburoc/PycharmProjects/P9-RobuROC4/install/roburoc_canopen/local/lib/python3.10/dist-packages/utils/__init__.py
-- Up-to-date: /home/roburoc/PycharmProjects/P9-RobuROC4/install/roburoc_canopen/local/lib/python3.10/dist-packages/utils/AMC_Digiflex_1.0.14.eds
Listing '/home/roburoc/PycharmProjects/P9-RobuROC4/install/roburoc_canopen/local/lib/python3.10/dist-packages/utils'...
-- Up-to-date: /home/roburoc/PycharmProjects/P9-RobuROC4/install/roburoc_canopen/share/ament_index/resource_index/package_run_dependencies/roburoc_canopen
-- Up-to-date: /home/roburoc/PycharmProjects/P9-RobuROC4/install/roburoc_canopen/share/ament_index/resource_index/parent_prefix_path/roburoc_canopen
-- Up-to-date: /home/roburoc/PycharmProjects/P9-RobuROC4/install/roburoc_canopen/share/roburoc_canopen/environment/ament_prefix_path.sh
-- Up-to-date: /home/roburoc/PycharmProjects/P9-RobuROC4/install/roburoc_canopen/share/roburoc_canopen/environment/ament_prefix_path.dsv
-- Up-to-date: /home/roburoc/PycharmProjects/P9-RobuROC4/install/roburoc_canopen/share/roburoc_canopen/environment/path.sh
-- Up-to-date: /home/roburoc/PycharmProjects/P9-RobuROC4/install/roburoc_canopen/share/roburoc_canopen/environment/path.dsv
-- Up-to-date: /home/roburoc/PycharmProjects/P9-RobuROC4/install/roburoc_canopen/share/roburoc_canopen/local_setup.bash
-- Up-to-date: /home/roburoc/PycharmProjects/P9-RobuROC4/install/roburoc_canopen/share/roburoc_canopen/local_setup.sh
-- Up-to-date: /home/roburoc/PycharmProjects/P9-RobuROC4/install/roburoc_canopen/share/roburoc_canopen/local_setup.zsh
-- Up-to-date: /home/roburoc/PycharmProjects/P9-RobuROC4/install/roburoc_canopen/share/roburoc_canopen/local_setup.dsv
-- Installing: /home/roburoc/PycharmProjects/P9-RobuROC4/install/roburoc_canopen/share/roburoc_canopen/package.dsv
-- Up-to-date: /home/roburoc/PycharmProjects/P9-RobuROC4/install/roburoc_canopen/share/ament_index/resource_index/packages/roburoc_canopen
-- Up-to-date: /home/roburoc/PycharmProjects/P9-RobuROC4/install/roburoc_canopen/share/roburoc_canopen/cmake/roburoc_canopenConfig.cmake
-- Up-to-date: /home/roburoc/PycharmProjects/P9-RobuROC4/install/roburoc_canopen/share/roburoc_canopen/cmake/roburoc_canopenConfig-version.cmake
-- Up-to-date: /home/roburoc/PycharmProjects/P9-RobuROC4/install/roburoc_canopen/share/roburoc_canopen/package.xml
