[0.008s] Invoking command in '/home/roburoc/PycharmProjects/P9-RobuROC4/build/roburoc_controller': AMENT_PREFIX_PATH=/home/roburoc/PycharmProjects/P9-RobuROC4/install/roburoc_canopen:/home/roburoc/PycharmProjects/P9-RobuROC4/install/canopen_interfaces:${AMENT_PREFIX_PATH} CMAKE_PREFIX_PATH=/home/roburoc/PycharmProjects/P9-RobuROC4/install/roburoc_canopen:/home/roburoc/PycharmProjects/P9-RobuROC4/install/canopen_interfaces:/opt/ros/humble LD_LIBRARY_PATH=/home/roburoc/PycharmProjects/P9-RobuROC4/install/canopen_interfaces/lib:${LD_LIBRARY_PATH} PYTHONPATH=/home/roburoc/PycharmProjects/P9-RobuROC4/install/roburoc_canopen/local/lib/python3.10/dist-packages:/home/roburoc/PycharmProjects/P9-RobuROC4/install/canopen_interfaces/local/lib/python3.10/dist-packages:${PYTHONPATH} /usr/bin/cmake --build /home/roburoc/PycharmProjects/P9-RobuROC4/build/roburoc_controller -- -j12 -l12
[0.038s] Invoked command in '/home/roburoc/PycharmProjects/P9-RobuROC4/build/roburoc_controller' returned '0': AMENT_PREFIX_PATH=/home/roburoc/PycharmProjects/P9-RobuROC4/install/roburoc_canopen:/home/roburoc/PycharmProjects/P9-RobuROC4/install/canopen_interfaces:${AMENT_PREFIX_PATH} CMAKE_PREFIX_PATH=/home/roburoc/PycharmProjects/P9-RobuROC4/install/roburoc_canopen:/home/roburoc/PycharmProjects/P9-RobuROC4/install/canopen_interfaces:/opt/ros/humble LD_LIBRARY_PATH=/home/roburoc/PycharmProjects/P9-RobuROC4/install/canopen_interfaces/lib:${LD_LIBRARY_PATH} PYTHONPATH=/home/roburoc/PycharmProjects/P9-RobuROC4/install/roburoc_canopen/local/lib/python3.10/dist-packages:/home/roburoc/PycharmProjects/P9-RobuROC4/install/canopen_interfaces/local/lib/python3.10/dist-packages:${PYTHONPATH} /usr/bin/cmake --build /home/roburoc/PycharmProjects/P9-RobuROC4/build/roburoc_controller -- -j12 -l12
[0.054s] Invoking command in '/home/roburoc/PycharmProjects/P9-RobuROC4/build/roburoc_controller': AMENT_PREFIX_PATH=/home/roburoc/PycharmProjects/P9-RobuROC4/install/roburoc_canopen:/home/roburoc/PycharmProjects/P9-RobuROC4/install/canopen_interfaces:${AMENT_PREFIX_PATH} CMAKE_PREFIX_PATH=/home/roburoc/PycharmProjects/P9-RobuROC4/install/roburoc_canopen:/home/roburoc/PycharmProjects/P9-RobuROC4/install/canopen_interfaces:/opt/ros/humble LD_LIBRARY_PATH=/home/roburoc/PycharmProjects/P9-RobuROC4/install/canopen_interfaces/lib:${LD_LIBRARY_PATH} PYTHONPATH=/home/roburoc/PycharmProjects/P9-RobuROC4/install/roburoc_canopen/local/lib/python3.10/dist-packages:/home/roburoc/PycharmProjects/P9-RobuROC4/install/canopen_interfaces/local/lib/python3.10/dist-packages:${PYTHONPATH} /usr/bin/cmake --install /home/roburoc/PycharmProjects/P9-RobuROC4/build/roburoc_controller
[0.060s] -- Install configuration: ""
[0.060s] -- Installing: /home/roburoc/PycharmProjects/P9-RobuROC4/install/roburoc_controller/lib/roburoc_controller/robuROC_CTRL.py
[0.060s] -- Up-to-date: /home/roburoc/PycharmProjects/P9-RobuROC4/install/roburoc_controller/share/roburoc_controller
[0.060s] -- Up-to-date: /home/roburoc/PycharmProjects/P9-RobuROC4/install/roburoc_controller/share/ament_index/resource_index/package_run_dependencies/roburoc_controller
[0.060s] -- Up-to-date: /home/roburoc/PycharmProjects/P9-RobuROC4/install/roburoc_controller/share/ament_index/resource_index/parent_prefix_path/roburoc_controller
[0.060s] -- Up-to-date: /home/roburoc/PycharmProjects/P9-RobuROC4/install/roburoc_controller/share/roburoc_controller/environment/ament_prefix_path.sh
[0.060s] -- Up-to-date: /home/roburoc/PycharmProjects/P9-RobuROC4/install/roburoc_controller/share/roburoc_controller/environment/ament_prefix_path.dsv
[0.060s] -- Up-to-date: /home/roburoc/PycharmProjects/P9-RobuROC4/install/roburoc_controller/share/roburoc_controller/environment/path.sh
[0.060s] -- Up-to-date: /home/roburoc/PycharmProjects/P9-RobuROC4/install/roburoc_controller/share/roburoc_controller/environment/path.dsv
[0.061s] -- Up-to-date: /home/roburoc/PycharmProjects/P9-RobuROC4/install/roburoc_controller/share/roburoc_controller/local_setup.bash
[0.061s] -- Up-to-date: /home/roburoc/PycharmProjects/P9-RobuROC4/install/roburoc_controller/share/roburoc_controller/local_setup.sh
[0.061s] -- Up-to-date: /home/roburoc/PycharmProjects/P9-RobuROC4/install/roburoc_controller/share/roburoc_controller/local_setup.zsh
[0.061s] -- Up-to-date: /home/roburoc/PycharmProjects/P9-RobuROC4/install/roburoc_controller/share/roburoc_controller/local_setup.dsv
[0.061s] -- Installing: /home/roburoc/PycharmProjects/P9-RobuROC4/install/roburoc_controller/share/roburoc_controller/package.dsv
[0.061s] -- Up-to-date: /home/roburoc/PycharmProjects/P9-RobuROC4/install/roburoc_controller/share/ament_index/resource_index/packages/roburoc_controller
[0.061s] -- Up-to-date: /home/roburoc/PycharmProjects/P9-RobuROC4/install/roburoc_controller/share/roburoc_controller/cmake/roburoc_controllerConfig.cmake
[0.061s] -- Up-to-date: /home/roburoc/PycharmProjects/P9-RobuROC4/install/roburoc_controller/share/roburoc_controller/cmake/roburoc_controllerConfig-version.cmake
[0.061s] -- Up-to-date: /home/roburoc/PycharmProjects/P9-RobuROC4/install/roburoc_controller/share/roburoc_controller/package.xml
[0.062s] Invoked command in '/home/roburoc/PycharmProjects/P9-RobuROC4/build/roburoc_controller' returned '0': AMENT_PREFIX_PATH=/home/roburoc/PycharmProjects/P9-RobuROC4/install/roburoc_canopen:/home/roburoc/PycharmProjects/P9-RobuROC4/install/canopen_interfaces:${AMENT_PREFIX_PATH} CMAKE_PREFIX_PATH=/home/roburoc/PycharmProjects/P9-RobuROC4/install/roburoc_canopen:/home/roburoc/PycharmProjects/P9-RobuROC4/install/canopen_interfaces:/opt/ros/humble LD_LIBRARY_PATH=/home/roburoc/PycharmProjects/P9-RobuROC4/install/canopen_interfaces/lib:${LD_LIBRARY_PATH} PYTHONPATH=/home/roburoc/PycharmProjects/P9-RobuROC4/install/roburoc_canopen/local/lib/python3.10/dist-packages:/home/roburoc/PycharmProjects/P9-RobuROC4/install/canopen_interfaces/local/lib/python3.10/dist-packages:${PYTHONPATH} /usr/bin/cmake --install /home/roburoc/PycharmProjects/P9-RobuROC4/build/roburoc_controller
